<?xml version="1.0" encoding="UTF-8"?>
<!-- Generated by org.testng.reporters.JUnitReportReporter -->
<testsuite skipped="2" hostname="P04284" name="testCases.eir_prepay.api.TestEirCrmApi" tests="4" failures="0" timestamp="2022-03-01T11:51:59 GMT" time="5.656" errors="0">
  <testcase name="testLogin" time="4.048" classname="testCases.eir_prepay.api.TestEirCrmApi"/>
  <testcase name="testGetBarrings" time="1.608" classname="testCases.eir_prepay.api.TestEirCrmApi"/>
  <testcase name="testScheduleAndCancelTermination" classname="testCases.eir_prepay.api.TestEirCrmApi">
    <skipped/>
  </testcase> <!-- testScheduleAndCancelTermination -->
  <testcase name="testScheduleAndCompleteTermination" classname="testCases.eir_prepay.api.TestEirCrmApi">
    <skipped/>
  </testcase> <!-- testScheduleAndCompleteTermination -->
</testsuite> <!-- testCases.eir_prepay.api.TestEirCrmApi -->
