<?xml version="1.0" encoding="UTF-8"?>
<!-- Generated by org.testng.reporters.JUnitReportReporter -->
<testsuite skipped="0" hostname="P04284" name="testCases.api.common.TestAddressFinder" tests="1" failures="0" timestamp="2021-09-02T10:05:02 BST" time="6.849" errors="0">
  <testcase name="testAddressFinder" time="6.849" classname="testCases.api.common.TestAddressFinder"/>
</testsuite> <!-- testCases.api.common.TestAddressFinder -->
