<?xml version="1.0" encoding="UTF-8"?>
<!-- Generated by org.testng.reporters.JUnitReportReporter -->
<testsuite skipped="0" hostname="P04284" name="testCases.b2b.care.TestB2BManageDocuments" tests="12" failures="0" timestamp="2021-08-06T11:48:34 BST" time="22.614" errors="0">
  <testcase name="testB2BUploadDocumentAuthorizedPersonProof" time="5.418" classname="testCases.b2b.care.TestB2BManageDocuments"/>
  <testcase name="testB2BUploadDocumentBillingControlAgreement" time="1.619" classname="testCases.b2b.care.TestB2BManageDocuments"/>
  <testcase name="testB2BUploadDocumentDataDriven" time="2.595" classname="testCases.b2b.care.TestB2BManageDocuments"/>
  <testcase name="testB2BUploadDocumentManifest" time="1.355" classname="testCases.b2b.care.TestB2BManageDocuments"/>
  <testcase name="testB2BUploadDocumentTaxExemptionCert" time="1.332" classname="testCases.b2b.care.TestB2BManageDocuments"/>
  <testcase name="testB2BUploadDocumentDataDriven" time="1.449" classname="testCases.b2b.care.TestB2BManageDocuments"/>
  <testcase name="testB2BUploadDocumentContract" time="1.705" classname="testCases.b2b.care.TestB2BManageDocuments"/>
  <testcase name="testB2BUploadDocumentDataDriven" time="1.454" classname="testCases.b2b.care.TestB2BManageDocuments"/>
  <testcase name="testB2BUploadDocumentDataDriven" time="1.443" classname="testCases.b2b.care.TestB2BManageDocuments"/>
  <testcase name="testB2BUploadDocumentDataDriven" time="1.355" classname="testCases.b2b.care.TestB2BManageDocuments"/>
  <testcase name="testB2BUploadDocumentDataDriven" time="1.548" classname="testCases.b2b.care.TestB2BManageDocuments"/>
  <testcase name="testB2BUploadDocumentSepaPaymentMandate" time="1.341" classname="testCases.b2b.care.TestB2BManageDocuments"/>
</testsuite> <!-- testCases.b2b.care.TestB2BManageDocuments -->
