<?xml version="1.0" encoding="UTF-8"?>
<!-- Generated by org.testng.reporters.JUnitReportReporter -->
<testsuite skipped="0" hostname="P04284" name="testCases.api.ui_api_tests.TestMyGoMoEshop" tests="9" failures="0" timestamp="2021-10-04T14:58:07 BST" time="8.946" errors="0">
  <testcase name="testGetBillingAddress" time="0.507" classname="testCases.api.ui_api_tests.TestMyGoMoEshop"/>
  <testcase name="testEircodeLookup" time="0.436" classname="testCases.api.ui_api_tests.TestMyGoMoEshop"/>
  <testcase name="acceptTermsAndConditions" time="0.359" classname="testCases.api.ui_api_tests.TestMyGoMoEshop"/>
  <testcase name="testGetCart" time="0.307" classname="testCases.api.ui_api_tests.TestMyGoMoEshop"/>
  <testcase name="testCreateProspect" time="5.821" classname="testCases.api.ui_api_tests.TestMyGoMoEshop"/>
  <testcase name="updateCustomerDetails" time="0.413" classname="testCases.api.ui_api_tests.TestMyGoMoEshop"/>
  <testcase name="testAddToCart" time="0.365" classname="testCases.api.ui_api_tests.TestMyGoMoEshop"/>
  <testcase name="getCustomerDetails" time="0.367" classname="testCases.api.ui_api_tests.TestMyGoMoEshop"/>
  <testcase name="getHostedPaymentPage" time="0.371" classname="testCases.api.ui_api_tests.TestMyGoMoEshop"/>
</testsuite> <!-- testCases.api.ui_api_tests.TestMyGoMoEshop -->
