<?xml version="1.0" encoding="UTF-8"?>
<!-- Generated by org.testng.reporters.JUnitReportReporter -->
<testsuite skipped="1" hostname="P04284" name="testCases.gomo.acquisitions.eshop.GoMoAcquisitions" tests="2" failures="0" timestamp="2021-04-22T16:36:54 BST" time="49.091" errors="0">
  <testcase name="validateProv2" time="49.091" classname="testCases.gomo.acquisitions.eshop.GoMoAcquisitions"/>
  <testcase name="testNewAcquisitionOrderMultilineGoMoeShop" classname="testCases.gomo.acquisitions.eshop.GoMoAcquisitions">
    <skipped/>
  </testcase> <!-- testNewAcquisitionOrderMultilineGoMoeShop -->
</testsuite> <!-- testCases.gomo.acquisitions.eshop.GoMoAcquisitions -->
