<?xml version="1.0" encoding="UTF-8"?>
<!-- Generated by org.testng.reporters.JUnitReportReporter -->
<testsuite skipped="0" hostname="P04284" name="testCases.b2b.care.terminations.TestB2BTerminateSubscriptions" tests="1" failures="0" timestamp="2021-06-12T16:29:32 BST" time="4.125" errors="0">
  <testcase name="testB2BBulkTerminateSubscription" time="4.125" classname="testCases.b2b.care.terminations.TestB2BTerminateSubscriptions"/>
</testsuite> <!-- testCases.b2b.care.terminations.TestB2BTerminateSubscriptions -->
