<?xml version="1.0" encoding="UTF-8"?>
<!-- Generated by org.testng.reporters.JUnitReportReporter -->
<testsuite skipped="0" hostname="P04284" name="testCases.api.b2b.manage_hardware_fund.TestB2BManageHardwareFund" tests="2" failures="0" timestamp="2021-09-02T17:00:43 BST" time="6.846" errors="0">
  <testcase name="testDebitHardwareFund" time="0.839" classname="testCases.api.b2b.manage_hardware_fund.TestB2BManageHardwareFund"/>
  <testcase name="testCreateHardwareFund" time="6.007" classname="testCases.api.b2b.manage_hardware_fund.TestB2BManageHardwareFund"/>
</testsuite> <!-- testCases.api.b2b.manage_hardware_fund.TestB2BManageHardwareFund -->
