<?xml version="1.0" encoding="UTF-8"?>
<!-- Generated by org.testng.reporters.JUnitReportReporter -->
<testsuite skipped="0" hostname="P04284" name="testCases.b2b.care.adjustments.TestB2BAdjustments" tests="1" failures="0" timestamp="2021-06-08T17:37:35 BST" time="5.683" errors="0">
  <testcase name="testB2BBulkAddSubscriptionAddons" time="5.683" classname="testCases.b2b.care.adjustments.TestB2BAdjustments"/>
</testsuite> <!-- testCases.b2b.care.adjustments.TestB2BAdjustments -->
