<?xml version="1.0" encoding="UTF-8"?>
<!-- Generated by org.testng.reporters.JUnitReportReporter -->
<testsuite skipped="0" hostname="P04284" name="testCases.tecrep.api.TestTecrepMonitorApi" tests="1" failures="0" timestamp="2022-04-11T15:10:07 BST" time="4.557" errors="0">
  <testcase name="testProcessHandsetsDELFile" time="4.557" classname="testCases.tecrep.api.TestTecrepMonitorApi"/>
</testsuite> <!-- testCases.tecrep.api.TestTecrepMonitorApi -->
