<?xml version="1.0" encoding="UTF-8"?>
<!-- Generated by org.testng.reporters.JUnitReportReporter -->
<testsuite skipped="7" hostname="P04284" name="testCases.RegressionTestsCRMAcquisitions" tests="8" failures="0" timestamp="2021-01-06T16:45:17 GMT" time="51.358" errors="0">
  <testcase name="testAcquisitionFlowsDataDriven" time="51.358" classname="testCases.RegressionTestsCRMAcquisitions"/>
  <testcase name="testRetailOrder" classname="testCases.RegressionTestsCRMAcquisitions">
    <skipped/>
  </testcase> <!-- testRetailOrder -->
  <testcase name="testOnlineOrder" classname="testCases.RegressionTestsCRMAcquisitions">
    <skipped/>
  </testcase> <!-- testOnlineOrder -->
  <testcase name="testTelesalesOrder" classname="testCases.RegressionTestsCRMAcquisitions">
    <skipped/>
  </testcase> <!-- testTelesalesOrder -->
  <testcase name="testLogisticsDataDriven" classname="testCases.RegressionTestsCRMAcquisitions">
    <skipped/>
  </testcase> <!-- testLogisticsDataDriven -->
  <testcase name="testNewAcquisitionOrderTelesales" classname="testCases.RegressionTestsCRMAcquisitions">
    <skipped/>
  </testcase> <!-- testNewAcquisitionOrderTelesales -->
  <testcase name="testFeaturesDisplayed" classname="testCases.RegressionTestsCRMAcquisitions">
    <skipped/>
  </testcase> <!-- testFeaturesDisplayed -->
  <testcase name="testOrdersDataDriven" classname="testCases.RegressionTestsCRMAcquisitions">
    <skipped/>
  </testcase> <!-- testOrdersDataDriven -->
</testsuite> <!-- testCases.RegressionTestsCRMAcquisitions -->
