<?xml version="1.0" encoding="UTF-8"?>
<!-- Generated by org.testng.reporters.JUnitReportReporter -->
<testsuite skipped="1" hostname="P04284" name="testCases.api.ui_api_tests.TestEirPAYGAcquisitionsApiTelesales" tests="4" failures="0" timestamp="2021-10-12T11:56:15 BST" time="8.391" errors="0">
  <testcase name="testLogin" time="6.504" classname="testCases.api.ui_api_tests.TestEirPAYGAcquisitionsApiTelesales"/>
  <testcase name="getAppleHandsets" time="0.446" classname="testCases.api.ui_api_tests.TestEirPAYGAcquisitionsApiTelesales"/>
  <testcase name="testCreateTelesalesProspect" time="1.441" classname="testCases.api.ui_api_tests.TestEirPAYGAcquisitionsApiTelesales"/>
  <testcase name="testGetHandsetManufacturers" classname="testCases.api.ui_api_tests.TestEirPAYGAcquisitionsApiTelesales">
    <skipped/>
  </testcase> <!-- testGetHandsetManufacturers -->
</testsuite> <!-- testCases.api.ui_api_tests.TestEirPAYGAcquisitionsApiTelesales -->
