<?xml version="1.0" encoding="UTF-8"?>
<!-- Generated by org.testng.reporters.JUnitReportReporter -->
<testsuite skipped="5" hostname="P04284" name="testCases.b2b.acquisitions.create_subscriptions.api.TestAcquisitionsAPIs" tests="6" failures="0" timestamp="2021-05-31T12:23:40 BST" time="21.950" errors="0">
  <testcase name="testAPITelesalesWithAddons" time="21.950" classname="testCases.b2b.acquisitions.create_subscriptions.api.TestAcquisitionsAPIs"/>
  <testcase name="testAPITelesalesSimplicity" classname="testCases.b2b.acquisitions.create_subscriptions.api.TestAcquisitionsAPIs">
    <skipped/>
  </testcase> <!-- testAPITelesalesSimplicity -->
  <testcase name="testAPIRetailMBB" classname="testCases.b2b.acquisitions.create_subscriptions.api.TestAcquisitionsAPIs">
    <skipped/>
  </testcase> <!-- testAPIRetailMBB -->
  <testcase name="testAPIRetailSimplicity" classname="testCases.b2b.acquisitions.create_subscriptions.api.TestAcquisitionsAPIs">
    <skipped/>
  </testcase> <!-- testAPIRetailSimplicity -->
  <testcase name="testAPITelesalesMBB" classname="testCases.b2b.acquisitions.create_subscriptions.api.TestAcquisitionsAPIs">
    <skipped/>
  </testcase> <!-- testAPITelesalesMBB -->
  <testcase name="testAPIGoMoProvisioning" classname="testCases.b2b.acquisitions.create_subscriptions.api.TestAcquisitionsAPIs">
    <skipped/>
  </testcase> <!-- testAPIGoMoProvisioning -->
</testsuite> <!-- testCases.b2b.acquisitions.create_subscriptions.api.TestAcquisitionsAPIs -->
