<?xml version="1.0" encoding="UTF-8"?>
<!-- Generated by org.testng.reporters.JUnitReportReporter -->
<testsuite skipped="5" hostname="P04284" name="testCases.b2b.acquisitions.api.TestAcquisitionsAPIs" tests="6" failures="0" timestamp="2021-05-26T13:03:24 BST" time="17.150" errors="0">
  <testcase name="testAPITelesalesWithAddons" time="17.150" classname="testCases.b2b.acquisitions.api.TestAcquisitionsAPIs"/>
  <testcase name="testAPITelesalesMBB" classname="testCases.b2b.acquisitions.api.TestAcquisitionsAPIs">
    <skipped/>
  </testcase> <!-- testAPITelesalesMBB -->
  <testcase name="testAPIRetailMBB" classname="testCases.b2b.acquisitions.api.TestAcquisitionsAPIs">
    <skipped/>
  </testcase> <!-- testAPIRetailMBB -->
  <testcase name="testAPIGoMoProvisioning" classname="testCases.b2b.acquisitions.api.TestAcquisitionsAPIs">
    <skipped/>
  </testcase> <!-- testAPIGoMoProvisioning -->
  <testcase name="testAPIRetailSimplicity" classname="testCases.b2b.acquisitions.api.TestAcquisitionsAPIs">
    <skipped/>
  </testcase> <!-- testAPIRetailSimplicity -->
  <testcase name="testAPITelesalesSimplicity" classname="testCases.b2b.acquisitions.api.TestAcquisitionsAPIs">
    <skipped/>
  </testcase> <!-- testAPITelesalesSimplicity -->
</testsuite> <!-- testCases.b2b.acquisitions.api.TestAcquisitionsAPIs -->
