<?xml version="1.0" encoding="UTF-8"?>
<!-- Generated by org.testng.reporters.JUnitReportReporter -->
<testsuite skipped="3" hostname="P04284" name="testCases.e2e.b2b.ui.TestB2BCreateAccountUI" tests="4" failures="0" timestamp="2021-08-27T15:50:59 BST" time="91.963" errors="0">
  <testcase name="testCreateNewB2BMultiLevelAccountUI" time="91.963" classname="testCases.e2e.b2b.ui.TestB2BCreateAccountUI"/>
  <testcase name="testCreateNewB2BRootAccountCorporate" classname="testCases.e2e.b2b.ui.TestB2BCreateAccountUI">
    <skipped/>
  </testcase> <!-- testCreateNewB2BRootAccountCorporate -->
  <testcase name="testCreateNewB2BRootAccountGovernment" classname="testCases.e2e.b2b.ui.TestB2BCreateAccountUI">
    <skipped/>
  </testcase> <!-- testCreateNewB2BRootAccountGovernment -->
  <testcase name="testCreateNewB2BMultiLevelAccountBE" classname="testCases.e2e.b2b.ui.TestB2BCreateAccountUI">
    <skipped/>
  </testcase> <!-- testCreateNewB2BMultiLevelAccountBE -->
</testsuite> <!-- testCases.e2e.b2b.ui.TestB2BCreateAccountUI -->
