<?xml version="1.0" encoding="UTF-8"?>
<!-- Generated by org.testng.reporters.JUnitReportReporter -->
<testsuite skipped="0" hostname="P04284" name="testCases.b2b.care.TestB2BAdjustments" tests="1" failures="0" timestamp="2021-05-19T14:55:47 BST" time="5.015" errors="0">
  <testcase name="testB2BBulkAddSubscriptionAddons" time="5.015" classname="testCases.b2b.care.TestB2BAdjustments"/>
</testsuite> <!-- testCases.b2b.care.TestB2BAdjustments -->
