<?xml version="1.0" encoding="UTF-8"?>
<!-- Generated by org.testng.reporters.JUnitReportReporter -->
<testsuite skipped="0" hostname="P04284" name="testCases.api.ui_api_tests.TestGoMoEshop" tests="9" failures="0" timestamp="2021-10-08T12:44:44 BST" time="14.403" errors="0">
  <testcase name="updateCustomerDetails" time="0.500" classname="testCases.api.ui_api_tests.TestGoMoEshop"/>
  <testcase name="testGetCart" time="0.755" classname="testCases.api.ui_api_tests.TestGoMoEshop"/>
  <testcase name="testAddToCart" time="1.252" classname="testCases.api.ui_api_tests.TestGoMoEshop"/>
  <testcase name="getHostedPaymentPage" time="0.260" classname="testCases.api.ui_api_tests.TestGoMoEshop"/>
  <testcase name="testCreateProspect" time="3.071" classname="testCases.api.ui_api_tests.TestGoMoEshop"/>
  <testcase name="acceptTermsAndConditions" time="0.793" classname="testCases.api.ui_api_tests.TestGoMoEshop"/>
  <testcase name="testGetAvailableOffers" time="6.184" classname="testCases.api.ui_api_tests.TestGoMoEshop"/>
  <testcase name="getCustomerDetails" time="0.211" classname="testCases.api.ui_api_tests.TestGoMoEshop"/>
  <testcase name="testEircodeLookup" time="1.377" classname="testCases.api.ui_api_tests.TestGoMoEshop"/>
</testsuite> <!-- testCases.api.ui_api_tests.TestGoMoEshop -->
