<?xml version="1.0" encoding="UTF-8"?>
<!-- Generated by org.testng.reporters.JUnitReportReporter -->
<testsuite skipped="1" hostname="P04284" name="testCases.api.b2b.APITestB2BManageDocuments" tests="7" failures="0" timestamp="2021-08-11T15:40:42 BST" time="15.841" errors="0">
  <testcase name="testB2BUploadDocumentAuthorizedPersonProof" time="6.268" classname="testCases.api.b2b.APITestB2BManageDocuments"/>
  <testcase name="testB2BUploadDocumentContract" time="1.596" classname="testCases.api.b2b.APITestB2BManageDocuments"/>
  <testcase name="testB2BUploadDocumentBillingControlAgreement" time="1.882" classname="testCases.api.b2b.APITestB2BManageDocuments"/>
  <testcase name="testB2BUploadDocumentManifest" time="1.498" classname="testCases.api.b2b.APITestB2BManageDocuments"/>
  <testcase name="testB2BUploadDocumentSepaPaymentMandate" time="2.788" classname="testCases.api.b2b.APITestB2BManageDocuments"/>
  <testcase name="testB2BUploadDocumentTaxExemptionCert" time="1.809" classname="testCases.api.b2b.APITestB2BManageDocuments"/>
  <testcase name="testB2BUploadDocumentDataDriven" classname="testCases.api.b2b.APITestB2BManageDocuments">
    <skipped/>
  </testcase> <!-- testB2BUploadDocumentDataDriven -->
</testsuite> <!-- testCases.api.b2b.APITestB2BManageDocuments -->
