<?xml version="1.0" encoding="UTF-8"?>
<!-- Generated by org.testng.reporters.JUnitReportReporter -->
<testsuite skipped="0" hostname="P04284" name="uiTests.RegressionTestCancellations" tests="5" failures="0" timestamp="2020-05-21T12:02:56 BST" time="119.916" errors="0">
  <testcase name="testReactivation" time="26.276" classname="uiTests.RegressionTestCancellations"/>
  <testcase name="testScheduleCancellationOutsideCooling" time="2.993" classname="uiTests.RegressionTestCancellations"/>
  <testcase name="testProcessCancellation" time="81.517" classname="uiTests.RegressionTestCancellations"/>
  <testcase name="testScheduleCancellationWithinCooling" time="3.606" classname="uiTests.RegressionTestCancellations"/>
  <testcase name="testCoolingOffPeriod" time="5.524" classname="uiTests.RegressionTestCancellations"/>
</testsuite> <!-- uiTests.RegressionTestCancellations -->
