<?xml version="1.0" encoding="UTF-8"?>
<!-- Generated by org.testng.reporters.JUnitReportReporter -->
<testsuite skipped="0" hostname="P04284" name="testCases.e2e.b2b.bulk.device_enrollment.TestB2BDeviceEnrollment" tests="3" failures="0" timestamp="2021-09-02T16:29:23 BST" time="55.975" errors="0">
  <testcase name="testDeviceEnrollmentApple" time="17.225" classname="testCases.e2e.b2b.bulk.device_enrollment.TestB2BDeviceEnrollment"/>
  <testcase name="testDeviceEnrollmentAndroid" time="21.678" classname="testCases.e2e.b2b.bulk.device_enrollment.TestB2BDeviceEnrollment"/>
  <testcase name="testDeviceEnrollmentSamsung" time="17.072" classname="testCases.e2e.b2b.bulk.device_enrollment.TestB2BDeviceEnrollment"/>
</testsuite> <!-- testCases.e2e.b2b.bulk.device_enrollment.TestB2BDeviceEnrollment -->
