<?xml version="1.0" encoding="UTF-8"?>
<!-- Generated by org.testng.reporters.JUnitReportReporter -->
<testsuite skipped="0" hostname="P03326" name="uiTests.NewTest" tests="1" failures="0" timestamp="2019-12-11T16:32:44 GMT" time="5.842" errors="0">
  <testcase name="test1" time="5.842" classname="uiTests.NewTest"/>
</testsuite> <!-- uiTests.NewTest -->
