<?xml version="1.0" encoding="UTF-8"?>
<!-- Generated by org.testng.reporters.JUnitReportReporter -->
<testsuite skipped="0" hostname="P04284" name="testCases.mmw.aoc.TestAoCSOAP" tests="7" failures="0" timestamp="2021-01-29T14:45:46 GMT" time="41.609" errors="0">
  <testcase name="testAoCDD" time="5.948" classname="testCases.mmw.aoc.TestAoCSOAP"/>
  <testcase name="testAoCDD" time="5.932" classname="testCases.mmw.aoc.TestAoCSOAP"/>
  <testcase name="testAoCDD" time="5.975" classname="testCases.mmw.aoc.TestAoCSOAP"/>
  <testcase name="testAoCDD" time="5.953" classname="testCases.mmw.aoc.TestAoCSOAP"/>
  <testcase name="testAoCDD" time="5.913" classname="testCases.mmw.aoc.TestAoCSOAP"/>
  <testcase name="testAoCDD" time="5.880" classname="testCases.mmw.aoc.TestAoCSOAP"/>
  <testcase name="testAoCDD" time="6.008" classname="testCases.mmw.aoc.TestAoCSOAP"/>
</testsuite> <!-- testCases.mmw.aoc.TestAoCSOAP -->
