<?xml version="1.0" encoding="UTF-8"?>
<!-- Generated by org.testng.reporters.JUnitReportReporter -->
<testsuite skipped="2" hostname="P04284" name="testCases.b2b.acquisitions.create_subscriptions.bulk.TestB2BCreateSubscriptions2" tests="3" failures="0" timestamp="2021-07-06T11:59:59 BST" time="23.385" errors="0">
  <testcase name="test01_CreateAndActivateB2BCorpSubscriptionBulk" time="23.385" classname="testCases.b2b.acquisitions.create_subscriptions.bulk.TestB2BCreateSubscriptions2"/>
  <testcase name="test01_CreateAndActivateB2BBatch" classname="testCases.b2b.acquisitions.create_subscriptions.bulk.TestB2BCreateSubscriptions2">
    <skipped/>
  </testcase> <!-- test01_CreateAndActivateB2BBatch -->
  <testcase name="test01_CreateAndActivateB2BGovSubscriptionBulk" classname="testCases.b2b.acquisitions.create_subscriptions.bulk.TestB2BCreateSubscriptions2">
    <skipped/>
  </testcase> <!-- test01_CreateAndActivateB2BGovSubscriptionBulk -->
</testsuite> <!-- testCases.b2b.acquisitions.create_subscriptions.bulk.TestB2BCreateSubscriptions2 -->
