<?xml version="1.0" encoding="UTF-8"?>
<!-- Generated by org.testng.reporters.JUnitReportReporter -->
<testsuite skipped="3" hostname="P04284" name="testCases.RegressionTestsCRMUI" tests="4" failures="0" timestamp="2020-10-22T16:31:10 BST" time="81.243" errors="0">
  <testcase name="testAcquisitionFlowsDataDriven" time="81.243" classname="testCases.RegressionTestsCRMUI"/>
  <testcase name="testNewAcquisitionOrder" classname="testCases.RegressionTestsCRMUI">
    <skipped/>
  </testcase> <!-- testNewAcquisitionOrder -->
  <testcase name="testLogisticsDataDriven" classname="testCases.RegressionTestsCRMUI">
    <skipped/>
  </testcase> <!-- testLogisticsDataDriven -->
  <testcase name="testFeaturesDisplayed" classname="testCases.RegressionTestsCRMUI">
    <skipped/>
  </testcase> <!-- testFeaturesDisplayed -->
</testsuite> <!-- testCases.RegressionTestsCRMUI -->
