<?xml version="1.0" encoding="UTF-8"?>
<!-- Generated by org.testng.reporters.JUnitReportReporter -->
<testsuite skipped="0" hostname="P03326" name="UITests.EShopOfferSelectionPageTests" tests="5" failures="0" timestamp="2019-11-07T12:01:11 GMT" time="5.409" errors="0">
  <testcase name="acceptCookies" time="2.300" classname="UITests.EShopOfferSelectionPageTests"/>
  <testcase name="addAnOffer" time="0.718" classname="UITests.EShopOfferSelectionPageTests"/>
  <testcase name="addAnotherOffer" time="1.454" classname="UITests.EShopOfferSelectionPageTests"/>
  <testcase name="deleteOfferLine2" time="0.700" classname="UITests.EShopOfferSelectionPageTests"/>
  <testcase name="deleteOfferLine1" time="0.237" classname="UITests.EShopOfferSelectionPageTests"/>
</testsuite> <!-- UITests.EShopOfferSelectionPageTests -->
