<?xml version="1.0" encoding="UTF-8"?>
<!-- Generated by org.testng.reporters.JUnitReportReporter -->
<testsuite skipped="2" hostname="P04284" name="testCases.b2b.care.TestB2BDeviceEnrollment" tests="3" failures="0" timestamp="2021-05-12T16:09:07 BST" time="25.937" errors="0">
  <testcase name="testDeviceEnrollmentSamsung" time="25.937" classname="testCases.b2b.care.TestB2BDeviceEnrollment"/>
  <testcase name="testDeviceEnrollmentApple" classname="testCases.b2b.care.TestB2BDeviceEnrollment">
    <skipped/>
  </testcase> <!-- testDeviceEnrollmentApple -->
  <testcase name="testDeviceEnrollmentAndroid" classname="testCases.b2b.care.TestB2BDeviceEnrollment">
    <skipped/>
  </testcase> <!-- testDeviceEnrollmentAndroid -->
</testsuite> <!-- testCases.b2b.care.TestB2BDeviceEnrollment -->
