<?xml version="1.0" encoding="UTF-8"?>
<!-- Generated by org.testng.reporters.JUnitReportReporter -->
<testsuite skipped="0" hostname="P03326" name="testNG.EShopCustomerDetailsPageTests" tests="6" failures="0" timestamp="2019-10-31T17:20:34 GMT" time="18.291" errors="0">
  <testcase name="enterValidCustomerDetails" time="6.406" classname="testNG.EShopCustomerDetailsPageTests"/>
  <testcase name="test" time="2.157" classname="testNG.EShopCustomerDetailsPageTests"/>
  <testcase name="enterEmailNegativeTest" time="2.870" classname="testNG.EShopCustomerDetailsPageTests"/>
  <testcase name="enterEmailNegativeTest" time="2.151" classname="testNG.EShopCustomerDetailsPageTests"/>
  <testcase name="enterEmailNegativeTest" time="2.182" classname="testNG.EShopCustomerDetailsPageTests"/>
  <testcase name="enterEmailNegativeTest" time="2.525" classname="testNG.EShopCustomerDetailsPageTests"/>
</testsuite> <!-- testNG.EShopCustomerDetailsPageTests -->
