<?xml version="1.0" encoding="UTF-8"?>
<!-- Generated by org.testng.reporters.JUnitReportReporter -->
<testsuite skipped="0" hostname="P04284" name="testCases.b2b.care.TestB2BTerminateSubscriptions" tests="1" failures="0" timestamp="2021-05-22T10:43:41 BST" time="4.252" errors="0">
  <testcase name="testB2BBulkTerminateSubscription" time="4.252" classname="testCases.b2b.care.TestB2BTerminateSubscriptions"/>
</testsuite> <!-- testCases.b2b.care.TestB2BTerminateSubscriptions -->
