<?xml version="1.0" encoding="UTF-8"?>
<!-- Generated by org.testng.reporters.JUnitReportReporter -->
<testsuite skipped="0" hostname="P04284" name="testCases.prepay.customer_care.terminations.TestEirPrepayTerminations" tests="2" failures="0" timestamp="2021-02-15T12:10:59 GMT" time="113.962" errors="0">
  <testcase name="testReactivationBackend" time="39.639" classname="testCases.prepay.customer_care.terminations.TestEirPrepayTerminations"/>
  <testcase name="testTerminationBackend" time="74.323" classname="testCases.prepay.customer_care.terminations.TestEirPrepayTerminations"/>
</testsuite> <!-- testCases.prepay.customer_care.terminations.TestEirPrepayTerminations -->
