<?xml version="1.0" encoding="UTF-8"?>
<!-- Generated by org.testng.reporters.JUnitReportReporter -->
<testsuite skipped="0" hostname="P03326" name="testNG.EShopTests" tests="1" failures="0" timestamp="2019-10-29T16:16:02 GMT" time="1.798" errors="0">
  <testcase name="selectOneOfferAndContinue" time="1.798" classname="testNG.EShopTests"/>
</testsuite> <!-- testNG.EShopTests -->
