<?xml version="1.0" encoding="UTF-8"?>
<!-- Generated by org.testng.reporters.JUnitReportReporter -->
<testsuite skipped="0" hostname="P04284" name="testCases.b2b.acquisitions.TestB2BChangeOffer" tests="1" failures="0" timestamp="2021-04-13T16:55:30 BST" time="0.125" errors="0">
  <testcase name="testB2BBulkAddSubscriptionAddons" time="0.125" classname="testCases.b2b.acquisitions.TestB2BChangeOffer"/>
</testsuite> <!-- testCases.b2b.acquisitions.TestB2BChangeOffer -->
