<?xml version="1.0" encoding="UTF-8"?>
<!-- Generated by org.testng.reporters.JUnitReportReporter -->
<testsuite skipped="72" hostname="P04284" name="testCases.eir.b2b.api.TestB2BCrmApi" tests="73" failures="1" timestamp="2022-04-25T14:38:28 BST" time="5.087" errors="0">
  <testcase name="B2B_S_PO_03_testGetIncompletePorts" time="0.018" classname="testCases.eir.b2b.api.TestB2BCrmApi">
    <skipped/>
  </testcase> <!-- B2B_S_PO_03_testGetIncompletePorts -->
  <testcase name="B2B_S_US_01_testGetRefUsageTypes" time="0.000" classname="testCases.eir.b2b.api.TestB2BCrmApi">
    <skipped/>
  </testcase> <!-- B2B_S_US_01_testGetRefUsageTypes -->
  <testcase name="B2B_A_SE_01_testSearchByBillingAccountID" time="0.001" classname="testCases.eir.b2b.api.TestB2BCrmApi">
    <skipped/>
  </testcase> <!-- B2B_A_SE_01_testSearchByBillingAccountID -->
  <testcase name="B2B_A_GE_08_testUpdateTaxDetails" time="0.000" classname="testCases.eir.b2b.api.TestB2BCrmApi">
    <skipped/>
  </testcase> <!-- B2B_A_GE_08_testUpdateTaxDetails -->
  <testcase name="B2B_A_CA_03_testGenerateNewOrderNumber" time="0.000" classname="testCases.eir.b2b.api.TestB2BCrmApi">
    <skipped/>
  </testcase> <!-- B2B_A_CA_03_testGenerateNewOrderNumber -->
  <testcase name="B2B_A_CH_06_testGetEmailNotifications" time="0.000" classname="testCases.eir.b2b.api.TestB2BCrmApi">
    <skipped/>
  </testcase> <!-- B2B_A_CH_06_testGetEmailNotifications -->
  <testcase name="B2B_A_DO_01_testGetDocuments" time="0.000" classname="testCases.eir.b2b.api.TestB2BCrmApi">
    <skipped/>
  </testcase> <!-- B2B_A_DO_01_testGetDocuments -->
  <testcase name="B2B_S_CH_01_testGetPendingTerminationRequests" time="0.000" classname="testCases.eir.b2b.api.TestB2BCrmApi">
    <skipped/>
  </testcase> <!-- B2B_S_CH_01_testGetPendingTerminationRequests -->
  <testcase name="B2B_A_GE_05_testUpdateAccountGeneralDetails" time="0.000" classname="testCases.eir.b2b.api.TestB2BCrmApi">
    <skipped/>
  </testcase> <!-- B2B_A_GE_05_testUpdateAccountGeneralDetails -->
  <testcase name="B2B_A_CH_05_testGetEmailNotificationSubjects" time="0.000" classname="testCases.eir.b2b.api.TestB2BCrmApi">
    <skipped/>
  </testcase> <!-- B2B_A_CH_05_testGetEmailNotificationSubjects -->
  <testcase name="B2B_A_CO_08_testEircodeLookup" time="0.000" classname="testCases.eir.b2b.api.TestB2BCrmApi">
    <skipped/>
  </testcase> <!-- B2B_A_CO_08_testEircodeLookup -->
  <testcase name="B2B_A_PY_04_testValidateIban" time="0.000" classname="testCases.eir.b2b.api.TestB2BCrmApi">
    <skipped/>
  </testcase> <!-- B2B_A_PY_04_testValidateIban -->
  <testcase name="B2B_S_MS_01_testGetNextMSISDN" time="0.000" classname="testCases.eir.b2b.api.TestB2BCrmApi">
    <skipped/>
  </testcase> <!-- B2B_S_MS_01_testGetNextMSISDN -->
  <testcase name="B2B_A_PY_05_testAddSepaPaymentMethod" time="0.000" classname="testCases.eir.b2b.api.TestB2BCrmApi">
    <skipped/>
  </testcase> <!-- B2B_A_PY_05_testAddSepaPaymentMethod -->
  <testcase name="B2B_A_SE_01_testSearchByMSISDN" time="0.000" classname="testCases.eir.b2b.api.TestB2BCrmApi">
    <skipped/>
  </testcase> <!-- B2B_A_SE_01_testSearchByMSISDN -->
  <testcase name="B2B_A_OR_01_testGetOrderHistory" time="0.000" classname="testCases.eir.b2b.api.TestB2BCrmApi">
    <skipped/>
  </testcase> <!-- B2B_A_OR_01_testGetOrderHistory -->
  <testcase name="B2B_A_CA_02_testGetRefBillCycles" time="0.000" classname="testCases.eir.b2b.api.TestB2BCrmApi">
    <skipped/>
  </testcase> <!-- B2B_A_CA_02_testGetRefBillCycles -->
  <testcase name="B2B_A_EQ_02_testGetAvailableHandsetsAndDongles" time="0.000" classname="testCases.eir.b2b.api.TestB2BCrmApi">
    <skipped/>
  </testcase> <!-- B2B_A_EQ_02_testGetAvailableHandsetsAndDongles -->
  <testcase name="B2B_A_CH_03_testAddNote" time="0.000" classname="testCases.eir.b2b.api.TestB2BCrmApi">
    <skipped/>
  </testcase> <!-- B2B_A_CH_03_testAddNote -->
  <testcase name="B2B_A_EQ_01_testGetAvailableHandsets" time="0.000" classname="testCases.eir.b2b.api.TestB2BCrmApi">
    <skipped/>
  </testcase> <!-- B2B_A_EQ_01_testGetAvailableHandsets -->
  <testcase name="B2B_S_PO_02_testGetPortingHistory" time="0.000" classname="testCases.eir.b2b.api.TestB2BCrmApi">
    <skipped/>
  </testcase> <!-- B2B_S_PO_02_testGetPortingHistory -->
  <testcase name="B2B_A_TR_01_testGetTransactionHistory" time="0.000" classname="testCases.eir.b2b.api.TestB2BCrmApi">
    <skipped/>
  </testcase> <!-- B2B_A_TR_01_testGetTransactionHistory -->
  <testcase name="B2B_S_GE_01_testGetSubscription" time="0.000" classname="testCases.eir.b2b.api.TestB2BCrmApi">
    <skipped/>
  </testcase> <!-- B2B_S_GE_01_testGetSubscription -->
  <testcase name="B2B_A_CO_01_testGetAccountContacts" time="0.000" classname="testCases.eir.b2b.api.TestB2BCrmApi">
    <skipped/>
  </testcase> <!-- B2B_A_CO_01_testGetAccountContacts -->
  <testcase name="B2B_A_SU_01_testGetSubscriptions" time="0.000" classname="testCases.eir.b2b.api.TestB2BCrmApi">
    <skipped/>
  </testcase> <!-- B2B_A_SU_01_testGetSubscriptions -->
  <testcase name="B2B_A_DO_04_testDeleteDocument" time="0.000" classname="testCases.eir.b2b.api.TestB2BCrmApi">
    <skipped/>
  </testcase> <!-- B2B_A_DO_04_testDeleteDocument -->
  <testcase name="B2B_A_GE_06_testUpdateCompanyDetails" time="0.000" classname="testCases.eir.b2b.api.TestB2BCrmApi">
    <skipped/>
  </testcase> <!-- B2B_A_GE_06_testUpdateCompanyDetails -->
  <testcase name="B2B_A_DO_02_testGetRefDocumentTypes" time="0.000" classname="testCases.eir.b2b.api.TestB2BCrmApi">
    <skipped/>
  </testcase> <!-- B2B_A_DO_02_testGetRefDocumentTypes -->
  <testcase name="B2B_A_CH_04_testGetCustomerHistoryItem" time="0.000" classname="testCases.eir.b2b.api.TestB2BCrmApi">
    <skipped/>
  </testcase> <!-- B2B_A_CH_04_testGetCustomerHistoryItem -->
  <testcase name="B2B_A_CS_02_testGetTariffPlansForOfferCode" time="0.000" classname="testCases.eir.b2b.api.TestB2BCrmApi">
    <skipped/>
  </testcase> <!-- B2B_A_CS_02_testGetTariffPlansForOfferCode -->
  <testcase name="B2B_A_OR_03_testGetOrder" time="0.000" classname="testCases.eir.b2b.api.TestB2BCrmApi">
    <skipped/>
  </testcase> <!-- B2B_A_OR_03_testGetOrder -->
  <testcase name="B2B_A_CS_03_testGetAddonsForCorporateOffer" time="0.000" classname="testCases.eir.b2b.api.TestB2BCrmApi">
    <skipped/>
  </testcase> <!-- B2B_A_CS_03_testGetAddonsForCorporateOffer -->
  <testcase name="B2B_A_CH_01_testGetCustomerHistoryFilters" time="0.000" classname="testCases.eir.b2b.api.TestB2BCrmApi">
    <skipped/>
  </testcase> <!-- B2B_A_CH_01_testGetCustomerHistoryFilters -->
  <testcase name="B2B_A_GE_01_testGetAccountHierarchy" time="0.000" classname="testCases.eir.b2b.api.TestB2BCrmApi">
    <skipped/>
  </testcase> <!-- B2B_A_GE_01_testGetAccountHierarchy -->
  <testcase name="B2B_A_CO_02_testGetRefContactTypes" time="0.000" classname="testCases.eir.b2b.api.TestB2BCrmApi">
    <skipped/>
  </testcase> <!-- B2B_A_CO_02_testGetRefContactTypes -->
  <testcase name="B2B_A_CO_06_testAddContact" time="0.000" classname="testCases.eir.b2b.api.TestB2BCrmApi">
    <skipped/>
  </testcase> <!-- B2B_A_CO_06_testAddContact -->
  <testcase name="B2B_A_HW_02_testGetHardwareFundAdjustmentReasons" time="0.000" classname="testCases.eir.b2b.api.TestB2BCrmApi">
    <skipped/>
  </testcase> <!-- B2B_A_HW_02_testGetHardwareFundAdjustmentReasons -->
  <testcase name="B2B_A_CH_07_testGetSmsNotifications" time="0.000" classname="testCases.eir.b2b.api.TestB2BCrmApi">
    <skipped/>
  </testcase> <!-- B2B_A_CH_07_testGetSmsNotifications -->
  <testcase name="B2B_A_PY_07_testDeleteSepaPaymentMethod" time="0.000" classname="testCases.eir.b2b.api.TestB2BCrmApi">
    <skipped/>
  </testcase> <!-- B2B_A_PY_07_testDeleteSepaPaymentMethod -->
  <testcase name="B2B_S_AO_01_testGetAvailableServiceLevelAddons" time="0.000" classname="testCases.eir.b2b.api.TestB2BCrmApi">
    <skipped/>
  </testcase> <!-- B2B_S_AO_01_testGetAvailableServiceLevelAddons -->
  <testcase name="B2B_A_SU_02_testGetSimDetails" time="0.000" classname="testCases.eir.b2b.api.TestB2BCrmApi">
    <skipped/>
  </testcase> <!-- B2B_A_SU_02_testGetSimDetails -->
  <testcase name="B2B_A_GE_07_testDeviceEnrollments" time="0.000" classname="testCases.eir.b2b.api.TestB2BCrmApi">
    <skipped/>
  </testcase> <!-- B2B_A_GE_07_testDeviceEnrollments -->
  <testcase name="B2B_A_AO_02_testGetAvailableAccountLevelAddons" time="0.000" classname="testCases.eir.b2b.api.TestB2BCrmApi">
    <skipped/>
  </testcase> <!-- B2B_A_AO_02_testGetAvailableAccountLevelAddons -->
  <testcase name="testLogin" time="5.068" classname="testCases.eir.b2b.api.TestB2BCrmApi">
    <failure type="java.lang.AssertionError" message="1 expectation failed.
Expected content-type &quot;JSON&quot; doesn&#039;t match actual content-type &quot;text/html; charset=utf-8&quot;.
">
      <![CDATA[java.lang.AssertionError: 1 expectation failed.
Expected content-type "JSON" doesn't match actual content-type "text/html; charset=utf-8".

at sun.reflect.NativeConstructorAccessorImpl.newInstance0(Native Method)
at sun.reflect.NativeConstructorAccessorImpl.newInstance(Unknown Source)
at sun.reflect.DelegatingConstructorAccessorImpl.newInstance(Unknown Source)
at java.lang.reflect.Constructor.newInstance(Unknown Source)
at org.codehaus.groovy.reflection.CachedConstructor.invoke(CachedConstructor.java:80)
at org.codehaus.groovy.reflection.CachedConstructor.doConstructorInvoke(CachedConstructor.java:74)
at org.codehaus.groovy.runtime.callsite.ConstructorSite$ConstructorSiteNoUnwrap.callConstructor(ConstructorSite.java:84)
at org.codehaus.groovy.runtime.callsite.CallSiteArray.defaultCallConstructor(CallSiteArray.java:59)
at org.codehaus.groovy.runtime.callsite.AbstractCallSite.callConstructor(AbstractCallSite.java:237)
at org.codehaus.groovy.runtime.callsite.AbstractCallSite.callConstructor(AbstractCallSite.java:249)
at io.restassured.internal.ResponseSpecificationImpl$HamcrestAssertionClosure.validate(ResponseSpecificationImpl.groovy:493)
at io.restassured.internal.ResponseSpecificationImpl$HamcrestAssertionClosure$validate$1.call(Unknown Source)
at org.codehaus.groovy.runtime.callsite.CallSiteArray.defaultCall(CallSiteArray.java:47)
at org.codehaus.groovy.runtime.callsite.AbstractCallSite.call(AbstractCallSite.java:115)
at org.codehaus.groovy.runtime.callsite.AbstractCallSite.call(AbstractCallSite.java:127)
at io.restassured.internal.ResponseSpecificationImpl.validateResponseIfRequired(ResponseSpecificationImpl.groovy:674)
at sun.reflect.NativeMethodAccessorImpl.invoke0(Native Method)
at sun.reflect.NativeMethodAccessorImpl.invoke(Unknown Source)
at sun.reflect.DelegatingMethodAccessorImpl.invoke(Unknown Source)
at java.lang.reflect.Method.invoke(Unknown Source)
at org.codehaus.groovy.runtime.callsite.PlainObjectMetaMethodSite.doInvoke(PlainObjectMetaMethodSite.java:43)
at org.codehaus.groovy.runtime.callsite.PogoMetaMethodSite$PogoCachedMethodSiteNoUnwrapNoCoerce.invoke(PogoMetaMethodSite.java:190)
at org.codehaus.groovy.runtime.callsite.PogoMetaMethodSite.callCurrent(PogoMetaMethodSite.java:58)
at org.codehaus.groovy.runtime.callsite.CallSiteArray.defaultCallCurrent(CallSiteArray.java:51)
at org.codehaus.groovy.runtime.callsite.AbstractCallSite.callCurrent(AbstractCallSite.java:156)
at org.codehaus.groovy.runtime.callsite.AbstractCallSite.callCurrent(AbstractCallSite.java:168)
at io.restassured.internal.ResponseSpecificationImpl.contentType(ResponseSpecificationImpl.groovy:421)
at io.restassured.internal.ValidatableResponseOptionsImpl.contentType(ValidatableResponseOptionsImpl.java:220)
at io.restassured.internal.ValidatableResponseImpl.super$2$contentType(ValidatableResponseImpl.groovy)
at sun.reflect.NativeMethodAccessorImpl.invoke0(Native Method)
at sun.reflect.NativeMethodAccessorImpl.invoke(Unknown Source)
at sun.reflect.DelegatingMethodAccessorImpl.invoke(Unknown Source)
at java.lang.reflect.Method.invoke(Unknown Source)
at org.codehaus.groovy.reflection.CachedMethod.invoke(CachedMethod.java:101)
at groovy.lang.MetaMethod.doMethodInvoke(MetaMethod.java:323)
at groovy.lang.MetaClassImpl.invokeMethod(MetaClassImpl.java:1217)
at org.codehaus.groovy.runtime.ScriptBytecodeAdapter.invokeMethodOnSuperN(ScriptBytecodeAdapter.java:144)
at io.restassured.internal.ValidatableResponseImpl.contentType(ValidatableResponseImpl.groovy:278)
at io.restassured.internal.ValidatableResponseImpl.contentType(ValidatableResponseImpl.groovy)
at microservices.backend.keycloak.api.KeycloakAPI.getToken(KeycloakAPI.java:39)
at microservices.backend.keycloak.utilities.KeycloakUtil.getToken(KeycloakUtil.java:38)
at microservices.backend.keycloak.utilities.KeycloakUtil.getPrivateAuthToken(KeycloakUtil.java:91)
at microservices.frontend.eir_b2b_crm_ui_frontend.B2BCRMAPI.getToken(B2BCRMAPI.java:60)
at testCases.eir.b2b.api.TestB2BCrmApi.testLogin(TestB2BCrmApi.java:135)
at sun.reflect.NativeMethodAccessorImpl.invoke0(Native Method)
at sun.reflect.NativeMethodAccessorImpl.invoke(Unknown Source)
at sun.reflect.DelegatingMethodAccessorImpl.invoke(Unknown Source)
at java.lang.reflect.Method.invoke(Unknown Source)
at org.testng.internal.MethodInvocationHelper.invokeMethod(MethodInvocationHelper.java:133)
at org.testng.internal.TestInvoker.invokeMethod(TestInvoker.java:584)
at org.testng.internal.TestInvoker.invokeTestMethod(TestInvoker.java:172)
at org.testng.internal.MethodRunner.runInSequence(MethodRunner.java:46)
at org.testng.internal.TestInvoker$MethodInvocationAgent.invoke(TestInvoker.java:804)
at org.testng.internal.TestInvoker.invokeTestMethods(TestInvoker.java:145)
at org.testng.internal.TestMethodWorker.invokeTestMethods(TestMethodWorker.java:146)
at org.testng.internal.TestMethodWorker.run(TestMethodWorker.java:128)
at java.util.ArrayList.forEach(Unknown Source)
at org.testng.TestRunner.privateRun(TestRunner.java:770)
at org.testng.TestRunner.run(TestRunner.java:591)
at org.testng.SuiteRunner.runTest(SuiteRunner.java:402)
at org.testng.SuiteRunner.runSequentially(SuiteRunner.java:396)
at org.testng.SuiteRunner.privateRun(SuiteRunner.java:355)
at org.testng.SuiteRunner.run(SuiteRunner.java:304)
at org.testng.SuiteRunnerWorker.runSuite(SuiteRunnerWorker.java:53)
at org.testng.SuiteRunnerWorker.run(SuiteRunnerWorker.java:96)
at org.testng.TestNG.runSuitesSequentially(TestNG.java:1180)
at org.testng.TestNG.runSuitesLocally(TestNG.java:1102)
at org.testng.TestNG.runSuites(TestNG.java:1032)
at org.testng.TestNG.run(TestNG.java:1000)
at org.testng.remote.AbstractRemoteTestNG.run(AbstractRemoteTestNG.java:115)
at org.testng.remote.RemoteTestNG.initAndRun(RemoteTestNG.java:251)
at org.testng.remote.RemoteTestNG.main(RemoteTestNG.java:77)
]]>
    </failure>
  </testcase> <!-- testLogin -->
  <testcase name="B2B_A_PY_01_testGetPaymentMethods" time="0.000" classname="testCases.eir.b2b.api.TestB2BCrmApi">
    <skipped/>
  </testcase> <!-- B2B_A_PY_01_testGetPaymentMethods -->
  <testcase name="B2B_A_TR_03_testGetAdjustment" time="0.000" classname="testCases.eir.b2b.api.TestB2BCrmApi">
    <skipped/>
  </testcase> <!-- B2B_A_TR_03_testGetAdjustment -->
  <testcase name="B2B_A_CA_01_testGetRefMarketSegments" time="0.000" classname="testCases.eir.b2b.api.TestB2BCrmApi">
    <skipped/>
  </testcase> <!-- B2B_A_CA_01_testGetRefMarketSegments -->
  <testcase name="B2B_A_PY_06_testUpdateDefaultPaymentMethod" time="0.000" classname="testCases.eir.b2b.api.TestB2BCrmApi">
    <skipped/>
  </testcase> <!-- B2B_A_PY_06_testUpdateDefaultPaymentMethod -->
  <testcase name="B2B_S_CH_01_testGetAvailableOffersForChangeOffer" time="0.000" classname="testCases.eir.b2b.api.TestB2BCrmApi">
    <skipped/>
  </testcase> <!-- B2B_S_CH_01_testGetAvailableOffersForChangeOffer -->
  <testcase name="B2B_A_CS_01_testGetOffersForAccountType" time="0.000" classname="testCases.eir.b2b.api.TestB2BCrmApi">
    <skipped/>
  </testcase> <!-- B2B_A_CS_01_testGetOffersForAccountType -->
  <testcase name="B2B_S_US_02_testGetUsage" time="0.000" classname="testCases.eir.b2b.api.TestB2BCrmApi">
    <skipped/>
  </testcase> <!-- B2B_S_US_02_testGetUsage -->
  <testcase name="B2B_A_DO_03_testUploadDocument" time="0.000" classname="testCases.eir.b2b.api.TestB2BCrmApi">
    <skipped/>
  </testcase> <!-- B2B_A_DO_03_testUploadDocument -->
  <testcase name="B2B_A_AO_01_testGetActiveAccountLevelAddons" time="0.000" classname="testCases.eir.b2b.api.TestB2BCrmApi">
    <skipped/>
  </testcase> <!-- B2B_A_AO_01_testGetActiveAccountLevelAddons -->
  <testcase name="B2B_A_GE_03_testMakeAccountUnbillable" time="0.000" classname="testCases.eir.b2b.api.TestB2BCrmApi">
    <skipped/>
  </testcase> <!-- B2B_A_GE_03_testMakeAccountUnbillable -->
  <testcase name="B2B_S_CH_02_testGetChangeOfferEligibility" time="0.000" classname="testCases.eir.b2b.api.TestB2BCrmApi">
    <skipped/>
  </testcase> <!-- B2B_S_CH_02_testGetChangeOfferEligibility -->
  <testcase name="B2B_S_US_03_testGetUsageSummary" time="0.000" classname="testCases.eir.b2b.api.TestB2BCrmApi">
    <skipped/>
  </testcase> <!-- B2B_S_US_03_testGetUsageSummary -->
  <testcase name="B2B_A_BR_02_testRemoveAccountLevelBarring" time="0.000" classname="testCases.eir.b2b.api.TestB2BCrmApi">
    <skipped/>
  </testcase> <!-- B2B_A_BR_02_testRemoveAccountLevelBarring -->
  <testcase name="B2B_S_AO_02_testGetActiveServiceLevelAddons" time="0.000" classname="testCases.eir.b2b.api.TestB2BCrmApi">
    <skipped/>
  </testcase> <!-- B2B_S_AO_02_testGetActiveServiceLevelAddons -->
  <testcase name="B2B_A_BR_01_testAddAccountLevelBarring" time="0.000" classname="testCases.eir.b2b.api.TestB2BCrmApi">
    <skipped/>
  </testcase> <!-- B2B_A_BR_01_testAddAccountLevelBarring -->
  <testcase name="B2B_A_PY_03_testUpdatePaymentTerm" time="0.000" classname="testCases.eir.b2b.api.TestB2BCrmApi">
    <skipped/>
  </testcase> <!-- B2B_A_PY_03_testUpdatePaymentTerm -->
  <testcase name="B2B_S_BR_01_testGetBarrings" time="0.000" classname="testCases.eir.b2b.api.TestB2BCrmApi">
    <skipped/>
  </testcase> <!-- B2B_S_BR_01_testGetBarrings -->
  <testcase name="B2B_A_CH_02_testGetCustomerHistory" time="0.000" classname="testCases.eir.b2b.api.TestB2BCrmApi">
    <skipped/>
  </testcase> <!-- B2B_A_CH_02_testGetCustomerHistory -->
  <testcase name="B2B_A_GE_02_testGetAccountDetails" time="0.000" classname="testCases.eir.b2b.api.TestB2BCrmApi">
    <skipped/>
  </testcase> <!-- B2B_A_GE_02_testGetAccountDetails -->
  <testcase name="B2B_S_PO_01_testGetPortingTimes" time="0.000" classname="testCases.eir.b2b.api.TestB2BCrmApi">
    <skipped/>
  </testcase> <!-- B2B_S_PO_01_testGetPortingTimes -->
  <testcase name="B2B_A_HW_01_testGetHardwareFund" time="0.000" classname="testCases.eir.b2b.api.TestB2BCrmApi">
    <skipped/>
  </testcase> <!-- B2B_A_HW_01_testGetHardwareFund -->
  <testcase name="B2B_A_SE_01_testSearchByName" time="0.000" classname="testCases.eir.b2b.api.TestB2BCrmApi">
    <skipped/>
  </testcase> <!-- B2B_A_SE_01_testSearchByName -->
  <testcase name="B2B_A_PY_02_testUpdateBillingDetails" time="0.000" classname="testCases.eir.b2b.api.TestB2BCrmApi">
    <skipped/>
  </testcase> <!-- B2B_A_PY_02_testUpdateBillingDetails -->
  <testcase name="B2B_A_CO_03_testGetAllContacts" time="0.000" classname="testCases.eir.b2b.api.TestB2BCrmApi">
    <skipped/>
  </testcase> <!-- B2B_A_CO_03_testGetAllContacts -->
  <testcase name="B2B_A_SE_02_testOrderSearch" time="0.000" classname="testCases.eir.b2b.api.TestB2BCrmApi">
    <skipped/>
  </testcase> <!-- B2B_A_SE_02_testOrderSearch -->
  <testcase name="B2B_A_OR_02_testGetFilteredOrderHistory" time="0.000" classname="testCases.eir.b2b.api.TestB2BCrmApi">
    <skipped/>
  </testcase> <!-- B2B_A_OR_02_testGetFilteredOrderHistory -->
  <testcase name="B2B_S_MS_02_testSwapMSISDN" time="0.000" classname="testCases.eir.b2b.api.TestB2BCrmApi">
    <skipped/>
  </testcase> <!-- B2B_S_MS_02_testSwapMSISDN -->
  <testcase name="B2B_A_CO_07_testUpdateContactType" time="0.000" classname="testCases.eir.b2b.api.TestB2BCrmApi">
    <skipped/>
  </testcase> <!-- B2B_A_CO_07_testUpdateContactType -->
  <testcase name="B2B_A_TR_02_testGetAdjustmentReasons" time="0.000" classname="testCases.eir.b2b.api.TestB2BCrmApi">
    <skipped/>
  </testcase> <!-- B2B_A_TR_02_testGetAdjustmentReasons -->
</testsuite> <!-- testCases.eir.b2b.api.TestB2BCrmApi -->
