<?xml version="1.0" encoding="UTF-8"?>
<!-- Generated by org.testng.reporters.JUnitReportReporter -->
<testsuite skipped="1" hostname="P04284" name="testCases.b2b.acquisitions.bulk.TestB2BCreateSubscriptions2" tests="2" failures="0" timestamp="2021-05-26T14:52:04 BST" time="23.061" errors="0">
  <testcase name="test01_CreateAndActivateB2BCorpSubscriptionBulk" time="23.061" classname="testCases.b2b.acquisitions.bulk.TestB2BCreateSubscriptions2"/>
  <testcase name="test01_CreateAndActivateB2BBatch" classname="testCases.b2b.acquisitions.bulk.TestB2BCreateSubscriptions2">
    <skipped/>
  </testcase> <!-- test01_CreateAndActivateB2BBatch -->
</testsuite> <!-- testCases.b2b.acquisitions.bulk.TestB2BCreateSubscriptions2 -->
