<?xml version="1.0" encoding="UTF-8"?>
<!-- Generated by org.testng.reporters.JUnitReportReporter -->
<testsuite skipped="1" hostname="P04284" name="testCases.gomo.selfcare.TestMyGoMo2" tests="3" failures="0" timestamp="2021-07-06T11:34:19 BST" time="12.882" errors="0">
  <testcase name="testLoginToMyGoMo" time="10.649" classname="testCases.gomo.selfcare.TestMyGoMo2"/>
  <testcase name="testMyProfileDetailsDisplayed" time="2.233" classname="testCases.gomo.selfcare.TestMyGoMo2"/>
  <testcase name="testViewEditContactPreferences" classname="testCases.gomo.selfcare.TestMyGoMo2">
    <skipped/>
  </testcase> <!-- testViewEditContactPreferences -->
</testsuite> <!-- testCases.gomo.selfcare.TestMyGoMo2 -->
