<?xml version="1.0" encoding="UTF-8"?>
<!-- Generated by org.testng.reporters.JUnitReportReporter -->
<testsuite skipped="3" hostname="P04284" name="testCases.b2b.care.manage_addons.TestB2BManageSubscriptionAddonsAPI" tests="4" failures="0" timestamp="2021-06-08T17:54:54 BST" time="0.775" errors="0">
  <testcase name="testB2BAddFeature_API_APNASAVIE" time="0.775" classname="testCases.b2b.care.manage_addons.TestB2BManageSubscriptionAddonsAPI"/>
  <testcase name="testAddB2BAddonViaAPIDataDriven" classname="testCases.b2b.care.manage_addons.TestB2BManageSubscriptionAddonsAPI">
    <skipped/>
  </testcase> <!-- testAddB2BAddonViaAPIDataDriven -->
  <testcase name="testB2BBulkAddSubscriptionAddons" classname="testCases.b2b.care.manage_addons.TestB2BManageSubscriptionAddonsAPI">
    <skipped/>
  </testcase> <!-- testB2BBulkAddSubscriptionAddons -->
  <testcase name="testB2BBulkRemoveSubscriptionAddons" classname="testCases.b2b.care.manage_addons.TestB2BManageSubscriptionAddonsAPI">
    <skipped/>
  </testcase> <!-- testB2BBulkRemoveSubscriptionAddons -->
</testsuite> <!-- testCases.b2b.care.manage_addons.TestB2BManageSubscriptionAddonsAPI -->
