<?xml version="1.0" encoding="UTF-8"?>
<!-- Generated by org.testng.reporters.JUnitReportReporter -->
<testsuite skipped="0" hostname="P03326" name="testNG.EShopOfferSelectionPageTests" tests="5" failures="0" timestamp="2019-10-31T15:26:33 GMT" time="5.786" errors="0">
  <testcase name="acceptCookies" time="2.392" classname="testNG.EShopOfferSelectionPageTests"/>
  <testcase name="addAnOffer" time="0.768" classname="testNG.EShopOfferSelectionPageTests"/>
  <testcase name="addAnotherOffer" time="1.212" classname="testNG.EShopOfferSelectionPageTests"/>
  <testcase name="deleteOfferLine2" time="0.723" classname="testNG.EShopOfferSelectionPageTests"/>
  <testcase name="deleteOfferLine1" time="0.691" classname="testNG.EShopOfferSelectionPageTests"/>
</testsuite> <!-- testNG.EShopOfferSelectionPageTests -->
