<?xml version="1.0" encoding="UTF-8"?>
<!-- Generated by org.testng.reporters.JUnitReportReporter -->
<testsuite skipped="6" hostname="P04284" name="uiTests.ProcessLogistics" tests="6" failures="0" timestamp="06 Feb 2020 17:00:10 GMT" time="0.000" errors="0">
  <testcase name="provisioningCheckCrossSell" time="0.000" classname="uiTests.ProcessLogistics">
    <skipped/>
  </testcase> <!-- provisioningCheckCrossSell -->
  <testcase name="processMultilineLogistics" time="0.000" classname="uiTests.ProcessLogistics">
    <skipped/>
  </testcase> <!-- processMultilineLogistics -->
  <testcase name="processCrossSellLogistics" time="0.000" classname="uiTests.ProcessLogistics">
    <skipped/>
  </testcase> <!-- processCrossSellLogistics -->
  <testcase name="provisioningCheckMultiline" time="0.000" classname="uiTests.ProcessLogistics">
    <skipped/>
  </testcase> <!-- provisioningCheckMultiline -->
  <testcase name="provisioningCheckSingleline" time="0.000" classname="uiTests.ProcessLogistics">
    <skipped/>
  </testcase> <!-- provisioningCheckSingleline -->
  <testcase name="processSinglelineLogistics" time="0.000" classname="uiTests.ProcessLogistics">
    <skipped/>
  </testcase> <!-- processSinglelineLogistics -->
</testsuite> <!-- uiTests.ProcessLogistics -->
