<?xml version="1.0" encoding="UTF-8"?>
<!-- Generated by org.testng.reporters.JUnitReportReporter -->
<testsuite skipped="0" hostname="P04284" name="testCases.e2e.b2b.bulk.terminations.TestB2BTerminateSubscriptions" tests="1" failures="0" timestamp="2021-09-02T15:01:23 BST" time="8.448" errors="0">
  <testcase name="testB2BBulkTerminateSubscription" time="8.448" classname="testCases.e2e.b2b.bulk.terminations.TestB2BTerminateSubscriptions"/>
</testsuite> <!-- testCases.e2e.b2b.bulk.terminations.TestB2BTerminateSubscriptions -->
