<?xml version="1.0" encoding="UTF-8"?>
<!-- Generated by org.testng.reporters.JUnitReportReporter -->
<testsuite skipped="1" hostname="P04284" name="testCases.b2b.care.manage_addons.TestB2BManageSubscriptionAddonsBulk" tests="2" failures="0" timestamp="2021-06-18T16:00:30 BST" time="4.195" errors="0">
  <testcase name="testB2BBulkAddSubscriptionAddons" time="4.195" classname="testCases.b2b.care.manage_addons.TestB2BManageSubscriptionAddonsBulk"/>
  <testcase name="testB2BBulkRemoveSubscriptionAddons" classname="testCases.b2b.care.manage_addons.TestB2BManageSubscriptionAddonsBulk">
    <skipped/>
  </testcase> <!-- testB2BBulkRemoveSubscriptionAddons -->
</testsuite> <!-- testCases.b2b.care.manage_addons.TestB2BManageSubscriptionAddonsBulk -->
