<?xml version="1.0" encoding="UTF-8"?>
<!-- Generated by org.testng.reporters.JUnitReportReporter -->
<testsuite skipped="7" hostname="P04284" name="testCases.prepay.acquisitions.crmui.TestCRMAcquisitions" tests="8" failures="0" timestamp="2021-05-05T16:57:06 BST" time="14.396" errors="0">
  <testcase name="testRetailOrder" time="14.396" classname="testCases.prepay.acquisitions.crmui.TestCRMAcquisitions"/>
  <testcase name="testOrdersDataDriven" classname="testCases.prepay.acquisitions.crmui.TestCRMAcquisitions">
    <skipped/>
  </testcase> <!-- testOrdersDataDriven -->
  <testcase name="testLogisticsDataDriven" classname="testCases.prepay.acquisitions.crmui.TestCRMAcquisitions">
    <skipped/>
  </testcase> <!-- testLogisticsDataDriven -->
  <testcase name="testOnlineOrder" classname="testCases.prepay.acquisitions.crmui.TestCRMAcquisitions">
    <skipped/>
  </testcase> <!-- testOnlineOrder -->
  <testcase name="testAcquisitionFlowsDataDriven" classname="testCases.prepay.acquisitions.crmui.TestCRMAcquisitions">
    <skipped/>
  </testcase> <!-- testAcquisitionFlowsDataDriven -->
  <testcase name="testFeaturesDisplayed" classname="testCases.prepay.acquisitions.crmui.TestCRMAcquisitions">
    <skipped/>
  </testcase> <!-- testFeaturesDisplayed -->
  <testcase name="testTelesalesOrder" classname="testCases.prepay.acquisitions.crmui.TestCRMAcquisitions">
    <skipped/>
  </testcase> <!-- testTelesalesOrder -->
  <testcase name="testNewAcquisitionOrderTelesales" classname="testCases.prepay.acquisitions.crmui.TestCRMAcquisitions">
    <skipped/>
  </testcase> <!-- testNewAcquisitionOrderTelesales -->
</testsuite> <!-- testCases.prepay.acquisitions.crmui.TestCRMAcquisitions -->
