<?xml version="1.0" encoding="UTF-8"?>
<!-- Generated by org.testng.reporters.JUnitReportReporter -->
<testsuite skipped="0" hostname="P04284" name="testCases.backend.api.TestAPIAddressFinder" tests="1" failures="0" timestamp="2021-10-12T15:17:19 BST" time="5.759" errors="0">
  <testcase name="testAddressFinder" time="5.759" classname="testCases.backend.api.TestAPIAddressFinder"/>
</testsuite> <!-- testCases.backend.api.TestAPIAddressFinder -->
