<?xml version="1.0" encoding="UTF-8"?>
<!-- Generated by org.testng.reporters.JUnitReportReporter -->
<testsuite skipped="0" hostname="P04284" name="testCases.b2b.care.TestB2BMoveSubscriptions" tests="1" failures="0" timestamp="2021-06-16T11:55:20 BST" time="14.182" errors="0">
  <testcase name="testB2BBulkMoveSubscription" time="14.182" classname="testCases.b2b.care.TestB2BMoveSubscriptions"/>
</testsuite> <!-- testCases.b2b.care.TestB2BMoveSubscriptions -->
