<?xml version="1.0" encoding="UTF-8"?>
<!-- Generated by org.testng.reporters.JUnitReportReporter -->
<testsuite skipped="0" hostname="P04284" name="testCases.e2e.gomo.customer_care.TestCSRUI" tests="3" failures="0" timestamp="2021-09-24T15:43:55 BST" time="49.862" errors="0">
  <testcase name="testCustomerSearch" time="17.406" classname="testCases.e2e.gomo.customer_care.TestCSRUI"/>
  <testcase name="testLoginToCSRUI" time="17.023" classname="testCases.e2e.gomo.customer_care.TestCSRUI"/>
  <testcase name="testResetPassword" time="15.433" classname="testCases.e2e.gomo.customer_care.TestCSRUI"/>
</testsuite> <!-- testCases.e2e.gomo.customer_care.TestCSRUI -->
