<?xml version="1.0" encoding="UTF-8"?>
<!-- Generated by org.testng.reporters.JUnitReportReporter -->
<testsuite skipped="0" hostname="P04284" name="testNG.TestAnnotations" tests="2" failures="0" timestamp="2020-04-03T10:59:45 IST" time="0.010" errors="0">
  <testcase name="f1" time="0.007" classname="testNG.TestAnnotations"/>
  <testcase name="f2" time="0.003" classname="testNG.TestAnnotations"/>
</testsuite> <!-- testNG.TestAnnotations -->
