<?xml version="1.0" encoding="UTF-8"?>
<!-- Generated by org.testng.reporters.JUnitReportReporter -->
<testsuite skipped="0" hostname="P04284" name="testCases.api.TestBillingAbstractor" tests="1702" failures="65" timestamp="2021-05-29T15:08:57 BST" time="434.866" errors="0">
  <testcase name="getUsageSummary" time="0.147" classname="testCases.api.TestBillingAbstractor"/>
  <testcase name="getUsage" time="0.668" classname="testCases.api.TestBillingAbstractor"/>
  <testcase name="getUsageSummary" time="0.152" classname="testCases.api.TestBillingAbstractor"/>
  <testcase name="getUsageSummary" time="0.143" classname="testCases.api.TestBillingAbstractor"/>
  <testcase name="getUsageSummary" time="0.154" classname="testCases.api.TestBillingAbstractor"/>
  <testcase name="testGetOneOffCharges" time="0.171" classname="testCases.api.TestBillingAbstractor"/>
  <testcase name="getUsageSummary" time="0.148" classname="testCases.api.TestBillingAbstractor"/>
  <testcase name="testGetOneOffCharges" time="0.165" classname="testCases.api.TestBillingAbstractor"/>
  <testcase name="getUsage" time="0.243" classname="testCases.api.TestBillingAbstractor"/>
  <testcase name="getUsage" time="0.266" classname="testCases.api.TestBillingAbstractor"/>
  <testcase name="getUsage" time="0.469" classname="testCases.api.TestBillingAbstractor"/>
  <testcase name="getUsage" time="0.244" classname="testCases.api.TestBillingAbstractor"/>
  <testcase name="getUsage" time="0.553" classname="testCases.api.TestBillingAbstractor"/>
  <testcase name="getUsageSummary" time="0.164" classname="testCases.api.TestBillingAbstractor"/>
  <testcase name="testGetOneOffCharges" time="0.175" classname="testCases.api.TestBillingAbstractor"/>
  <testcase name="getUsageSummary" time="0.146" classname="testCases.api.TestBillingAbstractor"/>
  <testcase name="getUsage" time="0.263" classname="testCases.api.TestBillingAbstractor"/>
  <testcase name="getUsage" time="0.489" classname="testCases.api.TestBillingAbstractor"/>
  <testcase name="getUsage" time="0.657" classname="testCases.api.TestBillingAbstractor"/>
  <testcase name="getUsageSummary" time="0.161" classname="testCases.api.TestBillingAbstractor"/>
  <testcase name="getUsageSummary" time="0.178" classname="testCases.api.TestBillingAbstractor"/>
  <testcase name="getUsage" time="0.503" classname="testCases.api.TestBillingAbstractor"/>
  <testcase name="getUsageSummary" time="0.131" classname="testCases.api.TestBillingAbstractor"/>
  <testcase name="getUsageSummary" time="0.159" classname="testCases.api.TestBillingAbstractor"/>
  <testcase name="getUsageSummary" time="0.184" classname="testCases.api.TestBillingAbstractor"/>
  <testcase name="getUsage" time="0.260" classname="testCases.api.TestBillingAbstractor"/>
  <testcase name="testGetOneOffCharges" time="0.145" classname="testCases.api.TestBillingAbstractor"/>
  <testcase name="getUsage" time="0.308" classname="testCases.api.TestBillingAbstractor"/>
  <testcase name="getUsage" time="0.244" classname="testCases.api.TestBillingAbstractor"/>
  <testcase name="getUsage" time="0.573" classname="testCases.api.TestBillingAbstractor"/>
  <testcase name="testGetOneOffCharges" time="0.182" classname="testCases.api.TestBillingAbstractor"/>
  <testcase name="getUsage" time="0.039" classname="testCases.api.TestBillingAbstractor">
    <failure type="java.lang.AssertionError" message="expected [200] but found [407]">
      <![CDATA[java.lang.AssertionError: expected [200] but found [407]
at org.testng.Assert.fail(Assert.java:97)
at org.testng.Assert.assertEqualsImpl(Assert.java:136)
at org.testng.Assert.assertEquals(Assert.java:118)
at org.testng.Assert.assertEquals(Assert.java:839)
at org.testng.Assert.assertEquals(Assert.java:849)
at testCases.api.TestBillingAbstractor.getUsage(TestBillingAbstractor.java:44)
at sun.reflect.GeneratedMethodAccessor150.invoke(Unknown Source)
at sun.reflect.DelegatingMethodAccessorImpl.invoke(Unknown Source)
at java.lang.reflect.Method.invoke(Unknown Source)
at org.testng.internal.MethodInvocationHelper.invokeMethod(MethodInvocationHelper.java:133)
at org.testng.internal.TestInvoker.invokeMethod(TestInvoker.java:584)
at org.testng.internal.TestInvoker.invokeTestMethod(TestInvoker.java:172)
at org.testng.internal.MethodRunner.runInSequence(MethodRunner.java:46)
at org.testng.internal.TestInvoker$MethodInvocationAgent.invoke(TestInvoker.java:804)
at org.testng.internal.TestInvoker.invokeTestMethods(TestInvoker.java:145)
at org.testng.internal.TestMethodWorker.invokeTestMethods(TestMethodWorker.java:146)
at org.testng.internal.TestMethodWorker.run(TestMethodWorker.java:128)
at java.util.ArrayList.forEach(Unknown Source)
at org.testng.TestRunner.privateRun(TestRunner.java:770)
at org.testng.TestRunner.run(TestRunner.java:591)
at org.testng.SuiteRunner.runTest(SuiteRunner.java:402)
at org.testng.SuiteRunner.runSequentially(SuiteRunner.java:396)
at org.testng.SuiteRunner.privateRun(SuiteRunner.java:355)
at org.testng.SuiteRunner.run(SuiteRunner.java:304)
at org.testng.SuiteRunnerWorker.runSuite(SuiteRunnerWorker.java:53)
at org.testng.SuiteRunnerWorker.run(SuiteRunnerWorker.java:96)
at org.testng.TestNG.runSuitesSequentially(TestNG.java:1180)
at org.testng.TestNG.runSuitesLocally(TestNG.java:1102)
at org.testng.TestNG.runSuites(TestNG.java:1032)
at org.testng.TestNG.run(TestNG.java:1000)
at org.testng.remote.AbstractRemoteTestNG.run(AbstractRemoteTestNG.java:115)
at org.testng.remote.RemoteTestNG.initAndRun(RemoteTestNG.java:251)
at org.testng.remote.RemoteTestNG.main(RemoteTestNG.java:77)
]]>
    </failure>
  </testcase> <!-- getUsage -->
  <testcase name="getUsageSummary" time="0.171" classname="testCases.api.TestBillingAbstractor"/>
  <testcase name="getUsage" time="0.467" classname="testCases.api.TestBillingAbstractor"/>
  <testcase name="getUsageSummary" time="0.170" classname="testCases.api.TestBillingAbstractor"/>
  <testcase name="getUsage" time="0.626" classname="testCases.api.TestBillingAbstractor"/>
  <testcase name="getUsageSummary" time="0.177" classname="testCases.api.TestBillingAbstractor"/>
  <testcase name="getUsageSummary" time="0.149" classname="testCases.api.TestBillingAbstractor"/>
  <testcase name="testGetOneOffCharges" time="0.161" classname="testCases.api.TestBillingAbstractor"/>
  <testcase name="getUsage" time="0.781" classname="testCases.api.TestBillingAbstractor"/>
  <testcase name="getUsageSummary" time="0.120" classname="testCases.api.TestBillingAbstractor"/>
  <testcase name="getUsageSummary" time="0.186" classname="testCases.api.TestBillingAbstractor"/>
  <testcase name="getUsageSummary" time="0.130" classname="testCases.api.TestBillingAbstractor"/>
  <testcase name="getUsage" time="0.305" classname="testCases.api.TestBillingAbstractor"/>
  <testcase name="getUsage" time="0.684" classname="testCases.api.TestBillingAbstractor"/>
  <testcase name="getUsage" time="0.256" classname="testCases.api.TestBillingAbstractor"/>
  <testcase name="getUsage" time="0.254" classname="testCases.api.TestBillingAbstractor"/>
  <testcase name="testGetOneOffCharges" time="0.189" classname="testCases.api.TestBillingAbstractor"/>
  <testcase name="getUsage" time="0.482" classname="testCases.api.TestBillingAbstractor"/>
  <testcase name="getUsage" time="0.802" classname="testCases.api.TestBillingAbstractor"/>
  <testcase name="getUsageSummary" time="0.252" classname="testCases.api.TestBillingAbstractor"/>
  <testcase name="getUsageSummary" time="0.160" classname="testCases.api.TestBillingAbstractor"/>
  <testcase name="testGetOneOffCharges" time="0.159" classname="testCases.api.TestBillingAbstractor"/>
  <testcase name="getUsage" time="0.237" classname="testCases.api.TestBillingAbstractor"/>
  <testcase name="testGetOneOffCharges" time="0.210" classname="testCases.api.TestBillingAbstractor"/>
  <testcase name="getUsageSummary" time="0.136" classname="testCases.api.TestBillingAbstractor"/>
  <testcase name="getUsageSummary" time="0.155" classname="testCases.api.TestBillingAbstractor"/>
  <testcase name="getUsageSummary" time="0.157" classname="testCases.api.TestBillingAbstractor"/>
  <testcase name="getUsageSummary" time="0.136" classname="testCases.api.TestBillingAbstractor"/>
  <testcase name="testGetOneOffCharges" time="0.161" classname="testCases.api.TestBillingAbstractor"/>
  <testcase name="getUsage" time="0.468" classname="testCases.api.TestBillingAbstractor"/>
  <testcase name="getUsageSummary" time="0.160" classname="testCases.api.TestBillingAbstractor"/>
  <testcase name="testGetOneOffCharges" time="0.173" classname="testCases.api.TestBillingAbstractor"/>
  <testcase name="getUsage" time="0.242" classname="testCases.api.TestBillingAbstractor"/>
  <testcase name="testGetOneOffCharges" time="0.161" classname="testCases.api.TestBillingAbstractor"/>
  <testcase name="testGetOneOffCharges" time="0.151" classname="testCases.api.TestBillingAbstractor"/>
  <testcase name="getUsageSummary" time="0.144" classname="testCases.api.TestBillingAbstractor"/>
  <testcase name="getUsageSummary" time="0.137" classname="testCases.api.TestBillingAbstractor"/>
  <testcase name="getUsage" time="0.042" classname="testCases.api.TestBillingAbstractor">
    <failure type="java.lang.AssertionError" message="expected [200] but found [407]">
      <![CDATA[java.lang.AssertionError: expected [200] but found [407]
at org.testng.Assert.fail(Assert.java:97)
at org.testng.Assert.assertEqualsImpl(Assert.java:136)
at org.testng.Assert.assertEquals(Assert.java:118)
at org.testng.Assert.assertEquals(Assert.java:839)
at org.testng.Assert.assertEquals(Assert.java:849)
at testCases.api.TestBillingAbstractor.getUsage(TestBillingAbstractor.java:44)
at sun.reflect.GeneratedMethodAccessor150.invoke(Unknown Source)
at sun.reflect.DelegatingMethodAccessorImpl.invoke(Unknown Source)
at java.lang.reflect.Method.invoke(Unknown Source)
at org.testng.internal.MethodInvocationHelper.invokeMethod(MethodInvocationHelper.java:133)
at org.testng.internal.TestInvoker.invokeMethod(TestInvoker.java:584)
at org.testng.internal.TestInvoker.invokeTestMethod(TestInvoker.java:172)
at org.testng.internal.MethodRunner.runInSequence(MethodRunner.java:46)
at org.testng.internal.TestInvoker$MethodInvocationAgent.invoke(TestInvoker.java:804)
at org.testng.internal.TestInvoker.invokeTestMethods(TestInvoker.java:145)
at org.testng.internal.TestMethodWorker.invokeTestMethods(TestMethodWorker.java:146)
at org.testng.internal.TestMethodWorker.run(TestMethodWorker.java:128)
at java.util.ArrayList.forEach(Unknown Source)
at org.testng.TestRunner.privateRun(TestRunner.java:770)
at org.testng.TestRunner.run(TestRunner.java:591)
at org.testng.SuiteRunner.runTest(SuiteRunner.java:402)
at org.testng.SuiteRunner.runSequentially(SuiteRunner.java:396)
at org.testng.SuiteRunner.privateRun(SuiteRunner.java:355)
at org.testng.SuiteRunner.run(SuiteRunner.java:304)
at org.testng.SuiteRunnerWorker.runSuite(SuiteRunnerWorker.java:53)
at org.testng.SuiteRunnerWorker.run(SuiteRunnerWorker.java:96)
at org.testng.TestNG.runSuitesSequentially(TestNG.java:1180)
at org.testng.TestNG.runSuitesLocally(TestNG.java:1102)
at org.testng.TestNG.runSuites(TestNG.java:1032)
at org.testng.TestNG.run(TestNG.java:1000)
at org.testng.remote.AbstractRemoteTestNG.run(AbstractRemoteTestNG.java:115)
at org.testng.remote.RemoteTestNG.initAndRun(RemoteTestNG.java:251)
at org.testng.remote.RemoteTestNG.main(RemoteTestNG.java:77)
]]>
    </failure>
  </testcase> <!-- getUsage -->
  <testcase name="getUsage" time="0.477" classname="testCases.api.TestBillingAbstractor"/>
  <testcase name="getUsageSummary" time="0.129" classname="testCases.api.TestBillingAbstractor"/>
  <testcase name="testGetOneOffCharges" time="0.155" classname="testCases.api.TestBillingAbstractor"/>
  <testcase name="getUsage" time="0.519" classname="testCases.api.TestBillingAbstractor"/>
  <testcase name="getUsageSummary" time="0.149" classname="testCases.api.TestBillingAbstractor"/>
  <testcase name="testGetOneOffCharges" time="0.169" classname="testCases.api.TestBillingAbstractor"/>
  <testcase name="getUsage" time="0.281" classname="testCases.api.TestBillingAbstractor"/>
  <testcase name="getUsage" time="0.441" classname="testCases.api.TestBillingAbstractor"/>
  <testcase name="getUsage" time="0.302" classname="testCases.api.TestBillingAbstractor"/>
  <testcase name="testGetOneOffCharges" time="0.218" classname="testCases.api.TestBillingAbstractor"/>
  <testcase name="testGetOneOffCharges" time="0.189" classname="testCases.api.TestBillingAbstractor"/>
  <testcase name="getUsageSummary" time="0.146" classname="testCases.api.TestBillingAbstractor"/>
  <testcase name="getUsageSummary" time="0.157" classname="testCases.api.TestBillingAbstractor"/>
  <testcase name="getUsageSummary" time="0.199" classname="testCases.api.TestBillingAbstractor"/>
  <testcase name="getUsage" time="0.240" classname="testCases.api.TestBillingAbstractor"/>
  <testcase name="testGetOneOffCharges" time="0.151" classname="testCases.api.TestBillingAbstractor"/>
  <testcase name="getUsageSummary" time="0.161" classname="testCases.api.TestBillingAbstractor"/>
  <testcase name="getUsageSummary" time="0.139" classname="testCases.api.TestBillingAbstractor"/>
  <testcase name="testGetOneOffCharges" time="0.147" classname="testCases.api.TestBillingAbstractor"/>
  <testcase name="getUsage" time="0.393" classname="testCases.api.TestBillingAbstractor"/>
  <testcase name="getUsageSummary" time="0.167" classname="testCases.api.TestBillingAbstractor"/>
  <testcase name="getUsageSummary" time="0.151" classname="testCases.api.TestBillingAbstractor"/>
  <testcase name="getUsage" time="0.250" classname="testCases.api.TestBillingAbstractor"/>
  <testcase name="getUsageSummary" time="0.160" classname="testCases.api.TestBillingAbstractor"/>
  <testcase name="getUsageSummary" time="0.141" classname="testCases.api.TestBillingAbstractor"/>
  <testcase name="getUsageSummary" time="0.154" classname="testCases.api.TestBillingAbstractor"/>
  <testcase name="getUsage" time="0.269" classname="testCases.api.TestBillingAbstractor"/>
  <testcase name="getUsage" time="0.636" classname="testCases.api.TestBillingAbstractor"/>
  <testcase name="getUsageSummary" time="0.140" classname="testCases.api.TestBillingAbstractor"/>
  <testcase name="getUsage" time="0.270" classname="testCases.api.TestBillingAbstractor"/>
  <testcase name="getUsageSummary" time="0.150" classname="testCases.api.TestBillingAbstractor"/>
  <testcase name="testGetOneOffCharges" time="0.163" classname="testCases.api.TestBillingAbstractor">
    <failure type="java.lang.AssertionError" message="expected [200] but found [404]">
      <![CDATA[java.lang.AssertionError: expected [200] but found [404]
at org.testng.Assert.fail(Assert.java:97)
at org.testng.Assert.assertEqualsImpl(Assert.java:136)
at org.testng.Assert.assertEquals(Assert.java:118)
at org.testng.Assert.assertEquals(Assert.java:839)
at org.testng.Assert.assertEquals(Assert.java:849)
at testCases.api.TestBillingAbstractor.testGetOneOffCharges(TestBillingAbstractor.java:34)
at sun.reflect.GeneratedMethodAccessor65.invoke(Unknown Source)
at sun.reflect.DelegatingMethodAccessorImpl.invoke(Unknown Source)
at java.lang.reflect.Method.invoke(Unknown Source)
at org.testng.internal.MethodInvocationHelper.invokeMethod(MethodInvocationHelper.java:133)
at org.testng.internal.TestInvoker.invokeMethod(TestInvoker.java:584)
at org.testng.internal.TestInvoker.invokeTestMethod(TestInvoker.java:172)
at org.testng.internal.MethodRunner.runInSequence(MethodRunner.java:46)
at org.testng.internal.TestInvoker$MethodInvocationAgent.invoke(TestInvoker.java:804)
at org.testng.internal.TestInvoker.invokeTestMethods(TestInvoker.java:145)
at org.testng.internal.TestMethodWorker.invokeTestMethods(TestMethodWorker.java:146)
at org.testng.internal.TestMethodWorker.run(TestMethodWorker.java:128)
at java.util.ArrayList.forEach(Unknown Source)
at org.testng.TestRunner.privateRun(TestRunner.java:770)
at org.testng.TestRunner.run(TestRunner.java:591)
at org.testng.SuiteRunner.runTest(SuiteRunner.java:402)
at org.testng.SuiteRunner.runSequentially(SuiteRunner.java:396)
at org.testng.SuiteRunner.privateRun(SuiteRunner.java:355)
at org.testng.SuiteRunner.run(SuiteRunner.java:304)
at org.testng.SuiteRunnerWorker.runSuite(SuiteRunnerWorker.java:53)
at org.testng.SuiteRunnerWorker.run(SuiteRunnerWorker.java:96)
at org.testng.TestNG.runSuitesSequentially(TestNG.java:1180)
at org.testng.TestNG.runSuitesLocally(TestNG.java:1102)
at org.testng.TestNG.runSuites(TestNG.java:1032)
at org.testng.TestNG.run(TestNG.java:1000)
at org.testng.remote.AbstractRemoteTestNG.run(AbstractRemoteTestNG.java:115)
at org.testng.remote.RemoteTestNG.initAndRun(RemoteTestNG.java:251)
at org.testng.remote.RemoteTestNG.main(RemoteTestNG.java:77)
]]>
    </failure>
  </testcase> <!-- testGetOneOffCharges -->
  <testcase name="getUsage" time="0.243" classname="testCases.api.TestBillingAbstractor"/>
  <testcase name="getUsageSummary" time="0.159" classname="testCases.api.TestBillingAbstractor"/>
  <testcase name="getUsageSummary" time="0.136" classname="testCases.api.TestBillingAbstractor"/>
  <testcase name="getUsage" time="0.524" classname="testCases.api.TestBillingAbstractor"/>
  <testcase name="testGetOneOffCharges" time="0.183" classname="testCases.api.TestBillingAbstractor"/>
  <testcase name="getUsageSummary" time="0.137" classname="testCases.api.TestBillingAbstractor"/>
  <testcase name="getUsageSummary" time="0.264" classname="testCases.api.TestBillingAbstractor"/>
  <testcase name="getUsage" time="0.288" classname="testCases.api.TestBillingAbstractor"/>
  <testcase name="testGetOneOffCharges" time="0.149" classname="testCases.api.TestBillingAbstractor"/>
  <testcase name="testGetOneOffCharges" time="0.146" classname="testCases.api.TestBillingAbstractor"/>
  <testcase name="getUsage" time="0.251" classname="testCases.api.TestBillingAbstractor"/>
  <testcase name="getUsage" time="0.593" classname="testCases.api.TestBillingAbstractor"/>
  <testcase name="getUsageSummary" time="0.141" classname="testCases.api.TestBillingAbstractor"/>
  <testcase name="getUsage" time="0.252" classname="testCases.api.TestBillingAbstractor"/>
  <testcase name="getUsage" time="0.470" classname="testCases.api.TestBillingAbstractor"/>
  <testcase name="getUsageSummary" time="0.135" classname="testCases.api.TestBillingAbstractor"/>
  <testcase name="getUsageSummary" time="0.145" classname="testCases.api.TestBillingAbstractor"/>
  <testcase name="testGetOneOffCharges" time="0.145" classname="testCases.api.TestBillingAbstractor"/>
  <testcase name="getUsageSummary" time="0.159" classname="testCases.api.TestBillingAbstractor"/>
  <testcase name="getUsageSummary" time="0.176" classname="testCases.api.TestBillingAbstractor"/>
  <testcase name="getUsage" time="0.256" classname="testCases.api.TestBillingAbstractor"/>
  <testcase name="getUsageSummary" time="0.145" classname="testCases.api.TestBillingAbstractor"/>
  <testcase name="getUsage" time="0.292" classname="testCases.api.TestBillingAbstractor"/>
  <testcase name="testGetOneOffCharges" time="0.163" classname="testCases.api.TestBillingAbstractor"/>
  <testcase name="getUsageSummary" time="0.154" classname="testCases.api.TestBillingAbstractor"/>
  <testcase name="getUsage" time="0.278" classname="testCases.api.TestBillingAbstractor"/>
  <testcase name="getUsage" time="0.074" classname="testCases.api.TestBillingAbstractor">
    <failure type="java.lang.AssertionError" message="expected [200] but found [407]">
      <![CDATA[java.lang.AssertionError: expected [200] but found [407]
at org.testng.Assert.fail(Assert.java:97)
at org.testng.Assert.assertEqualsImpl(Assert.java:136)
at org.testng.Assert.assertEquals(Assert.java:118)
at org.testng.Assert.assertEquals(Assert.java:839)
at org.testng.Assert.assertEquals(Assert.java:849)
at testCases.api.TestBillingAbstractor.getUsage(TestBillingAbstractor.java:44)
at sun.reflect.GeneratedMethodAccessor150.invoke(Unknown Source)
at sun.reflect.DelegatingMethodAccessorImpl.invoke(Unknown Source)
at java.lang.reflect.Method.invoke(Unknown Source)
at org.testng.internal.MethodInvocationHelper.invokeMethod(MethodInvocationHelper.java:133)
at org.testng.internal.TestInvoker.invokeMethod(TestInvoker.java:584)
at org.testng.internal.TestInvoker.invokeTestMethod(TestInvoker.java:172)
at org.testng.internal.MethodRunner.runInSequence(MethodRunner.java:46)
at org.testng.internal.TestInvoker$MethodInvocationAgent.invoke(TestInvoker.java:804)
at org.testng.internal.TestInvoker.invokeTestMethods(TestInvoker.java:145)
at org.testng.internal.TestMethodWorker.invokeTestMethods(TestMethodWorker.java:146)
at org.testng.internal.TestMethodWorker.run(TestMethodWorker.java:128)
at java.util.ArrayList.forEach(Unknown Source)
at org.testng.TestRunner.privateRun(TestRunner.java:770)
at org.testng.TestRunner.run(TestRunner.java:591)
at org.testng.SuiteRunner.runTest(SuiteRunner.java:402)
at org.testng.SuiteRunner.runSequentially(SuiteRunner.java:396)
at org.testng.SuiteRunner.privateRun(SuiteRunner.java:355)
at org.testng.SuiteRunner.run(SuiteRunner.java:304)
at org.testng.SuiteRunnerWorker.runSuite(SuiteRunnerWorker.java:53)
at org.testng.SuiteRunnerWorker.run(SuiteRunnerWorker.java:96)
at org.testng.TestNG.runSuitesSequentially(TestNG.java:1180)
at org.testng.TestNG.runSuitesLocally(TestNG.java:1102)
at org.testng.TestNG.runSuites(TestNG.java:1032)
at org.testng.TestNG.run(TestNG.java:1000)
at org.testng.remote.AbstractRemoteTestNG.run(AbstractRemoteTestNG.java:115)
at org.testng.remote.RemoteTestNG.initAndRun(RemoteTestNG.java:251)
at org.testng.remote.RemoteTestNG.main(RemoteTestNG.java:77)
]]>
    </failure>
  </testcase> <!-- getUsage -->
  <testcase name="getUsageSummary" time="0.154" classname="testCases.api.TestBillingAbstractor"/>
  <testcase name="getUsage" time="0.272" classname="testCases.api.TestBillingAbstractor"/>
  <testcase name="getUsageSummary" time="0.118" classname="testCases.api.TestBillingAbstractor"/>
  <testcase name="getUsage" time="0.277" classname="testCases.api.TestBillingAbstractor"/>
  <testcase name="getUsageSummary" time="0.145" classname="testCases.api.TestBillingAbstractor"/>
  <testcase name="testGetOneOffCharges" time="0.138" classname="testCases.api.TestBillingAbstractor">
    <failure type="java.lang.AssertionError" message="expected [200] but found [404]">
      <![CDATA[java.lang.AssertionError: expected [200] but found [404]
at org.testng.Assert.fail(Assert.java:97)
at org.testng.Assert.assertEqualsImpl(Assert.java:136)
at org.testng.Assert.assertEquals(Assert.java:118)
at org.testng.Assert.assertEquals(Assert.java:839)
at org.testng.Assert.assertEquals(Assert.java:849)
at testCases.api.TestBillingAbstractor.testGetOneOffCharges(TestBillingAbstractor.java:34)
at sun.reflect.GeneratedMethodAccessor65.invoke(Unknown Source)
at sun.reflect.DelegatingMethodAccessorImpl.invoke(Unknown Source)
at java.lang.reflect.Method.invoke(Unknown Source)
at org.testng.internal.MethodInvocationHelper.invokeMethod(MethodInvocationHelper.java:133)
at org.testng.internal.TestInvoker.invokeMethod(TestInvoker.java:584)
at org.testng.internal.TestInvoker.invokeTestMethod(TestInvoker.java:172)
at org.testng.internal.MethodRunner.runInSequence(MethodRunner.java:46)
at org.testng.internal.TestInvoker$MethodInvocationAgent.invoke(TestInvoker.java:804)
at org.testng.internal.TestInvoker.invokeTestMethods(TestInvoker.java:145)
at org.testng.internal.TestMethodWorker.invokeTestMethods(TestMethodWorker.java:146)
at org.testng.internal.TestMethodWorker.run(TestMethodWorker.java:128)
at java.util.ArrayList.forEach(Unknown Source)
at org.testng.TestRunner.privateRun(TestRunner.java:770)
at org.testng.TestRunner.run(TestRunner.java:591)
at org.testng.SuiteRunner.runTest(SuiteRunner.java:402)
at org.testng.SuiteRunner.runSequentially(SuiteRunner.java:396)
at org.testng.SuiteRunner.privateRun(SuiteRunner.java:355)
at org.testng.SuiteRunner.run(SuiteRunner.java:304)
at org.testng.SuiteRunnerWorker.runSuite(SuiteRunnerWorker.java:53)
at org.testng.SuiteRunnerWorker.run(SuiteRunnerWorker.java:96)
at org.testng.TestNG.runSuitesSequentially(TestNG.java:1180)
at org.testng.TestNG.runSuitesLocally(TestNG.java:1102)
at org.testng.TestNG.runSuites(TestNG.java:1032)
at org.testng.TestNG.run(TestNG.java:1000)
at org.testng.remote.AbstractRemoteTestNG.run(AbstractRemoteTestNG.java:115)
at org.testng.remote.RemoteTestNG.initAndRun(RemoteTestNG.java:251)
at org.testng.remote.RemoteTestNG.main(RemoteTestNG.java:77)
]]>
    </failure>
  </testcase> <!-- testGetOneOffCharges -->
  <testcase name="testGetOneOffCharges" time="0.180" classname="testCases.api.TestBillingAbstractor"/>
  <testcase name="getUsage" time="0.262" classname="testCases.api.TestBillingAbstractor"/>
  <testcase name="getUsageSummary" time="0.178" classname="testCases.api.TestBillingAbstractor"/>
  <testcase name="testGetOneOffCharges" time="0.149" classname="testCases.api.TestBillingAbstractor"/>
  <testcase name="getUsage" time="0.334" classname="testCases.api.TestBillingAbstractor"/>
  <testcase name="getUsageSummary" time="0.153" classname="testCases.api.TestBillingAbstractor"/>
  <testcase name="getUsageSummary" time="0.150" classname="testCases.api.TestBillingAbstractor"/>
  <testcase name="getUsage" time="0.045" classname="testCases.api.TestBillingAbstractor">
    <failure type="java.lang.AssertionError" message="expected [200] but found [407]">
      <![CDATA[java.lang.AssertionError: expected [200] but found [407]
at org.testng.Assert.fail(Assert.java:97)
at org.testng.Assert.assertEqualsImpl(Assert.java:136)
at org.testng.Assert.assertEquals(Assert.java:118)
at org.testng.Assert.assertEquals(Assert.java:839)
at org.testng.Assert.assertEquals(Assert.java:849)
at testCases.api.TestBillingAbstractor.getUsage(TestBillingAbstractor.java:44)
at sun.reflect.GeneratedMethodAccessor150.invoke(Unknown Source)
at sun.reflect.DelegatingMethodAccessorImpl.invoke(Unknown Source)
at java.lang.reflect.Method.invoke(Unknown Source)
at org.testng.internal.MethodInvocationHelper.invokeMethod(MethodInvocationHelper.java:133)
at org.testng.internal.TestInvoker.invokeMethod(TestInvoker.java:584)
at org.testng.internal.TestInvoker.invokeTestMethod(TestInvoker.java:172)
at org.testng.internal.MethodRunner.runInSequence(MethodRunner.java:46)
at org.testng.internal.TestInvoker$MethodInvocationAgent.invoke(TestInvoker.java:804)
at org.testng.internal.TestInvoker.invokeTestMethods(TestInvoker.java:145)
at org.testng.internal.TestMethodWorker.invokeTestMethods(TestMethodWorker.java:146)
at org.testng.internal.TestMethodWorker.run(TestMethodWorker.java:128)
at java.util.ArrayList.forEach(Unknown Source)
at org.testng.TestRunner.privateRun(TestRunner.java:770)
at org.testng.TestRunner.run(TestRunner.java:591)
at org.testng.SuiteRunner.runTest(SuiteRunner.java:402)
at org.testng.SuiteRunner.runSequentially(SuiteRunner.java:396)
at org.testng.SuiteRunner.privateRun(SuiteRunner.java:355)
at org.testng.SuiteRunner.run(SuiteRunner.java:304)
at org.testng.SuiteRunnerWorker.runSuite(SuiteRunnerWorker.java:53)
at org.testng.SuiteRunnerWorker.run(SuiteRunnerWorker.java:96)
at org.testng.TestNG.runSuitesSequentially(TestNG.java:1180)
at org.testng.TestNG.runSuitesLocally(TestNG.java:1102)
at org.testng.TestNG.runSuites(TestNG.java:1032)
at org.testng.TestNG.run(TestNG.java:1000)
at org.testng.remote.AbstractRemoteTestNG.run(AbstractRemoteTestNG.java:115)
at org.testng.remote.RemoteTestNG.initAndRun(RemoteTestNG.java:251)
at org.testng.remote.RemoteTestNG.main(RemoteTestNG.java:77)
]]>
    </failure>
  </testcase> <!-- getUsage -->
  <testcase name="getUsage" time="0.636" classname="testCases.api.TestBillingAbstractor"/>
  <testcase name="testGetOneOffCharges" time="0.174" classname="testCases.api.TestBillingAbstractor"/>
  <testcase name="testGetOneOffCharges" time="0.138" classname="testCases.api.TestBillingAbstractor">
    <failure type="java.lang.AssertionError" message="expected [200] but found [404]">
      <![CDATA[java.lang.AssertionError: expected [200] but found [404]
at org.testng.Assert.fail(Assert.java:97)
at org.testng.Assert.assertEqualsImpl(Assert.java:136)
at org.testng.Assert.assertEquals(Assert.java:118)
at org.testng.Assert.assertEquals(Assert.java:839)
at org.testng.Assert.assertEquals(Assert.java:849)
at testCases.api.TestBillingAbstractor.testGetOneOffCharges(TestBillingAbstractor.java:34)
at sun.reflect.GeneratedMethodAccessor65.invoke(Unknown Source)
at sun.reflect.DelegatingMethodAccessorImpl.invoke(Unknown Source)
at java.lang.reflect.Method.invoke(Unknown Source)
at org.testng.internal.MethodInvocationHelper.invokeMethod(MethodInvocationHelper.java:133)
at org.testng.internal.TestInvoker.invokeMethod(TestInvoker.java:584)
at org.testng.internal.TestInvoker.invokeTestMethod(TestInvoker.java:172)
at org.testng.internal.MethodRunner.runInSequence(MethodRunner.java:46)
at org.testng.internal.TestInvoker$MethodInvocationAgent.invoke(TestInvoker.java:804)
at org.testng.internal.TestInvoker.invokeTestMethods(TestInvoker.java:145)
at org.testng.internal.TestMethodWorker.invokeTestMethods(TestMethodWorker.java:146)
at org.testng.internal.TestMethodWorker.run(TestMethodWorker.java:128)
at java.util.ArrayList.forEach(Unknown Source)
at org.testng.TestRunner.privateRun(TestRunner.java:770)
at org.testng.TestRunner.run(TestRunner.java:591)
at org.testng.SuiteRunner.runTest(SuiteRunner.java:402)
at org.testng.SuiteRunner.runSequentially(SuiteRunner.java:396)
at org.testng.SuiteRunner.privateRun(SuiteRunner.java:355)
at org.testng.SuiteRunner.run(SuiteRunner.java:304)
at org.testng.SuiteRunnerWorker.runSuite(SuiteRunnerWorker.java:53)
at org.testng.SuiteRunnerWorker.run(SuiteRunnerWorker.java:96)
at org.testng.TestNG.runSuitesSequentially(TestNG.java:1180)
at org.testng.TestNG.runSuitesLocally(TestNG.java:1102)
at org.testng.TestNG.runSuites(TestNG.java:1032)
at org.testng.TestNG.run(TestNG.java:1000)
at org.testng.remote.AbstractRemoteTestNG.run(AbstractRemoteTestNG.java:115)
at org.testng.remote.RemoteTestNG.initAndRun(RemoteTestNG.java:251)
at org.testng.remote.RemoteTestNG.main(RemoteTestNG.java:77)
]]>
    </failure>
  </testcase> <!-- testGetOneOffCharges -->
  <testcase name="getUsageSummary" time="0.191" classname="testCases.api.TestBillingAbstractor"/>
  <testcase name="getUsageSummary" time="0.182" classname="testCases.api.TestBillingAbstractor"/>
  <testcase name="getUsage" time="0.250" classname="testCases.api.TestBillingAbstractor"/>
  <testcase name="getUsageSummary" time="0.186" classname="testCases.api.TestBillingAbstractor"/>
  <testcase name="getUsageSummary" time="0.159" classname="testCases.api.TestBillingAbstractor"/>
  <testcase name="getUsageSummary" time="0.200" classname="testCases.api.TestBillingAbstractor"/>
  <testcase name="getUsageSummary" time="0.138" classname="testCases.api.TestBillingAbstractor"/>
  <testcase name="getUsage" time="0.298" classname="testCases.api.TestBillingAbstractor"/>
  <testcase name="getUsageSummary" time="0.131" classname="testCases.api.TestBillingAbstractor"/>
  <testcase name="getUsage" time="0.461" classname="testCases.api.TestBillingAbstractor"/>
  <testcase name="getUsageSummary" time="0.174" classname="testCases.api.TestBillingAbstractor"/>
  <testcase name="getUsage" time="0.511" classname="testCases.api.TestBillingAbstractor"/>
  <testcase name="getUsageSummary" time="0.138" classname="testCases.api.TestBillingAbstractor"/>
  <testcase name="testGetOneOffCharges" time="0.142" classname="testCases.api.TestBillingAbstractor">
    <failure type="java.lang.AssertionError" message="expected [200] but found [404]">
      <![CDATA[java.lang.AssertionError: expected [200] but found [404]
at org.testng.Assert.fail(Assert.java:97)
at org.testng.Assert.assertEqualsImpl(Assert.java:136)
at org.testng.Assert.assertEquals(Assert.java:118)
at org.testng.Assert.assertEquals(Assert.java:839)
at org.testng.Assert.assertEquals(Assert.java:849)
at testCases.api.TestBillingAbstractor.testGetOneOffCharges(TestBillingAbstractor.java:34)
at sun.reflect.GeneratedMethodAccessor65.invoke(Unknown Source)
at sun.reflect.DelegatingMethodAccessorImpl.invoke(Unknown Source)
at java.lang.reflect.Method.invoke(Unknown Source)
at org.testng.internal.MethodInvocationHelper.invokeMethod(MethodInvocationHelper.java:133)
at org.testng.internal.TestInvoker.invokeMethod(TestInvoker.java:584)
at org.testng.internal.TestInvoker.invokeTestMethod(TestInvoker.java:172)
at org.testng.internal.MethodRunner.runInSequence(MethodRunner.java:46)
at org.testng.internal.TestInvoker$MethodInvocationAgent.invoke(TestInvoker.java:804)
at org.testng.internal.TestInvoker.invokeTestMethods(TestInvoker.java:145)
at org.testng.internal.TestMethodWorker.invokeTestMethods(TestMethodWorker.java:146)
at org.testng.internal.TestMethodWorker.run(TestMethodWorker.java:128)
at java.util.ArrayList.forEach(Unknown Source)
at org.testng.TestRunner.privateRun(TestRunner.java:770)
at org.testng.TestRunner.run(TestRunner.java:591)
at org.testng.SuiteRunner.runTest(SuiteRunner.java:402)
at org.testng.SuiteRunner.runSequentially(SuiteRunner.java:396)
at org.testng.SuiteRunner.privateRun(SuiteRunner.java:355)
at org.testng.SuiteRunner.run(SuiteRunner.java:304)
at org.testng.SuiteRunnerWorker.runSuite(SuiteRunnerWorker.java:53)
at org.testng.SuiteRunnerWorker.run(SuiteRunnerWorker.java:96)
at org.testng.TestNG.runSuitesSequentially(TestNG.java:1180)
at org.testng.TestNG.runSuitesLocally(TestNG.java:1102)
at org.testng.TestNG.runSuites(TestNG.java:1032)
at org.testng.TestNG.run(TestNG.java:1000)
at org.testng.remote.AbstractRemoteTestNG.run(AbstractRemoteTestNG.java:115)
at org.testng.remote.RemoteTestNG.initAndRun(RemoteTestNG.java:251)
at org.testng.remote.RemoteTestNG.main(RemoteTestNG.java:77)
]]>
    </failure>
  </testcase> <!-- testGetOneOffCharges -->
  <testcase name="getUsage" time="0.508" classname="testCases.api.TestBillingAbstractor"/>
  <testcase name="getUsage" time="0.258" classname="testCases.api.TestBillingAbstractor"/>
  <testcase name="getUsage" time="0.515" classname="testCases.api.TestBillingAbstractor"/>
  <testcase name="getUsageSummary" time="0.187" classname="testCases.api.TestBillingAbstractor"/>
  <testcase name="getUsage" time="0.485" classname="testCases.api.TestBillingAbstractor"/>
  <testcase name="getUsage" time="0.509" classname="testCases.api.TestBillingAbstractor"/>
  <testcase name="getUsageSummary" time="0.514" classname="testCases.api.TestBillingAbstractor"/>
  <testcase name="getUsage" time="0.509" classname="testCases.api.TestBillingAbstractor"/>
  <testcase name="getUsageSummary" time="0.126" classname="testCases.api.TestBillingAbstractor"/>
  <testcase name="testGetOneOffCharges" time="0.160" classname="testCases.api.TestBillingAbstractor"/>
  <testcase name="getUsageSummary" time="0.178" classname="testCases.api.TestBillingAbstractor"/>
  <testcase name="getUsageSummary" time="0.226" classname="testCases.api.TestBillingAbstractor"/>
  <testcase name="getUsageSummary" time="0.293" classname="testCases.api.TestBillingAbstractor"/>
  <testcase name="getUsage" time="0.240" classname="testCases.api.TestBillingAbstractor"/>
  <testcase name="getUsageSummary" time="0.130" classname="testCases.api.TestBillingAbstractor"/>
  <testcase name="testGetOneOffCharges" time="0.264" classname="testCases.api.TestBillingAbstractor"/>
  <testcase name="getUsageSummary" time="0.122" classname="testCases.api.TestBillingAbstractor"/>
  <testcase name="getUsageSummary" time="0.174" classname="testCases.api.TestBillingAbstractor"/>
  <testcase name="getUsage" time="0.232" classname="testCases.api.TestBillingAbstractor"/>
  <testcase name="testGetOneOffCharges" time="0.161" classname="testCases.api.TestBillingAbstractor"/>
  <testcase name="getUsage" time="0.243" classname="testCases.api.TestBillingAbstractor"/>
  <testcase name="getUsage" time="0.603" classname="testCases.api.TestBillingAbstractor"/>
  <testcase name="getUsage" time="0.560" classname="testCases.api.TestBillingAbstractor"/>
  <testcase name="getUsageSummary" time="0.140" classname="testCases.api.TestBillingAbstractor"/>
  <testcase name="getUsage" time="0.045" classname="testCases.api.TestBillingAbstractor">
    <failure type="java.lang.AssertionError" message="expected [200] but found [407]">
      <![CDATA[java.lang.AssertionError: expected [200] but found [407]
at org.testng.Assert.fail(Assert.java:97)
at org.testng.Assert.assertEqualsImpl(Assert.java:136)
at org.testng.Assert.assertEquals(Assert.java:118)
at org.testng.Assert.assertEquals(Assert.java:839)
at org.testng.Assert.assertEquals(Assert.java:849)
at testCases.api.TestBillingAbstractor.getUsage(TestBillingAbstractor.java:44)
at sun.reflect.GeneratedMethodAccessor150.invoke(Unknown Source)
at sun.reflect.DelegatingMethodAccessorImpl.invoke(Unknown Source)
at java.lang.reflect.Method.invoke(Unknown Source)
at org.testng.internal.MethodInvocationHelper.invokeMethod(MethodInvocationHelper.java:133)
at org.testng.internal.TestInvoker.invokeMethod(TestInvoker.java:584)
at org.testng.internal.TestInvoker.invokeTestMethod(TestInvoker.java:172)
at org.testng.internal.MethodRunner.runInSequence(MethodRunner.java:46)
at org.testng.internal.TestInvoker$MethodInvocationAgent.invoke(TestInvoker.java:804)
at org.testng.internal.TestInvoker.invokeTestMethods(TestInvoker.java:145)
at org.testng.internal.TestMethodWorker.invokeTestMethods(TestMethodWorker.java:146)
at org.testng.internal.TestMethodWorker.run(TestMethodWorker.java:128)
at java.util.ArrayList.forEach(Unknown Source)
at org.testng.TestRunner.privateRun(TestRunner.java:770)
at org.testng.TestRunner.run(TestRunner.java:591)
at org.testng.SuiteRunner.runTest(SuiteRunner.java:402)
at org.testng.SuiteRunner.runSequentially(SuiteRunner.java:396)
at org.testng.SuiteRunner.privateRun(SuiteRunner.java:355)
at org.testng.SuiteRunner.run(SuiteRunner.java:304)
at org.testng.SuiteRunnerWorker.runSuite(SuiteRunnerWorker.java:53)
at org.testng.SuiteRunnerWorker.run(SuiteRunnerWorker.java:96)
at org.testng.TestNG.runSuitesSequentially(TestNG.java:1180)
at org.testng.TestNG.runSuitesLocally(TestNG.java:1102)
at org.testng.TestNG.runSuites(TestNG.java:1032)
at org.testng.TestNG.run(TestNG.java:1000)
at org.testng.remote.AbstractRemoteTestNG.run(AbstractRemoteTestNG.java:115)
at org.testng.remote.RemoteTestNG.initAndRun(RemoteTestNG.java:251)
at org.testng.remote.RemoteTestNG.main(RemoteTestNG.java:77)
]]>
    </failure>
  </testcase> <!-- getUsage -->
  <testcase name="getUsage" time="0.044" classname="testCases.api.TestBillingAbstractor">
    <failure type="java.lang.AssertionError" message="expected [200] but found [407]">
      <![CDATA[java.lang.AssertionError: expected [200] but found [407]
at org.testng.Assert.fail(Assert.java:97)
at org.testng.Assert.assertEqualsImpl(Assert.java:136)
at org.testng.Assert.assertEquals(Assert.java:118)
at org.testng.Assert.assertEquals(Assert.java:839)
at org.testng.Assert.assertEquals(Assert.java:849)
at testCases.api.TestBillingAbstractor.getUsage(TestBillingAbstractor.java:44)
at sun.reflect.GeneratedMethodAccessor150.invoke(Unknown Source)
at sun.reflect.DelegatingMethodAccessorImpl.invoke(Unknown Source)
at java.lang.reflect.Method.invoke(Unknown Source)
at org.testng.internal.MethodInvocationHelper.invokeMethod(MethodInvocationHelper.java:133)
at org.testng.internal.TestInvoker.invokeMethod(TestInvoker.java:584)
at org.testng.internal.TestInvoker.invokeTestMethod(TestInvoker.java:172)
at org.testng.internal.MethodRunner.runInSequence(MethodRunner.java:46)
at org.testng.internal.TestInvoker$MethodInvocationAgent.invoke(TestInvoker.java:804)
at org.testng.internal.TestInvoker.invokeTestMethods(TestInvoker.java:145)
at org.testng.internal.TestMethodWorker.invokeTestMethods(TestMethodWorker.java:146)
at org.testng.internal.TestMethodWorker.run(TestMethodWorker.java:128)
at java.util.ArrayList.forEach(Unknown Source)
at org.testng.TestRunner.privateRun(TestRunner.java:770)
at org.testng.TestRunner.run(TestRunner.java:591)
at org.testng.SuiteRunner.runTest(SuiteRunner.java:402)
at org.testng.SuiteRunner.runSequentially(SuiteRunner.java:396)
at org.testng.SuiteRunner.privateRun(SuiteRunner.java:355)
at org.testng.SuiteRunner.run(SuiteRunner.java:304)
at org.testng.SuiteRunnerWorker.runSuite(SuiteRunnerWorker.java:53)
at org.testng.SuiteRunnerWorker.run(SuiteRunnerWorker.java:96)
at org.testng.TestNG.runSuitesSequentially(TestNG.java:1180)
at org.testng.TestNG.runSuitesLocally(TestNG.java:1102)
at org.testng.TestNG.runSuites(TestNG.java:1032)
at org.testng.TestNG.run(TestNG.java:1000)
at org.testng.remote.AbstractRemoteTestNG.run(AbstractRemoteTestNG.java:115)
at org.testng.remote.RemoteTestNG.initAndRun(RemoteTestNG.java:251)
at org.testng.remote.RemoteTestNG.main(RemoteTestNG.java:77)
]]>
    </failure>
  </testcase> <!-- getUsage -->
  <testcase name="testGetOneOffCharges" time="0.148" classname="testCases.api.TestBillingAbstractor"/>
  <testcase name="getUsageSummary" time="0.165" classname="testCases.api.TestBillingAbstractor"/>
  <testcase name="getUsageSummary" time="0.119" classname="testCases.api.TestBillingAbstractor"/>
  <testcase name="testGetOneOffCharges" time="0.212" classname="testCases.api.TestBillingAbstractor"/>
  <testcase name="getUsage" time="0.261" classname="testCases.api.TestBillingAbstractor"/>
  <testcase name="getUsageSummary" time="0.132" classname="testCases.api.TestBillingAbstractor"/>
  <testcase name="getUsageSummary" time="0.165" classname="testCases.api.TestBillingAbstractor"/>
  <testcase name="getUsage" time="0.041" classname="testCases.api.TestBillingAbstractor">
    <failure type="java.lang.AssertionError" message="expected [200] but found [407]">
      <![CDATA[java.lang.AssertionError: expected [200] but found [407]
at org.testng.Assert.fail(Assert.java:97)
at org.testng.Assert.assertEqualsImpl(Assert.java:136)
at org.testng.Assert.assertEquals(Assert.java:118)
at org.testng.Assert.assertEquals(Assert.java:839)
at org.testng.Assert.assertEquals(Assert.java:849)
at testCases.api.TestBillingAbstractor.getUsage(TestBillingAbstractor.java:44)
at sun.reflect.GeneratedMethodAccessor150.invoke(Unknown Source)
at sun.reflect.DelegatingMethodAccessorImpl.invoke(Unknown Source)
at java.lang.reflect.Method.invoke(Unknown Source)
at org.testng.internal.MethodInvocationHelper.invokeMethod(MethodInvocationHelper.java:133)
at org.testng.internal.TestInvoker.invokeMethod(TestInvoker.java:584)
at org.testng.internal.TestInvoker.invokeTestMethod(TestInvoker.java:172)
at org.testng.internal.MethodRunner.runInSequence(MethodRunner.java:46)
at org.testng.internal.TestInvoker$MethodInvocationAgent.invoke(TestInvoker.java:804)
at org.testng.internal.TestInvoker.invokeTestMethods(TestInvoker.java:145)
at org.testng.internal.TestMethodWorker.invokeTestMethods(TestMethodWorker.java:146)
at org.testng.internal.TestMethodWorker.run(TestMethodWorker.java:128)
at java.util.ArrayList.forEach(Unknown Source)
at org.testng.TestRunner.privateRun(TestRunner.java:770)
at org.testng.TestRunner.run(TestRunner.java:591)
at org.testng.SuiteRunner.runTest(SuiteRunner.java:402)
at org.testng.SuiteRunner.runSequentially(SuiteRunner.java:396)
at org.testng.SuiteRunner.privateRun(SuiteRunner.java:355)
at org.testng.SuiteRunner.run(SuiteRunner.java:304)
at org.testng.SuiteRunnerWorker.runSuite(SuiteRunnerWorker.java:53)
at org.testng.SuiteRunnerWorker.run(SuiteRunnerWorker.java:96)
at org.testng.TestNG.runSuitesSequentially(TestNG.java:1180)
at org.testng.TestNG.runSuitesLocally(TestNG.java:1102)
at org.testng.TestNG.runSuites(TestNG.java:1032)
at org.testng.TestNG.run(TestNG.java:1000)
at org.testng.remote.AbstractRemoteTestNG.run(AbstractRemoteTestNG.java:115)
at org.testng.remote.RemoteTestNG.initAndRun(RemoteTestNG.java:251)
at org.testng.remote.RemoteTestNG.main(RemoteTestNG.java:77)
]]>
    </failure>
  </testcase> <!-- getUsage -->
  <testcase name="getUsage" time="0.480" classname="testCases.api.TestBillingAbstractor"/>
  <testcase name="getUsage" time="0.043" classname="testCases.api.TestBillingAbstractor">
    <failure type="java.lang.AssertionError" message="expected [200] but found [407]">
      <![CDATA[java.lang.AssertionError: expected [200] but found [407]
at org.testng.Assert.fail(Assert.java:97)
at org.testng.Assert.assertEqualsImpl(Assert.java:136)
at org.testng.Assert.assertEquals(Assert.java:118)
at org.testng.Assert.assertEquals(Assert.java:839)
at org.testng.Assert.assertEquals(Assert.java:849)
at testCases.api.TestBillingAbstractor.getUsage(TestBillingAbstractor.java:44)
at sun.reflect.GeneratedMethodAccessor150.invoke(Unknown Source)
at sun.reflect.DelegatingMethodAccessorImpl.invoke(Unknown Source)
at java.lang.reflect.Method.invoke(Unknown Source)
at org.testng.internal.MethodInvocationHelper.invokeMethod(MethodInvocationHelper.java:133)
at org.testng.internal.TestInvoker.invokeMethod(TestInvoker.java:584)
at org.testng.internal.TestInvoker.invokeTestMethod(TestInvoker.java:172)
at org.testng.internal.MethodRunner.runInSequence(MethodRunner.java:46)
at org.testng.internal.TestInvoker$MethodInvocationAgent.invoke(TestInvoker.java:804)
at org.testng.internal.TestInvoker.invokeTestMethods(TestInvoker.java:145)
at org.testng.internal.TestMethodWorker.invokeTestMethods(TestMethodWorker.java:146)
at org.testng.internal.TestMethodWorker.run(TestMethodWorker.java:128)
at java.util.ArrayList.forEach(Unknown Source)
at org.testng.TestRunner.privateRun(TestRunner.java:770)
at org.testng.TestRunner.run(TestRunner.java:591)
at org.testng.SuiteRunner.runTest(SuiteRunner.java:402)
at org.testng.SuiteRunner.runSequentially(SuiteRunner.java:396)
at org.testng.SuiteRunner.privateRun(SuiteRunner.java:355)
at org.testng.SuiteRunner.run(SuiteRunner.java:304)
at org.testng.SuiteRunnerWorker.runSuite(SuiteRunnerWorker.java:53)
at org.testng.SuiteRunnerWorker.run(SuiteRunnerWorker.java:96)
at org.testng.TestNG.runSuitesSequentially(TestNG.java:1180)
at org.testng.TestNG.runSuitesLocally(TestNG.java:1102)
at org.testng.TestNG.runSuites(TestNG.java:1032)
at org.testng.TestNG.run(TestNG.java:1000)
at org.testng.remote.AbstractRemoteTestNG.run(AbstractRemoteTestNG.java:115)
at org.testng.remote.RemoteTestNG.initAndRun(RemoteTestNG.java:251)
at org.testng.remote.RemoteTestNG.main(RemoteTestNG.java:77)
]]>
    </failure>
  </testcase> <!-- getUsage -->
  <testcase name="getUsageSummary" time="0.163" classname="testCases.api.TestBillingAbstractor"/>
  <testcase name="getUsage" time="0.498" classname="testCases.api.TestBillingAbstractor"/>
  <testcase name="getUsageSummary" time="0.137" classname="testCases.api.TestBillingAbstractor"/>
  <testcase name="getUsage" time="0.481" classname="testCases.api.TestBillingAbstractor"/>
  <testcase name="getUsage" time="0.247" classname="testCases.api.TestBillingAbstractor"/>
  <testcase name="getUsage" time="0.853" classname="testCases.api.TestBillingAbstractor"/>
  <testcase name="testGetOneOffCharges" time="0.232" classname="testCases.api.TestBillingAbstractor"/>
  <testcase name="getUsage" time="0.439" classname="testCases.api.TestBillingAbstractor"/>
  <testcase name="testGetOneOffCharges" time="0.186" classname="testCases.api.TestBillingAbstractor"/>
  <testcase name="getUsageSummary" time="0.180" classname="testCases.api.TestBillingAbstractor"/>
  <testcase name="getUsageSummary" time="0.133" classname="testCases.api.TestBillingAbstractor"/>
  <testcase name="getUsageSummary" time="0.138" classname="testCases.api.TestBillingAbstractor"/>
  <testcase name="getUsage" time="0.274" classname="testCases.api.TestBillingAbstractor"/>
  <testcase name="getUsage" time="0.653" classname="testCases.api.TestBillingAbstractor"/>
  <testcase name="getUsageSummary" time="0.125" classname="testCases.api.TestBillingAbstractor"/>
  <testcase name="getUsageSummary" time="0.131" classname="testCases.api.TestBillingAbstractor"/>
  <testcase name="getUsage" time="0.263" classname="testCases.api.TestBillingAbstractor"/>
  <testcase name="getUsage" time="0.271" classname="testCases.api.TestBillingAbstractor"/>
  <testcase name="getUsageSummary" time="0.171" classname="testCases.api.TestBillingAbstractor"/>
  <testcase name="getUsage" time="0.588" classname="testCases.api.TestBillingAbstractor"/>
  <testcase name="testGetOneOffCharges" time="0.191" classname="testCases.api.TestBillingAbstractor"/>
  <testcase name="testGetOneOffCharges" time="0.173" classname="testCases.api.TestBillingAbstractor"/>
  <testcase name="getUsage" time="0.038" classname="testCases.api.TestBillingAbstractor">
    <failure type="java.lang.AssertionError" message="expected [200] but found [407]">
      <![CDATA[java.lang.AssertionError: expected [200] but found [407]
at org.testng.Assert.fail(Assert.java:97)
at org.testng.Assert.assertEqualsImpl(Assert.java:136)
at org.testng.Assert.assertEquals(Assert.java:118)
at org.testng.Assert.assertEquals(Assert.java:839)
at org.testng.Assert.assertEquals(Assert.java:849)
at testCases.api.TestBillingAbstractor.getUsage(TestBillingAbstractor.java:44)
at sun.reflect.GeneratedMethodAccessor150.invoke(Unknown Source)
at sun.reflect.DelegatingMethodAccessorImpl.invoke(Unknown Source)
at java.lang.reflect.Method.invoke(Unknown Source)
at org.testng.internal.MethodInvocationHelper.invokeMethod(MethodInvocationHelper.java:133)
at org.testng.internal.TestInvoker.invokeMethod(TestInvoker.java:584)
at org.testng.internal.TestInvoker.invokeTestMethod(TestInvoker.java:172)
at org.testng.internal.MethodRunner.runInSequence(MethodRunner.java:46)
at org.testng.internal.TestInvoker$MethodInvocationAgent.invoke(TestInvoker.java:804)
at org.testng.internal.TestInvoker.invokeTestMethods(TestInvoker.java:145)
at org.testng.internal.TestMethodWorker.invokeTestMethods(TestMethodWorker.java:146)
at org.testng.internal.TestMethodWorker.run(TestMethodWorker.java:128)
at java.util.ArrayList.forEach(Unknown Source)
at org.testng.TestRunner.privateRun(TestRunner.java:770)
at org.testng.TestRunner.run(TestRunner.java:591)
at org.testng.SuiteRunner.runTest(SuiteRunner.java:402)
at org.testng.SuiteRunner.runSequentially(SuiteRunner.java:396)
at org.testng.SuiteRunner.privateRun(SuiteRunner.java:355)
at org.testng.SuiteRunner.run(SuiteRunner.java:304)
at org.testng.SuiteRunnerWorker.runSuite(SuiteRunnerWorker.java:53)
at org.testng.SuiteRunnerWorker.run(SuiteRunnerWorker.java:96)
at org.testng.TestNG.runSuitesSequentially(TestNG.java:1180)
at org.testng.TestNG.runSuitesLocally(TestNG.java:1102)
at org.testng.TestNG.runSuites(TestNG.java:1032)
at org.testng.TestNG.run(TestNG.java:1000)
at org.testng.remote.AbstractRemoteTestNG.run(AbstractRemoteTestNG.java:115)
at org.testng.remote.RemoteTestNG.initAndRun(RemoteTestNG.java:251)
at org.testng.remote.RemoteTestNG.main(RemoteTestNG.java:77)
]]>
    </failure>
  </testcase> <!-- getUsage -->
  <testcase name="getUsage" time="0.251" classname="testCases.api.TestBillingAbstractor"/>
  <testcase name="getUsage" time="0.477" classname="testCases.api.TestBillingAbstractor"/>
  <testcase name="getUsage" time="0.304" classname="testCases.api.TestBillingAbstractor"/>
  <testcase name="getUsage" time="0.452" classname="testCases.api.TestBillingAbstractor"/>
  <testcase name="testGetOneOffCharges" time="0.171" classname="testCases.api.TestBillingAbstractor"/>
  <testcase name="getUsage" time="0.254" classname="testCases.api.TestBillingAbstractor"/>
  <testcase name="getUsageSummary" time="0.186" classname="testCases.api.TestBillingAbstractor"/>
  <testcase name="testGetOneOffCharges" time="0.186" classname="testCases.api.TestBillingAbstractor"/>
  <testcase name="getUsage" time="0.503" classname="testCases.api.TestBillingAbstractor"/>
  <testcase name="getUsage" time="0.236" classname="testCases.api.TestBillingAbstractor"/>
  <testcase name="getUsageSummary" time="0.157" classname="testCases.api.TestBillingAbstractor"/>
  <testcase name="getUsage" time="0.251" classname="testCases.api.TestBillingAbstractor"/>
  <testcase name="getUsage" time="0.240" classname="testCases.api.TestBillingAbstractor"/>
  <testcase name="getUsageSummary" time="0.145" classname="testCases.api.TestBillingAbstractor"/>
  <testcase name="getUsage" time="0.054" classname="testCases.api.TestBillingAbstractor">
    <failure type="java.lang.AssertionError" message="expected [200] but found [407]">
      <![CDATA[java.lang.AssertionError: expected [200] but found [407]
at org.testng.Assert.fail(Assert.java:97)
at org.testng.Assert.assertEqualsImpl(Assert.java:136)
at org.testng.Assert.assertEquals(Assert.java:118)
at org.testng.Assert.assertEquals(Assert.java:839)
at org.testng.Assert.assertEquals(Assert.java:849)
at testCases.api.TestBillingAbstractor.getUsage(TestBillingAbstractor.java:44)
at sun.reflect.GeneratedMethodAccessor150.invoke(Unknown Source)
at sun.reflect.DelegatingMethodAccessorImpl.invoke(Unknown Source)
at java.lang.reflect.Method.invoke(Unknown Source)
at org.testng.internal.MethodInvocationHelper.invokeMethod(MethodInvocationHelper.java:133)
at org.testng.internal.TestInvoker.invokeMethod(TestInvoker.java:584)
at org.testng.internal.TestInvoker.invokeTestMethod(TestInvoker.java:172)
at org.testng.internal.MethodRunner.runInSequence(MethodRunner.java:46)
at org.testng.internal.TestInvoker$MethodInvocationAgent.invoke(TestInvoker.java:804)
at org.testng.internal.TestInvoker.invokeTestMethods(TestInvoker.java:145)
at org.testng.internal.TestMethodWorker.invokeTestMethods(TestMethodWorker.java:146)
at org.testng.internal.TestMethodWorker.run(TestMethodWorker.java:128)
at java.util.ArrayList.forEach(Unknown Source)
at org.testng.TestRunner.privateRun(TestRunner.java:770)
at org.testng.TestRunner.run(TestRunner.java:591)
at org.testng.SuiteRunner.runTest(SuiteRunner.java:402)
at org.testng.SuiteRunner.runSequentially(SuiteRunner.java:396)
at org.testng.SuiteRunner.privateRun(SuiteRunner.java:355)
at org.testng.SuiteRunner.run(SuiteRunner.java:304)
at org.testng.SuiteRunnerWorker.runSuite(SuiteRunnerWorker.java:53)
at org.testng.SuiteRunnerWorker.run(SuiteRunnerWorker.java:96)
at org.testng.TestNG.runSuitesSequentially(TestNG.java:1180)
at org.testng.TestNG.runSuitesLocally(TestNG.java:1102)
at org.testng.TestNG.runSuites(TestNG.java:1032)
at org.testng.TestNG.run(TestNG.java:1000)
at org.testng.remote.AbstractRemoteTestNG.run(AbstractRemoteTestNG.java:115)
at org.testng.remote.RemoteTestNG.initAndRun(RemoteTestNG.java:251)
at org.testng.remote.RemoteTestNG.main(RemoteTestNG.java:77)
]]>
    </failure>
  </testcase> <!-- getUsage -->
  <testcase name="getUsageSummary" time="0.157" classname="testCases.api.TestBillingAbstractor"/>
  <testcase name="getUsage" time="0.729" classname="testCases.api.TestBillingAbstractor"/>
  <testcase name="getUsageSummary" time="0.138" classname="testCases.api.TestBillingAbstractor"/>
  <testcase name="getUsageSummary" time="0.150" classname="testCases.api.TestBillingAbstractor"/>
  <testcase name="getUsageSummary" time="0.188" classname="testCases.api.TestBillingAbstractor"/>
  <testcase name="getUsageSummary" time="0.172" classname="testCases.api.TestBillingAbstractor"/>
  <testcase name="getUsageSummary" time="0.183" classname="testCases.api.TestBillingAbstractor"/>
  <testcase name="getUsageSummary" time="0.159" classname="testCases.api.TestBillingAbstractor"/>
  <testcase name="testGetOneOffCharges" time="0.163" classname="testCases.api.TestBillingAbstractor"/>
  <testcase name="getUsageSummary" time="0.164" classname="testCases.api.TestBillingAbstractor"/>
  <testcase name="getUsage" time="0.803" classname="testCases.api.TestBillingAbstractor"/>
  <testcase name="getUsageSummary" time="0.198" classname="testCases.api.TestBillingAbstractor"/>
  <testcase name="getUsageSummary" time="0.182" classname="testCases.api.TestBillingAbstractor"/>
  <testcase name="getUsage" time="0.242" classname="testCases.api.TestBillingAbstractor"/>
  <testcase name="testGetOneOffCharges" time="0.176" classname="testCases.api.TestBillingAbstractor"/>
  <testcase name="testGetOneOffCharges" time="0.166" classname="testCases.api.TestBillingAbstractor"/>
  <testcase name="getUsageSummary" time="0.174" classname="testCases.api.TestBillingAbstractor"/>
  <testcase name="getUsage" time="0.281" classname="testCases.api.TestBillingAbstractor"/>
  <testcase name="getUsageSummary" time="0.139" classname="testCases.api.TestBillingAbstractor"/>
  <testcase name="testGetOneOffCharges" time="0.175" classname="testCases.api.TestBillingAbstractor"/>
  <testcase name="getUsageSummary" time="0.529" classname="testCases.api.TestBillingAbstractor"/>
  <testcase name="testGetOneOffCharges" time="0.171" classname="testCases.api.TestBillingAbstractor"/>
  <testcase name="getUsageSummary" time="0.131" classname="testCases.api.TestBillingAbstractor"/>
  <testcase name="testGetOneOffCharges" time="0.167" classname="testCases.api.TestBillingAbstractor"/>
  <testcase name="getUsageSummary" time="0.148" classname="testCases.api.TestBillingAbstractor"/>
  <testcase name="getUsageSummary" time="0.138" classname="testCases.api.TestBillingAbstractor"/>
  <testcase name="getUsage" time="0.492" classname="testCases.api.TestBillingAbstractor"/>
  <testcase name="getUsage" time="0.264" classname="testCases.api.TestBillingAbstractor"/>
  <testcase name="getUsageSummary" time="0.176" classname="testCases.api.TestBillingAbstractor"/>
  <testcase name="getUsage" time="0.058" classname="testCases.api.TestBillingAbstractor">
    <failure type="java.lang.AssertionError" message="expected [200] but found [407]">
      <![CDATA[java.lang.AssertionError: expected [200] but found [407]
at org.testng.Assert.fail(Assert.java:97)
at org.testng.Assert.assertEqualsImpl(Assert.java:136)
at org.testng.Assert.assertEquals(Assert.java:118)
at org.testng.Assert.assertEquals(Assert.java:839)
at org.testng.Assert.assertEquals(Assert.java:849)
at testCases.api.TestBillingAbstractor.getUsage(TestBillingAbstractor.java:44)
at sun.reflect.GeneratedMethodAccessor150.invoke(Unknown Source)
at sun.reflect.DelegatingMethodAccessorImpl.invoke(Unknown Source)
at java.lang.reflect.Method.invoke(Unknown Source)
at org.testng.internal.MethodInvocationHelper.invokeMethod(MethodInvocationHelper.java:133)
at org.testng.internal.TestInvoker.invokeMethod(TestInvoker.java:584)
at org.testng.internal.TestInvoker.invokeTestMethod(TestInvoker.java:172)
at org.testng.internal.MethodRunner.runInSequence(MethodRunner.java:46)
at org.testng.internal.TestInvoker$MethodInvocationAgent.invoke(TestInvoker.java:804)
at org.testng.internal.TestInvoker.invokeTestMethods(TestInvoker.java:145)
at org.testng.internal.TestMethodWorker.invokeTestMethods(TestMethodWorker.java:146)
at org.testng.internal.TestMethodWorker.run(TestMethodWorker.java:128)
at java.util.ArrayList.forEach(Unknown Source)
at org.testng.TestRunner.privateRun(TestRunner.java:770)
at org.testng.TestRunner.run(TestRunner.java:591)
at org.testng.SuiteRunner.runTest(SuiteRunner.java:402)
at org.testng.SuiteRunner.runSequentially(SuiteRunner.java:396)
at org.testng.SuiteRunner.privateRun(SuiteRunner.java:355)
at org.testng.SuiteRunner.run(SuiteRunner.java:304)
at org.testng.SuiteRunnerWorker.runSuite(SuiteRunnerWorker.java:53)
at org.testng.SuiteRunnerWorker.run(SuiteRunnerWorker.java:96)
at org.testng.TestNG.runSuitesSequentially(TestNG.java:1180)
at org.testng.TestNG.runSuitesLocally(TestNG.java:1102)
at org.testng.TestNG.runSuites(TestNG.java:1032)
at org.testng.TestNG.run(TestNG.java:1000)
at org.testng.remote.AbstractRemoteTestNG.run(AbstractRemoteTestNG.java:115)
at org.testng.remote.RemoteTestNG.initAndRun(RemoteTestNG.java:251)
at org.testng.remote.RemoteTestNG.main(RemoteTestNG.java:77)
]]>
    </failure>
  </testcase> <!-- getUsage -->
  <testcase name="getUsage" time="0.480" classname="testCases.api.TestBillingAbstractor"/>
  <testcase name="getUsage" time="0.053" classname="testCases.api.TestBillingAbstractor">
    <failure type="java.lang.AssertionError" message="expected [200] but found [407]">
      <![CDATA[java.lang.AssertionError: expected [200] but found [407]
at org.testng.Assert.fail(Assert.java:97)
at org.testng.Assert.assertEqualsImpl(Assert.java:136)
at org.testng.Assert.assertEquals(Assert.java:118)
at org.testng.Assert.assertEquals(Assert.java:839)
at org.testng.Assert.assertEquals(Assert.java:849)
at testCases.api.TestBillingAbstractor.getUsage(TestBillingAbstractor.java:44)
at sun.reflect.GeneratedMethodAccessor150.invoke(Unknown Source)
at sun.reflect.DelegatingMethodAccessorImpl.invoke(Unknown Source)
at java.lang.reflect.Method.invoke(Unknown Source)
at org.testng.internal.MethodInvocationHelper.invokeMethod(MethodInvocationHelper.java:133)
at org.testng.internal.TestInvoker.invokeMethod(TestInvoker.java:584)
at org.testng.internal.TestInvoker.invokeTestMethod(TestInvoker.java:172)
at org.testng.internal.MethodRunner.runInSequence(MethodRunner.java:46)
at org.testng.internal.TestInvoker$MethodInvocationAgent.invoke(TestInvoker.java:804)
at org.testng.internal.TestInvoker.invokeTestMethods(TestInvoker.java:145)
at org.testng.internal.TestMethodWorker.invokeTestMethods(TestMethodWorker.java:146)
at org.testng.internal.TestMethodWorker.run(TestMethodWorker.java:128)
at java.util.ArrayList.forEach(Unknown Source)
at org.testng.TestRunner.privateRun(TestRunner.java:770)
at org.testng.TestRunner.run(TestRunner.java:591)
at org.testng.SuiteRunner.runTest(SuiteRunner.java:402)
at org.testng.SuiteRunner.runSequentially(SuiteRunner.java:396)
at org.testng.SuiteRunner.privateRun(SuiteRunner.java:355)
at org.testng.SuiteRunner.run(SuiteRunner.java:304)
at org.testng.SuiteRunnerWorker.runSuite(SuiteRunnerWorker.java:53)
at org.testng.SuiteRunnerWorker.run(SuiteRunnerWorker.java:96)
at org.testng.TestNG.runSuitesSequentially(TestNG.java:1180)
at org.testng.TestNG.runSuitesLocally(TestNG.java:1102)
at org.testng.TestNG.runSuites(TestNG.java:1032)
at org.testng.TestNG.run(TestNG.java:1000)
at org.testng.remote.AbstractRemoteTestNG.run(AbstractRemoteTestNG.java:115)
at org.testng.remote.RemoteTestNG.initAndRun(RemoteTestNG.java:251)
at org.testng.remote.RemoteTestNG.main(RemoteTestNG.java:77)
]]>
    </failure>
  </testcase> <!-- getUsage -->
  <testcase name="getUsage" time="0.042" classname="testCases.api.TestBillingAbstractor">
    <failure type="java.lang.AssertionError" message="expected [200] but found [407]">
      <![CDATA[java.lang.AssertionError: expected [200] but found [407]
at org.testng.Assert.fail(Assert.java:97)
at org.testng.Assert.assertEqualsImpl(Assert.java:136)
at org.testng.Assert.assertEquals(Assert.java:118)
at org.testng.Assert.assertEquals(Assert.java:839)
at org.testng.Assert.assertEquals(Assert.java:849)
at testCases.api.TestBillingAbstractor.getUsage(TestBillingAbstractor.java:44)
at sun.reflect.GeneratedMethodAccessor150.invoke(Unknown Source)
at sun.reflect.DelegatingMethodAccessorImpl.invoke(Unknown Source)
at java.lang.reflect.Method.invoke(Unknown Source)
at org.testng.internal.MethodInvocationHelper.invokeMethod(MethodInvocationHelper.java:133)
at org.testng.internal.TestInvoker.invokeMethod(TestInvoker.java:584)
at org.testng.internal.TestInvoker.invokeTestMethod(TestInvoker.java:172)
at org.testng.internal.MethodRunner.runInSequence(MethodRunner.java:46)
at org.testng.internal.TestInvoker$MethodInvocationAgent.invoke(TestInvoker.java:804)
at org.testng.internal.TestInvoker.invokeTestMethods(TestInvoker.java:145)
at org.testng.internal.TestMethodWorker.invokeTestMethods(TestMethodWorker.java:146)
at org.testng.internal.TestMethodWorker.run(TestMethodWorker.java:128)
at java.util.ArrayList.forEach(Unknown Source)
at org.testng.TestRunner.privateRun(TestRunner.java:770)
at org.testng.TestRunner.run(TestRunner.java:591)
at org.testng.SuiteRunner.runTest(SuiteRunner.java:402)
at org.testng.SuiteRunner.runSequentially(SuiteRunner.java:396)
at org.testng.SuiteRunner.privateRun(SuiteRunner.java:355)
at org.testng.SuiteRunner.run(SuiteRunner.java:304)
at org.testng.SuiteRunnerWorker.runSuite(SuiteRunnerWorker.java:53)
at org.testng.SuiteRunnerWorker.run(SuiteRunnerWorker.java:96)
at org.testng.TestNG.runSuitesSequentially(TestNG.java:1180)
at org.testng.TestNG.runSuitesLocally(TestNG.java:1102)
at org.testng.TestNG.runSuites(TestNG.java:1032)
at org.testng.TestNG.run(TestNG.java:1000)
at org.testng.remote.AbstractRemoteTestNG.run(AbstractRemoteTestNG.java:115)
at org.testng.remote.RemoteTestNG.initAndRun(RemoteTestNG.java:251)
at org.testng.remote.RemoteTestNG.main(RemoteTestNG.java:77)
]]>
    </failure>
  </testcase> <!-- getUsage -->
  <testcase name="getUsageSummary" time="0.135" classname="testCases.api.TestBillingAbstractor"/>
  <testcase name="getUsage" time="0.776" classname="testCases.api.TestBillingAbstractor"/>
  <testcase name="testGetOneOffCharges" time="0.153" classname="testCases.api.TestBillingAbstractor"/>
  <testcase name="getUsage" time="0.041" classname="testCases.api.TestBillingAbstractor">
    <failure type="java.lang.AssertionError" message="expected [200] but found [407]">
      <![CDATA[java.lang.AssertionError: expected [200] but found [407]
at org.testng.Assert.fail(Assert.java:97)
at org.testng.Assert.assertEqualsImpl(Assert.java:136)
at org.testng.Assert.assertEquals(Assert.java:118)
at org.testng.Assert.assertEquals(Assert.java:839)
at org.testng.Assert.assertEquals(Assert.java:849)
at testCases.api.TestBillingAbstractor.getUsage(TestBillingAbstractor.java:44)
at sun.reflect.GeneratedMethodAccessor150.invoke(Unknown Source)
at sun.reflect.DelegatingMethodAccessorImpl.invoke(Unknown Source)
at java.lang.reflect.Method.invoke(Unknown Source)
at org.testng.internal.MethodInvocationHelper.invokeMethod(MethodInvocationHelper.java:133)
at org.testng.internal.TestInvoker.invokeMethod(TestInvoker.java:584)
at org.testng.internal.TestInvoker.invokeTestMethod(TestInvoker.java:172)
at org.testng.internal.MethodRunner.runInSequence(MethodRunner.java:46)
at org.testng.internal.TestInvoker$MethodInvocationAgent.invoke(TestInvoker.java:804)
at org.testng.internal.TestInvoker.invokeTestMethods(TestInvoker.java:145)
at org.testng.internal.TestMethodWorker.invokeTestMethods(TestMethodWorker.java:146)
at org.testng.internal.TestMethodWorker.run(TestMethodWorker.java:128)
at java.util.ArrayList.forEach(Unknown Source)
at org.testng.TestRunner.privateRun(TestRunner.java:770)
at org.testng.TestRunner.run(TestRunner.java:591)
at org.testng.SuiteRunner.runTest(SuiteRunner.java:402)
at org.testng.SuiteRunner.runSequentially(SuiteRunner.java:396)
at org.testng.SuiteRunner.privateRun(SuiteRunner.java:355)
at org.testng.SuiteRunner.run(SuiteRunner.java:304)
at org.testng.SuiteRunnerWorker.runSuite(SuiteRunnerWorker.java:53)
at org.testng.SuiteRunnerWorker.run(SuiteRunnerWorker.java:96)
at org.testng.TestNG.runSuitesSequentially(TestNG.java:1180)
at org.testng.TestNG.runSuitesLocally(TestNG.java:1102)
at org.testng.TestNG.runSuites(TestNG.java:1032)
at org.testng.TestNG.run(TestNG.java:1000)
at org.testng.remote.AbstractRemoteTestNG.run(AbstractRemoteTestNG.java:115)
at org.testng.remote.RemoteTestNG.initAndRun(RemoteTestNG.java:251)
at org.testng.remote.RemoteTestNG.main(RemoteTestNG.java:77)
]]>
    </failure>
  </testcase> <!-- getUsage -->
  <testcase name="getUsageSummary" time="0.211" classname="testCases.api.TestBillingAbstractor"/>
  <testcase name="getUsageSummary" time="0.121" classname="testCases.api.TestBillingAbstractor"/>
  <testcase name="getUsage" time="0.058" classname="testCases.api.TestBillingAbstractor">
    <failure type="java.lang.AssertionError" message="expected [200] but found [407]">
      <![CDATA[java.lang.AssertionError: expected [200] but found [407]
at org.testng.Assert.fail(Assert.java:97)
at org.testng.Assert.assertEqualsImpl(Assert.java:136)
at org.testng.Assert.assertEquals(Assert.java:118)
at org.testng.Assert.assertEquals(Assert.java:839)
at org.testng.Assert.assertEquals(Assert.java:849)
at testCases.api.TestBillingAbstractor.getUsage(TestBillingAbstractor.java:44)
at sun.reflect.GeneratedMethodAccessor150.invoke(Unknown Source)
at sun.reflect.DelegatingMethodAccessorImpl.invoke(Unknown Source)
at java.lang.reflect.Method.invoke(Unknown Source)
at org.testng.internal.MethodInvocationHelper.invokeMethod(MethodInvocationHelper.java:133)
at org.testng.internal.TestInvoker.invokeMethod(TestInvoker.java:584)
at org.testng.internal.TestInvoker.invokeTestMethod(TestInvoker.java:172)
at org.testng.internal.MethodRunner.runInSequence(MethodRunner.java:46)
at org.testng.internal.TestInvoker$MethodInvocationAgent.invoke(TestInvoker.java:804)
at org.testng.internal.TestInvoker.invokeTestMethods(TestInvoker.java:145)
at org.testng.internal.TestMethodWorker.invokeTestMethods(TestMethodWorker.java:146)
at org.testng.internal.TestMethodWorker.run(TestMethodWorker.java:128)
at java.util.ArrayList.forEach(Unknown Source)
at org.testng.TestRunner.privateRun(TestRunner.java:770)
at org.testng.TestRunner.run(TestRunner.java:591)
at org.testng.SuiteRunner.runTest(SuiteRunner.java:402)
at org.testng.SuiteRunner.runSequentially(SuiteRunner.java:396)
at org.testng.SuiteRunner.privateRun(SuiteRunner.java:355)
at org.testng.SuiteRunner.run(SuiteRunner.java:304)
at org.testng.SuiteRunnerWorker.runSuite(SuiteRunnerWorker.java:53)
at org.testng.SuiteRunnerWorker.run(SuiteRunnerWorker.java:96)
at org.testng.TestNG.runSuitesSequentially(TestNG.java:1180)
at org.testng.TestNG.runSuitesLocally(TestNG.java:1102)
at org.testng.TestNG.runSuites(TestNG.java:1032)
at org.testng.TestNG.run(TestNG.java:1000)
at org.testng.remote.AbstractRemoteTestNG.run(AbstractRemoteTestNG.java:115)
at org.testng.remote.RemoteTestNG.initAndRun(RemoteTestNG.java:251)
at org.testng.remote.RemoteTestNG.main(RemoteTestNG.java:77)
]]>
    </failure>
  </testcase> <!-- getUsage -->
  <testcase name="getUsage" time="0.254" classname="testCases.api.TestBillingAbstractor"/>
  <testcase name="getUsageSummary" time="0.149" classname="testCases.api.TestBillingAbstractor"/>
  <testcase name="getUsageSummary" time="0.180" classname="testCases.api.TestBillingAbstractor"/>
  <testcase name="testGetOneOffCharges" time="0.183" classname="testCases.api.TestBillingAbstractor"/>
  <testcase name="getUsage" time="0.267" classname="testCases.api.TestBillingAbstractor"/>
  <testcase name="getUsage" time="0.077" classname="testCases.api.TestBillingAbstractor">
    <failure type="java.lang.AssertionError" message="expected [200] but found [407]">
      <![CDATA[java.lang.AssertionError: expected [200] but found [407]
at org.testng.Assert.fail(Assert.java:97)
at org.testng.Assert.assertEqualsImpl(Assert.java:136)
at org.testng.Assert.assertEquals(Assert.java:118)
at org.testng.Assert.assertEquals(Assert.java:839)
at org.testng.Assert.assertEquals(Assert.java:849)
at testCases.api.TestBillingAbstractor.getUsage(TestBillingAbstractor.java:44)
at sun.reflect.GeneratedMethodAccessor150.invoke(Unknown Source)
at sun.reflect.DelegatingMethodAccessorImpl.invoke(Unknown Source)
at java.lang.reflect.Method.invoke(Unknown Source)
at org.testng.internal.MethodInvocationHelper.invokeMethod(MethodInvocationHelper.java:133)
at org.testng.internal.TestInvoker.invokeMethod(TestInvoker.java:584)
at org.testng.internal.TestInvoker.invokeTestMethod(TestInvoker.java:172)
at org.testng.internal.MethodRunner.runInSequence(MethodRunner.java:46)
at org.testng.internal.TestInvoker$MethodInvocationAgent.invoke(TestInvoker.java:804)
at org.testng.internal.TestInvoker.invokeTestMethods(TestInvoker.java:145)
at org.testng.internal.TestMethodWorker.invokeTestMethods(TestMethodWorker.java:146)
at org.testng.internal.TestMethodWorker.run(TestMethodWorker.java:128)
at java.util.ArrayList.forEach(Unknown Source)
at org.testng.TestRunner.privateRun(TestRunner.java:770)
at org.testng.TestRunner.run(TestRunner.java:591)
at org.testng.SuiteRunner.runTest(SuiteRunner.java:402)
at org.testng.SuiteRunner.runSequentially(SuiteRunner.java:396)
at org.testng.SuiteRunner.privateRun(SuiteRunner.java:355)
at org.testng.SuiteRunner.run(SuiteRunner.java:304)
at org.testng.SuiteRunnerWorker.runSuite(SuiteRunnerWorker.java:53)
at org.testng.SuiteRunnerWorker.run(SuiteRunnerWorker.java:96)
at org.testng.TestNG.runSuitesSequentially(TestNG.java:1180)
at org.testng.TestNG.runSuitesLocally(TestNG.java:1102)
at org.testng.TestNG.runSuites(TestNG.java:1032)
at org.testng.TestNG.run(TestNG.java:1000)
at org.testng.remote.AbstractRemoteTestNG.run(AbstractRemoteTestNG.java:115)
at org.testng.remote.RemoteTestNG.initAndRun(RemoteTestNG.java:251)
at org.testng.remote.RemoteTestNG.main(RemoteTestNG.java:77)
]]>
    </failure>
  </testcase> <!-- getUsage -->
  <testcase name="getUsageSummary" time="0.223" classname="testCases.api.TestBillingAbstractor"/>
  <testcase name="testGetOneOffCharges" time="0.181" classname="testCases.api.TestBillingAbstractor"/>
  <testcase name="getUsage" time="0.473" classname="testCases.api.TestBillingAbstractor"/>
  <testcase name="getUsageSummary" time="0.127" classname="testCases.api.TestBillingAbstractor"/>
  <testcase name="getUsageSummary" time="0.188" classname="testCases.api.TestBillingAbstractor"/>
  <testcase name="getUsageSummary" time="0.156" classname="testCases.api.TestBillingAbstractor"/>
  <testcase name="getUsage" time="0.235" classname="testCases.api.TestBillingAbstractor"/>
  <testcase name="getUsageSummary" time="0.181" classname="testCases.api.TestBillingAbstractor"/>
  <testcase name="getUsage" time="0.240" classname="testCases.api.TestBillingAbstractor"/>
  <testcase name="getUsageSummary" time="0.154" classname="testCases.api.TestBillingAbstractor"/>
  <testcase name="getUsage" time="0.270" classname="testCases.api.TestBillingAbstractor"/>
  <testcase name="getUsageSummary" time="0.159" classname="testCases.api.TestBillingAbstractor"/>
  <testcase name="getUsageSummary" time="0.159" classname="testCases.api.TestBillingAbstractor"/>
  <testcase name="testGetOneOffCharges" time="0.151" classname="testCases.api.TestBillingAbstractor"/>
  <testcase name="testGetOneOffCharges" time="0.177" classname="testCases.api.TestBillingAbstractor"/>
  <testcase name="getUsage" time="0.341" classname="testCases.api.TestBillingAbstractor"/>
  <testcase name="getUsageSummary" time="0.167" classname="testCases.api.TestBillingAbstractor"/>
  <testcase name="getUsage" time="0.258" classname="testCases.api.TestBillingAbstractor"/>
  <testcase name="getUsageSummary" time="0.136" classname="testCases.api.TestBillingAbstractor"/>
  <testcase name="getUsage" time="0.248" classname="testCases.api.TestBillingAbstractor"/>
  <testcase name="getUsage" time="0.238" classname="testCases.api.TestBillingAbstractor"/>
  <testcase name="getUsageSummary" time="0.128" classname="testCases.api.TestBillingAbstractor"/>
  <testcase name="getUsageSummary" time="0.158" classname="testCases.api.TestBillingAbstractor"/>
  <testcase name="testGetOneOffCharges" time="0.231" classname="testCases.api.TestBillingAbstractor"/>
  <testcase name="getUsage" time="0.639" classname="testCases.api.TestBillingAbstractor"/>
  <testcase name="getUsage" time="0.272" classname="testCases.api.TestBillingAbstractor"/>
  <testcase name="getUsageSummary" time="0.126" classname="testCases.api.TestBillingAbstractor"/>
  <testcase name="testGetOneOffCharges" time="0.159" classname="testCases.api.TestBillingAbstractor"/>
  <testcase name="getUsage" time="0.521" classname="testCases.api.TestBillingAbstractor"/>
  <testcase name="getUsage" time="0.495" classname="testCases.api.TestBillingAbstractor"/>
  <testcase name="getUsage" time="0.224" classname="testCases.api.TestBillingAbstractor"/>
  <testcase name="getUsage" time="0.660" classname="testCases.api.TestBillingAbstractor"/>
  <testcase name="getUsage" time="0.065" classname="testCases.api.TestBillingAbstractor">
    <failure type="java.lang.AssertionError" message="expected [200] but found [407]">
      <![CDATA[java.lang.AssertionError: expected [200] but found [407]
at org.testng.Assert.fail(Assert.java:97)
at org.testng.Assert.assertEqualsImpl(Assert.java:136)
at org.testng.Assert.assertEquals(Assert.java:118)
at org.testng.Assert.assertEquals(Assert.java:839)
at org.testng.Assert.assertEquals(Assert.java:849)
at testCases.api.TestBillingAbstractor.getUsage(TestBillingAbstractor.java:44)
at sun.reflect.GeneratedMethodAccessor150.invoke(Unknown Source)
at sun.reflect.DelegatingMethodAccessorImpl.invoke(Unknown Source)
at java.lang.reflect.Method.invoke(Unknown Source)
at org.testng.internal.MethodInvocationHelper.invokeMethod(MethodInvocationHelper.java:133)
at org.testng.internal.TestInvoker.invokeMethod(TestInvoker.java:584)
at org.testng.internal.TestInvoker.invokeTestMethod(TestInvoker.java:172)
at org.testng.internal.MethodRunner.runInSequence(MethodRunner.java:46)
at org.testng.internal.TestInvoker$MethodInvocationAgent.invoke(TestInvoker.java:804)
at org.testng.internal.TestInvoker.invokeTestMethods(TestInvoker.java:145)
at org.testng.internal.TestMethodWorker.invokeTestMethods(TestMethodWorker.java:146)
at org.testng.internal.TestMethodWorker.run(TestMethodWorker.java:128)
at java.util.ArrayList.forEach(Unknown Source)
at org.testng.TestRunner.privateRun(TestRunner.java:770)
at org.testng.TestRunner.run(TestRunner.java:591)
at org.testng.SuiteRunner.runTest(SuiteRunner.java:402)
at org.testng.SuiteRunner.runSequentially(SuiteRunner.java:396)
at org.testng.SuiteRunner.privateRun(SuiteRunner.java:355)
at org.testng.SuiteRunner.run(SuiteRunner.java:304)
at org.testng.SuiteRunnerWorker.runSuite(SuiteRunnerWorker.java:53)
at org.testng.SuiteRunnerWorker.run(SuiteRunnerWorker.java:96)
at org.testng.TestNG.runSuitesSequentially(TestNG.java:1180)
at org.testng.TestNG.runSuitesLocally(TestNG.java:1102)
at org.testng.TestNG.runSuites(TestNG.java:1032)
at org.testng.TestNG.run(TestNG.java:1000)
at org.testng.remote.AbstractRemoteTestNG.run(AbstractRemoteTestNG.java:115)
at org.testng.remote.RemoteTestNG.initAndRun(RemoteTestNG.java:251)
at org.testng.remote.RemoteTestNG.main(RemoteTestNG.java:77)
]]>
    </failure>
  </testcase> <!-- getUsage -->
  <testcase name="getUsage" time="0.494" classname="testCases.api.TestBillingAbstractor"/>
  <testcase name="testGetOneOffCharges" time="0.210" classname="testCases.api.TestBillingAbstractor"/>
  <testcase name="getUsage" time="0.496" classname="testCases.api.TestBillingAbstractor"/>
  <testcase name="getUsageSummary" time="0.196" classname="testCases.api.TestBillingAbstractor"/>
  <testcase name="testGetOneOffCharges" time="0.174" classname="testCases.api.TestBillingAbstractor"/>
  <testcase name="getUsage" time="0.252" classname="testCases.api.TestBillingAbstractor"/>
  <testcase name="getUsage" time="0.253" classname="testCases.api.TestBillingAbstractor"/>
  <testcase name="testGetOneOffCharges" time="0.152" classname="testCases.api.TestBillingAbstractor"/>
  <testcase name="getUsage" time="0.551" classname="testCases.api.TestBillingAbstractor"/>
  <testcase name="testGetOneOffCharges" time="0.174" classname="testCases.api.TestBillingAbstractor"/>
  <testcase name="getUsageSummary" time="0.140" classname="testCases.api.TestBillingAbstractor"/>
  <testcase name="getUsageSummary" time="0.133" classname="testCases.api.TestBillingAbstractor"/>
  <testcase name="getUsageSummary" time="0.189" classname="testCases.api.TestBillingAbstractor"/>
  <testcase name="getUsage" time="0.246" classname="testCases.api.TestBillingAbstractor"/>
  <testcase name="getUsageSummary" time="0.128" classname="testCases.api.TestBillingAbstractor"/>
  <testcase name="getUsageSummary" time="0.154" classname="testCases.api.TestBillingAbstractor"/>
  <testcase name="getUsage" time="0.615" classname="testCases.api.TestBillingAbstractor"/>
  <testcase name="getUsage" time="0.260" classname="testCases.api.TestBillingAbstractor"/>
  <testcase name="getUsageSummary" time="0.190" classname="testCases.api.TestBillingAbstractor"/>
  <testcase name="getUsage" time="0.617" classname="testCases.api.TestBillingAbstractor"/>
  <testcase name="getUsage" time="0.257" classname="testCases.api.TestBillingAbstractor"/>
  <testcase name="getUsageSummary" time="0.132" classname="testCases.api.TestBillingAbstractor"/>
  <testcase name="getUsage" time="0.425" classname="testCases.api.TestBillingAbstractor"/>
  <testcase name="getUsage" time="0.645" classname="testCases.api.TestBillingAbstractor"/>
  <testcase name="getUsageSummary" time="0.141" classname="testCases.api.TestBillingAbstractor"/>
  <testcase name="getUsageSummary" time="0.207" classname="testCases.api.TestBillingAbstractor"/>
  <testcase name="testGetOneOffCharges" time="0.136" classname="testCases.api.TestBillingAbstractor">
    <failure type="java.lang.AssertionError" message="expected [200] but found [404]">
      <![CDATA[java.lang.AssertionError: expected [200] but found [404]
at org.testng.Assert.fail(Assert.java:97)
at org.testng.Assert.assertEqualsImpl(Assert.java:136)
at org.testng.Assert.assertEquals(Assert.java:118)
at org.testng.Assert.assertEquals(Assert.java:839)
at org.testng.Assert.assertEquals(Assert.java:849)
at testCases.api.TestBillingAbstractor.testGetOneOffCharges(TestBillingAbstractor.java:34)
at sun.reflect.GeneratedMethodAccessor65.invoke(Unknown Source)
at sun.reflect.DelegatingMethodAccessorImpl.invoke(Unknown Source)
at java.lang.reflect.Method.invoke(Unknown Source)
at org.testng.internal.MethodInvocationHelper.invokeMethod(MethodInvocationHelper.java:133)
at org.testng.internal.TestInvoker.invokeMethod(TestInvoker.java:584)
at org.testng.internal.TestInvoker.invokeTestMethod(TestInvoker.java:172)
at org.testng.internal.MethodRunner.runInSequence(MethodRunner.java:46)
at org.testng.internal.TestInvoker$MethodInvocationAgent.invoke(TestInvoker.java:804)
at org.testng.internal.TestInvoker.invokeTestMethods(TestInvoker.java:145)
at org.testng.internal.TestMethodWorker.invokeTestMethods(TestMethodWorker.java:146)
at org.testng.internal.TestMethodWorker.run(TestMethodWorker.java:128)
at java.util.ArrayList.forEach(Unknown Source)
at org.testng.TestRunner.privateRun(TestRunner.java:770)
at org.testng.TestRunner.run(TestRunner.java:591)
at org.testng.SuiteRunner.runTest(SuiteRunner.java:402)
at org.testng.SuiteRunner.runSequentially(SuiteRunner.java:396)
at org.testng.SuiteRunner.privateRun(SuiteRunner.java:355)
at org.testng.SuiteRunner.run(SuiteRunner.java:304)
at org.testng.SuiteRunnerWorker.runSuite(SuiteRunnerWorker.java:53)
at org.testng.SuiteRunnerWorker.run(SuiteRunnerWorker.java:96)
at org.testng.TestNG.runSuitesSequentially(TestNG.java:1180)
at org.testng.TestNG.runSuitesLocally(TestNG.java:1102)
at org.testng.TestNG.runSuites(TestNG.java:1032)
at org.testng.TestNG.run(TestNG.java:1000)
at org.testng.remote.AbstractRemoteTestNG.run(AbstractRemoteTestNG.java:115)
at org.testng.remote.RemoteTestNG.initAndRun(RemoteTestNG.java:251)
at org.testng.remote.RemoteTestNG.main(RemoteTestNG.java:77)
]]>
    </failure>
  </testcase> <!-- testGetOneOffCharges -->
  <testcase name="getUsageSummary" time="0.150" classname="testCases.api.TestBillingAbstractor"/>
  <testcase name="getUsageSummary" time="0.172" classname="testCases.api.TestBillingAbstractor"/>
  <testcase name="getUsageSummary" time="0.205" classname="testCases.api.TestBillingAbstractor"/>
  <testcase name="testGetOneOffCharges" time="0.149" classname="testCases.api.TestBillingAbstractor"/>
  <testcase name="getUsageSummary" time="0.124" classname="testCases.api.TestBillingAbstractor"/>
  <testcase name="getUsage" time="0.243" classname="testCases.api.TestBillingAbstractor"/>
  <testcase name="getUsage" time="0.531" classname="testCases.api.TestBillingAbstractor"/>
  <testcase name="getUsage" time="0.270" classname="testCases.api.TestBillingAbstractor"/>
  <testcase name="getUsage" time="0.288" classname="testCases.api.TestBillingAbstractor"/>
  <testcase name="getUsageSummary" time="0.149" classname="testCases.api.TestBillingAbstractor"/>
  <testcase name="getUsageSummary" time="0.202" classname="testCases.api.TestBillingAbstractor"/>
  <testcase name="getUsageSummary" time="0.175" classname="testCases.api.TestBillingAbstractor"/>
  <testcase name="getUsage" time="0.468" classname="testCases.api.TestBillingAbstractor"/>
  <testcase name="getUsageSummary" time="0.190" classname="testCases.api.TestBillingAbstractor"/>
  <testcase name="getUsage" time="0.307" classname="testCases.api.TestBillingAbstractor"/>
  <testcase name="testGetOneOffCharges" time="0.151" classname="testCases.api.TestBillingAbstractor"/>
  <testcase name="testGetOneOffCharges" time="0.178" classname="testCases.api.TestBillingAbstractor"/>
  <testcase name="getUsageSummary" time="0.136" classname="testCases.api.TestBillingAbstractor"/>
  <testcase name="getUsageSummary" time="0.169" classname="testCases.api.TestBillingAbstractor"/>
  <testcase name="testGetOneOffCharges" time="0.215" classname="testCases.api.TestBillingAbstractor"/>
  <testcase name="getUsageSummary" time="0.162" classname="testCases.api.TestBillingAbstractor"/>
  <testcase name="getUsageSummary" time="0.374" classname="testCases.api.TestBillingAbstractor"/>
  <testcase name="getUsageSummary" time="0.141" classname="testCases.api.TestBillingAbstractor"/>
  <testcase name="getUsage" time="0.491" classname="testCases.api.TestBillingAbstractor"/>
  <testcase name="getUsage" time="0.260" classname="testCases.api.TestBillingAbstractor"/>
  <testcase name="getUsageSummary" time="0.140" classname="testCases.api.TestBillingAbstractor"/>
  <testcase name="testGetOneOffCharges" time="0.164" classname="testCases.api.TestBillingAbstractor"/>
  <testcase name="testGetOneOffCharges" time="0.194" classname="testCases.api.TestBillingAbstractor"/>
  <testcase name="getUsage" time="0.276" classname="testCases.api.TestBillingAbstractor"/>
  <testcase name="getUsageSummary" time="0.134" classname="testCases.api.TestBillingAbstractor"/>
  <testcase name="getUsageSummary" time="0.124" classname="testCases.api.TestBillingAbstractor"/>
  <testcase name="getUsageSummary" time="0.158" classname="testCases.api.TestBillingAbstractor"/>
  <testcase name="getUsageSummary" time="0.154" classname="testCases.api.TestBillingAbstractor"/>
  <testcase name="getUsage" time="0.228" classname="testCases.api.TestBillingAbstractor"/>
  <testcase name="getUsageSummary" time="0.195" classname="testCases.api.TestBillingAbstractor"/>
  <testcase name="getUsageSummary" time="0.152" classname="testCases.api.TestBillingAbstractor"/>
  <testcase name="testGetOneOffCharges" time="0.158" classname="testCases.api.TestBillingAbstractor"/>
  <testcase name="getUsage" time="0.067" classname="testCases.api.TestBillingAbstractor">
    <failure type="java.lang.AssertionError" message="expected [200] but found [407]">
      <![CDATA[java.lang.AssertionError: expected [200] but found [407]
at org.testng.Assert.fail(Assert.java:97)
at org.testng.Assert.assertEqualsImpl(Assert.java:136)
at org.testng.Assert.assertEquals(Assert.java:118)
at org.testng.Assert.assertEquals(Assert.java:839)
at org.testng.Assert.assertEquals(Assert.java:849)
at testCases.api.TestBillingAbstractor.getUsage(TestBillingAbstractor.java:44)
at sun.reflect.GeneratedMethodAccessor150.invoke(Unknown Source)
at sun.reflect.DelegatingMethodAccessorImpl.invoke(Unknown Source)
at java.lang.reflect.Method.invoke(Unknown Source)
at org.testng.internal.MethodInvocationHelper.invokeMethod(MethodInvocationHelper.java:133)
at org.testng.internal.TestInvoker.invokeMethod(TestInvoker.java:584)
at org.testng.internal.TestInvoker.invokeTestMethod(TestInvoker.java:172)
at org.testng.internal.MethodRunner.runInSequence(MethodRunner.java:46)
at org.testng.internal.TestInvoker$MethodInvocationAgent.invoke(TestInvoker.java:804)
at org.testng.internal.TestInvoker.invokeTestMethods(TestInvoker.java:145)
at org.testng.internal.TestMethodWorker.invokeTestMethods(TestMethodWorker.java:146)
at org.testng.internal.TestMethodWorker.run(TestMethodWorker.java:128)
at java.util.ArrayList.forEach(Unknown Source)
at org.testng.TestRunner.privateRun(TestRunner.java:770)
at org.testng.TestRunner.run(TestRunner.java:591)
at org.testng.SuiteRunner.runTest(SuiteRunner.java:402)
at org.testng.SuiteRunner.runSequentially(SuiteRunner.java:396)
at org.testng.SuiteRunner.privateRun(SuiteRunner.java:355)
at org.testng.SuiteRunner.run(SuiteRunner.java:304)
at org.testng.SuiteRunnerWorker.runSuite(SuiteRunnerWorker.java:53)
at org.testng.SuiteRunnerWorker.run(SuiteRunnerWorker.java:96)
at org.testng.TestNG.runSuitesSequentially(TestNG.java:1180)
at org.testng.TestNG.runSuitesLocally(TestNG.java:1102)
at org.testng.TestNG.runSuites(TestNG.java:1032)
at org.testng.TestNG.run(TestNG.java:1000)
at org.testng.remote.AbstractRemoteTestNG.run(AbstractRemoteTestNG.java:115)
at org.testng.remote.RemoteTestNG.initAndRun(RemoteTestNG.java:251)
at org.testng.remote.RemoteTestNG.main(RemoteTestNG.java:77)
]]>
    </failure>
  </testcase> <!-- getUsage -->
  <testcase name="getUsageSummary" time="0.172" classname="testCases.api.TestBillingAbstractor"/>
  <testcase name="getUsage" time="0.059" classname="testCases.api.TestBillingAbstractor">
    <failure type="java.lang.AssertionError" message="expected [200] but found [407]">
      <![CDATA[java.lang.AssertionError: expected [200] but found [407]
at org.testng.Assert.fail(Assert.java:97)
at org.testng.Assert.assertEqualsImpl(Assert.java:136)
at org.testng.Assert.assertEquals(Assert.java:118)
at org.testng.Assert.assertEquals(Assert.java:839)
at org.testng.Assert.assertEquals(Assert.java:849)
at testCases.api.TestBillingAbstractor.getUsage(TestBillingAbstractor.java:44)
at sun.reflect.GeneratedMethodAccessor150.invoke(Unknown Source)
at sun.reflect.DelegatingMethodAccessorImpl.invoke(Unknown Source)
at java.lang.reflect.Method.invoke(Unknown Source)
at org.testng.internal.MethodInvocationHelper.invokeMethod(MethodInvocationHelper.java:133)
at org.testng.internal.TestInvoker.invokeMethod(TestInvoker.java:584)
at org.testng.internal.TestInvoker.invokeTestMethod(TestInvoker.java:172)
at org.testng.internal.MethodRunner.runInSequence(MethodRunner.java:46)
at org.testng.internal.TestInvoker$MethodInvocationAgent.invoke(TestInvoker.java:804)
at org.testng.internal.TestInvoker.invokeTestMethods(TestInvoker.java:145)
at org.testng.internal.TestMethodWorker.invokeTestMethods(TestMethodWorker.java:146)
at org.testng.internal.TestMethodWorker.run(TestMethodWorker.java:128)
at java.util.ArrayList.forEach(Unknown Source)
at org.testng.TestRunner.privateRun(TestRunner.java:770)
at org.testng.TestRunner.run(TestRunner.java:591)
at org.testng.SuiteRunner.runTest(SuiteRunner.java:402)
at org.testng.SuiteRunner.runSequentially(SuiteRunner.java:396)
at org.testng.SuiteRunner.privateRun(SuiteRunner.java:355)
at org.testng.SuiteRunner.run(SuiteRunner.java:304)
at org.testng.SuiteRunnerWorker.runSuite(SuiteRunnerWorker.java:53)
at org.testng.SuiteRunnerWorker.run(SuiteRunnerWorker.java:96)
at org.testng.TestNG.runSuitesSequentially(TestNG.java:1180)
at org.testng.TestNG.runSuitesLocally(TestNG.java:1102)
at org.testng.TestNG.runSuites(TestNG.java:1032)
at org.testng.TestNG.run(TestNG.java:1000)
at org.testng.remote.AbstractRemoteTestNG.run(AbstractRemoteTestNG.java:115)
at org.testng.remote.RemoteTestNG.initAndRun(RemoteTestNG.java:251)
at org.testng.remote.RemoteTestNG.main(RemoteTestNG.java:77)
]]>
    </failure>
  </testcase> <!-- getUsage -->
  <testcase name="testGetOneOffCharges" time="0.152" classname="testCases.api.TestBillingAbstractor"/>
  <testcase name="getUsage" time="0.574" classname="testCases.api.TestBillingAbstractor"/>
  <testcase name="getUsageSummary" time="0.149" classname="testCases.api.TestBillingAbstractor"/>
  <testcase name="getUsage" time="0.248" classname="testCases.api.TestBillingAbstractor"/>
  <testcase name="getUsage" time="0.279" classname="testCases.api.TestBillingAbstractor"/>
  <testcase name="getUsageSummary" time="0.161" classname="testCases.api.TestBillingAbstractor"/>
  <testcase name="getUsage" time="0.481" classname="testCases.api.TestBillingAbstractor"/>
  <testcase name="getUsage" time="0.033" classname="testCases.api.TestBillingAbstractor">
    <failure type="java.lang.AssertionError" message="expected [200] but found [407]">
      <![CDATA[java.lang.AssertionError: expected [200] but found [407]
at org.testng.Assert.fail(Assert.java:97)
at org.testng.Assert.assertEqualsImpl(Assert.java:136)
at org.testng.Assert.assertEquals(Assert.java:118)
at org.testng.Assert.assertEquals(Assert.java:839)
at org.testng.Assert.assertEquals(Assert.java:849)
at testCases.api.TestBillingAbstractor.getUsage(TestBillingAbstractor.java:44)
at sun.reflect.GeneratedMethodAccessor150.invoke(Unknown Source)
at sun.reflect.DelegatingMethodAccessorImpl.invoke(Unknown Source)
at java.lang.reflect.Method.invoke(Unknown Source)
at org.testng.internal.MethodInvocationHelper.invokeMethod(MethodInvocationHelper.java:133)
at org.testng.internal.TestInvoker.invokeMethod(TestInvoker.java:584)
at org.testng.internal.TestInvoker.invokeTestMethod(TestInvoker.java:172)
at org.testng.internal.MethodRunner.runInSequence(MethodRunner.java:46)
at org.testng.internal.TestInvoker$MethodInvocationAgent.invoke(TestInvoker.java:804)
at org.testng.internal.TestInvoker.invokeTestMethods(TestInvoker.java:145)
at org.testng.internal.TestMethodWorker.invokeTestMethods(TestMethodWorker.java:146)
at org.testng.internal.TestMethodWorker.run(TestMethodWorker.java:128)
at java.util.ArrayList.forEach(Unknown Source)
at org.testng.TestRunner.privateRun(TestRunner.java:770)
at org.testng.TestRunner.run(TestRunner.java:591)
at org.testng.SuiteRunner.runTest(SuiteRunner.java:402)
at org.testng.SuiteRunner.runSequentially(SuiteRunner.java:396)
at org.testng.SuiteRunner.privateRun(SuiteRunner.java:355)
at org.testng.SuiteRunner.run(SuiteRunner.java:304)
at org.testng.SuiteRunnerWorker.runSuite(SuiteRunnerWorker.java:53)
at org.testng.SuiteRunnerWorker.run(SuiteRunnerWorker.java:96)
at org.testng.TestNG.runSuitesSequentially(TestNG.java:1180)
at org.testng.TestNG.runSuitesLocally(TestNG.java:1102)
at org.testng.TestNG.runSuites(TestNG.java:1032)
at org.testng.TestNG.run(TestNG.java:1000)
at org.testng.remote.AbstractRemoteTestNG.run(AbstractRemoteTestNG.java:115)
at org.testng.remote.RemoteTestNG.initAndRun(RemoteTestNG.java:251)
at org.testng.remote.RemoteTestNG.main(RemoteTestNG.java:77)
]]>
    </failure>
  </testcase> <!-- getUsage -->
  <testcase name="getUsage" time="0.516" classname="testCases.api.TestBillingAbstractor"/>
  <testcase name="getUsage" time="0.240" classname="testCases.api.TestBillingAbstractor"/>
  <testcase name="getUsage" time="0.290" classname="testCases.api.TestBillingAbstractor"/>
  <testcase name="getUsageSummary" time="0.117" classname="testCases.api.TestBillingAbstractor"/>
  <testcase name="getUsageSummary" time="0.186" classname="testCases.api.TestBillingAbstractor"/>
  <testcase name="getUsage" time="0.483" classname="testCases.api.TestBillingAbstractor"/>
  <testcase name="testGetOneOffCharges" time="0.167" classname="testCases.api.TestBillingAbstractor"/>
  <testcase name="getUsage" time="0.462" classname="testCases.api.TestBillingAbstractor"/>
  <testcase name="getUsage" time="0.272" classname="testCases.api.TestBillingAbstractor"/>
  <testcase name="getUsageSummary" time="0.162" classname="testCases.api.TestBillingAbstractor"/>
  <testcase name="testGetOneOffCharges" time="0.176" classname="testCases.api.TestBillingAbstractor"/>
  <testcase name="getUsageSummary" time="0.235" classname="testCases.api.TestBillingAbstractor"/>
  <testcase name="getUsageSummary" time="0.211" classname="testCases.api.TestBillingAbstractor"/>
  <testcase name="getUsage" time="0.517" classname="testCases.api.TestBillingAbstractor"/>
  <testcase name="getUsage" time="0.497" classname="testCases.api.TestBillingAbstractor"/>
  <testcase name="getUsage" time="0.488" classname="testCases.api.TestBillingAbstractor"/>
  <testcase name="testGetOneOffCharges" time="0.164" classname="testCases.api.TestBillingAbstractor"/>
  <testcase name="getUsage" time="0.258" classname="testCases.api.TestBillingAbstractor"/>
  <testcase name="getUsageSummary" time="0.167" classname="testCases.api.TestBillingAbstractor"/>
  <testcase name="getUsageSummary" time="0.179" classname="testCases.api.TestBillingAbstractor"/>
  <testcase name="testGetOneOffCharges" time="0.166" classname="testCases.api.TestBillingAbstractor"/>
  <testcase name="getUsageSummary" time="0.126" classname="testCases.api.TestBillingAbstractor"/>
  <testcase name="getUsageSummary" time="0.188" classname="testCases.api.TestBillingAbstractor"/>
  <testcase name="getUsageSummary" time="0.141" classname="testCases.api.TestBillingAbstractor"/>
  <testcase name="getUsageSummary" time="0.137" classname="testCases.api.TestBillingAbstractor"/>
  <testcase name="getUsageSummary" time="0.151" classname="testCases.api.TestBillingAbstractor"/>
  <testcase name="getUsageSummary" time="0.172" classname="testCases.api.TestBillingAbstractor"/>
  <testcase name="getUsageSummary" time="0.128" classname="testCases.api.TestBillingAbstractor"/>
  <testcase name="getUsageSummary" time="0.158" classname="testCases.api.TestBillingAbstractor"/>
  <testcase name="getUsageSummary" time="0.125" classname="testCases.api.TestBillingAbstractor"/>
  <testcase name="getUsage" time="0.360" classname="testCases.api.TestBillingAbstractor"/>
  <testcase name="testGetOneOffCharges" time="0.192" classname="testCases.api.TestBillingAbstractor"/>
  <testcase name="testGetOneOffCharges" time="0.172" classname="testCases.api.TestBillingAbstractor"/>
  <testcase name="getUsage" time="0.292" classname="testCases.api.TestBillingAbstractor"/>
  <testcase name="getUsageSummary" time="0.152" classname="testCases.api.TestBillingAbstractor"/>
  <testcase name="testGetOneOffCharges" time="0.165" classname="testCases.api.TestBillingAbstractor"/>
  <testcase name="getUsageSummary" time="0.186" classname="testCases.api.TestBillingAbstractor"/>
  <testcase name="getUsageSummary" time="0.148" classname="testCases.api.TestBillingAbstractor"/>
  <testcase name="testGetOneOffCharges" time="0.164" classname="testCases.api.TestBillingAbstractor"/>
  <testcase name="testGetOneOffCharges" time="0.167" classname="testCases.api.TestBillingAbstractor"/>
  <testcase name="getUsageSummary" time="0.154" classname="testCases.api.TestBillingAbstractor"/>
  <testcase name="getUsage" time="0.311" classname="testCases.api.TestBillingAbstractor"/>
  <testcase name="getUsage" time="0.547" classname="testCases.api.TestBillingAbstractor"/>
  <testcase name="testGetOneOffCharges" time="0.162" classname="testCases.api.TestBillingAbstractor"/>
  <testcase name="getUsage" time="0.262" classname="testCases.api.TestBillingAbstractor"/>
  <testcase name="getUsageSummary" time="0.150" classname="testCases.api.TestBillingAbstractor"/>
  <testcase name="getUsage" time="0.630" classname="testCases.api.TestBillingAbstractor"/>
  <testcase name="testGetOneOffCharges" time="0.196" classname="testCases.api.TestBillingAbstractor"/>
  <testcase name="getUsage" time="0.255" classname="testCases.api.TestBillingAbstractor"/>
  <testcase name="getUsageSummary" time="0.228" classname="testCases.api.TestBillingAbstractor"/>
  <testcase name="getUsageSummary" time="0.137" classname="testCases.api.TestBillingAbstractor"/>
  <testcase name="getUsageSummary" time="0.168" classname="testCases.api.TestBillingAbstractor"/>
  <testcase name="getUsageSummary" time="0.138" classname="testCases.api.TestBillingAbstractor"/>
  <testcase name="getUsage" time="0.602" classname="testCases.api.TestBillingAbstractor"/>
  <testcase name="getUsageSummary" time="0.168" classname="testCases.api.TestBillingAbstractor"/>
  <testcase name="testGetOneOffCharges" time="0.197" classname="testCases.api.TestBillingAbstractor"/>
  <testcase name="getUsageSummary" time="0.207" classname="testCases.api.TestBillingAbstractor"/>
  <testcase name="testGetOneOffCharges" time="0.150" classname="testCases.api.TestBillingAbstractor"/>
  <testcase name="getUsageSummary" time="0.134" classname="testCases.api.TestBillingAbstractor"/>
  <testcase name="testGetOneOffCharges" time="0.155" classname="testCases.api.TestBillingAbstractor"/>
  <testcase name="getUsageSummary" time="0.164" classname="testCases.api.TestBillingAbstractor"/>
  <testcase name="getUsageSummary" time="0.150" classname="testCases.api.TestBillingAbstractor"/>
  <testcase name="getUsageSummary" time="0.164" classname="testCases.api.TestBillingAbstractor"/>
  <testcase name="getUsage" time="0.515" classname="testCases.api.TestBillingAbstractor"/>
  <testcase name="getUsageSummary" time="0.143" classname="testCases.api.TestBillingAbstractor"/>
  <testcase name="testGetOneOffCharges" time="0.207" classname="testCases.api.TestBillingAbstractor"/>
  <testcase name="testGetOneOffCharges" time="0.193" classname="testCases.api.TestBillingAbstractor"/>
  <testcase name="getUsage" time="0.405" classname="testCases.api.TestBillingAbstractor"/>
  <testcase name="getUsage" time="0.264" classname="testCases.api.TestBillingAbstractor"/>
  <testcase name="getUsage" time="0.248" classname="testCases.api.TestBillingAbstractor"/>
  <testcase name="testGetOneOffCharges" time="0.152" classname="testCases.api.TestBillingAbstractor"/>
  <testcase name="getUsage" time="0.572" classname="testCases.api.TestBillingAbstractor"/>
  <testcase name="getUsageSummary" time="0.163" classname="testCases.api.TestBillingAbstractor"/>
  <testcase name="testGetOneOffCharges" time="0.184" classname="testCases.api.TestBillingAbstractor"/>
  <testcase name="testGetOneOffCharges" time="0.190" classname="testCases.api.TestBillingAbstractor"/>
  <testcase name="getUsageSummary" time="0.159" classname="testCases.api.TestBillingAbstractor"/>
  <testcase name="getUsageSummary" time="0.145" classname="testCases.api.TestBillingAbstractor"/>
  <testcase name="testGetOneOffCharges" time="0.185" classname="testCases.api.TestBillingAbstractor"/>
  <testcase name="getUsage" time="0.689" classname="testCases.api.TestBillingAbstractor"/>
  <testcase name="getUsageSummary" time="0.184" classname="testCases.api.TestBillingAbstractor"/>
  <testcase name="getUsageSummary" time="0.130" classname="testCases.api.TestBillingAbstractor"/>
  <testcase name="getUsage" time="0.311" classname="testCases.api.TestBillingAbstractor"/>
  <testcase name="getUsageSummary" time="0.194" classname="testCases.api.TestBillingAbstractor"/>
  <testcase name="getUsage" time="0.697" classname="testCases.api.TestBillingAbstractor"/>
  <testcase name="getUsageSummary" time="0.153" classname="testCases.api.TestBillingAbstractor"/>
  <testcase name="getUsageSummary" time="0.185" classname="testCases.api.TestBillingAbstractor"/>
  <testcase name="getUsageSummary" time="0.165" classname="testCases.api.TestBillingAbstractor"/>
  <testcase name="getUsage" time="0.461" classname="testCases.api.TestBillingAbstractor"/>
  <testcase name="getUsage" time="0.587" classname="testCases.api.TestBillingAbstractor"/>
  <testcase name="getUsage" time="0.616" classname="testCases.api.TestBillingAbstractor"/>
  <testcase name="getUsageSummary" time="0.142" classname="testCases.api.TestBillingAbstractor"/>
  <testcase name="getUsage" time="0.694" classname="testCases.api.TestBillingAbstractor"/>
  <testcase name="getUsageSummary" time="0.178" classname="testCases.api.TestBillingAbstractor"/>
  <testcase name="getUsageSummary" time="0.158" classname="testCases.api.TestBillingAbstractor"/>
  <testcase name="getUsageSummary" time="0.147" classname="testCases.api.TestBillingAbstractor"/>
  <testcase name="getUsage" time="0.454" classname="testCases.api.TestBillingAbstractor"/>
  <testcase name="getUsage" time="0.576" classname="testCases.api.TestBillingAbstractor"/>
  <testcase name="getUsageSummary" time="0.139" classname="testCases.api.TestBillingAbstractor"/>
  <testcase name="getUsage" time="0.276" classname="testCases.api.TestBillingAbstractor"/>
  <testcase name="getUsageSummary" time="0.186" classname="testCases.api.TestBillingAbstractor"/>
  <testcase name="testGetOneOffCharges" time="0.166" classname="testCases.api.TestBillingAbstractor"/>
  <testcase name="getUsageSummary" time="0.131" classname="testCases.api.TestBillingAbstractor"/>
  <testcase name="getUsageSummary" time="0.147" classname="testCases.api.TestBillingAbstractor"/>
  <testcase name="getUsage" time="0.346" classname="testCases.api.TestBillingAbstractor"/>
  <testcase name="getUsageSummary" time="0.142" classname="testCases.api.TestBillingAbstractor"/>
  <testcase name="getUsage" time="0.530" classname="testCases.api.TestBillingAbstractor"/>
  <testcase name="getUsage" time="0.585" classname="testCases.api.TestBillingAbstractor"/>
  <testcase name="getUsage" time="0.039" classname="testCases.api.TestBillingAbstractor">
    <failure type="java.lang.AssertionError" message="expected [200] but found [407]">
      <![CDATA[java.lang.AssertionError: expected [200] but found [407]
at org.testng.Assert.fail(Assert.java:97)
at org.testng.Assert.assertEqualsImpl(Assert.java:136)
at org.testng.Assert.assertEquals(Assert.java:118)
at org.testng.Assert.assertEquals(Assert.java:839)
at org.testng.Assert.assertEquals(Assert.java:849)
at testCases.api.TestBillingAbstractor.getUsage(TestBillingAbstractor.java:44)
at sun.reflect.GeneratedMethodAccessor150.invoke(Unknown Source)
at sun.reflect.DelegatingMethodAccessorImpl.invoke(Unknown Source)
at java.lang.reflect.Method.invoke(Unknown Source)
at org.testng.internal.MethodInvocationHelper.invokeMethod(MethodInvocationHelper.java:133)
at org.testng.internal.TestInvoker.invokeMethod(TestInvoker.java:584)
at org.testng.internal.TestInvoker.invokeTestMethod(TestInvoker.java:172)
at org.testng.internal.MethodRunner.runInSequence(MethodRunner.java:46)
at org.testng.internal.TestInvoker$MethodInvocationAgent.invoke(TestInvoker.java:804)
at org.testng.internal.TestInvoker.invokeTestMethods(TestInvoker.java:145)
at org.testng.internal.TestMethodWorker.invokeTestMethods(TestMethodWorker.java:146)
at org.testng.internal.TestMethodWorker.run(TestMethodWorker.java:128)
at java.util.ArrayList.forEach(Unknown Source)
at org.testng.TestRunner.privateRun(TestRunner.java:770)
at org.testng.TestRunner.run(TestRunner.java:591)
at org.testng.SuiteRunner.runTest(SuiteRunner.java:402)
at org.testng.SuiteRunner.runSequentially(SuiteRunner.java:396)
at org.testng.SuiteRunner.privateRun(SuiteRunner.java:355)
at org.testng.SuiteRunner.run(SuiteRunner.java:304)
at org.testng.SuiteRunnerWorker.runSuite(SuiteRunnerWorker.java:53)
at org.testng.SuiteRunnerWorker.run(SuiteRunnerWorker.java:96)
at org.testng.TestNG.runSuitesSequentially(TestNG.java:1180)
at org.testng.TestNG.runSuitesLocally(TestNG.java:1102)
at org.testng.TestNG.runSuites(TestNG.java:1032)
at org.testng.TestNG.run(TestNG.java:1000)
at org.testng.remote.AbstractRemoteTestNG.run(AbstractRemoteTestNG.java:115)
at org.testng.remote.RemoteTestNG.initAndRun(RemoteTestNG.java:251)
at org.testng.remote.RemoteTestNG.main(RemoteTestNG.java:77)
]]>
    </failure>
  </testcase> <!-- getUsage -->
  <testcase name="getUsageSummary" time="0.212" classname="testCases.api.TestBillingAbstractor"/>
  <testcase name="getUsageSummary" time="0.144" classname="testCases.api.TestBillingAbstractor"/>
  <testcase name="getUsageSummary" time="0.160" classname="testCases.api.TestBillingAbstractor"/>
  <testcase name="getUsageSummary" time="0.145" classname="testCases.api.TestBillingAbstractor"/>
  <testcase name="getUsage" time="0.231" classname="testCases.api.TestBillingAbstractor"/>
  <testcase name="getUsage" time="0.670" classname="testCases.api.TestBillingAbstractor"/>
  <testcase name="getUsage" time="0.274" classname="testCases.api.TestBillingAbstractor"/>
  <testcase name="getUsageSummary" time="0.176" classname="testCases.api.TestBillingAbstractor"/>
  <testcase name="getUsageSummary" time="0.170" classname="testCases.api.TestBillingAbstractor"/>
  <testcase name="getUsageSummary" time="0.130" classname="testCases.api.TestBillingAbstractor"/>
  <testcase name="getUsageSummary" time="0.164" classname="testCases.api.TestBillingAbstractor"/>
  <testcase name="getUsage" time="0.263" classname="testCases.api.TestBillingAbstractor"/>
  <testcase name="getUsageSummary" time="0.140" classname="testCases.api.TestBillingAbstractor"/>
  <testcase name="getUsage" time="0.509" classname="testCases.api.TestBillingAbstractor"/>
  <testcase name="getUsage" time="0.273" classname="testCases.api.TestBillingAbstractor"/>
  <testcase name="getUsage" time="0.458" classname="testCases.api.TestBillingAbstractor"/>
  <testcase name="getUsageSummary" time="0.173" classname="testCases.api.TestBillingAbstractor"/>
  <testcase name="getUsage" time="0.249" classname="testCases.api.TestBillingAbstractor"/>
  <testcase name="testGetOneOffCharges" time="0.164" classname="testCases.api.TestBillingAbstractor"/>
  <testcase name="getUsageSummary" time="0.145" classname="testCases.api.TestBillingAbstractor"/>
  <testcase name="getUsage" time="0.259" classname="testCases.api.TestBillingAbstractor"/>
  <testcase name="getUsage" time="0.584" classname="testCases.api.TestBillingAbstractor"/>
  <testcase name="getUsageSummary" time="0.170" classname="testCases.api.TestBillingAbstractor"/>
  <testcase name="getUsage" time="0.251" classname="testCases.api.TestBillingAbstractor"/>
  <testcase name="getUsage" time="0.268" classname="testCases.api.TestBillingAbstractor"/>
  <testcase name="getUsageSummary" time="0.175" classname="testCases.api.TestBillingAbstractor"/>
  <testcase name="getUsageSummary" time="0.151" classname="testCases.api.TestBillingAbstractor"/>
  <testcase name="getUsageSummary" time="0.208" classname="testCases.api.TestBillingAbstractor"/>
  <testcase name="getUsage" time="0.620" classname="testCases.api.TestBillingAbstractor"/>
  <testcase name="getUsageSummary" time="0.154" classname="testCases.api.TestBillingAbstractor"/>
  <testcase name="getUsageSummary" time="0.158" classname="testCases.api.TestBillingAbstractor"/>
  <testcase name="getUsageSummary" time="0.156" classname="testCases.api.TestBillingAbstractor"/>
  <testcase name="getUsage" time="0.504" classname="testCases.api.TestBillingAbstractor"/>
  <testcase name="getUsage" time="0.253" classname="testCases.api.TestBillingAbstractor"/>
  <testcase name="getUsage" time="0.270" classname="testCases.api.TestBillingAbstractor"/>
  <testcase name="getUsageSummary" time="0.159" classname="testCases.api.TestBillingAbstractor"/>
  <testcase name="getUsageSummary" time="0.166" classname="testCases.api.TestBillingAbstractor"/>
  <testcase name="getUsageSummary" time="0.140" classname="testCases.api.TestBillingAbstractor"/>
  <testcase name="getUsageSummary" time="0.176" classname="testCases.api.TestBillingAbstractor"/>
  <testcase name="getUsage" time="0.272" classname="testCases.api.TestBillingAbstractor"/>
  <testcase name="getUsage" time="0.257" classname="testCases.api.TestBillingAbstractor"/>
  <testcase name="getUsage" time="0.469" classname="testCases.api.TestBillingAbstractor"/>
  <testcase name="getUsageSummary" time="0.140" classname="testCases.api.TestBillingAbstractor"/>
  <testcase name="getUsage" time="0.475" classname="testCases.api.TestBillingAbstractor"/>
  <testcase name="getUsage" time="0.041" classname="testCases.api.TestBillingAbstractor">
    <failure type="java.lang.AssertionError" message="expected [200] but found [407]">
      <![CDATA[java.lang.AssertionError: expected [200] but found [407]
at org.testng.Assert.fail(Assert.java:97)
at org.testng.Assert.assertEqualsImpl(Assert.java:136)
at org.testng.Assert.assertEquals(Assert.java:118)
at org.testng.Assert.assertEquals(Assert.java:839)
at org.testng.Assert.assertEquals(Assert.java:849)
at testCases.api.TestBillingAbstractor.getUsage(TestBillingAbstractor.java:44)
at sun.reflect.GeneratedMethodAccessor150.invoke(Unknown Source)
at sun.reflect.DelegatingMethodAccessorImpl.invoke(Unknown Source)
at java.lang.reflect.Method.invoke(Unknown Source)
at org.testng.internal.MethodInvocationHelper.invokeMethod(MethodInvocationHelper.java:133)
at org.testng.internal.TestInvoker.invokeMethod(TestInvoker.java:584)
at org.testng.internal.TestInvoker.invokeTestMethod(TestInvoker.java:172)
at org.testng.internal.MethodRunner.runInSequence(MethodRunner.java:46)
at org.testng.internal.TestInvoker$MethodInvocationAgent.invoke(TestInvoker.java:804)
at org.testng.internal.TestInvoker.invokeTestMethods(TestInvoker.java:145)
at org.testng.internal.TestMethodWorker.invokeTestMethods(TestMethodWorker.java:146)
at org.testng.internal.TestMethodWorker.run(TestMethodWorker.java:128)
at java.util.ArrayList.forEach(Unknown Source)
at org.testng.TestRunner.privateRun(TestRunner.java:770)
at org.testng.TestRunner.run(TestRunner.java:591)
at org.testng.SuiteRunner.runTest(SuiteRunner.java:402)
at org.testng.SuiteRunner.runSequentially(SuiteRunner.java:396)
at org.testng.SuiteRunner.privateRun(SuiteRunner.java:355)
at org.testng.SuiteRunner.run(SuiteRunner.java:304)
at org.testng.SuiteRunnerWorker.runSuite(SuiteRunnerWorker.java:53)
at org.testng.SuiteRunnerWorker.run(SuiteRunnerWorker.java:96)
at org.testng.TestNG.runSuitesSequentially(TestNG.java:1180)
at org.testng.TestNG.runSuitesLocally(TestNG.java:1102)
at org.testng.TestNG.runSuites(TestNG.java:1032)
at org.testng.TestNG.run(TestNG.java:1000)
at org.testng.remote.AbstractRemoteTestNG.run(AbstractRemoteTestNG.java:115)
at org.testng.remote.RemoteTestNG.initAndRun(RemoteTestNG.java:251)
at org.testng.remote.RemoteTestNG.main(RemoteTestNG.java:77)
]]>
    </failure>
  </testcase> <!-- getUsage -->
  <testcase name="testGetOneOffCharges" time="0.188" classname="testCases.api.TestBillingAbstractor"/>
  <testcase name="getUsage" time="0.781" classname="testCases.api.TestBillingAbstractor"/>
  <testcase name="testGetOneOffCharges" time="0.186" classname="testCases.api.TestBillingAbstractor"/>
  <testcase name="getUsageSummary" time="0.162" classname="testCases.api.TestBillingAbstractor"/>
  <testcase name="getUsageSummary" time="0.176" classname="testCases.api.TestBillingAbstractor"/>
  <testcase name="getUsageSummary" time="0.161" classname="testCases.api.TestBillingAbstractor"/>
  <testcase name="testGetOneOffCharges" time="0.157" classname="testCases.api.TestBillingAbstractor"/>
  <testcase name="getUsage" time="0.264" classname="testCases.api.TestBillingAbstractor"/>
  <testcase name="getUsage" time="0.610" classname="testCases.api.TestBillingAbstractor"/>
  <testcase name="testGetOneOffCharges" time="0.170" classname="testCases.api.TestBillingAbstractor"/>
  <testcase name="getUsage" time="0.248" classname="testCases.api.TestBillingAbstractor"/>
  <testcase name="getUsageSummary" time="0.223" classname="testCases.api.TestBillingAbstractor"/>
  <testcase name="getUsageSummary" time="0.179" classname="testCases.api.TestBillingAbstractor"/>
  <testcase name="testGetOneOffCharges" time="0.186" classname="testCases.api.TestBillingAbstractor"/>
  <testcase name="getUsage" time="0.526" classname="testCases.api.TestBillingAbstractor"/>
  <testcase name="getUsageSummary" time="0.158" classname="testCases.api.TestBillingAbstractor"/>
  <testcase name="getUsageSummary" time="0.156" classname="testCases.api.TestBillingAbstractor"/>
  <testcase name="getUsage" time="0.504" classname="testCases.api.TestBillingAbstractor"/>
  <testcase name="getUsageSummary" time="0.127" classname="testCases.api.TestBillingAbstractor"/>
  <testcase name="getUsage" time="0.268" classname="testCases.api.TestBillingAbstractor"/>
  <testcase name="testGetOneOffCharges" time="0.175" classname="testCases.api.TestBillingAbstractor"/>
  <testcase name="getUsage" time="0.483" classname="testCases.api.TestBillingAbstractor"/>
  <testcase name="getUsage" time="0.337" classname="testCases.api.TestBillingAbstractor"/>
  <testcase name="getUsage" time="0.312" classname="testCases.api.TestBillingAbstractor"/>
  <testcase name="testGetOneOffCharges" time="0.182" classname="testCases.api.TestBillingAbstractor"/>
  <testcase name="getUsageSummary" time="0.139" classname="testCases.api.TestBillingAbstractor"/>
  <testcase name="getUsageSummary" time="0.133" classname="testCases.api.TestBillingAbstractor"/>
  <testcase name="testGetOneOffCharges" time="0.188" classname="testCases.api.TestBillingAbstractor"/>
  <testcase name="getUsage" time="0.316" classname="testCases.api.TestBillingAbstractor"/>
  <testcase name="getUsageSummary" time="0.127" classname="testCases.api.TestBillingAbstractor"/>
  <testcase name="getUsage" time="0.259" classname="testCases.api.TestBillingAbstractor"/>
  <testcase name="getUsage" time="0.457" classname="testCases.api.TestBillingAbstractor"/>
  <testcase name="getUsage" time="0.288" classname="testCases.api.TestBillingAbstractor"/>
  <testcase name="getUsage" time="0.271" classname="testCases.api.TestBillingAbstractor"/>
  <testcase name="getUsage" time="0.265" classname="testCases.api.TestBillingAbstractor"/>
  <testcase name="getUsageSummary" time="0.161" classname="testCases.api.TestBillingAbstractor"/>
  <testcase name="getUsage" time="0.475" classname="testCases.api.TestBillingAbstractor"/>
  <testcase name="getUsage" time="0.277" classname="testCases.api.TestBillingAbstractor"/>
  <testcase name="getUsage" time="0.257" classname="testCases.api.TestBillingAbstractor"/>
  <testcase name="testGetOneOffCharges" time="0.176" classname="testCases.api.TestBillingAbstractor"/>
  <testcase name="getUsage" time="0.267" classname="testCases.api.TestBillingAbstractor"/>
  <testcase name="getUsage" time="0.265" classname="testCases.api.TestBillingAbstractor"/>
  <testcase name="testGetOneOffCharges" time="0.173" classname="testCases.api.TestBillingAbstractor"/>
  <testcase name="getUsage" time="0.061" classname="testCases.api.TestBillingAbstractor">
    <failure type="java.lang.AssertionError" message="expected [200] but found [407]">
      <![CDATA[java.lang.AssertionError: expected [200] but found [407]
at org.testng.Assert.fail(Assert.java:97)
at org.testng.Assert.assertEqualsImpl(Assert.java:136)
at org.testng.Assert.assertEquals(Assert.java:118)
at org.testng.Assert.assertEquals(Assert.java:839)
at org.testng.Assert.assertEquals(Assert.java:849)
at testCases.api.TestBillingAbstractor.getUsage(TestBillingAbstractor.java:44)
at sun.reflect.GeneratedMethodAccessor150.invoke(Unknown Source)
at sun.reflect.DelegatingMethodAccessorImpl.invoke(Unknown Source)
at java.lang.reflect.Method.invoke(Unknown Source)
at org.testng.internal.MethodInvocationHelper.invokeMethod(MethodInvocationHelper.java:133)
at org.testng.internal.TestInvoker.invokeMethod(TestInvoker.java:584)
at org.testng.internal.TestInvoker.invokeTestMethod(TestInvoker.java:172)
at org.testng.internal.MethodRunner.runInSequence(MethodRunner.java:46)
at org.testng.internal.TestInvoker$MethodInvocationAgent.invoke(TestInvoker.java:804)
at org.testng.internal.TestInvoker.invokeTestMethods(TestInvoker.java:145)
at org.testng.internal.TestMethodWorker.invokeTestMethods(TestMethodWorker.java:146)
at org.testng.internal.TestMethodWorker.run(TestMethodWorker.java:128)
at java.util.ArrayList.forEach(Unknown Source)
at org.testng.TestRunner.privateRun(TestRunner.java:770)
at org.testng.TestRunner.run(TestRunner.java:591)
at org.testng.SuiteRunner.runTest(SuiteRunner.java:402)
at org.testng.SuiteRunner.runSequentially(SuiteRunner.java:396)
at org.testng.SuiteRunner.privateRun(SuiteRunner.java:355)
at org.testng.SuiteRunner.run(SuiteRunner.java:304)
at org.testng.SuiteRunnerWorker.runSuite(SuiteRunnerWorker.java:53)
at org.testng.SuiteRunnerWorker.run(SuiteRunnerWorker.java:96)
at org.testng.TestNG.runSuitesSequentially(TestNG.java:1180)
at org.testng.TestNG.runSuitesLocally(TestNG.java:1102)
at org.testng.TestNG.runSuites(TestNG.java:1032)
at org.testng.TestNG.run(TestNG.java:1000)
at org.testng.remote.AbstractRemoteTestNG.run(AbstractRemoteTestNG.java:115)
at org.testng.remote.RemoteTestNG.initAndRun(RemoteTestNG.java:251)
at org.testng.remote.RemoteTestNG.main(RemoteTestNG.java:77)
]]>
    </failure>
  </testcase> <!-- getUsage -->
  <testcase name="testGetOneOffCharges" time="0.180" classname="testCases.api.TestBillingAbstractor"/>
  <testcase name="getUsage" time="0.688" classname="testCases.api.TestBillingAbstractor"/>
  <testcase name="getUsage" time="0.259" classname="testCases.api.TestBillingAbstractor"/>
  <testcase name="getUsageSummary" time="0.143" classname="testCases.api.TestBillingAbstractor"/>
  <testcase name="getUsage" time="0.296" classname="testCases.api.TestBillingAbstractor"/>
  <testcase name="getUsageSummary" time="0.139" classname="testCases.api.TestBillingAbstractor"/>
  <testcase name="getUsage" time="0.260" classname="testCases.api.TestBillingAbstractor"/>
  <testcase name="getUsage" time="0.081" classname="testCases.api.TestBillingAbstractor">
    <failure type="java.lang.AssertionError" message="expected [200] but found [407]">
      <![CDATA[java.lang.AssertionError: expected [200] but found [407]
at org.testng.Assert.fail(Assert.java:97)
at org.testng.Assert.assertEqualsImpl(Assert.java:136)
at org.testng.Assert.assertEquals(Assert.java:118)
at org.testng.Assert.assertEquals(Assert.java:839)
at org.testng.Assert.assertEquals(Assert.java:849)
at testCases.api.TestBillingAbstractor.getUsage(TestBillingAbstractor.java:44)
at sun.reflect.GeneratedMethodAccessor150.invoke(Unknown Source)
at sun.reflect.DelegatingMethodAccessorImpl.invoke(Unknown Source)
at java.lang.reflect.Method.invoke(Unknown Source)
at org.testng.internal.MethodInvocationHelper.invokeMethod(MethodInvocationHelper.java:133)
at org.testng.internal.TestInvoker.invokeMethod(TestInvoker.java:584)
at org.testng.internal.TestInvoker.invokeTestMethod(TestInvoker.java:172)
at org.testng.internal.MethodRunner.runInSequence(MethodRunner.java:46)
at org.testng.internal.TestInvoker$MethodInvocationAgent.invoke(TestInvoker.java:804)
at org.testng.internal.TestInvoker.invokeTestMethods(TestInvoker.java:145)
at org.testng.internal.TestMethodWorker.invokeTestMethods(TestMethodWorker.java:146)
at org.testng.internal.TestMethodWorker.run(TestMethodWorker.java:128)
at java.util.ArrayList.forEach(Unknown Source)
at org.testng.TestRunner.privateRun(TestRunner.java:770)
at org.testng.TestRunner.run(TestRunner.java:591)
at org.testng.SuiteRunner.runTest(SuiteRunner.java:402)
at org.testng.SuiteRunner.runSequentially(SuiteRunner.java:396)
at org.testng.SuiteRunner.privateRun(SuiteRunner.java:355)
at org.testng.SuiteRunner.run(SuiteRunner.java:304)
at org.testng.SuiteRunnerWorker.runSuite(SuiteRunnerWorker.java:53)
at org.testng.SuiteRunnerWorker.run(SuiteRunnerWorker.java:96)
at org.testng.TestNG.runSuitesSequentially(TestNG.java:1180)
at org.testng.TestNG.runSuitesLocally(TestNG.java:1102)
at org.testng.TestNG.runSuites(TestNG.java:1032)
at org.testng.TestNG.run(TestNG.java:1000)
at org.testng.remote.AbstractRemoteTestNG.run(AbstractRemoteTestNG.java:115)
at org.testng.remote.RemoteTestNG.initAndRun(RemoteTestNG.java:251)
at org.testng.remote.RemoteTestNG.main(RemoteTestNG.java:77)
]]>
    </failure>
  </testcase> <!-- getUsage -->
  <testcase name="getUsage" time="0.488" classname="testCases.api.TestBillingAbstractor"/>
  <testcase name="getUsage" time="0.039" classname="testCases.api.TestBillingAbstractor">
    <failure type="java.lang.AssertionError" message="expected [200] but found [407]">
      <![CDATA[java.lang.AssertionError: expected [200] but found [407]
at org.testng.Assert.fail(Assert.java:97)
at org.testng.Assert.assertEqualsImpl(Assert.java:136)
at org.testng.Assert.assertEquals(Assert.java:118)
at org.testng.Assert.assertEquals(Assert.java:839)
at org.testng.Assert.assertEquals(Assert.java:849)
at testCases.api.TestBillingAbstractor.getUsage(TestBillingAbstractor.java:44)
at sun.reflect.GeneratedMethodAccessor150.invoke(Unknown Source)
at sun.reflect.DelegatingMethodAccessorImpl.invoke(Unknown Source)
at java.lang.reflect.Method.invoke(Unknown Source)
at org.testng.internal.MethodInvocationHelper.invokeMethod(MethodInvocationHelper.java:133)
at org.testng.internal.TestInvoker.invokeMethod(TestInvoker.java:584)
at org.testng.internal.TestInvoker.invokeTestMethod(TestInvoker.java:172)
at org.testng.internal.MethodRunner.runInSequence(MethodRunner.java:46)
at org.testng.internal.TestInvoker$MethodInvocationAgent.invoke(TestInvoker.java:804)
at org.testng.internal.TestInvoker.invokeTestMethods(TestInvoker.java:145)
at org.testng.internal.TestMethodWorker.invokeTestMethods(TestMethodWorker.java:146)
at org.testng.internal.TestMethodWorker.run(TestMethodWorker.java:128)
at java.util.ArrayList.forEach(Unknown Source)
at org.testng.TestRunner.privateRun(TestRunner.java:770)
at org.testng.TestRunner.run(TestRunner.java:591)
at org.testng.SuiteRunner.runTest(SuiteRunner.java:402)
at org.testng.SuiteRunner.runSequentially(SuiteRunner.java:396)
at org.testng.SuiteRunner.privateRun(SuiteRunner.java:355)
at org.testng.SuiteRunner.run(SuiteRunner.java:304)
at org.testng.SuiteRunnerWorker.runSuite(SuiteRunnerWorker.java:53)
at org.testng.SuiteRunnerWorker.run(SuiteRunnerWorker.java:96)
at org.testng.TestNG.runSuitesSequentially(TestNG.java:1180)
at org.testng.TestNG.runSuitesLocally(TestNG.java:1102)
at org.testng.TestNG.runSuites(TestNG.java:1032)
at org.testng.TestNG.run(TestNG.java:1000)
at org.testng.remote.AbstractRemoteTestNG.run(AbstractRemoteTestNG.java:115)
at org.testng.remote.RemoteTestNG.initAndRun(RemoteTestNG.java:251)
at org.testng.remote.RemoteTestNG.main(RemoteTestNG.java:77)
]]>
    </failure>
  </testcase> <!-- getUsage -->
  <testcase name="getUsage" time="0.269" classname="testCases.api.TestBillingAbstractor"/>
  <testcase name="getUsage" time="0.482" classname="testCases.api.TestBillingAbstractor"/>
  <testcase name="testGetOneOffCharges" time="0.172" classname="testCases.api.TestBillingAbstractor"/>
  <testcase name="getUsage" time="0.263" classname="testCases.api.TestBillingAbstractor"/>
  <testcase name="getUsage" time="0.249" classname="testCases.api.TestBillingAbstractor"/>
  <testcase name="getUsageSummary" time="0.133" classname="testCases.api.TestBillingAbstractor"/>
  <testcase name="getUsageSummary" time="0.182" classname="testCases.api.TestBillingAbstractor"/>
  <testcase name="getUsage" time="0.232" classname="testCases.api.TestBillingAbstractor"/>
  <testcase name="testGetOneOffCharges" time="0.172" classname="testCases.api.TestBillingAbstractor"/>
  <testcase name="getUsageSummary" time="0.136" classname="testCases.api.TestBillingAbstractor"/>
  <testcase name="getUsageSummary" time="0.145" classname="testCases.api.TestBillingAbstractor"/>
  <testcase name="getUsageSummary" time="0.142" classname="testCases.api.TestBillingAbstractor"/>
  <testcase name="getUsageSummary" time="0.164" classname="testCases.api.TestBillingAbstractor"/>
  <testcase name="getUsage" time="0.558" classname="testCases.api.TestBillingAbstractor"/>
  <testcase name="getUsageSummary" time="0.138" classname="testCases.api.TestBillingAbstractor"/>
  <testcase name="getUsage" time="0.494" classname="testCases.api.TestBillingAbstractor"/>
  <testcase name="getUsageSummary" time="0.187" classname="testCases.api.TestBillingAbstractor"/>
  <testcase name="getUsage" time="0.331" classname="testCases.api.TestBillingAbstractor"/>
  <testcase name="getUsageSummary" time="0.203" classname="testCases.api.TestBillingAbstractor"/>
  <testcase name="getUsageSummary" time="0.147" classname="testCases.api.TestBillingAbstractor"/>
  <testcase name="getUsageSummary" time="0.138" classname="testCases.api.TestBillingAbstractor"/>
  <testcase name="getUsage" time="0.512" classname="testCases.api.TestBillingAbstractor"/>
  <testcase name="getUsage" time="0.492" classname="testCases.api.TestBillingAbstractor"/>
  <testcase name="getUsageSummary" time="0.137" classname="testCases.api.TestBillingAbstractor"/>
  <testcase name="getUsage" time="0.234" classname="testCases.api.TestBillingAbstractor"/>
  <testcase name="getUsageSummary" time="0.148" classname="testCases.api.TestBillingAbstractor"/>
  <testcase name="testGetOneOffCharges" time="0.180" classname="testCases.api.TestBillingAbstractor"/>
  <testcase name="getUsageSummary" time="0.117" classname="testCases.api.TestBillingAbstractor"/>
  <testcase name="testGetOneOffCharges" time="0.163" classname="testCases.api.TestBillingAbstractor"/>
  <testcase name="testGetOneOffCharges" time="0.191" classname="testCases.api.TestBillingAbstractor"/>
  <testcase name="getUsageSummary" time="0.166" classname="testCases.api.TestBillingAbstractor"/>
  <testcase name="testGetOneOffCharges" time="0.155" classname="testCases.api.TestBillingAbstractor"/>
  <testcase name="getUsageSummary" time="0.172" classname="testCases.api.TestBillingAbstractor"/>
  <testcase name="getUsage" time="0.036" classname="testCases.api.TestBillingAbstractor">
    <failure type="java.lang.AssertionError" message="expected [200] but found [407]">
      <![CDATA[java.lang.AssertionError: expected [200] but found [407]
at org.testng.Assert.fail(Assert.java:97)
at org.testng.Assert.assertEqualsImpl(Assert.java:136)
at org.testng.Assert.assertEquals(Assert.java:118)
at org.testng.Assert.assertEquals(Assert.java:839)
at org.testng.Assert.assertEquals(Assert.java:849)
at testCases.api.TestBillingAbstractor.getUsage(TestBillingAbstractor.java:44)
at sun.reflect.GeneratedMethodAccessor150.invoke(Unknown Source)
at sun.reflect.DelegatingMethodAccessorImpl.invoke(Unknown Source)
at java.lang.reflect.Method.invoke(Unknown Source)
at org.testng.internal.MethodInvocationHelper.invokeMethod(MethodInvocationHelper.java:133)
at org.testng.internal.TestInvoker.invokeMethod(TestInvoker.java:584)
at org.testng.internal.TestInvoker.invokeTestMethod(TestInvoker.java:172)
at org.testng.internal.MethodRunner.runInSequence(MethodRunner.java:46)
at org.testng.internal.TestInvoker$MethodInvocationAgent.invoke(TestInvoker.java:804)
at org.testng.internal.TestInvoker.invokeTestMethods(TestInvoker.java:145)
at org.testng.internal.TestMethodWorker.invokeTestMethods(TestMethodWorker.java:146)
at org.testng.internal.TestMethodWorker.run(TestMethodWorker.java:128)
at java.util.ArrayList.forEach(Unknown Source)
at org.testng.TestRunner.privateRun(TestRunner.java:770)
at org.testng.TestRunner.run(TestRunner.java:591)
at org.testng.SuiteRunner.runTest(SuiteRunner.java:402)
at org.testng.SuiteRunner.runSequentially(SuiteRunner.java:396)
at org.testng.SuiteRunner.privateRun(SuiteRunner.java:355)
at org.testng.SuiteRunner.run(SuiteRunner.java:304)
at org.testng.SuiteRunnerWorker.runSuite(SuiteRunnerWorker.java:53)
at org.testng.SuiteRunnerWorker.run(SuiteRunnerWorker.java:96)
at org.testng.TestNG.runSuitesSequentially(TestNG.java:1180)
at org.testng.TestNG.runSuitesLocally(TestNG.java:1102)
at org.testng.TestNG.runSuites(TestNG.java:1032)
at org.testng.TestNG.run(TestNG.java:1000)
at org.testng.remote.AbstractRemoteTestNG.run(AbstractRemoteTestNG.java:115)
at org.testng.remote.RemoteTestNG.initAndRun(RemoteTestNG.java:251)
at org.testng.remote.RemoteTestNG.main(RemoteTestNG.java:77)
]]>
    </failure>
  </testcase> <!-- getUsage -->
  <testcase name="getUsageSummary" time="0.203" classname="testCases.api.TestBillingAbstractor"/>
  <testcase name="getUsage" time="0.545" classname="testCases.api.TestBillingAbstractor"/>
  <testcase name="getUsage" time="0.576" classname="testCases.api.TestBillingAbstractor"/>
  <testcase name="getUsageSummary" time="0.176" classname="testCases.api.TestBillingAbstractor"/>
  <testcase name="getUsage" time="0.675" classname="testCases.api.TestBillingAbstractor"/>
  <testcase name="getUsage" time="0.656" classname="testCases.api.TestBillingAbstractor"/>
  <testcase name="testGetOneOffCharges" time="0.177" classname="testCases.api.TestBillingAbstractor"/>
  <testcase name="testGetOneOffCharges" time="0.151" classname="testCases.api.TestBillingAbstractor"/>
  <testcase name="getUsageSummary" time="0.134" classname="testCases.api.TestBillingAbstractor"/>
  <testcase name="getUsageSummary" time="0.156" classname="testCases.api.TestBillingAbstractor"/>
  <testcase name="getUsage" time="0.305" classname="testCases.api.TestBillingAbstractor"/>
  <testcase name="getUsageSummary" time="0.177" classname="testCases.api.TestBillingAbstractor"/>
  <testcase name="testGetOneOffCharges" time="0.157" classname="testCases.api.TestBillingAbstractor"/>
  <testcase name="getUsage" time="0.617" classname="testCases.api.TestBillingAbstractor"/>
  <testcase name="getUsageSummary" time="0.140" classname="testCases.api.TestBillingAbstractor"/>
  <testcase name="getUsageSummary" time="0.181" classname="testCases.api.TestBillingAbstractor"/>
  <testcase name="getUsage" time="0.536" classname="testCases.api.TestBillingAbstractor"/>
  <testcase name="testGetOneOffCharges" time="0.184" classname="testCases.api.TestBillingAbstractor"/>
  <testcase name="getUsage" time="0.509" classname="testCases.api.TestBillingAbstractor"/>
  <testcase name="testGetOneOffCharges" time="0.231" classname="testCases.api.TestBillingAbstractor">
    <failure type="java.lang.AssertionError" message="expected [200] but found [404]">
      <![CDATA[java.lang.AssertionError: expected [200] but found [404]
at org.testng.Assert.fail(Assert.java:97)
at org.testng.Assert.assertEqualsImpl(Assert.java:136)
at org.testng.Assert.assertEquals(Assert.java:118)
at org.testng.Assert.assertEquals(Assert.java:839)
at org.testng.Assert.assertEquals(Assert.java:849)
at testCases.api.TestBillingAbstractor.testGetOneOffCharges(TestBillingAbstractor.java:34)
at sun.reflect.GeneratedMethodAccessor65.invoke(Unknown Source)
at sun.reflect.DelegatingMethodAccessorImpl.invoke(Unknown Source)
at java.lang.reflect.Method.invoke(Unknown Source)
at org.testng.internal.MethodInvocationHelper.invokeMethod(MethodInvocationHelper.java:133)
at org.testng.internal.TestInvoker.invokeMethod(TestInvoker.java:584)
at org.testng.internal.TestInvoker.invokeTestMethod(TestInvoker.java:172)
at org.testng.internal.MethodRunner.runInSequence(MethodRunner.java:46)
at org.testng.internal.TestInvoker$MethodInvocationAgent.invoke(TestInvoker.java:804)
at org.testng.internal.TestInvoker.invokeTestMethods(TestInvoker.java:145)
at org.testng.internal.TestMethodWorker.invokeTestMethods(TestMethodWorker.java:146)
at org.testng.internal.TestMethodWorker.run(TestMethodWorker.java:128)
at java.util.ArrayList.forEach(Unknown Source)
at org.testng.TestRunner.privateRun(TestRunner.java:770)
at org.testng.TestRunner.run(TestRunner.java:591)
at org.testng.SuiteRunner.runTest(SuiteRunner.java:402)
at org.testng.SuiteRunner.runSequentially(SuiteRunner.java:396)
at org.testng.SuiteRunner.privateRun(SuiteRunner.java:355)
at org.testng.SuiteRunner.run(SuiteRunner.java:304)
at org.testng.SuiteRunnerWorker.runSuite(SuiteRunnerWorker.java:53)
at org.testng.SuiteRunnerWorker.run(SuiteRunnerWorker.java:96)
at org.testng.TestNG.runSuitesSequentially(TestNG.java:1180)
at org.testng.TestNG.runSuitesLocally(TestNG.java:1102)
at org.testng.TestNG.runSuites(TestNG.java:1032)
at org.testng.TestNG.run(TestNG.java:1000)
at org.testng.remote.AbstractRemoteTestNG.run(AbstractRemoteTestNG.java:115)
at org.testng.remote.RemoteTestNG.initAndRun(RemoteTestNG.java:251)
at org.testng.remote.RemoteTestNG.main(RemoteTestNG.java:77)
]]>
    </failure>
  </testcase> <!-- testGetOneOffCharges -->
  <testcase name="getUsage" time="0.244" classname="testCases.api.TestBillingAbstractor"/>
  <testcase name="getUsage" time="0.259" classname="testCases.api.TestBillingAbstractor"/>
  <testcase name="getUsageSummary" time="0.200" classname="testCases.api.TestBillingAbstractor"/>
  <testcase name="testGetOneOffCharges" time="0.216" classname="testCases.api.TestBillingAbstractor"/>
  <testcase name="getUsageSummary" time="0.176" classname="testCases.api.TestBillingAbstractor"/>
  <testcase name="testGetOneOffCharges" time="0.120" classname="testCases.api.TestBillingAbstractor">
    <failure type="java.lang.AssertionError" message="expected [200] but found [404]">
      <![CDATA[java.lang.AssertionError: expected [200] but found [404]
at org.testng.Assert.fail(Assert.java:97)
at org.testng.Assert.assertEqualsImpl(Assert.java:136)
at org.testng.Assert.assertEquals(Assert.java:118)
at org.testng.Assert.assertEquals(Assert.java:839)
at org.testng.Assert.assertEquals(Assert.java:849)
at testCases.api.TestBillingAbstractor.testGetOneOffCharges(TestBillingAbstractor.java:34)
at sun.reflect.GeneratedMethodAccessor65.invoke(Unknown Source)
at sun.reflect.DelegatingMethodAccessorImpl.invoke(Unknown Source)
at java.lang.reflect.Method.invoke(Unknown Source)
at org.testng.internal.MethodInvocationHelper.invokeMethod(MethodInvocationHelper.java:133)
at org.testng.internal.TestInvoker.invokeMethod(TestInvoker.java:584)
at org.testng.internal.TestInvoker.invokeTestMethod(TestInvoker.java:172)
at org.testng.internal.MethodRunner.runInSequence(MethodRunner.java:46)
at org.testng.internal.TestInvoker$MethodInvocationAgent.invoke(TestInvoker.java:804)
at org.testng.internal.TestInvoker.invokeTestMethods(TestInvoker.java:145)
at org.testng.internal.TestMethodWorker.invokeTestMethods(TestMethodWorker.java:146)
at org.testng.internal.TestMethodWorker.run(TestMethodWorker.java:128)
at java.util.ArrayList.forEach(Unknown Source)
at org.testng.TestRunner.privateRun(TestRunner.java:770)
at org.testng.TestRunner.run(TestRunner.java:591)
at org.testng.SuiteRunner.runTest(SuiteRunner.java:402)
at org.testng.SuiteRunner.runSequentially(SuiteRunner.java:396)
at org.testng.SuiteRunner.privateRun(SuiteRunner.java:355)
at org.testng.SuiteRunner.run(SuiteRunner.java:304)
at org.testng.SuiteRunnerWorker.runSuite(SuiteRunnerWorker.java:53)
at org.testng.SuiteRunnerWorker.run(SuiteRunnerWorker.java:96)
at org.testng.TestNG.runSuitesSequentially(TestNG.java:1180)
at org.testng.TestNG.runSuitesLocally(TestNG.java:1102)
at org.testng.TestNG.runSuites(TestNG.java:1032)
at org.testng.TestNG.run(TestNG.java:1000)
at org.testng.remote.AbstractRemoteTestNG.run(AbstractRemoteTestNG.java:115)
at org.testng.remote.RemoteTestNG.initAndRun(RemoteTestNG.java:251)
at org.testng.remote.RemoteTestNG.main(RemoteTestNG.java:77)
]]>
    </failure>
  </testcase> <!-- testGetOneOffCharges -->
  <testcase name="getUsage" time="0.446" classname="testCases.api.TestBillingAbstractor"/>
  <testcase name="getUsageSummary" time="0.139" classname="testCases.api.TestBillingAbstractor"/>
  <testcase name="testGetOneOffCharges" time="0.183" classname="testCases.api.TestBillingAbstractor"/>
  <testcase name="getUsageSummary" time="0.171" classname="testCases.api.TestBillingAbstractor"/>
  <testcase name="getUsage" time="0.294" classname="testCases.api.TestBillingAbstractor"/>
  <testcase name="getUsage" time="0.253" classname="testCases.api.TestBillingAbstractor"/>
  <testcase name="getUsage" time="0.036" classname="testCases.api.TestBillingAbstractor">
    <failure type="java.lang.AssertionError" message="expected [200] but found [407]">
      <![CDATA[java.lang.AssertionError: expected [200] but found [407]
at org.testng.Assert.fail(Assert.java:97)
at org.testng.Assert.assertEqualsImpl(Assert.java:136)
at org.testng.Assert.assertEquals(Assert.java:118)
at org.testng.Assert.assertEquals(Assert.java:839)
at org.testng.Assert.assertEquals(Assert.java:849)
at testCases.api.TestBillingAbstractor.getUsage(TestBillingAbstractor.java:44)
at sun.reflect.GeneratedMethodAccessor150.invoke(Unknown Source)
at sun.reflect.DelegatingMethodAccessorImpl.invoke(Unknown Source)
at java.lang.reflect.Method.invoke(Unknown Source)
at org.testng.internal.MethodInvocationHelper.invokeMethod(MethodInvocationHelper.java:133)
at org.testng.internal.TestInvoker.invokeMethod(TestInvoker.java:584)
at org.testng.internal.TestInvoker.invokeTestMethod(TestInvoker.java:172)
at org.testng.internal.MethodRunner.runInSequence(MethodRunner.java:46)
at org.testng.internal.TestInvoker$MethodInvocationAgent.invoke(TestInvoker.java:804)
at org.testng.internal.TestInvoker.invokeTestMethods(TestInvoker.java:145)
at org.testng.internal.TestMethodWorker.invokeTestMethods(TestMethodWorker.java:146)
at org.testng.internal.TestMethodWorker.run(TestMethodWorker.java:128)
at java.util.ArrayList.forEach(Unknown Source)
at org.testng.TestRunner.privateRun(TestRunner.java:770)
at org.testng.TestRunner.run(TestRunner.java:591)
at org.testng.SuiteRunner.runTest(SuiteRunner.java:402)
at org.testng.SuiteRunner.runSequentially(SuiteRunner.java:396)
at org.testng.SuiteRunner.privateRun(SuiteRunner.java:355)
at org.testng.SuiteRunner.run(SuiteRunner.java:304)
at org.testng.SuiteRunnerWorker.runSuite(SuiteRunnerWorker.java:53)
at org.testng.SuiteRunnerWorker.run(SuiteRunnerWorker.java:96)
at org.testng.TestNG.runSuitesSequentially(TestNG.java:1180)
at org.testng.TestNG.runSuitesLocally(TestNG.java:1102)
at org.testng.TestNG.runSuites(TestNG.java:1032)
at org.testng.TestNG.run(TestNG.java:1000)
at org.testng.remote.AbstractRemoteTestNG.run(AbstractRemoteTestNG.java:115)
at org.testng.remote.RemoteTestNG.initAndRun(RemoteTestNG.java:251)
at org.testng.remote.RemoteTestNG.main(RemoteTestNG.java:77)
]]>
    </failure>
  </testcase> <!-- getUsage -->
  <testcase name="getUsageSummary" time="0.145" classname="testCases.api.TestBillingAbstractor"/>
  <testcase name="getUsage" time="0.280" classname="testCases.api.TestBillingAbstractor"/>
  <testcase name="getUsageSummary" time="0.150" classname="testCases.api.TestBillingAbstractor"/>
  <testcase name="getUsage" time="0.235" classname="testCases.api.TestBillingAbstractor"/>
  <testcase name="getUsage" time="0.081" classname="testCases.api.TestBillingAbstractor">
    <failure type="java.lang.AssertionError" message="expected [200] but found [407]">
      <![CDATA[java.lang.AssertionError: expected [200] but found [407]
at org.testng.Assert.fail(Assert.java:97)
at org.testng.Assert.assertEqualsImpl(Assert.java:136)
at org.testng.Assert.assertEquals(Assert.java:118)
at org.testng.Assert.assertEquals(Assert.java:839)
at org.testng.Assert.assertEquals(Assert.java:849)
at testCases.api.TestBillingAbstractor.getUsage(TestBillingAbstractor.java:44)
at sun.reflect.GeneratedMethodAccessor150.invoke(Unknown Source)
at sun.reflect.DelegatingMethodAccessorImpl.invoke(Unknown Source)
at java.lang.reflect.Method.invoke(Unknown Source)
at org.testng.internal.MethodInvocationHelper.invokeMethod(MethodInvocationHelper.java:133)
at org.testng.internal.TestInvoker.invokeMethod(TestInvoker.java:584)
at org.testng.internal.TestInvoker.invokeTestMethod(TestInvoker.java:172)
at org.testng.internal.MethodRunner.runInSequence(MethodRunner.java:46)
at org.testng.internal.TestInvoker$MethodInvocationAgent.invoke(TestInvoker.java:804)
at org.testng.internal.TestInvoker.invokeTestMethods(TestInvoker.java:145)
at org.testng.internal.TestMethodWorker.invokeTestMethods(TestMethodWorker.java:146)
at org.testng.internal.TestMethodWorker.run(TestMethodWorker.java:128)
at java.util.ArrayList.forEach(Unknown Source)
at org.testng.TestRunner.privateRun(TestRunner.java:770)
at org.testng.TestRunner.run(TestRunner.java:591)
at org.testng.SuiteRunner.runTest(SuiteRunner.java:402)
at org.testng.SuiteRunner.runSequentially(SuiteRunner.java:396)
at org.testng.SuiteRunner.privateRun(SuiteRunner.java:355)
at org.testng.SuiteRunner.run(SuiteRunner.java:304)
at org.testng.SuiteRunnerWorker.runSuite(SuiteRunnerWorker.java:53)
at org.testng.SuiteRunnerWorker.run(SuiteRunnerWorker.java:96)
at org.testng.TestNG.runSuitesSequentially(TestNG.java:1180)
at org.testng.TestNG.runSuitesLocally(TestNG.java:1102)
at org.testng.TestNG.runSuites(TestNG.java:1032)
at org.testng.TestNG.run(TestNG.java:1000)
at org.testng.remote.AbstractRemoteTestNG.run(AbstractRemoteTestNG.java:115)
at org.testng.remote.RemoteTestNG.initAndRun(RemoteTestNG.java:251)
at org.testng.remote.RemoteTestNG.main(RemoteTestNG.java:77)
]]>
    </failure>
  </testcase> <!-- getUsage -->
  <testcase name="getUsage" time="0.276" classname="testCases.api.TestBillingAbstractor"/>
  <testcase name="getUsage" time="0.494" classname="testCases.api.TestBillingAbstractor"/>
  <testcase name="getUsageSummary" time="0.182" classname="testCases.api.TestBillingAbstractor"/>
  <testcase name="getUsage" time="0.588" classname="testCases.api.TestBillingAbstractor"/>
  <testcase name="getUsageSummary" time="0.254" classname="testCases.api.TestBillingAbstractor"/>
  <testcase name="getUsage" time="0.232" classname="testCases.api.TestBillingAbstractor"/>
  <testcase name="getUsage" time="0.535" classname="testCases.api.TestBillingAbstractor"/>
  <testcase name="getUsageSummary" time="0.163" classname="testCases.api.TestBillingAbstractor"/>
  <testcase name="getUsageSummary" time="0.145" classname="testCases.api.TestBillingAbstractor"/>
  <testcase name="getUsageSummary" time="0.183" classname="testCases.api.TestBillingAbstractor"/>
  <testcase name="getUsage" time="0.575" classname="testCases.api.TestBillingAbstractor"/>
  <testcase name="getUsage" time="0.279" classname="testCases.api.TestBillingAbstractor"/>
  <testcase name="getUsageSummary" time="0.129" classname="testCases.api.TestBillingAbstractor"/>
  <testcase name="getUsageSummary" time="0.195" classname="testCases.api.TestBillingAbstractor"/>
  <testcase name="testGetOneOffCharges" time="0.193" classname="testCases.api.TestBillingAbstractor"/>
  <testcase name="testGetOneOffCharges" time="0.217" classname="testCases.api.TestBillingAbstractor"/>
  <testcase name="getUsageSummary" time="0.135" classname="testCases.api.TestBillingAbstractor"/>
  <testcase name="getUsageSummary" time="0.172" classname="testCases.api.TestBillingAbstractor"/>
  <testcase name="getUsageSummary" time="0.168" classname="testCases.api.TestBillingAbstractor"/>
  <testcase name="getUsageSummary" time="0.179" classname="testCases.api.TestBillingAbstractor"/>
  <testcase name="getUsageSummary" time="0.154" classname="testCases.api.TestBillingAbstractor"/>
  <testcase name="getUsage" time="0.246" classname="testCases.api.TestBillingAbstractor"/>
  <testcase name="getUsage" time="0.056" classname="testCases.api.TestBillingAbstractor">
    <failure type="java.lang.AssertionError" message="expected [200] but found [407]">
      <![CDATA[java.lang.AssertionError: expected [200] but found [407]
at org.testng.Assert.fail(Assert.java:97)
at org.testng.Assert.assertEqualsImpl(Assert.java:136)
at org.testng.Assert.assertEquals(Assert.java:118)
at org.testng.Assert.assertEquals(Assert.java:839)
at org.testng.Assert.assertEquals(Assert.java:849)
at testCases.api.TestBillingAbstractor.getUsage(TestBillingAbstractor.java:44)
at sun.reflect.GeneratedMethodAccessor150.invoke(Unknown Source)
at sun.reflect.DelegatingMethodAccessorImpl.invoke(Unknown Source)
at java.lang.reflect.Method.invoke(Unknown Source)
at org.testng.internal.MethodInvocationHelper.invokeMethod(MethodInvocationHelper.java:133)
at org.testng.internal.TestInvoker.invokeMethod(TestInvoker.java:584)
at org.testng.internal.TestInvoker.invokeTestMethod(TestInvoker.java:172)
at org.testng.internal.MethodRunner.runInSequence(MethodRunner.java:46)
at org.testng.internal.TestInvoker$MethodInvocationAgent.invoke(TestInvoker.java:804)
at org.testng.internal.TestInvoker.invokeTestMethods(TestInvoker.java:145)
at org.testng.internal.TestMethodWorker.invokeTestMethods(TestMethodWorker.java:146)
at org.testng.internal.TestMethodWorker.run(TestMethodWorker.java:128)
at java.util.ArrayList.forEach(Unknown Source)
at org.testng.TestRunner.privateRun(TestRunner.java:770)
at org.testng.TestRunner.run(TestRunner.java:591)
at org.testng.SuiteRunner.runTest(SuiteRunner.java:402)
at org.testng.SuiteRunner.runSequentially(SuiteRunner.java:396)
at org.testng.SuiteRunner.privateRun(SuiteRunner.java:355)
at org.testng.SuiteRunner.run(SuiteRunner.java:304)
at org.testng.SuiteRunnerWorker.runSuite(SuiteRunnerWorker.java:53)
at org.testng.SuiteRunnerWorker.run(SuiteRunnerWorker.java:96)
at org.testng.TestNG.runSuitesSequentially(TestNG.java:1180)
at org.testng.TestNG.runSuitesLocally(TestNG.java:1102)
at org.testng.TestNG.runSuites(TestNG.java:1032)
at org.testng.TestNG.run(TestNG.java:1000)
at org.testng.remote.AbstractRemoteTestNG.run(AbstractRemoteTestNG.java:115)
at org.testng.remote.RemoteTestNG.initAndRun(RemoteTestNG.java:251)
at org.testng.remote.RemoteTestNG.main(RemoteTestNG.java:77)
]]>
    </failure>
  </testcase> <!-- getUsage -->
  <testcase name="testGetOneOffCharges" time="0.187" classname="testCases.api.TestBillingAbstractor"/>
  <testcase name="getUsage" time="0.241" classname="testCases.api.TestBillingAbstractor"/>
  <testcase name="testGetOneOffCharges" time="0.171" classname="testCases.api.TestBillingAbstractor"/>
  <testcase name="testGetOneOffCharges" time="0.162" classname="testCases.api.TestBillingAbstractor"/>
  <testcase name="getUsage" time="0.266" classname="testCases.api.TestBillingAbstractor"/>
  <testcase name="getUsageSummary" time="0.157" classname="testCases.api.TestBillingAbstractor"/>
  <testcase name="getUsage" time="0.245" classname="testCases.api.TestBillingAbstractor"/>
  <testcase name="getUsageSummary" time="0.130" classname="testCases.api.TestBillingAbstractor"/>
  <testcase name="testGetOneOffCharges" time="0.162" classname="testCases.api.TestBillingAbstractor"/>
  <testcase name="getUsage" time="0.287" classname="testCases.api.TestBillingAbstractor"/>
  <testcase name="testGetOneOffCharges" time="0.162" classname="testCases.api.TestBillingAbstractor"/>
  <testcase name="getUsageSummary" time="0.138" classname="testCases.api.TestBillingAbstractor"/>
  <testcase name="getUsageSummary" time="0.170" classname="testCases.api.TestBillingAbstractor"/>
  <testcase name="getUsage" time="0.461" classname="testCases.api.TestBillingAbstractor"/>
  <testcase name="getUsage" time="0.253" classname="testCases.api.TestBillingAbstractor"/>
  <testcase name="getUsageSummary" time="0.161" classname="testCases.api.TestBillingAbstractor"/>
  <testcase name="getUsageSummary" time="0.169" classname="testCases.api.TestBillingAbstractor"/>
  <testcase name="getUsageSummary" time="0.178" classname="testCases.api.TestBillingAbstractor"/>
  <testcase name="getUsage" time="0.576" classname="testCases.api.TestBillingAbstractor"/>
  <testcase name="getUsage" time="0.510" classname="testCases.api.TestBillingAbstractor"/>
  <testcase name="getUsage" time="0.575" classname="testCases.api.TestBillingAbstractor"/>
  <testcase name="testGetOneOffCharges" time="0.168" classname="testCases.api.TestBillingAbstractor"/>
  <testcase name="testGetOneOffCharges" time="0.187" classname="testCases.api.TestBillingAbstractor"/>
  <testcase name="getUsage" time="0.603" classname="testCases.api.TestBillingAbstractor"/>
  <testcase name="getUsage" time="0.440" classname="testCases.api.TestBillingAbstractor"/>
  <testcase name="getUsage" time="0.611" classname="testCases.api.TestBillingAbstractor"/>
  <testcase name="getUsage" time="0.542" classname="testCases.api.TestBillingAbstractor"/>
  <testcase name="getUsageSummary" time="0.144" classname="testCases.api.TestBillingAbstractor"/>
  <testcase name="getUsageSummary" time="0.151" classname="testCases.api.TestBillingAbstractor"/>
  <testcase name="getUsage" time="0.260" classname="testCases.api.TestBillingAbstractor"/>
  <testcase name="getUsageSummary" time="0.138" classname="testCases.api.TestBillingAbstractor"/>
  <testcase name="getUsageSummary" time="0.162" classname="testCases.api.TestBillingAbstractor"/>
  <testcase name="getUsage" time="0.251" classname="testCases.api.TestBillingAbstractor"/>
  <testcase name="getUsageSummary" time="0.134" classname="testCases.api.TestBillingAbstractor"/>
  <testcase name="getUsageSummary" time="0.221" classname="testCases.api.TestBillingAbstractor"/>
  <testcase name="testGetOneOffCharges" time="0.189" classname="testCases.api.TestBillingAbstractor"/>
  <testcase name="getUsage" time="0.777" classname="testCases.api.TestBillingAbstractor"/>
  <testcase name="testGetOneOffCharges" time="0.171" classname="testCases.api.TestBillingAbstractor"/>
  <testcase name="getUsageSummary" time="0.158" classname="testCases.api.TestBillingAbstractor"/>
  <testcase name="getUsage" time="0.049" classname="testCases.api.TestBillingAbstractor">
    <failure type="java.lang.AssertionError" message="expected [200] but found [407]">
      <![CDATA[java.lang.AssertionError: expected [200] but found [407]
at org.testng.Assert.fail(Assert.java:97)
at org.testng.Assert.assertEqualsImpl(Assert.java:136)
at org.testng.Assert.assertEquals(Assert.java:118)
at org.testng.Assert.assertEquals(Assert.java:839)
at org.testng.Assert.assertEquals(Assert.java:849)
at testCases.api.TestBillingAbstractor.getUsage(TestBillingAbstractor.java:44)
at sun.reflect.GeneratedMethodAccessor150.invoke(Unknown Source)
at sun.reflect.DelegatingMethodAccessorImpl.invoke(Unknown Source)
at java.lang.reflect.Method.invoke(Unknown Source)
at org.testng.internal.MethodInvocationHelper.invokeMethod(MethodInvocationHelper.java:133)
at org.testng.internal.TestInvoker.invokeMethod(TestInvoker.java:584)
at org.testng.internal.TestInvoker.invokeTestMethod(TestInvoker.java:172)
at org.testng.internal.MethodRunner.runInSequence(MethodRunner.java:46)
at org.testng.internal.TestInvoker$MethodInvocationAgent.invoke(TestInvoker.java:804)
at org.testng.internal.TestInvoker.invokeTestMethods(TestInvoker.java:145)
at org.testng.internal.TestMethodWorker.invokeTestMethods(TestMethodWorker.java:146)
at org.testng.internal.TestMethodWorker.run(TestMethodWorker.java:128)
at java.util.ArrayList.forEach(Unknown Source)
at org.testng.TestRunner.privateRun(TestRunner.java:770)
at org.testng.TestRunner.run(TestRunner.java:591)
at org.testng.SuiteRunner.runTest(SuiteRunner.java:402)
at org.testng.SuiteRunner.runSequentially(SuiteRunner.java:396)
at org.testng.SuiteRunner.privateRun(SuiteRunner.java:355)
at org.testng.SuiteRunner.run(SuiteRunner.java:304)
at org.testng.SuiteRunnerWorker.runSuite(SuiteRunnerWorker.java:53)
at org.testng.SuiteRunnerWorker.run(SuiteRunnerWorker.java:96)
at org.testng.TestNG.runSuitesSequentially(TestNG.java:1180)
at org.testng.TestNG.runSuitesLocally(TestNG.java:1102)
at org.testng.TestNG.runSuites(TestNG.java:1032)
at org.testng.TestNG.run(TestNG.java:1000)
at org.testng.remote.AbstractRemoteTestNG.run(AbstractRemoteTestNG.java:115)
at org.testng.remote.RemoteTestNG.initAndRun(RemoteTestNG.java:251)
at org.testng.remote.RemoteTestNG.main(RemoteTestNG.java:77)
]]>
    </failure>
  </testcase> <!-- getUsage -->
  <testcase name="getUsage" time="0.512" classname="testCases.api.TestBillingAbstractor"/>
  <testcase name="testGetOneOffCharges" time="0.155" classname="testCases.api.TestBillingAbstractor"/>
  <testcase name="getUsage" time="0.036" classname="testCases.api.TestBillingAbstractor">
    <failure type="java.lang.AssertionError" message="expected [200] but found [407]">
      <![CDATA[java.lang.AssertionError: expected [200] but found [407]
at org.testng.Assert.fail(Assert.java:97)
at org.testng.Assert.assertEqualsImpl(Assert.java:136)
at org.testng.Assert.assertEquals(Assert.java:118)
at org.testng.Assert.assertEquals(Assert.java:839)
at org.testng.Assert.assertEquals(Assert.java:849)
at testCases.api.TestBillingAbstractor.getUsage(TestBillingAbstractor.java:44)
at sun.reflect.GeneratedMethodAccessor150.invoke(Unknown Source)
at sun.reflect.DelegatingMethodAccessorImpl.invoke(Unknown Source)
at java.lang.reflect.Method.invoke(Unknown Source)
at org.testng.internal.MethodInvocationHelper.invokeMethod(MethodInvocationHelper.java:133)
at org.testng.internal.TestInvoker.invokeMethod(TestInvoker.java:584)
at org.testng.internal.TestInvoker.invokeTestMethod(TestInvoker.java:172)
at org.testng.internal.MethodRunner.runInSequence(MethodRunner.java:46)
at org.testng.internal.TestInvoker$MethodInvocationAgent.invoke(TestInvoker.java:804)
at org.testng.internal.TestInvoker.invokeTestMethods(TestInvoker.java:145)
at org.testng.internal.TestMethodWorker.invokeTestMethods(TestMethodWorker.java:146)
at org.testng.internal.TestMethodWorker.run(TestMethodWorker.java:128)
at java.util.ArrayList.forEach(Unknown Source)
at org.testng.TestRunner.privateRun(TestRunner.java:770)
at org.testng.TestRunner.run(TestRunner.java:591)
at org.testng.SuiteRunner.runTest(SuiteRunner.java:402)
at org.testng.SuiteRunner.runSequentially(SuiteRunner.java:396)
at org.testng.SuiteRunner.privateRun(SuiteRunner.java:355)
at org.testng.SuiteRunner.run(SuiteRunner.java:304)
at org.testng.SuiteRunnerWorker.runSuite(SuiteRunnerWorker.java:53)
at org.testng.SuiteRunnerWorker.run(SuiteRunnerWorker.java:96)
at org.testng.TestNG.runSuitesSequentially(TestNG.java:1180)
at org.testng.TestNG.runSuitesLocally(TestNG.java:1102)
at org.testng.TestNG.runSuites(TestNG.java:1032)
at org.testng.TestNG.run(TestNG.java:1000)
at org.testng.remote.AbstractRemoteTestNG.run(AbstractRemoteTestNG.java:115)
at org.testng.remote.RemoteTestNG.initAndRun(RemoteTestNG.java:251)
at org.testng.remote.RemoteTestNG.main(RemoteTestNG.java:77)
]]>
    </failure>
  </testcase> <!-- getUsage -->
  <testcase name="getUsage" time="0.249" classname="testCases.api.TestBillingAbstractor"/>
  <testcase name="getUsageSummary" time="0.137" classname="testCases.api.TestBillingAbstractor"/>
  <testcase name="getUsageSummary" time="0.168" classname="testCases.api.TestBillingAbstractor"/>
  <testcase name="getUsage" time="0.628" classname="testCases.api.TestBillingAbstractor"/>
  <testcase name="getUsage" time="0.264" classname="testCases.api.TestBillingAbstractor"/>
  <testcase name="getUsageSummary" time="0.119" classname="testCases.api.TestBillingAbstractor"/>
  <testcase name="getUsage" time="0.266" classname="testCases.api.TestBillingAbstractor"/>
  <testcase name="getUsageSummary" time="0.175" classname="testCases.api.TestBillingAbstractor"/>
  <testcase name="testGetOneOffCharges" time="0.180" classname="testCases.api.TestBillingAbstractor"/>
  <testcase name="getUsageSummary" time="0.134" classname="testCases.api.TestBillingAbstractor"/>
  <testcase name="getUsage" time="0.263" classname="testCases.api.TestBillingAbstractor"/>
  <testcase name="getUsage" time="0.496" classname="testCases.api.TestBillingAbstractor"/>
  <testcase name="testGetOneOffCharges" time="0.187" classname="testCases.api.TestBillingAbstractor"/>
  <testcase name="testGetOneOffCharges" time="0.147" classname="testCases.api.TestBillingAbstractor"/>
  <testcase name="getUsageSummary" time="0.189" classname="testCases.api.TestBillingAbstractor"/>
  <testcase name="getUsage" time="0.297" classname="testCases.api.TestBillingAbstractor"/>
  <testcase name="getUsageSummary" time="0.125" classname="testCases.api.TestBillingAbstractor"/>
  <testcase name="getUsageSummary" time="0.189" classname="testCases.api.TestBillingAbstractor"/>
  <testcase name="getUsageSummary" time="0.158" classname="testCases.api.TestBillingAbstractor"/>
  <testcase name="getUsage" time="0.528" classname="testCases.api.TestBillingAbstractor"/>
  <testcase name="getUsage" time="0.891" classname="testCases.api.TestBillingAbstractor"/>
  <testcase name="getUsageSummary" time="0.394" classname="testCases.api.TestBillingAbstractor"/>
  <testcase name="getUsage" time="0.589" classname="testCases.api.TestBillingAbstractor"/>
  <testcase name="testGetOneOffCharges" time="0.161" classname="testCases.api.TestBillingAbstractor"/>
  <testcase name="testGetOneOffCharges" time="0.154" classname="testCases.api.TestBillingAbstractor"/>
  <testcase name="getUsage" time="0.523" classname="testCases.api.TestBillingAbstractor"/>
  <testcase name="getUsageSummary" time="0.192" classname="testCases.api.TestBillingAbstractor"/>
  <testcase name="testGetOneOffCharges" time="0.175" classname="testCases.api.TestBillingAbstractor"/>
  <testcase name="getUsageSummary" time="0.162" classname="testCases.api.TestBillingAbstractor"/>
  <testcase name="getUsage" time="0.263" classname="testCases.api.TestBillingAbstractor"/>
  <testcase name="testGetOneOffCharges" time="0.179" classname="testCases.api.TestBillingAbstractor"/>
  <testcase name="testGetOneOffCharges" time="0.192" classname="testCases.api.TestBillingAbstractor"/>
  <testcase name="getUsageSummary" time="0.195" classname="testCases.api.TestBillingAbstractor"/>
  <testcase name="getUsage" time="0.654" classname="testCases.api.TestBillingAbstractor"/>
  <testcase name="getUsage" time="0.042" classname="testCases.api.TestBillingAbstractor">
    <failure type="java.lang.AssertionError" message="expected [200] but found [407]">
      <![CDATA[java.lang.AssertionError: expected [200] but found [407]
at org.testng.Assert.fail(Assert.java:97)
at org.testng.Assert.assertEqualsImpl(Assert.java:136)
at org.testng.Assert.assertEquals(Assert.java:118)
at org.testng.Assert.assertEquals(Assert.java:839)
at org.testng.Assert.assertEquals(Assert.java:849)
at testCases.api.TestBillingAbstractor.getUsage(TestBillingAbstractor.java:44)
at sun.reflect.GeneratedMethodAccessor150.invoke(Unknown Source)
at sun.reflect.DelegatingMethodAccessorImpl.invoke(Unknown Source)
at java.lang.reflect.Method.invoke(Unknown Source)
at org.testng.internal.MethodInvocationHelper.invokeMethod(MethodInvocationHelper.java:133)
at org.testng.internal.TestInvoker.invokeMethod(TestInvoker.java:584)
at org.testng.internal.TestInvoker.invokeTestMethod(TestInvoker.java:172)
at org.testng.internal.MethodRunner.runInSequence(MethodRunner.java:46)
at org.testng.internal.TestInvoker$MethodInvocationAgent.invoke(TestInvoker.java:804)
at org.testng.internal.TestInvoker.invokeTestMethods(TestInvoker.java:145)
at org.testng.internal.TestMethodWorker.invokeTestMethods(TestMethodWorker.java:146)
at org.testng.internal.TestMethodWorker.run(TestMethodWorker.java:128)
at java.util.ArrayList.forEach(Unknown Source)
at org.testng.TestRunner.privateRun(TestRunner.java:770)
at org.testng.TestRunner.run(TestRunner.java:591)
at org.testng.SuiteRunner.runTest(SuiteRunner.java:402)
at org.testng.SuiteRunner.runSequentially(SuiteRunner.java:396)
at org.testng.SuiteRunner.privateRun(SuiteRunner.java:355)
at org.testng.SuiteRunner.run(SuiteRunner.java:304)
at org.testng.SuiteRunnerWorker.runSuite(SuiteRunnerWorker.java:53)
at org.testng.SuiteRunnerWorker.run(SuiteRunnerWorker.java:96)
at org.testng.TestNG.runSuitesSequentially(TestNG.java:1180)
at org.testng.TestNG.runSuitesLocally(TestNG.java:1102)
at org.testng.TestNG.runSuites(TestNG.java:1032)
at org.testng.TestNG.run(TestNG.java:1000)
at org.testng.remote.AbstractRemoteTestNG.run(AbstractRemoteTestNG.java:115)
at org.testng.remote.RemoteTestNG.initAndRun(RemoteTestNG.java:251)
at org.testng.remote.RemoteTestNG.main(RemoteTestNG.java:77)
]]>
    </failure>
  </testcase> <!-- getUsage -->
  <testcase name="getUsageSummary" time="0.130" classname="testCases.api.TestBillingAbstractor"/>
  <testcase name="testGetOneOffCharges" time="0.167" classname="testCases.api.TestBillingAbstractor"/>
  <testcase name="testGetOneOffCharges" time="0.163" classname="testCases.api.TestBillingAbstractor"/>
  <testcase name="getUsage" time="0.243" classname="testCases.api.TestBillingAbstractor"/>
  <testcase name="getUsage" time="0.263" classname="testCases.api.TestBillingAbstractor"/>
  <testcase name="getUsageSummary" time="0.137" classname="testCases.api.TestBillingAbstractor"/>
  <testcase name="getUsage" time="0.601" classname="testCases.api.TestBillingAbstractor"/>
  <testcase name="getUsageSummary" time="0.158" classname="testCases.api.TestBillingAbstractor"/>
  <testcase name="getUsageSummary" time="0.146" classname="testCases.api.TestBillingAbstractor"/>
  <testcase name="getUsageSummary" time="0.157" classname="testCases.api.TestBillingAbstractor"/>
  <testcase name="getUsage" time="0.448" classname="testCases.api.TestBillingAbstractor"/>
  <testcase name="getUsageSummary" time="0.183" classname="testCases.api.TestBillingAbstractor"/>
  <testcase name="getUsage" time="0.605" classname="testCases.api.TestBillingAbstractor"/>
  <testcase name="getUsage" time="0.239" classname="testCases.api.TestBillingAbstractor"/>
  <testcase name="getUsageSummary" time="0.150" classname="testCases.api.TestBillingAbstractor"/>
  <testcase name="testGetOneOffCharges" time="0.177" classname="testCases.api.TestBillingAbstractor"/>
  <testcase name="getUsageSummary" time="0.115" classname="testCases.api.TestBillingAbstractor"/>
  <testcase name="getUsage" time="0.475" classname="testCases.api.TestBillingAbstractor"/>
  <testcase name="getUsageSummary" time="0.199" classname="testCases.api.TestBillingAbstractor"/>
  <testcase name="getUsage" time="0.596" classname="testCases.api.TestBillingAbstractor"/>
  <testcase name="getUsage" time="0.269" classname="testCases.api.TestBillingAbstractor"/>
  <testcase name="getUsageSummary" time="0.191" classname="testCases.api.TestBillingAbstractor"/>
  <testcase name="getUsageSummary" time="0.133" classname="testCases.api.TestBillingAbstractor"/>
  <testcase name="getUsageSummary" time="0.149" classname="testCases.api.TestBillingAbstractor"/>
  <testcase name="getUsageSummary" time="0.161" classname="testCases.api.TestBillingAbstractor"/>
  <testcase name="getUsage" time="0.265" classname="testCases.api.TestBillingAbstractor"/>
  <testcase name="testGetOneOffCharges" time="0.177" classname="testCases.api.TestBillingAbstractor"/>
  <testcase name="testGetOneOffCharges" time="0.191" classname="testCases.api.TestBillingAbstractor"/>
  <testcase name="getUsage" time="0.248" classname="testCases.api.TestBillingAbstractor"/>
  <testcase name="getUsage" time="0.255" classname="testCases.api.TestBillingAbstractor"/>
  <testcase name="getUsageSummary" time="0.144" classname="testCases.api.TestBillingAbstractor"/>
  <testcase name="getUsageSummary" time="0.161" classname="testCases.api.TestBillingAbstractor"/>
  <testcase name="getUsage" time="0.310" classname="testCases.api.TestBillingAbstractor"/>
  <testcase name="getUsage" time="0.502" classname="testCases.api.TestBillingAbstractor"/>
  <testcase name="testGetOneOffCharges" time="0.179" classname="testCases.api.TestBillingAbstractor"/>
  <testcase name="testGetOneOffCharges" time="0.172" classname="testCases.api.TestBillingAbstractor"/>
  <testcase name="getUsageSummary" time="0.175" classname="testCases.api.TestBillingAbstractor"/>
  <testcase name="getUsage" time="0.263" classname="testCases.api.TestBillingAbstractor"/>
  <testcase name="getUsageSummary" time="0.146" classname="testCases.api.TestBillingAbstractor"/>
  <testcase name="getUsageSummary" time="0.165" classname="testCases.api.TestBillingAbstractor"/>
  <testcase name="getUsage" time="0.511" classname="testCases.api.TestBillingAbstractor"/>
  <testcase name="testGetOneOffCharges" time="0.149" classname="testCases.api.TestBillingAbstractor"/>
  <testcase name="getUsageSummary" time="0.137" classname="testCases.api.TestBillingAbstractor"/>
  <testcase name="getUsage" time="0.649" classname="testCases.api.TestBillingAbstractor"/>
  <testcase name="getUsage" time="0.767" classname="testCases.api.TestBillingAbstractor"/>
  <testcase name="getUsageSummary" time="0.156" classname="testCases.api.TestBillingAbstractor"/>
  <testcase name="getUsage" time="0.244" classname="testCases.api.TestBillingAbstractor"/>
  <testcase name="getUsage" time="0.291" classname="testCases.api.TestBillingAbstractor"/>
  <testcase name="getUsage" time="0.247" classname="testCases.api.TestBillingAbstractor"/>
  <testcase name="getUsage" time="0.453" classname="testCases.api.TestBillingAbstractor"/>
  <testcase name="testGetOneOffCharges" time="0.162" classname="testCases.api.TestBillingAbstractor"/>
  <testcase name="getUsageSummary" time="0.162" classname="testCases.api.TestBillingAbstractor"/>
  <testcase name="getUsage" time="0.641" classname="testCases.api.TestBillingAbstractor"/>
  <testcase name="getUsage" time="0.701" classname="testCases.api.TestBillingAbstractor"/>
  <testcase name="getUsageSummary" time="0.220" classname="testCases.api.TestBillingAbstractor"/>
  <testcase name="getUsage" time="0.260" classname="testCases.api.TestBillingAbstractor"/>
  <testcase name="getUsage" time="0.649" classname="testCases.api.TestBillingAbstractor"/>
  <testcase name="getUsageSummary" time="0.160" classname="testCases.api.TestBillingAbstractor"/>
  <testcase name="getUsageSummary" time="0.140" classname="testCases.api.TestBillingAbstractor"/>
  <testcase name="getUsage" time="0.343" classname="testCases.api.TestBillingAbstractor"/>
  <testcase name="getUsageSummary" time="0.130" classname="testCases.api.TestBillingAbstractor"/>
  <testcase name="testGetOneOffCharges" time="0.153" classname="testCases.api.TestBillingAbstractor"/>
  <testcase name="testGetOneOffCharges" time="0.197" classname="testCases.api.TestBillingAbstractor"/>
  <testcase name="getUsage" time="0.601" classname="testCases.api.TestBillingAbstractor"/>
  <testcase name="getUsageSummary" time="0.206" classname="testCases.api.TestBillingAbstractor"/>
  <testcase name="getUsageSummary" time="0.150" classname="testCases.api.TestBillingAbstractor"/>
  <testcase name="getUsageSummary" time="0.200" classname="testCases.api.TestBillingAbstractor"/>
  <testcase name="getUsageSummary" time="0.135" classname="testCases.api.TestBillingAbstractor"/>
  <testcase name="getUsage" time="0.542" classname="testCases.api.TestBillingAbstractor"/>
  <testcase name="getUsage" time="0.593" classname="testCases.api.TestBillingAbstractor"/>
  <testcase name="testGetOneOffCharges" time="0.155" classname="testCases.api.TestBillingAbstractor"/>
  <testcase name="getUsage" time="0.307" classname="testCases.api.TestBillingAbstractor"/>
  <testcase name="getUsage" time="0.636" classname="testCases.api.TestBillingAbstractor"/>
  <testcase name="getUsage" time="0.562" classname="testCases.api.TestBillingAbstractor"/>
  <testcase name="getUsage" time="0.247" classname="testCases.api.TestBillingAbstractor"/>
  <testcase name="getUsageSummary" time="0.186" classname="testCases.api.TestBillingAbstractor"/>
  <testcase name="testGetOneOffCharges" time="0.180" classname="testCases.api.TestBillingAbstractor"/>
  <testcase name="getUsage" time="0.058" classname="testCases.api.TestBillingAbstractor">
    <failure type="java.lang.AssertionError" message="expected [200] but found [407]">
      <![CDATA[java.lang.AssertionError: expected [200] but found [407]
at org.testng.Assert.fail(Assert.java:97)
at org.testng.Assert.assertEqualsImpl(Assert.java:136)
at org.testng.Assert.assertEquals(Assert.java:118)
at org.testng.Assert.assertEquals(Assert.java:839)
at org.testng.Assert.assertEquals(Assert.java:849)
at testCases.api.TestBillingAbstractor.getUsage(TestBillingAbstractor.java:44)
at sun.reflect.GeneratedMethodAccessor150.invoke(Unknown Source)
at sun.reflect.DelegatingMethodAccessorImpl.invoke(Unknown Source)
at java.lang.reflect.Method.invoke(Unknown Source)
at org.testng.internal.MethodInvocationHelper.invokeMethod(MethodInvocationHelper.java:133)
at org.testng.internal.TestInvoker.invokeMethod(TestInvoker.java:584)
at org.testng.internal.TestInvoker.invokeTestMethod(TestInvoker.java:172)
at org.testng.internal.MethodRunner.runInSequence(MethodRunner.java:46)
at org.testng.internal.TestInvoker$MethodInvocationAgent.invoke(TestInvoker.java:804)
at org.testng.internal.TestInvoker.invokeTestMethods(TestInvoker.java:145)
at org.testng.internal.TestMethodWorker.invokeTestMethods(TestMethodWorker.java:146)
at org.testng.internal.TestMethodWorker.run(TestMethodWorker.java:128)
at java.util.ArrayList.forEach(Unknown Source)
at org.testng.TestRunner.privateRun(TestRunner.java:770)
at org.testng.TestRunner.run(TestRunner.java:591)
at org.testng.SuiteRunner.runTest(SuiteRunner.java:402)
at org.testng.SuiteRunner.runSequentially(SuiteRunner.java:396)
at org.testng.SuiteRunner.privateRun(SuiteRunner.java:355)
at org.testng.SuiteRunner.run(SuiteRunner.java:304)
at org.testng.SuiteRunnerWorker.runSuite(SuiteRunnerWorker.java:53)
at org.testng.SuiteRunnerWorker.run(SuiteRunnerWorker.java:96)
at org.testng.TestNG.runSuitesSequentially(TestNG.java:1180)
at org.testng.TestNG.runSuitesLocally(TestNG.java:1102)
at org.testng.TestNG.runSuites(TestNG.java:1032)
at org.testng.TestNG.run(TestNG.java:1000)
at org.testng.remote.AbstractRemoteTestNG.run(AbstractRemoteTestNG.java:115)
at org.testng.remote.RemoteTestNG.initAndRun(RemoteTestNG.java:251)
at org.testng.remote.RemoteTestNG.main(RemoteTestNG.java:77)
]]>
    </failure>
  </testcase> <!-- getUsage -->
  <testcase name="getUsage" time="0.249" classname="testCases.api.TestBillingAbstractor"/>
  <testcase name="getUsage" time="0.674" classname="testCases.api.TestBillingAbstractor"/>
  <testcase name="getUsage" time="0.490" classname="testCases.api.TestBillingAbstractor"/>
  <testcase name="testGetOneOffCharges" time="0.146" classname="testCases.api.TestBillingAbstractor"/>
  <testcase name="getUsageSummary" time="0.128" classname="testCases.api.TestBillingAbstractor"/>
  <testcase name="getUsage" time="0.473" classname="testCases.api.TestBillingAbstractor"/>
  <testcase name="getUsage" time="0.519" classname="testCases.api.TestBillingAbstractor"/>
  <testcase name="getUsage" time="0.492" classname="testCases.api.TestBillingAbstractor"/>
  <testcase name="testGetOneOffCharges" time="0.162" classname="testCases.api.TestBillingAbstractor"/>
  <testcase name="getUsage" time="0.448" classname="testCases.api.TestBillingAbstractor"/>
  <testcase name="getUsageSummary" time="0.169" classname="testCases.api.TestBillingAbstractor"/>
  <testcase name="getUsage" time="0.434" classname="testCases.api.TestBillingAbstractor"/>
  <testcase name="getUsage" time="0.239" classname="testCases.api.TestBillingAbstractor"/>
  <testcase name="getUsageSummary" time="0.157" classname="testCases.api.TestBillingAbstractor"/>
  <testcase name="getUsage" time="0.472" classname="testCases.api.TestBillingAbstractor"/>
  <testcase name="getUsage" time="0.254" classname="testCases.api.TestBillingAbstractor"/>
  <testcase name="getUsage" time="0.259" classname="testCases.api.TestBillingAbstractor"/>
  <testcase name="getUsageSummary" time="0.176" classname="testCases.api.TestBillingAbstractor"/>
  <testcase name="getUsageSummary" time="0.136" classname="testCases.api.TestBillingAbstractor"/>
  <testcase name="getUsageSummary" time="0.161" classname="testCases.api.TestBillingAbstractor"/>
  <testcase name="getUsageSummary" time="0.176" classname="testCases.api.TestBillingAbstractor"/>
  <testcase name="getUsageSummary" time="0.210" classname="testCases.api.TestBillingAbstractor"/>
  <testcase name="getUsage" time="0.308" classname="testCases.api.TestBillingAbstractor"/>
  <testcase name="getUsage" time="0.276" classname="testCases.api.TestBillingAbstractor"/>
  <testcase name="testGetOneOffCharges" time="0.154" classname="testCases.api.TestBillingAbstractor"/>
  <testcase name="getUsageSummary" time="0.148" classname="testCases.api.TestBillingAbstractor"/>
  <testcase name="getUsage" time="0.485" classname="testCases.api.TestBillingAbstractor"/>
  <testcase name="getUsageSummary" time="0.146" classname="testCases.api.TestBillingAbstractor"/>
  <testcase name="getUsageSummary" time="0.172" classname="testCases.api.TestBillingAbstractor"/>
  <testcase name="getUsage" time="0.250" classname="testCases.api.TestBillingAbstractor"/>
  <testcase name="getUsageSummary" time="0.173" classname="testCases.api.TestBillingAbstractor"/>
  <testcase name="testGetOneOffCharges" time="0.196" classname="testCases.api.TestBillingAbstractor"/>
  <testcase name="getUsage" time="0.043" classname="testCases.api.TestBillingAbstractor">
    <failure type="java.lang.AssertionError" message="expected [200] but found [407]">
      <![CDATA[java.lang.AssertionError: expected [200] but found [407]
at org.testng.Assert.fail(Assert.java:97)
at org.testng.Assert.assertEqualsImpl(Assert.java:136)
at org.testng.Assert.assertEquals(Assert.java:118)
at org.testng.Assert.assertEquals(Assert.java:839)
at org.testng.Assert.assertEquals(Assert.java:849)
at testCases.api.TestBillingAbstractor.getUsage(TestBillingAbstractor.java:44)
at sun.reflect.GeneratedMethodAccessor150.invoke(Unknown Source)
at sun.reflect.DelegatingMethodAccessorImpl.invoke(Unknown Source)
at java.lang.reflect.Method.invoke(Unknown Source)
at org.testng.internal.MethodInvocationHelper.invokeMethod(MethodInvocationHelper.java:133)
at org.testng.internal.TestInvoker.invokeMethod(TestInvoker.java:584)
at org.testng.internal.TestInvoker.invokeTestMethod(TestInvoker.java:172)
at org.testng.internal.MethodRunner.runInSequence(MethodRunner.java:46)
at org.testng.internal.TestInvoker$MethodInvocationAgent.invoke(TestInvoker.java:804)
at org.testng.internal.TestInvoker.invokeTestMethods(TestInvoker.java:145)
at org.testng.internal.TestMethodWorker.invokeTestMethods(TestMethodWorker.java:146)
at org.testng.internal.TestMethodWorker.run(TestMethodWorker.java:128)
at java.util.ArrayList.forEach(Unknown Source)
at org.testng.TestRunner.privateRun(TestRunner.java:770)
at org.testng.TestRunner.run(TestRunner.java:591)
at org.testng.SuiteRunner.runTest(SuiteRunner.java:402)
at org.testng.SuiteRunner.runSequentially(SuiteRunner.java:396)
at org.testng.SuiteRunner.privateRun(SuiteRunner.java:355)
at org.testng.SuiteRunner.run(SuiteRunner.java:304)
at org.testng.SuiteRunnerWorker.runSuite(SuiteRunnerWorker.java:53)
at org.testng.SuiteRunnerWorker.run(SuiteRunnerWorker.java:96)
at org.testng.TestNG.runSuitesSequentially(TestNG.java:1180)
at org.testng.TestNG.runSuitesLocally(TestNG.java:1102)
at org.testng.TestNG.runSuites(TestNG.java:1032)
at org.testng.TestNG.run(TestNG.java:1000)
at org.testng.remote.AbstractRemoteTestNG.run(AbstractRemoteTestNG.java:115)
at org.testng.remote.RemoteTestNG.initAndRun(RemoteTestNG.java:251)
at org.testng.remote.RemoteTestNG.main(RemoteTestNG.java:77)
]]>
    </failure>
  </testcase> <!-- getUsage -->
  <testcase name="getUsageSummary" time="0.157" classname="testCases.api.TestBillingAbstractor"/>
  <testcase name="getUsageSummary" time="0.183" classname="testCases.api.TestBillingAbstractor"/>
  <testcase name="getUsageSummary" time="0.276" classname="testCases.api.TestBillingAbstractor"/>
  <testcase name="getUsageSummary" time="0.180" classname="testCases.api.TestBillingAbstractor"/>
  <testcase name="getUsage" time="0.260" classname="testCases.api.TestBillingAbstractor"/>
  <testcase name="getUsage" time="0.269" classname="testCases.api.TestBillingAbstractor"/>
  <testcase name="getUsageSummary" time="0.149" classname="testCases.api.TestBillingAbstractor"/>
  <testcase name="getUsageSummary" time="0.136" classname="testCases.api.TestBillingAbstractor"/>
  <testcase name="getUsageSummary" time="0.136" classname="testCases.api.TestBillingAbstractor"/>
  <testcase name="getUsageSummary" time="0.213" classname="testCases.api.TestBillingAbstractor"/>
  <testcase name="getUsage" time="0.274" classname="testCases.api.TestBillingAbstractor"/>
  <testcase name="getUsage" time="0.302" classname="testCases.api.TestBillingAbstractor"/>
  <testcase name="getUsageSummary" time="0.137" classname="testCases.api.TestBillingAbstractor"/>
  <testcase name="testGetOneOffCharges" time="0.176" classname="testCases.api.TestBillingAbstractor"/>
  <testcase name="testGetOneOffCharges" time="0.193" classname="testCases.api.TestBillingAbstractor"/>
  <testcase name="getUsageSummary" time="0.152" classname="testCases.api.TestBillingAbstractor"/>
  <testcase name="getUsage" time="0.297" classname="testCases.api.TestBillingAbstractor"/>
  <testcase name="getUsageSummary" time="0.153" classname="testCases.api.TestBillingAbstractor"/>
  <testcase name="getUsageSummary" time="0.157" classname="testCases.api.TestBillingAbstractor"/>
  <testcase name="getUsageSummary" time="0.189" classname="testCases.api.TestBillingAbstractor"/>
  <testcase name="getUsage" time="0.250" classname="testCases.api.TestBillingAbstractor"/>
  <testcase name="getUsage" time="0.243" classname="testCases.api.TestBillingAbstractor"/>
  <testcase name="getUsageSummary" time="0.137" classname="testCases.api.TestBillingAbstractor"/>
  <testcase name="getUsageSummary" time="0.140" classname="testCases.api.TestBillingAbstractor"/>
  <testcase name="testGetOneOffCharges" time="0.147" classname="testCases.api.TestBillingAbstractor"/>
  <testcase name="getUsage" time="0.308" classname="testCases.api.TestBillingAbstractor"/>
  <testcase name="getUsageSummary" time="0.122" classname="testCases.api.TestBillingAbstractor"/>
  <testcase name="getUsage" time="0.258" classname="testCases.api.TestBillingAbstractor"/>
  <testcase name="testGetOneOffCharges" time="0.161" classname="testCases.api.TestBillingAbstractor"/>
  <testcase name="testGetOneOffCharges" time="0.161" classname="testCases.api.TestBillingAbstractor"/>
  <testcase name="getUsageSummary" time="0.150" classname="testCases.api.TestBillingAbstractor"/>
  <testcase name="testGetOneOffCharges" time="0.171" classname="testCases.api.TestBillingAbstractor"/>
  <testcase name="getUsage" time="0.251" classname="testCases.api.TestBillingAbstractor"/>
  <testcase name="getUsage" time="0.448" classname="testCases.api.TestBillingAbstractor"/>
  <testcase name="getUsage" time="0.530" classname="testCases.api.TestBillingAbstractor"/>
  <testcase name="getUsage" time="0.540" classname="testCases.api.TestBillingAbstractor"/>
  <testcase name="getUsageSummary" time="0.155" classname="testCases.api.TestBillingAbstractor"/>
  <testcase name="getUsageSummary" time="0.132" classname="testCases.api.TestBillingAbstractor"/>
  <testcase name="getUsageSummary" time="0.165" classname="testCases.api.TestBillingAbstractor"/>
  <testcase name="getUsageSummary" time="0.158" classname="testCases.api.TestBillingAbstractor"/>
  <testcase name="getUsageSummary" time="0.126" classname="testCases.api.TestBillingAbstractor"/>
  <testcase name="getUsage" time="0.250" classname="testCases.api.TestBillingAbstractor"/>
  <testcase name="getUsageSummary" time="0.208" classname="testCases.api.TestBillingAbstractor"/>
  <testcase name="testGetOneOffCharges" time="0.149" classname="testCases.api.TestBillingAbstractor"/>
  <testcase name="getUsage" time="0.490" classname="testCases.api.TestBillingAbstractor"/>
  <testcase name="getUsageSummary" time="0.138" classname="testCases.api.TestBillingAbstractor"/>
  <testcase name="getUsageSummary" time="0.175" classname="testCases.api.TestBillingAbstractor"/>
  <testcase name="testGetOneOffCharges" time="0.147" classname="testCases.api.TestBillingAbstractor"/>
  <testcase name="testGetOneOffCharges" time="0.260" classname="testCases.api.TestBillingAbstractor"/>
  <testcase name="getUsage" time="0.258" classname="testCases.api.TestBillingAbstractor"/>
  <testcase name="getUsageSummary" time="0.127" classname="testCases.api.TestBillingAbstractor"/>
  <testcase name="testGetOneOffCharges" time="0.155" classname="testCases.api.TestBillingAbstractor"/>
  <testcase name="getUsageSummary" time="0.160" classname="testCases.api.TestBillingAbstractor"/>
  <testcase name="getUsageSummary" time="0.178" classname="testCases.api.TestBillingAbstractor"/>
  <testcase name="getUsage" time="0.546" classname="testCases.api.TestBillingAbstractor"/>
  <testcase name="getUsageSummary" time="0.169" classname="testCases.api.TestBillingAbstractor"/>
  <testcase name="testGetOneOffCharges" time="0.169" classname="testCases.api.TestBillingAbstractor"/>
  <testcase name="getUsage" time="0.234" classname="testCases.api.TestBillingAbstractor"/>
  <testcase name="getUsageSummary" time="0.129" classname="testCases.api.TestBillingAbstractor"/>
  <testcase name="getUsage" time="0.434" classname="testCases.api.TestBillingAbstractor"/>
  <testcase name="getUsage" time="0.535" classname="testCases.api.TestBillingAbstractor"/>
  <testcase name="getUsage" time="0.497" classname="testCases.api.TestBillingAbstractor"/>
  <testcase name="getUsage" time="0.615" classname="testCases.api.TestBillingAbstractor"/>
  <testcase name="getUsageSummary" time="0.141" classname="testCases.api.TestBillingAbstractor"/>
  <testcase name="getUsage" time="0.628" classname="testCases.api.TestBillingAbstractor"/>
  <testcase name="getUsage" time="0.493" classname="testCases.api.TestBillingAbstractor"/>
  <testcase name="getUsageSummary" time="0.171" classname="testCases.api.TestBillingAbstractor"/>
  <testcase name="getUsageSummary" time="0.201" classname="testCases.api.TestBillingAbstractor"/>
  <testcase name="getUsage" time="0.653" classname="testCases.api.TestBillingAbstractor"/>
  <testcase name="getUsage" time="0.289" classname="testCases.api.TestBillingAbstractor"/>
  <testcase name="getUsageSummary" time="0.130" classname="testCases.api.TestBillingAbstractor"/>
  <testcase name="testGetOneOffCharges" time="0.186" classname="testCases.api.TestBillingAbstractor"/>
  <testcase name="testGetOneOffCharges" time="0.157" classname="testCases.api.TestBillingAbstractor"/>
  <testcase name="getUsageSummary" time="0.172" classname="testCases.api.TestBillingAbstractor"/>
  <testcase name="getUsage" time="0.038" classname="testCases.api.TestBillingAbstractor">
    <failure type="java.lang.AssertionError" message="expected [200] but found [407]">
      <![CDATA[java.lang.AssertionError: expected [200] but found [407]
at org.testng.Assert.fail(Assert.java:97)
at org.testng.Assert.assertEqualsImpl(Assert.java:136)
at org.testng.Assert.assertEquals(Assert.java:118)
at org.testng.Assert.assertEquals(Assert.java:839)
at org.testng.Assert.assertEquals(Assert.java:849)
at testCases.api.TestBillingAbstractor.getUsage(TestBillingAbstractor.java:44)
at sun.reflect.GeneratedMethodAccessor150.invoke(Unknown Source)
at sun.reflect.DelegatingMethodAccessorImpl.invoke(Unknown Source)
at java.lang.reflect.Method.invoke(Unknown Source)
at org.testng.internal.MethodInvocationHelper.invokeMethod(MethodInvocationHelper.java:133)
at org.testng.internal.TestInvoker.invokeMethod(TestInvoker.java:584)
at org.testng.internal.TestInvoker.invokeTestMethod(TestInvoker.java:172)
at org.testng.internal.MethodRunner.runInSequence(MethodRunner.java:46)
at org.testng.internal.TestInvoker$MethodInvocationAgent.invoke(TestInvoker.java:804)
at org.testng.internal.TestInvoker.invokeTestMethods(TestInvoker.java:145)
at org.testng.internal.TestMethodWorker.invokeTestMethods(TestMethodWorker.java:146)
at org.testng.internal.TestMethodWorker.run(TestMethodWorker.java:128)
at java.util.ArrayList.forEach(Unknown Source)
at org.testng.TestRunner.privateRun(TestRunner.java:770)
at org.testng.TestRunner.run(TestRunner.java:591)
at org.testng.SuiteRunner.runTest(SuiteRunner.java:402)
at org.testng.SuiteRunner.runSequentially(SuiteRunner.java:396)
at org.testng.SuiteRunner.privateRun(SuiteRunner.java:355)
at org.testng.SuiteRunner.run(SuiteRunner.java:304)
at org.testng.SuiteRunnerWorker.runSuite(SuiteRunnerWorker.java:53)
at org.testng.SuiteRunnerWorker.run(SuiteRunnerWorker.java:96)
at org.testng.TestNG.runSuitesSequentially(TestNG.java:1180)
at org.testng.TestNG.runSuitesLocally(TestNG.java:1102)
at org.testng.TestNG.runSuites(TestNG.java:1032)
at org.testng.TestNG.run(TestNG.java:1000)
at org.testng.remote.AbstractRemoteTestNG.run(AbstractRemoteTestNG.java:115)
at org.testng.remote.RemoteTestNG.initAndRun(RemoteTestNG.java:251)
at org.testng.remote.RemoteTestNG.main(RemoteTestNG.java:77)
]]>
    </failure>
  </testcase> <!-- getUsage -->
  <testcase name="getUsage" time="0.483" classname="testCases.api.TestBillingAbstractor"/>
  <testcase name="getUsage" time="0.245" classname="testCases.api.TestBillingAbstractor"/>
  <testcase name="testGetOneOffCharges" time="0.206" classname="testCases.api.TestBillingAbstractor"/>
  <testcase name="getUsageSummary" time="0.163" classname="testCases.api.TestBillingAbstractor"/>
  <testcase name="testGetOneOffCharges" time="0.165" classname="testCases.api.TestBillingAbstractor"/>
  <testcase name="getUsage" time="0.248" classname="testCases.api.TestBillingAbstractor"/>
  <testcase name="getUsage" time="0.278" classname="testCases.api.TestBillingAbstractor"/>
  <testcase name="getUsage" time="0.043" classname="testCases.api.TestBillingAbstractor">
    <failure type="java.lang.AssertionError" message="expected [200] but found [407]">
      <![CDATA[java.lang.AssertionError: expected [200] but found [407]
at org.testng.Assert.fail(Assert.java:97)
at org.testng.Assert.assertEqualsImpl(Assert.java:136)
at org.testng.Assert.assertEquals(Assert.java:118)
at org.testng.Assert.assertEquals(Assert.java:839)
at org.testng.Assert.assertEquals(Assert.java:849)
at testCases.api.TestBillingAbstractor.getUsage(TestBillingAbstractor.java:44)
at sun.reflect.GeneratedMethodAccessor150.invoke(Unknown Source)
at sun.reflect.DelegatingMethodAccessorImpl.invoke(Unknown Source)
at java.lang.reflect.Method.invoke(Unknown Source)
at org.testng.internal.MethodInvocationHelper.invokeMethod(MethodInvocationHelper.java:133)
at org.testng.internal.TestInvoker.invokeMethod(TestInvoker.java:584)
at org.testng.internal.TestInvoker.invokeTestMethod(TestInvoker.java:172)
at org.testng.internal.MethodRunner.runInSequence(MethodRunner.java:46)
at org.testng.internal.TestInvoker$MethodInvocationAgent.invoke(TestInvoker.java:804)
at org.testng.internal.TestInvoker.invokeTestMethods(TestInvoker.java:145)
at org.testng.internal.TestMethodWorker.invokeTestMethods(TestMethodWorker.java:146)
at org.testng.internal.TestMethodWorker.run(TestMethodWorker.java:128)
at java.util.ArrayList.forEach(Unknown Source)
at org.testng.TestRunner.privateRun(TestRunner.java:770)
at org.testng.TestRunner.run(TestRunner.java:591)
at org.testng.SuiteRunner.runTest(SuiteRunner.java:402)
at org.testng.SuiteRunner.runSequentially(SuiteRunner.java:396)
at org.testng.SuiteRunner.privateRun(SuiteRunner.java:355)
at org.testng.SuiteRunner.run(SuiteRunner.java:304)
at org.testng.SuiteRunnerWorker.runSuite(SuiteRunnerWorker.java:53)
at org.testng.SuiteRunnerWorker.run(SuiteRunnerWorker.java:96)
at org.testng.TestNG.runSuitesSequentially(TestNG.java:1180)
at org.testng.TestNG.runSuitesLocally(TestNG.java:1102)
at org.testng.TestNG.runSuites(TestNG.java:1032)
at org.testng.TestNG.run(TestNG.java:1000)
at org.testng.remote.AbstractRemoteTestNG.run(AbstractRemoteTestNG.java:115)
at org.testng.remote.RemoteTestNG.initAndRun(RemoteTestNG.java:251)
at org.testng.remote.RemoteTestNG.main(RemoteTestNG.java:77)
]]>
    </failure>
  </testcase> <!-- getUsage -->
  <testcase name="getUsage" time="0.613" classname="testCases.api.TestBillingAbstractor"/>
  <testcase name="getUsageSummary" time="0.114" classname="testCases.api.TestBillingAbstractor"/>
  <testcase name="getUsage" time="0.272" classname="testCases.api.TestBillingAbstractor"/>
  <testcase name="getUsageSummary" time="0.143" classname="testCases.api.TestBillingAbstractor"/>
  <testcase name="getUsageSummary" time="0.121" classname="testCases.api.TestBillingAbstractor"/>
  <testcase name="getUsageSummary" time="0.153" classname="testCases.api.TestBillingAbstractor"/>
  <testcase name="testGetOneOffCharges" time="0.168" classname="testCases.api.TestBillingAbstractor"/>
  <testcase name="getUsageSummary" time="0.161" classname="testCases.api.TestBillingAbstractor"/>
  <testcase name="getUsage" time="0.507" classname="testCases.api.TestBillingAbstractor"/>
  <testcase name="getUsage" time="0.266" classname="testCases.api.TestBillingAbstractor"/>
  <testcase name="getUsageSummary" time="0.145" classname="testCases.api.TestBillingAbstractor"/>
  <testcase name="getUsageSummary" time="0.138" classname="testCases.api.TestBillingAbstractor"/>
  <testcase name="getUsage" time="0.251" classname="testCases.api.TestBillingAbstractor"/>
  <testcase name="getUsageSummary" time="0.132" classname="testCases.api.TestBillingAbstractor"/>
  <testcase name="getUsageSummary" time="0.154" classname="testCases.api.TestBillingAbstractor"/>
  <testcase name="getUsageSummary" time="0.213" classname="testCases.api.TestBillingAbstractor"/>
  <testcase name="testGetOneOffCharges" time="0.186" classname="testCases.api.TestBillingAbstractor"/>
  <testcase name="getUsageSummary" time="0.150" classname="testCases.api.TestBillingAbstractor"/>
  <testcase name="getUsageSummary" time="0.159" classname="testCases.api.TestBillingAbstractor"/>
  <testcase name="getUsage" time="0.248" classname="testCases.api.TestBillingAbstractor"/>
  <testcase name="getUsage" time="0.303" classname="testCases.api.TestBillingAbstractor"/>
  <testcase name="getUsageSummary" time="0.186" classname="testCases.api.TestBillingAbstractor"/>
  <testcase name="getUsageSummary" time="0.142" classname="testCases.api.TestBillingAbstractor"/>
  <testcase name="getUsage" time="0.298" classname="testCases.api.TestBillingAbstractor"/>
  <testcase name="getUsageSummary" time="0.138" classname="testCases.api.TestBillingAbstractor"/>
  <testcase name="getUsage" time="0.453" classname="testCases.api.TestBillingAbstractor"/>
  <testcase name="getUsage" time="0.227" classname="testCases.api.TestBillingAbstractor"/>
  <testcase name="getUsageSummary" time="0.141" classname="testCases.api.TestBillingAbstractor"/>
  <testcase name="getUsageSummary" time="0.152" classname="testCases.api.TestBillingAbstractor"/>
  <testcase name="getUsage" time="0.239" classname="testCases.api.TestBillingAbstractor"/>
  <testcase name="getUsageSummary" time="0.146" classname="testCases.api.TestBillingAbstractor"/>
  <testcase name="getUsageSummary" time="0.142" classname="testCases.api.TestBillingAbstractor"/>
  <testcase name="testGetOneOffCharges" time="0.181" classname="testCases.api.TestBillingAbstractor"/>
  <testcase name="getUsage" time="0.619" classname="testCases.api.TestBillingAbstractor"/>
  <testcase name="getUsage" time="0.259" classname="testCases.api.TestBillingAbstractor"/>
  <testcase name="getUsageSummary" time="0.142" classname="testCases.api.TestBillingAbstractor"/>
  <testcase name="testGetOneOffCharges" time="0.192" classname="testCases.api.TestBillingAbstractor"/>
  <testcase name="getUsage" time="0.232" classname="testCases.api.TestBillingAbstractor"/>
  <testcase name="getUsage" time="0.484" classname="testCases.api.TestBillingAbstractor"/>
  <testcase name="testGetOneOffCharges" time="0.172" classname="testCases.api.TestBillingAbstractor"/>
  <testcase name="getUsage" time="0.594" classname="testCases.api.TestBillingAbstractor"/>
  <testcase name="getUsage" time="0.291" classname="testCases.api.TestBillingAbstractor"/>
  <testcase name="getUsageSummary" time="0.119" classname="testCases.api.TestBillingAbstractor"/>
  <testcase name="getUsage" time="0.236" classname="testCases.api.TestBillingAbstractor"/>
  <testcase name="getUsageSummary" time="0.144" classname="testCases.api.TestBillingAbstractor"/>
  <testcase name="getUsage" time="0.477" classname="testCases.api.TestBillingAbstractor"/>
  <testcase name="getUsageSummary" time="0.147" classname="testCases.api.TestBillingAbstractor"/>
  <testcase name="getUsage" time="0.238" classname="testCases.api.TestBillingAbstractor"/>
  <testcase name="getUsage" time="0.046" classname="testCases.api.TestBillingAbstractor">
    <failure type="java.lang.AssertionError" message="expected [200] but found [407]">
      <![CDATA[java.lang.AssertionError: expected [200] but found [407]
at org.testng.Assert.fail(Assert.java:97)
at org.testng.Assert.assertEqualsImpl(Assert.java:136)
at org.testng.Assert.assertEquals(Assert.java:118)
at org.testng.Assert.assertEquals(Assert.java:839)
at org.testng.Assert.assertEquals(Assert.java:849)
at testCases.api.TestBillingAbstractor.getUsage(TestBillingAbstractor.java:44)
at sun.reflect.GeneratedMethodAccessor150.invoke(Unknown Source)
at sun.reflect.DelegatingMethodAccessorImpl.invoke(Unknown Source)
at java.lang.reflect.Method.invoke(Unknown Source)
at org.testng.internal.MethodInvocationHelper.invokeMethod(MethodInvocationHelper.java:133)
at org.testng.internal.TestInvoker.invokeMethod(TestInvoker.java:584)
at org.testng.internal.TestInvoker.invokeTestMethod(TestInvoker.java:172)
at org.testng.internal.MethodRunner.runInSequence(MethodRunner.java:46)
at org.testng.internal.TestInvoker$MethodInvocationAgent.invoke(TestInvoker.java:804)
at org.testng.internal.TestInvoker.invokeTestMethods(TestInvoker.java:145)
at org.testng.internal.TestMethodWorker.invokeTestMethods(TestMethodWorker.java:146)
at org.testng.internal.TestMethodWorker.run(TestMethodWorker.java:128)
at java.util.ArrayList.forEach(Unknown Source)
at org.testng.TestRunner.privateRun(TestRunner.java:770)
at org.testng.TestRunner.run(TestRunner.java:591)
at org.testng.SuiteRunner.runTest(SuiteRunner.java:402)
at org.testng.SuiteRunner.runSequentially(SuiteRunner.java:396)
at org.testng.SuiteRunner.privateRun(SuiteRunner.java:355)
at org.testng.SuiteRunner.run(SuiteRunner.java:304)
at org.testng.SuiteRunnerWorker.runSuite(SuiteRunnerWorker.java:53)
at org.testng.SuiteRunnerWorker.run(SuiteRunnerWorker.java:96)
at org.testng.TestNG.runSuitesSequentially(TestNG.java:1180)
at org.testng.TestNG.runSuitesLocally(TestNG.java:1102)
at org.testng.TestNG.runSuites(TestNG.java:1032)
at org.testng.TestNG.run(TestNG.java:1000)
at org.testng.remote.AbstractRemoteTestNG.run(AbstractRemoteTestNG.java:115)
at org.testng.remote.RemoteTestNG.initAndRun(RemoteTestNG.java:251)
at org.testng.remote.RemoteTestNG.main(RemoteTestNG.java:77)
]]>
    </failure>
  </testcase> <!-- getUsage -->
  <testcase name="getUsageSummary" time="0.168" classname="testCases.api.TestBillingAbstractor"/>
  <testcase name="getUsageSummary" time="0.134" classname="testCases.api.TestBillingAbstractor"/>
  <testcase name="getUsageSummary" time="0.149" classname="testCases.api.TestBillingAbstractor"/>
  <testcase name="getUsageSummary" time="0.140" classname="testCases.api.TestBillingAbstractor"/>
  <testcase name="getUsageSummary" time="0.140" classname="testCases.api.TestBillingAbstractor"/>
  <testcase name="testGetOneOffCharges" time="0.151" classname="testCases.api.TestBillingAbstractor"/>
  <testcase name="getUsageSummary" time="0.172" classname="testCases.api.TestBillingAbstractor"/>
  <testcase name="getUsage" time="0.042" classname="testCases.api.TestBillingAbstractor">
    <failure type="java.lang.AssertionError" message="expected [200] but found [407]">
      <![CDATA[java.lang.AssertionError: expected [200] but found [407]
at org.testng.Assert.fail(Assert.java:97)
at org.testng.Assert.assertEqualsImpl(Assert.java:136)
at org.testng.Assert.assertEquals(Assert.java:118)
at org.testng.Assert.assertEquals(Assert.java:839)
at org.testng.Assert.assertEquals(Assert.java:849)
at testCases.api.TestBillingAbstractor.getUsage(TestBillingAbstractor.java:44)
at sun.reflect.GeneratedMethodAccessor150.invoke(Unknown Source)
at sun.reflect.DelegatingMethodAccessorImpl.invoke(Unknown Source)
at java.lang.reflect.Method.invoke(Unknown Source)
at org.testng.internal.MethodInvocationHelper.invokeMethod(MethodInvocationHelper.java:133)
at org.testng.internal.TestInvoker.invokeMethod(TestInvoker.java:584)
at org.testng.internal.TestInvoker.invokeTestMethod(TestInvoker.java:172)
at org.testng.internal.MethodRunner.runInSequence(MethodRunner.java:46)
at org.testng.internal.TestInvoker$MethodInvocationAgent.invoke(TestInvoker.java:804)
at org.testng.internal.TestInvoker.invokeTestMethods(TestInvoker.java:145)
at org.testng.internal.TestMethodWorker.invokeTestMethods(TestMethodWorker.java:146)
at org.testng.internal.TestMethodWorker.run(TestMethodWorker.java:128)
at java.util.ArrayList.forEach(Unknown Source)
at org.testng.TestRunner.privateRun(TestRunner.java:770)
at org.testng.TestRunner.run(TestRunner.java:591)
at org.testng.SuiteRunner.runTest(SuiteRunner.java:402)
at org.testng.SuiteRunner.runSequentially(SuiteRunner.java:396)
at org.testng.SuiteRunner.privateRun(SuiteRunner.java:355)
at org.testng.SuiteRunner.run(SuiteRunner.java:304)
at org.testng.SuiteRunnerWorker.runSuite(SuiteRunnerWorker.java:53)
at org.testng.SuiteRunnerWorker.run(SuiteRunnerWorker.java:96)
at org.testng.TestNG.runSuitesSequentially(TestNG.java:1180)
at org.testng.TestNG.runSuitesLocally(TestNG.java:1102)
at org.testng.TestNG.runSuites(TestNG.java:1032)
at org.testng.TestNG.run(TestNG.java:1000)
at org.testng.remote.AbstractRemoteTestNG.run(AbstractRemoteTestNG.java:115)
at org.testng.remote.RemoteTestNG.initAndRun(RemoteTestNG.java:251)
at org.testng.remote.RemoteTestNG.main(RemoteTestNG.java:77)
]]>
    </failure>
  </testcase> <!-- getUsage -->
  <testcase name="getUsage" time="0.250" classname="testCases.api.TestBillingAbstractor"/>
  <testcase name="getUsageSummary" time="0.147" classname="testCases.api.TestBillingAbstractor"/>
  <testcase name="testGetOneOffCharges" time="0.137" classname="testCases.api.TestBillingAbstractor">
    <failure type="java.lang.AssertionError" message="expected [200] but found [404]">
      <![CDATA[java.lang.AssertionError: expected [200] but found [404]
at org.testng.Assert.fail(Assert.java:97)
at org.testng.Assert.assertEqualsImpl(Assert.java:136)
at org.testng.Assert.assertEquals(Assert.java:118)
at org.testng.Assert.assertEquals(Assert.java:839)
at org.testng.Assert.assertEquals(Assert.java:849)
at testCases.api.TestBillingAbstractor.testGetOneOffCharges(TestBillingAbstractor.java:34)
at sun.reflect.GeneratedMethodAccessor65.invoke(Unknown Source)
at sun.reflect.DelegatingMethodAccessorImpl.invoke(Unknown Source)
at java.lang.reflect.Method.invoke(Unknown Source)
at org.testng.internal.MethodInvocationHelper.invokeMethod(MethodInvocationHelper.java:133)
at org.testng.internal.TestInvoker.invokeMethod(TestInvoker.java:584)
at org.testng.internal.TestInvoker.invokeTestMethod(TestInvoker.java:172)
at org.testng.internal.MethodRunner.runInSequence(MethodRunner.java:46)
at org.testng.internal.TestInvoker$MethodInvocationAgent.invoke(TestInvoker.java:804)
at org.testng.internal.TestInvoker.invokeTestMethods(TestInvoker.java:145)
at org.testng.internal.TestMethodWorker.invokeTestMethods(TestMethodWorker.java:146)
at org.testng.internal.TestMethodWorker.run(TestMethodWorker.java:128)
at java.util.ArrayList.forEach(Unknown Source)
at org.testng.TestRunner.privateRun(TestRunner.java:770)
at org.testng.TestRunner.run(TestRunner.java:591)
at org.testng.SuiteRunner.runTest(SuiteRunner.java:402)
at org.testng.SuiteRunner.runSequentially(SuiteRunner.java:396)
at org.testng.SuiteRunner.privateRun(SuiteRunner.java:355)
at org.testng.SuiteRunner.run(SuiteRunner.java:304)
at org.testng.SuiteRunnerWorker.runSuite(SuiteRunnerWorker.java:53)
at org.testng.SuiteRunnerWorker.run(SuiteRunnerWorker.java:96)
at org.testng.TestNG.runSuitesSequentially(TestNG.java:1180)
at org.testng.TestNG.runSuitesLocally(TestNG.java:1102)
at org.testng.TestNG.runSuites(TestNG.java:1032)
at org.testng.TestNG.run(TestNG.java:1000)
at org.testng.remote.AbstractRemoteTestNG.run(AbstractRemoteTestNG.java:115)
at org.testng.remote.RemoteTestNG.initAndRun(RemoteTestNG.java:251)
at org.testng.remote.RemoteTestNG.main(RemoteTestNG.java:77)
]]>
    </failure>
  </testcase> <!-- testGetOneOffCharges -->
  <testcase name="testGetOneOffCharges" time="0.163" classname="testCases.api.TestBillingAbstractor"/>
  <testcase name="getUsageSummary" time="0.184" classname="testCases.api.TestBillingAbstractor"/>
  <testcase name="testGetOneOffCharges" time="0.173" classname="testCases.api.TestBillingAbstractor"/>
  <testcase name="getUsage" time="0.545" classname="testCases.api.TestBillingAbstractor"/>
  <testcase name="getUsage" time="0.267" classname="testCases.api.TestBillingAbstractor"/>
  <testcase name="getUsageSummary" time="0.156" classname="testCases.api.TestBillingAbstractor"/>
  <testcase name="getUsageSummary" time="0.149" classname="testCases.api.TestBillingAbstractor"/>
  <testcase name="getUsageSummary" time="0.130" classname="testCases.api.TestBillingAbstractor"/>
  <testcase name="getUsage" time="0.255" classname="testCases.api.TestBillingAbstractor"/>
  <testcase name="getUsageSummary" time="0.128" classname="testCases.api.TestBillingAbstractor"/>
  <testcase name="getUsage" time="0.054" classname="testCases.api.TestBillingAbstractor">
    <failure type="java.lang.AssertionError" message="expected [200] but found [407]">
      <![CDATA[java.lang.AssertionError: expected [200] but found [407]
at org.testng.Assert.fail(Assert.java:97)
at org.testng.Assert.assertEqualsImpl(Assert.java:136)
at org.testng.Assert.assertEquals(Assert.java:118)
at org.testng.Assert.assertEquals(Assert.java:839)
at org.testng.Assert.assertEquals(Assert.java:849)
at testCases.api.TestBillingAbstractor.getUsage(TestBillingAbstractor.java:44)
at sun.reflect.GeneratedMethodAccessor150.invoke(Unknown Source)
at sun.reflect.DelegatingMethodAccessorImpl.invoke(Unknown Source)
at java.lang.reflect.Method.invoke(Unknown Source)
at org.testng.internal.MethodInvocationHelper.invokeMethod(MethodInvocationHelper.java:133)
at org.testng.internal.TestInvoker.invokeMethod(TestInvoker.java:584)
at org.testng.internal.TestInvoker.invokeTestMethod(TestInvoker.java:172)
at org.testng.internal.MethodRunner.runInSequence(MethodRunner.java:46)
at org.testng.internal.TestInvoker$MethodInvocationAgent.invoke(TestInvoker.java:804)
at org.testng.internal.TestInvoker.invokeTestMethods(TestInvoker.java:145)
at org.testng.internal.TestMethodWorker.invokeTestMethods(TestMethodWorker.java:146)
at org.testng.internal.TestMethodWorker.run(TestMethodWorker.java:128)
at java.util.ArrayList.forEach(Unknown Source)
at org.testng.TestRunner.privateRun(TestRunner.java:770)
at org.testng.TestRunner.run(TestRunner.java:591)
at org.testng.SuiteRunner.runTest(SuiteRunner.java:402)
at org.testng.SuiteRunner.runSequentially(SuiteRunner.java:396)
at org.testng.SuiteRunner.privateRun(SuiteRunner.java:355)
at org.testng.SuiteRunner.run(SuiteRunner.java:304)
at org.testng.SuiteRunnerWorker.runSuite(SuiteRunnerWorker.java:53)
at org.testng.SuiteRunnerWorker.run(SuiteRunnerWorker.java:96)
at org.testng.TestNG.runSuitesSequentially(TestNG.java:1180)
at org.testng.TestNG.runSuitesLocally(TestNG.java:1102)
at org.testng.TestNG.runSuites(TestNG.java:1032)
at org.testng.TestNG.run(TestNG.java:1000)
at org.testng.remote.AbstractRemoteTestNG.run(AbstractRemoteTestNG.java:115)
at org.testng.remote.RemoteTestNG.initAndRun(RemoteTestNG.java:251)
at org.testng.remote.RemoteTestNG.main(RemoteTestNG.java:77)
]]>
    </failure>
  </testcase> <!-- getUsage -->
  <testcase name="getUsageSummary" time="0.172" classname="testCases.api.TestBillingAbstractor"/>
  <testcase name="getUsage" time="0.518" classname="testCases.api.TestBillingAbstractor"/>
  <testcase name="testGetOneOffCharges" time="0.166" classname="testCases.api.TestBillingAbstractor"/>
  <testcase name="getUsage" time="0.249" classname="testCases.api.TestBillingAbstractor"/>
  <testcase name="getUsage" time="0.242" classname="testCases.api.TestBillingAbstractor"/>
  <testcase name="getUsage" time="0.508" classname="testCases.api.TestBillingAbstractor"/>
  <testcase name="getUsageSummary" time="0.199" classname="testCases.api.TestBillingAbstractor"/>
  <testcase name="getUsageSummary" time="0.173" classname="testCases.api.TestBillingAbstractor"/>
  <testcase name="getUsageSummary" time="0.139" classname="testCases.api.TestBillingAbstractor"/>
  <testcase name="getUsage" time="0.594" classname="testCases.api.TestBillingAbstractor"/>
  <testcase name="getUsage" time="0.528" classname="testCases.api.TestBillingAbstractor"/>
  <testcase name="getUsageSummary" time="0.127" classname="testCases.api.TestBillingAbstractor"/>
  <testcase name="getUsageSummary" time="0.133" classname="testCases.api.TestBillingAbstractor"/>
  <testcase name="getUsageSummary" time="0.187" classname="testCases.api.TestBillingAbstractor"/>
  <testcase name="getUsageSummary" time="0.151" classname="testCases.api.TestBillingAbstractor"/>
  <testcase name="getUsage" time="0.285" classname="testCases.api.TestBillingAbstractor"/>
  <testcase name="testGetOneOffCharges" time="0.177" classname="testCases.api.TestBillingAbstractor"/>
  <testcase name="getUsageSummary" time="0.158" classname="testCases.api.TestBillingAbstractor"/>
  <testcase name="getUsage" time="0.279" classname="testCases.api.TestBillingAbstractor"/>
  <testcase name="testGetOneOffCharges" time="0.149" classname="testCases.api.TestBillingAbstractor">
    <failure type="java.lang.AssertionError" message="expected [200] but found [404]">
      <![CDATA[java.lang.AssertionError: expected [200] but found [404]
at org.testng.Assert.fail(Assert.java:97)
at org.testng.Assert.assertEqualsImpl(Assert.java:136)
at org.testng.Assert.assertEquals(Assert.java:118)
at org.testng.Assert.assertEquals(Assert.java:839)
at org.testng.Assert.assertEquals(Assert.java:849)
at testCases.api.TestBillingAbstractor.testGetOneOffCharges(TestBillingAbstractor.java:34)
at sun.reflect.GeneratedMethodAccessor65.invoke(Unknown Source)
at sun.reflect.DelegatingMethodAccessorImpl.invoke(Unknown Source)
at java.lang.reflect.Method.invoke(Unknown Source)
at org.testng.internal.MethodInvocationHelper.invokeMethod(MethodInvocationHelper.java:133)
at org.testng.internal.TestInvoker.invokeMethod(TestInvoker.java:584)
at org.testng.internal.TestInvoker.invokeTestMethod(TestInvoker.java:172)
at org.testng.internal.MethodRunner.runInSequence(MethodRunner.java:46)
at org.testng.internal.TestInvoker$MethodInvocationAgent.invoke(TestInvoker.java:804)
at org.testng.internal.TestInvoker.invokeTestMethods(TestInvoker.java:145)
at org.testng.internal.TestMethodWorker.invokeTestMethods(TestMethodWorker.java:146)
at org.testng.internal.TestMethodWorker.run(TestMethodWorker.java:128)
at java.util.ArrayList.forEach(Unknown Source)
at org.testng.TestRunner.privateRun(TestRunner.java:770)
at org.testng.TestRunner.run(TestRunner.java:591)
at org.testng.SuiteRunner.runTest(SuiteRunner.java:402)
at org.testng.SuiteRunner.runSequentially(SuiteRunner.java:396)
at org.testng.SuiteRunner.privateRun(SuiteRunner.java:355)
at org.testng.SuiteRunner.run(SuiteRunner.java:304)
at org.testng.SuiteRunnerWorker.runSuite(SuiteRunnerWorker.java:53)
at org.testng.SuiteRunnerWorker.run(SuiteRunnerWorker.java:96)
at org.testng.TestNG.runSuitesSequentially(TestNG.java:1180)
at org.testng.TestNG.runSuitesLocally(TestNG.java:1102)
at org.testng.TestNG.runSuites(TestNG.java:1032)
at org.testng.TestNG.run(TestNG.java:1000)
at org.testng.remote.AbstractRemoteTestNG.run(AbstractRemoteTestNG.java:115)
at org.testng.remote.RemoteTestNG.initAndRun(RemoteTestNG.java:251)
at org.testng.remote.RemoteTestNG.main(RemoteTestNG.java:77)
]]>
    </failure>
  </testcase> <!-- testGetOneOffCharges -->
  <testcase name="getUsageSummary" time="0.149" classname="testCases.api.TestBillingAbstractor"/>
  <testcase name="getUsageSummary" time="0.135" classname="testCases.api.TestBillingAbstractor"/>
  <testcase name="getUsage" time="0.274" classname="testCases.api.TestBillingAbstractor"/>
  <testcase name="testGetOneOffCharges" time="0.174" classname="testCases.api.TestBillingAbstractor"/>
  <testcase name="testGetOneOffCharges" time="0.168" classname="testCases.api.TestBillingAbstractor"/>
  <testcase name="getUsage" time="0.033" classname="testCases.api.TestBillingAbstractor">
    <failure type="java.lang.AssertionError" message="expected [200] but found [407]">
      <![CDATA[java.lang.AssertionError: expected [200] but found [407]
at org.testng.Assert.fail(Assert.java:97)
at org.testng.Assert.assertEqualsImpl(Assert.java:136)
at org.testng.Assert.assertEquals(Assert.java:118)
at org.testng.Assert.assertEquals(Assert.java:839)
at org.testng.Assert.assertEquals(Assert.java:849)
at testCases.api.TestBillingAbstractor.getUsage(TestBillingAbstractor.java:44)
at sun.reflect.GeneratedMethodAccessor150.invoke(Unknown Source)
at sun.reflect.DelegatingMethodAccessorImpl.invoke(Unknown Source)
at java.lang.reflect.Method.invoke(Unknown Source)
at org.testng.internal.MethodInvocationHelper.invokeMethod(MethodInvocationHelper.java:133)
at org.testng.internal.TestInvoker.invokeMethod(TestInvoker.java:584)
at org.testng.internal.TestInvoker.invokeTestMethod(TestInvoker.java:172)
at org.testng.internal.MethodRunner.runInSequence(MethodRunner.java:46)
at org.testng.internal.TestInvoker$MethodInvocationAgent.invoke(TestInvoker.java:804)
at org.testng.internal.TestInvoker.invokeTestMethods(TestInvoker.java:145)
at org.testng.internal.TestMethodWorker.invokeTestMethods(TestMethodWorker.java:146)
at org.testng.internal.TestMethodWorker.run(TestMethodWorker.java:128)
at java.util.ArrayList.forEach(Unknown Source)
at org.testng.TestRunner.privateRun(TestRunner.java:770)
at org.testng.TestRunner.run(TestRunner.java:591)
at org.testng.SuiteRunner.runTest(SuiteRunner.java:402)
at org.testng.SuiteRunner.runSequentially(SuiteRunner.java:396)
at org.testng.SuiteRunner.privateRun(SuiteRunner.java:355)
at org.testng.SuiteRunner.run(SuiteRunner.java:304)
at org.testng.SuiteRunnerWorker.runSuite(SuiteRunnerWorker.java:53)
at org.testng.SuiteRunnerWorker.run(SuiteRunnerWorker.java:96)
at org.testng.TestNG.runSuitesSequentially(TestNG.java:1180)
at org.testng.TestNG.runSuitesLocally(TestNG.java:1102)
at org.testng.TestNG.runSuites(TestNG.java:1032)
at org.testng.TestNG.run(TestNG.java:1000)
at org.testng.remote.AbstractRemoteTestNG.run(AbstractRemoteTestNG.java:115)
at org.testng.remote.RemoteTestNG.initAndRun(RemoteTestNG.java:251)
at org.testng.remote.RemoteTestNG.main(RemoteTestNG.java:77)
]]>
    </failure>
  </testcase> <!-- getUsage -->
  <testcase name="getUsageSummary" time="0.125" classname="testCases.api.TestBillingAbstractor"/>
  <testcase name="getUsageSummary" time="0.188" classname="testCases.api.TestBillingAbstractor"/>
  <testcase name="testGetOneOffCharges" time="0.150" classname="testCases.api.TestBillingAbstractor"/>
  <testcase name="getUsageSummary" time="0.145" classname="testCases.api.TestBillingAbstractor"/>
  <testcase name="testGetOneOffCharges" time="0.200" classname="testCases.api.TestBillingAbstractor"/>
  <testcase name="getUsage" time="0.491" classname="testCases.api.TestBillingAbstractor"/>
  <testcase name="getUsage" time="0.380" classname="testCases.api.TestBillingAbstractor"/>
  <testcase name="getUsage" time="0.477" classname="testCases.api.TestBillingAbstractor"/>
  <testcase name="testGetOneOffCharges" time="0.175" classname="testCases.api.TestBillingAbstractor"/>
  <testcase name="getUsage" time="0.443" classname="testCases.api.TestBillingAbstractor"/>
  <testcase name="getUsageSummary" time="0.162" classname="testCases.api.TestBillingAbstractor"/>
  <testcase name="getUsageSummary" time="0.162" classname="testCases.api.TestBillingAbstractor"/>
  <testcase name="getUsage" time="0.611" classname="testCases.api.TestBillingAbstractor"/>
  <testcase name="getUsageSummary" time="0.152" classname="testCases.api.TestBillingAbstractor"/>
  <testcase name="getUsage" time="0.035" classname="testCases.api.TestBillingAbstractor">
    <failure type="java.lang.AssertionError" message="expected [200] but found [407]">
      <![CDATA[java.lang.AssertionError: expected [200] but found [407]
at org.testng.Assert.fail(Assert.java:97)
at org.testng.Assert.assertEqualsImpl(Assert.java:136)
at org.testng.Assert.assertEquals(Assert.java:118)
at org.testng.Assert.assertEquals(Assert.java:839)
at org.testng.Assert.assertEquals(Assert.java:849)
at testCases.api.TestBillingAbstractor.getUsage(TestBillingAbstractor.java:44)
at sun.reflect.GeneratedMethodAccessor150.invoke(Unknown Source)
at sun.reflect.DelegatingMethodAccessorImpl.invoke(Unknown Source)
at java.lang.reflect.Method.invoke(Unknown Source)
at org.testng.internal.MethodInvocationHelper.invokeMethod(MethodInvocationHelper.java:133)
at org.testng.internal.TestInvoker.invokeMethod(TestInvoker.java:584)
at org.testng.internal.TestInvoker.invokeTestMethod(TestInvoker.java:172)
at org.testng.internal.MethodRunner.runInSequence(MethodRunner.java:46)
at org.testng.internal.TestInvoker$MethodInvocationAgent.invoke(TestInvoker.java:804)
at org.testng.internal.TestInvoker.invokeTestMethods(TestInvoker.java:145)
at org.testng.internal.TestMethodWorker.invokeTestMethods(TestMethodWorker.java:146)
at org.testng.internal.TestMethodWorker.run(TestMethodWorker.java:128)
at java.util.ArrayList.forEach(Unknown Source)
at org.testng.TestRunner.privateRun(TestRunner.java:770)
at org.testng.TestRunner.run(TestRunner.java:591)
at org.testng.SuiteRunner.runTest(SuiteRunner.java:402)
at org.testng.SuiteRunner.runSequentially(SuiteRunner.java:396)
at org.testng.SuiteRunner.privateRun(SuiteRunner.java:355)
at org.testng.SuiteRunner.run(SuiteRunner.java:304)
at org.testng.SuiteRunnerWorker.runSuite(SuiteRunnerWorker.java:53)
at org.testng.SuiteRunnerWorker.run(SuiteRunnerWorker.java:96)
at org.testng.TestNG.runSuitesSequentially(TestNG.java:1180)
at org.testng.TestNG.runSuitesLocally(TestNG.java:1102)
at org.testng.TestNG.runSuites(TestNG.java:1032)
at org.testng.TestNG.run(TestNG.java:1000)
at org.testng.remote.AbstractRemoteTestNG.run(AbstractRemoteTestNG.java:115)
at org.testng.remote.RemoteTestNG.initAndRun(RemoteTestNG.java:251)
at org.testng.remote.RemoteTestNG.main(RemoteTestNG.java:77)
]]>
    </failure>
  </testcase> <!-- getUsage -->
  <testcase name="getUsage" time="0.505" classname="testCases.api.TestBillingAbstractor"/>
  <testcase name="getUsage" time="0.255" classname="testCases.api.TestBillingAbstractor"/>
  <testcase name="testGetOneOffCharges" time="0.168" classname="testCases.api.TestBillingAbstractor"/>
  <testcase name="getUsageSummary" time="0.178" classname="testCases.api.TestBillingAbstractor"/>
  <testcase name="getUsageSummary" time="0.129" classname="testCases.api.TestBillingAbstractor"/>
  <testcase name="testGetOneOffCharges" time="0.160" classname="testCases.api.TestBillingAbstractor"/>
  <testcase name="getUsageSummary" time="0.133" classname="testCases.api.TestBillingAbstractor"/>
  <testcase name="getUsage" time="0.291" classname="testCases.api.TestBillingAbstractor"/>
  <testcase name="getUsage" time="0.240" classname="testCases.api.TestBillingAbstractor"/>
  <testcase name="testGetOneOffCharges" time="0.171" classname="testCases.api.TestBillingAbstractor"/>
  <testcase name="getUsageSummary" time="0.167" classname="testCases.api.TestBillingAbstractor"/>
  <testcase name="getUsageSummary" time="0.149" classname="testCases.api.TestBillingAbstractor"/>
  <testcase name="getUsage" time="0.251" classname="testCases.api.TestBillingAbstractor"/>
  <testcase name="testGetOneOffCharges" time="0.174" classname="testCases.api.TestBillingAbstractor"/>
  <testcase name="getUsageSummary" time="0.149" classname="testCases.api.TestBillingAbstractor"/>
  <testcase name="getUsageSummary" time="0.169" classname="testCases.api.TestBillingAbstractor"/>
  <testcase name="getUsageSummary" time="3.219" classname="testCases.api.TestBillingAbstractor"/>
  <testcase name="getUsageSummary" time="0.146" classname="testCases.api.TestBillingAbstractor"/>
  <testcase name="getUsageSummary" time="0.170" classname="testCases.api.TestBillingAbstractor"/>
  <testcase name="getUsage" time="0.257" classname="testCases.api.TestBillingAbstractor"/>
  <testcase name="getUsageSummary" time="0.161" classname="testCases.api.TestBillingAbstractor"/>
  <testcase name="getUsageSummary" time="0.171" classname="testCases.api.TestBillingAbstractor"/>
  <testcase name="getUsageSummary" time="0.156" classname="testCases.api.TestBillingAbstractor"/>
  <testcase name="getUsageSummary" time="0.156" classname="testCases.api.TestBillingAbstractor"/>
  <testcase name="getUsageSummary" time="0.127" classname="testCases.api.TestBillingAbstractor"/>
  <testcase name="getUsageSummary" time="0.176" classname="testCases.api.TestBillingAbstractor"/>
  <testcase name="getUsage" time="0.550" classname="testCases.api.TestBillingAbstractor"/>
  <testcase name="getUsageSummary" time="0.149" classname="testCases.api.TestBillingAbstractor"/>
  <testcase name="getUsageSummary" time="0.171" classname="testCases.api.TestBillingAbstractor"/>
  <testcase name="getUsageSummary" time="0.136" classname="testCases.api.TestBillingAbstractor"/>
  <testcase name="getUsage" time="0.256" classname="testCases.api.TestBillingAbstractor"/>
  <testcase name="getUsageSummary" time="0.156" classname="testCases.api.TestBillingAbstractor"/>
  <testcase name="getUsageSummary" time="0.130" classname="testCases.api.TestBillingAbstractor"/>
  <testcase name="testGetOneOffCharges" time="0.148" classname="testCases.api.TestBillingAbstractor"/>
  <testcase name="testGetOneOffCharges" time="0.170" classname="testCases.api.TestBillingAbstractor"/>
  <testcase name="getUsage" time="0.264" classname="testCases.api.TestBillingAbstractor"/>
  <testcase name="getUsageSummary" time="0.124" classname="testCases.api.TestBillingAbstractor"/>
  <testcase name="getUsageSummary" time="0.153" classname="testCases.api.TestBillingAbstractor"/>
  <testcase name="getUsage" time="0.478" classname="testCases.api.TestBillingAbstractor"/>
  <testcase name="getUsageSummary" time="0.199" classname="testCases.api.TestBillingAbstractor"/>
  <testcase name="getUsage" time="0.262" classname="testCases.api.TestBillingAbstractor"/>
  <testcase name="testGetOneOffCharges" time="0.159" classname="testCases.api.TestBillingAbstractor"/>
  <testcase name="getUsageSummary" time="0.178" classname="testCases.api.TestBillingAbstractor"/>
  <testcase name="getUsageSummary" time="0.129" classname="testCases.api.TestBillingAbstractor"/>
  <testcase name="getUsage" time="0.326" classname="testCases.api.TestBillingAbstractor"/>
  <testcase name="getUsage" time="0.269" classname="testCases.api.TestBillingAbstractor"/>
  <testcase name="testGetOneOffCharges" time="0.162" classname="testCases.api.TestBillingAbstractor"/>
  <testcase name="getUsageSummary" time="0.146" classname="testCases.api.TestBillingAbstractor"/>
  <testcase name="testGetOneOffCharges" time="0.182" classname="testCases.api.TestBillingAbstractor"/>
  <testcase name="getUsageSummary" time="0.183" classname="testCases.api.TestBillingAbstractor"/>
  <testcase name="testGetOneOffCharges" time="0.203" classname="testCases.api.TestBillingAbstractor"/>
  <testcase name="getUsageSummary" time="0.212" classname="testCases.api.TestBillingAbstractor"/>
  <testcase name="getUsage" time="0.318" classname="testCases.api.TestBillingAbstractor"/>
  <testcase name="getUsageSummary" time="0.136" classname="testCases.api.TestBillingAbstractor"/>
  <testcase name="testGetOneOffCharges" time="0.188" classname="testCases.api.TestBillingAbstractor"/>
  <testcase name="getUsage" time="0.276" classname="testCases.api.TestBillingAbstractor"/>
  <testcase name="testGetOneOffCharges" time="0.156" classname="testCases.api.TestBillingAbstractor"/>
  <testcase name="getUsage" time="0.465" classname="testCases.api.TestBillingAbstractor"/>
  <testcase name="getUsageSummary" time="0.160" classname="testCases.api.TestBillingAbstractor"/>
  <testcase name="testGetOneOffCharges" time="0.197" classname="testCases.api.TestBillingAbstractor"/>
  <testcase name="getUsageSummary" time="0.133" classname="testCases.api.TestBillingAbstractor"/>
  <testcase name="getUsageSummary" time="0.173" classname="testCases.api.TestBillingAbstractor"/>
  <testcase name="getUsage" time="0.263" classname="testCases.api.TestBillingAbstractor"/>
  <testcase name="getUsage" time="0.546" classname="testCases.api.TestBillingAbstractor"/>
  <testcase name="getUsageSummary" time="0.178" classname="testCases.api.TestBillingAbstractor"/>
  <testcase name="testGetOneOffCharges" time="0.155" classname="testCases.api.TestBillingAbstractor"/>
  <testcase name="getUsage" time="0.073" classname="testCases.api.TestBillingAbstractor">
    <failure type="java.lang.AssertionError" message="expected [200] but found [407]">
      <![CDATA[java.lang.AssertionError: expected [200] but found [407]
at org.testng.Assert.fail(Assert.java:97)
at org.testng.Assert.assertEqualsImpl(Assert.java:136)
at org.testng.Assert.assertEquals(Assert.java:118)
at org.testng.Assert.assertEquals(Assert.java:839)
at org.testng.Assert.assertEquals(Assert.java:849)
at testCases.api.TestBillingAbstractor.getUsage(TestBillingAbstractor.java:44)
at sun.reflect.GeneratedMethodAccessor150.invoke(Unknown Source)
at sun.reflect.DelegatingMethodAccessorImpl.invoke(Unknown Source)
at java.lang.reflect.Method.invoke(Unknown Source)
at org.testng.internal.MethodInvocationHelper.invokeMethod(MethodInvocationHelper.java:133)
at org.testng.internal.TestInvoker.invokeMethod(TestInvoker.java:584)
at org.testng.internal.TestInvoker.invokeTestMethod(TestInvoker.java:172)
at org.testng.internal.MethodRunner.runInSequence(MethodRunner.java:46)
at org.testng.internal.TestInvoker$MethodInvocationAgent.invoke(TestInvoker.java:804)
at org.testng.internal.TestInvoker.invokeTestMethods(TestInvoker.java:145)
at org.testng.internal.TestMethodWorker.invokeTestMethods(TestMethodWorker.java:146)
at org.testng.internal.TestMethodWorker.run(TestMethodWorker.java:128)
at java.util.ArrayList.forEach(Unknown Source)
at org.testng.TestRunner.privateRun(TestRunner.java:770)
at org.testng.TestRunner.run(TestRunner.java:591)
at org.testng.SuiteRunner.runTest(SuiteRunner.java:402)
at org.testng.SuiteRunner.runSequentially(SuiteRunner.java:396)
at org.testng.SuiteRunner.privateRun(SuiteRunner.java:355)
at org.testng.SuiteRunner.run(SuiteRunner.java:304)
at org.testng.SuiteRunnerWorker.runSuite(SuiteRunnerWorker.java:53)
at org.testng.SuiteRunnerWorker.run(SuiteRunnerWorker.java:96)
at org.testng.TestNG.runSuitesSequentially(TestNG.java:1180)
at org.testng.TestNG.runSuitesLocally(TestNG.java:1102)
at org.testng.TestNG.runSuites(TestNG.java:1032)
at org.testng.TestNG.run(TestNG.java:1000)
at org.testng.remote.AbstractRemoteTestNG.run(AbstractRemoteTestNG.java:115)
at org.testng.remote.RemoteTestNG.initAndRun(RemoteTestNG.java:251)
at org.testng.remote.RemoteTestNG.main(RemoteTestNG.java:77)
]]>
    </failure>
  </testcase> <!-- getUsage -->
  <testcase name="getUsageSummary" time="0.129" classname="testCases.api.TestBillingAbstractor"/>
  <testcase name="getUsageSummary" time="0.168" classname="testCases.api.TestBillingAbstractor"/>
  <testcase name="testGetOneOffCharges" time="0.167" classname="testCases.api.TestBillingAbstractor"/>
  <testcase name="getUsageSummary" time="0.131" classname="testCases.api.TestBillingAbstractor"/>
  <testcase name="getUsageSummary" time="0.140" classname="testCases.api.TestBillingAbstractor"/>
  <testcase name="getUsageSummary" time="0.229" classname="testCases.api.TestBillingAbstractor"/>
  <testcase name="getUsageSummary" time="0.197" classname="testCases.api.TestBillingAbstractor"/>
  <testcase name="getUsageSummary" time="0.161" classname="testCases.api.TestBillingAbstractor"/>
  <testcase name="testGetOneOffCharges" time="0.180" classname="testCases.api.TestBillingAbstractor"/>
  <testcase name="getUsageSummary" time="0.184" classname="testCases.api.TestBillingAbstractor"/>
  <testcase name="getUsageSummary" time="0.125" classname="testCases.api.TestBillingAbstractor"/>
  <testcase name="getUsage" time="0.548" classname="testCases.api.TestBillingAbstractor"/>
  <testcase name="getUsage" time="0.100" classname="testCases.api.TestBillingAbstractor">
    <failure type="java.lang.AssertionError" message="expected [200] but found [407]">
      <![CDATA[java.lang.AssertionError: expected [200] but found [407]
at org.testng.Assert.fail(Assert.java:97)
at org.testng.Assert.assertEqualsImpl(Assert.java:136)
at org.testng.Assert.assertEquals(Assert.java:118)
at org.testng.Assert.assertEquals(Assert.java:839)
at org.testng.Assert.assertEquals(Assert.java:849)
at testCases.api.TestBillingAbstractor.getUsage(TestBillingAbstractor.java:44)
at sun.reflect.GeneratedMethodAccessor150.invoke(Unknown Source)
at sun.reflect.DelegatingMethodAccessorImpl.invoke(Unknown Source)
at java.lang.reflect.Method.invoke(Unknown Source)
at org.testng.internal.MethodInvocationHelper.invokeMethod(MethodInvocationHelper.java:133)
at org.testng.internal.TestInvoker.invokeMethod(TestInvoker.java:584)
at org.testng.internal.TestInvoker.invokeTestMethod(TestInvoker.java:172)
at org.testng.internal.MethodRunner.runInSequence(MethodRunner.java:46)
at org.testng.internal.TestInvoker$MethodInvocationAgent.invoke(TestInvoker.java:804)
at org.testng.internal.TestInvoker.invokeTestMethods(TestInvoker.java:145)
at org.testng.internal.TestMethodWorker.invokeTestMethods(TestMethodWorker.java:146)
at org.testng.internal.TestMethodWorker.run(TestMethodWorker.java:128)
at java.util.ArrayList.forEach(Unknown Source)
at org.testng.TestRunner.privateRun(TestRunner.java:770)
at org.testng.TestRunner.run(TestRunner.java:591)
at org.testng.SuiteRunner.runTest(SuiteRunner.java:402)
at org.testng.SuiteRunner.runSequentially(SuiteRunner.java:396)
at org.testng.SuiteRunner.privateRun(SuiteRunner.java:355)
at org.testng.SuiteRunner.run(SuiteRunner.java:304)
at org.testng.SuiteRunnerWorker.runSuite(SuiteRunnerWorker.java:53)
at org.testng.SuiteRunnerWorker.run(SuiteRunnerWorker.java:96)
at org.testng.TestNG.runSuitesSequentially(TestNG.java:1180)
at org.testng.TestNG.runSuitesLocally(TestNG.java:1102)
at org.testng.TestNG.runSuites(TestNG.java:1032)
at org.testng.TestNG.run(TestNG.java:1000)
at org.testng.remote.AbstractRemoteTestNG.run(AbstractRemoteTestNG.java:115)
at org.testng.remote.RemoteTestNG.initAndRun(RemoteTestNG.java:251)
at org.testng.remote.RemoteTestNG.main(RemoteTestNG.java:77)
]]>
    </failure>
  </testcase> <!-- getUsage -->
  <testcase name="getUsage" time="0.263" classname="testCases.api.TestBillingAbstractor"/>
  <testcase name="getUsageSummary" time="0.174" classname="testCases.api.TestBillingAbstractor"/>
  <testcase name="getUsageSummary" time="0.150" classname="testCases.api.TestBillingAbstractor"/>
  <testcase name="getUsageSummary" time="0.185" classname="testCases.api.TestBillingAbstractor"/>
  <testcase name="getUsageSummary" time="0.151" classname="testCases.api.TestBillingAbstractor"/>
  <testcase name="getUsage" time="0.524" classname="testCases.api.TestBillingAbstractor"/>
  <testcase name="getUsageSummary" time="0.160" classname="testCases.api.TestBillingAbstractor"/>
  <testcase name="testGetOneOffCharges" time="0.183" classname="testCases.api.TestBillingAbstractor"/>
  <testcase name="getUsage" time="0.659" classname="testCases.api.TestBillingAbstractor"/>
  <testcase name="getUsage" time="0.045" classname="testCases.api.TestBillingAbstractor">
    <failure type="java.lang.AssertionError" message="expected [200] but found [407]">
      <![CDATA[java.lang.AssertionError: expected [200] but found [407]
at org.testng.Assert.fail(Assert.java:97)
at org.testng.Assert.assertEqualsImpl(Assert.java:136)
at org.testng.Assert.assertEquals(Assert.java:118)
at org.testng.Assert.assertEquals(Assert.java:839)
at org.testng.Assert.assertEquals(Assert.java:849)
at testCases.api.TestBillingAbstractor.getUsage(TestBillingAbstractor.java:44)
at sun.reflect.GeneratedMethodAccessor150.invoke(Unknown Source)
at sun.reflect.DelegatingMethodAccessorImpl.invoke(Unknown Source)
at java.lang.reflect.Method.invoke(Unknown Source)
at org.testng.internal.MethodInvocationHelper.invokeMethod(MethodInvocationHelper.java:133)
at org.testng.internal.TestInvoker.invokeMethod(TestInvoker.java:584)
at org.testng.internal.TestInvoker.invokeTestMethod(TestInvoker.java:172)
at org.testng.internal.MethodRunner.runInSequence(MethodRunner.java:46)
at org.testng.internal.TestInvoker$MethodInvocationAgent.invoke(TestInvoker.java:804)
at org.testng.internal.TestInvoker.invokeTestMethods(TestInvoker.java:145)
at org.testng.internal.TestMethodWorker.invokeTestMethods(TestMethodWorker.java:146)
at org.testng.internal.TestMethodWorker.run(TestMethodWorker.java:128)
at java.util.ArrayList.forEach(Unknown Source)
at org.testng.TestRunner.privateRun(TestRunner.java:770)
at org.testng.TestRunner.run(TestRunner.java:591)
at org.testng.SuiteRunner.runTest(SuiteRunner.java:402)
at org.testng.SuiteRunner.runSequentially(SuiteRunner.java:396)
at org.testng.SuiteRunner.privateRun(SuiteRunner.java:355)
at org.testng.SuiteRunner.run(SuiteRunner.java:304)
at org.testng.SuiteRunnerWorker.runSuite(SuiteRunnerWorker.java:53)
at org.testng.SuiteRunnerWorker.run(SuiteRunnerWorker.java:96)
at org.testng.TestNG.runSuitesSequentially(TestNG.java:1180)
at org.testng.TestNG.runSuitesLocally(TestNG.java:1102)
at org.testng.TestNG.runSuites(TestNG.java:1032)
at org.testng.TestNG.run(TestNG.java:1000)
at org.testng.remote.AbstractRemoteTestNG.run(AbstractRemoteTestNG.java:115)
at org.testng.remote.RemoteTestNG.initAndRun(RemoteTestNG.java:251)
at org.testng.remote.RemoteTestNG.main(RemoteTestNG.java:77)
]]>
    </failure>
  </testcase> <!-- getUsage -->
  <testcase name="testGetOneOffCharges" time="0.168" classname="testCases.api.TestBillingAbstractor"/>
  <testcase name="getUsage" time="0.271" classname="testCases.api.TestBillingAbstractor"/>
  <testcase name="testGetOneOffCharges" time="0.173" classname="testCases.api.TestBillingAbstractor"/>
  <testcase name="getUsage" time="0.243" classname="testCases.api.TestBillingAbstractor"/>
  <testcase name="getUsageSummary" time="0.190" classname="testCases.api.TestBillingAbstractor"/>
  <testcase name="getUsage" time="0.255" classname="testCases.api.TestBillingAbstractor"/>
  <testcase name="getUsageSummary" time="0.144" classname="testCases.api.TestBillingAbstractor"/>
  <testcase name="getUsageSummary" time="0.123" classname="testCases.api.TestBillingAbstractor"/>
  <testcase name="getUsageSummary" time="0.123" classname="testCases.api.TestBillingAbstractor"/>
  <testcase name="getUsage" time="0.289" classname="testCases.api.TestBillingAbstractor"/>
  <testcase name="getUsage" time="0.445" classname="testCases.api.TestBillingAbstractor"/>
  <testcase name="getUsageSummary" time="0.179" classname="testCases.api.TestBillingAbstractor"/>
  <testcase name="getUsage" time="0.256" classname="testCases.api.TestBillingAbstractor"/>
  <testcase name="getUsage" time="0.429" classname="testCases.api.TestBillingAbstractor"/>
  <testcase name="getUsage" time="0.262" classname="testCases.api.TestBillingAbstractor"/>
  <testcase name="getUsageSummary" time="0.159" classname="testCases.api.TestBillingAbstractor"/>
  <testcase name="getUsage" time="0.253" classname="testCases.api.TestBillingAbstractor"/>
  <testcase name="getUsage" time="0.276" classname="testCases.api.TestBillingAbstractor"/>
  <testcase name="getUsageSummary" time="0.131" classname="testCases.api.TestBillingAbstractor"/>
  <testcase name="getUsage" time="0.570" classname="testCases.api.TestBillingAbstractor"/>
  <testcase name="getUsage" time="0.528" classname="testCases.api.TestBillingAbstractor"/>
  <testcase name="getUsage" time="0.742" classname="testCases.api.TestBillingAbstractor"/>
  <testcase name="getUsageSummary" time="0.185" classname="testCases.api.TestBillingAbstractor"/>
  <testcase name="getUsageSummary" time="0.163" classname="testCases.api.TestBillingAbstractor"/>
  <testcase name="getUsage" time="0.270" classname="testCases.api.TestBillingAbstractor"/>
  <testcase name="getUsage" time="0.528" classname="testCases.api.TestBillingAbstractor"/>
  <testcase name="getUsage" time="0.661" classname="testCases.api.TestBillingAbstractor"/>
  <testcase name="getUsageSummary" time="0.263" classname="testCases.api.TestBillingAbstractor"/>
  <testcase name="getUsage" time="0.244" classname="testCases.api.TestBillingAbstractor"/>
  <testcase name="getUsageSummary" time="0.135" classname="testCases.api.TestBillingAbstractor"/>
  <testcase name="testGetOneOffCharges" time="0.183" classname="testCases.api.TestBillingAbstractor"/>
  <testcase name="getUsage" time="0.241" classname="testCases.api.TestBillingAbstractor"/>
  <testcase name="getUsageSummary" time="0.137" classname="testCases.api.TestBillingAbstractor"/>
  <testcase name="getUsage" time="0.466" classname="testCases.api.TestBillingAbstractor"/>
  <testcase name="getUsageSummary" time="0.133" classname="testCases.api.TestBillingAbstractor"/>
  <testcase name="getUsage" time="0.305" classname="testCases.api.TestBillingAbstractor"/>
  <testcase name="getUsage" time="0.248" classname="testCases.api.TestBillingAbstractor"/>
  <testcase name="getUsageSummary" time="0.129" classname="testCases.api.TestBillingAbstractor"/>
  <testcase name="getUsageSummary" time="0.124" classname="testCases.api.TestBillingAbstractor"/>
  <testcase name="getUsage" time="0.262" classname="testCases.api.TestBillingAbstractor"/>
  <testcase name="testGetOneOffCharges" time="0.202" classname="testCases.api.TestBillingAbstractor"/>
  <testcase name="getUsage" time="0.655" classname="testCases.api.TestBillingAbstractor"/>
  <testcase name="getUsageSummary" time="0.168" classname="testCases.api.TestBillingAbstractor"/>
  <testcase name="getUsage" time="0.617" classname="testCases.api.TestBillingAbstractor"/>
  <testcase name="getUsageSummary" time="0.188" classname="testCases.api.TestBillingAbstractor"/>
  <testcase name="getUsage" time="0.277" classname="testCases.api.TestBillingAbstractor"/>
  <testcase name="testGetOneOffCharges" time="0.165" classname="testCases.api.TestBillingAbstractor"/>
  <testcase name="getUsageSummary" time="0.138" classname="testCases.api.TestBillingAbstractor"/>
  <testcase name="getUsageSummary" time="0.167" classname="testCases.api.TestBillingAbstractor"/>
  <testcase name="getUsageSummary" time="0.197" classname="testCases.api.TestBillingAbstractor"/>
  <testcase name="testGetOneOffCharges" time="0.157" classname="testCases.api.TestBillingAbstractor"/>
  <testcase name="getUsage" time="0.295" classname="testCases.api.TestBillingAbstractor"/>
  <testcase name="testGetOneOffCharges" time="0.185" classname="testCases.api.TestBillingAbstractor"/>
  <testcase name="getUsageSummary" time="0.130" classname="testCases.api.TestBillingAbstractor"/>
  <testcase name="getUsageSummary" time="0.205" classname="testCases.api.TestBillingAbstractor"/>
  <testcase name="getUsage" time="0.563" classname="testCases.api.TestBillingAbstractor"/>
  <testcase name="getUsageSummary" time="0.166" classname="testCases.api.TestBillingAbstractor"/>
  <testcase name="getUsage" time="0.278" classname="testCases.api.TestBillingAbstractor"/>
  <testcase name="getUsageSummary" time="0.155" classname="testCases.api.TestBillingAbstractor"/>
  <testcase name="getUsageSummary" time="0.139" classname="testCases.api.TestBillingAbstractor"/>
  <testcase name="getUsageSummary" time="0.131" classname="testCases.api.TestBillingAbstractor"/>
  <testcase name="getUsage" time="0.249" classname="testCases.api.TestBillingAbstractor"/>
  <testcase name="testGetOneOffCharges" time="0.173" classname="testCases.api.TestBillingAbstractor"/>
  <testcase name="getUsage" time="0.520" classname="testCases.api.TestBillingAbstractor"/>
  <testcase name="getUsageSummary" time="0.171" classname="testCases.api.TestBillingAbstractor"/>
  <testcase name="getUsage" time="0.272" classname="testCases.api.TestBillingAbstractor"/>
  <testcase name="getUsageSummary" time="0.195" classname="testCases.api.TestBillingAbstractor"/>
  <testcase name="getUsage" time="0.507" classname="testCases.api.TestBillingAbstractor"/>
  <testcase name="getUsageSummary" time="0.170" classname="testCases.api.TestBillingAbstractor"/>
  <testcase name="getUsage" time="0.518" classname="testCases.api.TestBillingAbstractor"/>
  <testcase name="getUsage" time="0.491" classname="testCases.api.TestBillingAbstractor"/>
  <testcase name="testGetOneOffCharges" time="0.174" classname="testCases.api.TestBillingAbstractor"/>
  <testcase name="getUsage" time="0.473" classname="testCases.api.TestBillingAbstractor"/>
  <testcase name="getUsage" time="0.039" classname="testCases.api.TestBillingAbstractor">
    <failure type="java.lang.AssertionError" message="expected [200] but found [407]">
      <![CDATA[java.lang.AssertionError: expected [200] but found [407]
at org.testng.Assert.fail(Assert.java:97)
at org.testng.Assert.assertEqualsImpl(Assert.java:136)
at org.testng.Assert.assertEquals(Assert.java:118)
at org.testng.Assert.assertEquals(Assert.java:839)
at org.testng.Assert.assertEquals(Assert.java:849)
at testCases.api.TestBillingAbstractor.getUsage(TestBillingAbstractor.java:44)
at sun.reflect.GeneratedMethodAccessor150.invoke(Unknown Source)
at sun.reflect.DelegatingMethodAccessorImpl.invoke(Unknown Source)
at java.lang.reflect.Method.invoke(Unknown Source)
at org.testng.internal.MethodInvocationHelper.invokeMethod(MethodInvocationHelper.java:133)
at org.testng.internal.TestInvoker.invokeMethod(TestInvoker.java:584)
at org.testng.internal.TestInvoker.invokeTestMethod(TestInvoker.java:172)
at org.testng.internal.MethodRunner.runInSequence(MethodRunner.java:46)
at org.testng.internal.TestInvoker$MethodInvocationAgent.invoke(TestInvoker.java:804)
at org.testng.internal.TestInvoker.invokeTestMethods(TestInvoker.java:145)
at org.testng.internal.TestMethodWorker.invokeTestMethods(TestMethodWorker.java:146)
at org.testng.internal.TestMethodWorker.run(TestMethodWorker.java:128)
at java.util.ArrayList.forEach(Unknown Source)
at org.testng.TestRunner.privateRun(TestRunner.java:770)
at org.testng.TestRunner.run(TestRunner.java:591)
at org.testng.SuiteRunner.runTest(SuiteRunner.java:402)
at org.testng.SuiteRunner.runSequentially(SuiteRunner.java:396)
at org.testng.SuiteRunner.privateRun(SuiteRunner.java:355)
at org.testng.SuiteRunner.run(SuiteRunner.java:304)
at org.testng.SuiteRunnerWorker.runSuite(SuiteRunnerWorker.java:53)
at org.testng.SuiteRunnerWorker.run(SuiteRunnerWorker.java:96)
at org.testng.TestNG.runSuitesSequentially(TestNG.java:1180)
at org.testng.TestNG.runSuitesLocally(TestNG.java:1102)
at org.testng.TestNG.runSuites(TestNG.java:1032)
at org.testng.TestNG.run(TestNG.java:1000)
at org.testng.remote.AbstractRemoteTestNG.run(AbstractRemoteTestNG.java:115)
at org.testng.remote.RemoteTestNG.initAndRun(RemoteTestNG.java:251)
at org.testng.remote.RemoteTestNG.main(RemoteTestNG.java:77)
]]>
    </failure>
  </testcase> <!-- getUsage -->
  <testcase name="getUsage" time="0.545" classname="testCases.api.TestBillingAbstractor"/>
  <testcase name="testGetOneOffCharges" time="0.216" classname="testCases.api.TestBillingAbstractor"/>
  <testcase name="getUsage" time="0.317" classname="testCases.api.TestBillingAbstractor"/>
  <testcase name="getUsage" time="0.044" classname="testCases.api.TestBillingAbstractor">
    <failure type="java.lang.AssertionError" message="expected [200] but found [407]">
      <![CDATA[java.lang.AssertionError: expected [200] but found [407]
at org.testng.Assert.fail(Assert.java:97)
at org.testng.Assert.assertEqualsImpl(Assert.java:136)
at org.testng.Assert.assertEquals(Assert.java:118)
at org.testng.Assert.assertEquals(Assert.java:839)
at org.testng.Assert.assertEquals(Assert.java:849)
at testCases.api.TestBillingAbstractor.getUsage(TestBillingAbstractor.java:44)
at sun.reflect.GeneratedMethodAccessor150.invoke(Unknown Source)
at sun.reflect.DelegatingMethodAccessorImpl.invoke(Unknown Source)
at java.lang.reflect.Method.invoke(Unknown Source)
at org.testng.internal.MethodInvocationHelper.invokeMethod(MethodInvocationHelper.java:133)
at org.testng.internal.TestInvoker.invokeMethod(TestInvoker.java:584)
at org.testng.internal.TestInvoker.invokeTestMethod(TestInvoker.java:172)
at org.testng.internal.MethodRunner.runInSequence(MethodRunner.java:46)
at org.testng.internal.TestInvoker$MethodInvocationAgent.invoke(TestInvoker.java:804)
at org.testng.internal.TestInvoker.invokeTestMethods(TestInvoker.java:145)
at org.testng.internal.TestMethodWorker.invokeTestMethods(TestMethodWorker.java:146)
at org.testng.internal.TestMethodWorker.run(TestMethodWorker.java:128)
at java.util.ArrayList.forEach(Unknown Source)
at org.testng.TestRunner.privateRun(TestRunner.java:770)
at org.testng.TestRunner.run(TestRunner.java:591)
at org.testng.SuiteRunner.runTest(SuiteRunner.java:402)
at org.testng.SuiteRunner.runSequentially(SuiteRunner.java:396)
at org.testng.SuiteRunner.privateRun(SuiteRunner.java:355)
at org.testng.SuiteRunner.run(SuiteRunner.java:304)
at org.testng.SuiteRunnerWorker.runSuite(SuiteRunnerWorker.java:53)
at org.testng.SuiteRunnerWorker.run(SuiteRunnerWorker.java:96)
at org.testng.TestNG.runSuitesSequentially(TestNG.java:1180)
at org.testng.TestNG.runSuitesLocally(TestNG.java:1102)
at org.testng.TestNG.runSuites(TestNG.java:1032)
at org.testng.TestNG.run(TestNG.java:1000)
at org.testng.remote.AbstractRemoteTestNG.run(AbstractRemoteTestNG.java:115)
at org.testng.remote.RemoteTestNG.initAndRun(RemoteTestNG.java:251)
at org.testng.remote.RemoteTestNG.main(RemoteTestNG.java:77)
]]>
    </failure>
  </testcase> <!-- getUsage -->
  <testcase name="getUsage" time="0.485" classname="testCases.api.TestBillingAbstractor"/>
  <testcase name="getUsageSummary" time="0.145" classname="testCases.api.TestBillingAbstractor"/>
  <testcase name="getUsage" time="0.541" classname="testCases.api.TestBillingAbstractor"/>
  <testcase name="getUsageSummary" time="0.166" classname="testCases.api.TestBillingAbstractor"/>
  <testcase name="getUsage" time="0.576" classname="testCases.api.TestBillingAbstractor"/>
  <testcase name="getUsage" time="0.273" classname="testCases.api.TestBillingAbstractor"/>
  <testcase name="getUsageSummary" time="0.144" classname="testCases.api.TestBillingAbstractor"/>
  <testcase name="getUsage" time="0.255" classname="testCases.api.TestBillingAbstractor"/>
  <testcase name="testGetOneOffCharges" time="0.163" classname="testCases.api.TestBillingAbstractor"/>
  <testcase name="getUsage" time="0.475" classname="testCases.api.TestBillingAbstractor"/>
  <testcase name="getUsageSummary" time="0.143" classname="testCases.api.TestBillingAbstractor"/>
  <testcase name="getUsageSummary" time="0.172" classname="testCases.api.TestBillingAbstractor"/>
  <testcase name="getUsageSummary" time="0.161" classname="testCases.api.TestBillingAbstractor"/>
  <testcase name="testGetOneOffCharges" time="0.154" classname="testCases.api.TestBillingAbstractor"/>
  <testcase name="getUsage" time="0.261" classname="testCases.api.TestBillingAbstractor"/>
  <testcase name="getUsageSummary" time="0.125" classname="testCases.api.TestBillingAbstractor"/>
  <testcase name="getUsageSummary" time="0.154" classname="testCases.api.TestBillingAbstractor"/>
  <testcase name="getUsage" time="0.243" classname="testCases.api.TestBillingAbstractor"/>
  <testcase name="getUsageSummary" time="0.128" classname="testCases.api.TestBillingAbstractor"/>
  <testcase name="testGetOneOffCharges" time="0.156" classname="testCases.api.TestBillingAbstractor"/>
  <testcase name="getUsage" time="0.256" classname="testCases.api.TestBillingAbstractor"/>
  <testcase name="getUsageSummary" time="0.118" classname="testCases.api.TestBillingAbstractor"/>
  <testcase name="testGetOneOffCharges" time="0.169" classname="testCases.api.TestBillingAbstractor"/>
  <testcase name="getUsageSummary" time="0.157" classname="testCases.api.TestBillingAbstractor"/>
  <testcase name="getUsage" time="0.270" classname="testCases.api.TestBillingAbstractor"/>
  <testcase name="getUsageSummary" time="0.127" classname="testCases.api.TestBillingAbstractor"/>
  <testcase name="getUsageSummary" time="0.198" classname="testCases.api.TestBillingAbstractor"/>
  <testcase name="testGetOneOffCharges" time="0.164" classname="testCases.api.TestBillingAbstractor"/>
  <testcase name="getUsageSummary" time="0.145" classname="testCases.api.TestBillingAbstractor"/>
  <testcase name="getUsageSummary" time="0.168" classname="testCases.api.TestBillingAbstractor"/>
  <testcase name="getUsage" time="0.262" classname="testCases.api.TestBillingAbstractor"/>
  <testcase name="getUsageSummary" time="0.127" classname="testCases.api.TestBillingAbstractor"/>
  <testcase name="getUsage" time="0.239" classname="testCases.api.TestBillingAbstractor"/>
  <testcase name="getUsage" time="0.255" classname="testCases.api.TestBillingAbstractor"/>
  <testcase name="getUsageSummary" time="0.161" classname="testCases.api.TestBillingAbstractor"/>
  <testcase name="getUsageSummary" time="0.192" classname="testCases.api.TestBillingAbstractor"/>
  <testcase name="getUsage" time="0.296" classname="testCases.api.TestBillingAbstractor"/>
  <testcase name="getUsage" time="0.263" classname="testCases.api.TestBillingAbstractor"/>
  <testcase name="getUsageSummary" time="0.145" classname="testCases.api.TestBillingAbstractor"/>
  <testcase name="getUsage" time="0.438" classname="testCases.api.TestBillingAbstractor"/>
  <testcase name="getUsageSummary" time="0.173" classname="testCases.api.TestBillingAbstractor"/>
  <testcase name="getUsageSummary" time="0.180" classname="testCases.api.TestBillingAbstractor"/>
  <testcase name="getUsage" time="0.472" classname="testCases.api.TestBillingAbstractor"/>
  <testcase name="getUsage" time="0.539" classname="testCases.api.TestBillingAbstractor"/>
  <testcase name="getUsageSummary" time="0.156" classname="testCases.api.TestBillingAbstractor"/>
  <testcase name="getUsage" time="0.548" classname="testCases.api.TestBillingAbstractor"/>
  <testcase name="getUsage" time="0.240" classname="testCases.api.TestBillingAbstractor"/>
  <testcase name="testGetOneOffCharges" time="0.170" classname="testCases.api.TestBillingAbstractor"/>
  <testcase name="getUsageSummary" time="0.149" classname="testCases.api.TestBillingAbstractor"/>
  <testcase name="getUsage" time="0.657" classname="testCases.api.TestBillingAbstractor"/>
  <testcase name="getUsageSummary" time="0.237" classname="testCases.api.TestBillingAbstractor"/>
  <testcase name="getUsage" time="0.473" classname="testCases.api.TestBillingAbstractor"/>
  <testcase name="getUsage" time="0.263" classname="testCases.api.TestBillingAbstractor"/>
  <testcase name="getUsageSummary" time="0.154" classname="testCases.api.TestBillingAbstractor"/>
  <testcase name="getUsageSummary" time="0.133" classname="testCases.api.TestBillingAbstractor"/>
  <testcase name="getUsageSummary" time="0.147" classname="testCases.api.TestBillingAbstractor"/>
  <testcase name="testGetOneOffCharges" time="0.187" classname="testCases.api.TestBillingAbstractor"/>
  <testcase name="getUsage" time="0.474" classname="testCases.api.TestBillingAbstractor"/>
  <testcase name="getUsageSummary" time="0.218" classname="testCases.api.TestBillingAbstractor"/>
  <testcase name="getUsage" time="0.573" classname="testCases.api.TestBillingAbstractor"/>
  <testcase name="getUsageSummary" time="0.165" classname="testCases.api.TestBillingAbstractor"/>
  <testcase name="getUsage" time="0.477" classname="testCases.api.TestBillingAbstractor"/>
  <testcase name="testGetOneOffCharges" time="0.166" classname="testCases.api.TestBillingAbstractor"/>
  <testcase name="testGetOneOffCharges" time="0.169" classname="testCases.api.TestBillingAbstractor"/>
  <testcase name="getUsageSummary" time="0.164" classname="testCases.api.TestBillingAbstractor"/>
  <testcase name="getUsageSummary" time="0.140" classname="testCases.api.TestBillingAbstractor"/>
  <testcase name="getUsage" time="0.673" classname="testCases.api.TestBillingAbstractor"/>
  <testcase name="getUsageSummary" time="0.147" classname="testCases.api.TestBillingAbstractor"/>
  <testcase name="getUsage" time="0.252" classname="testCases.api.TestBillingAbstractor"/>
  <testcase name="testGetOneOffCharges" time="0.175" classname="testCases.api.TestBillingAbstractor"/>
  <testcase name="testGetOneOffCharges" time="0.185" classname="testCases.api.TestBillingAbstractor"/>
  <testcase name="getUsage" time="0.534" classname="testCases.api.TestBillingAbstractor"/>
  <testcase name="testGetOneOffCharges" time="0.180" classname="testCases.api.TestBillingAbstractor"/>
  <testcase name="getUsage" time="0.833" classname="testCases.api.TestBillingAbstractor"/>
  <testcase name="getUsage" time="0.462" classname="testCases.api.TestBillingAbstractor"/>
  <testcase name="testGetOneOffCharges" time="0.172" classname="testCases.api.TestBillingAbstractor"/>
  <testcase name="getUsageSummary" time="0.131" classname="testCases.api.TestBillingAbstractor"/>
  <testcase name="getUsage" time="0.257" classname="testCases.api.TestBillingAbstractor"/>
  <testcase name="getUsage" time="0.254" classname="testCases.api.TestBillingAbstractor"/>
  <testcase name="testGetOneOffCharges" time="0.205" classname="testCases.api.TestBillingAbstractor"/>
  <testcase name="getUsage" time="0.036" classname="testCases.api.TestBillingAbstractor">
    <failure type="java.lang.AssertionError" message="expected [200] but found [407]">
      <![CDATA[java.lang.AssertionError: expected [200] but found [407]
at org.testng.Assert.fail(Assert.java:97)
at org.testng.Assert.assertEqualsImpl(Assert.java:136)
at org.testng.Assert.assertEquals(Assert.java:118)
at org.testng.Assert.assertEquals(Assert.java:839)
at org.testng.Assert.assertEquals(Assert.java:849)
at testCases.api.TestBillingAbstractor.getUsage(TestBillingAbstractor.java:44)
at sun.reflect.GeneratedMethodAccessor150.invoke(Unknown Source)
at sun.reflect.DelegatingMethodAccessorImpl.invoke(Unknown Source)
at java.lang.reflect.Method.invoke(Unknown Source)
at org.testng.internal.MethodInvocationHelper.invokeMethod(MethodInvocationHelper.java:133)
at org.testng.internal.TestInvoker.invokeMethod(TestInvoker.java:584)
at org.testng.internal.TestInvoker.invokeTestMethod(TestInvoker.java:172)
at org.testng.internal.MethodRunner.runInSequence(MethodRunner.java:46)
at org.testng.internal.TestInvoker$MethodInvocationAgent.invoke(TestInvoker.java:804)
at org.testng.internal.TestInvoker.invokeTestMethods(TestInvoker.java:145)
at org.testng.internal.TestMethodWorker.invokeTestMethods(TestMethodWorker.java:146)
at org.testng.internal.TestMethodWorker.run(TestMethodWorker.java:128)
at java.util.ArrayList.forEach(Unknown Source)
at org.testng.TestRunner.privateRun(TestRunner.java:770)
at org.testng.TestRunner.run(TestRunner.java:591)
at org.testng.SuiteRunner.runTest(SuiteRunner.java:402)
at org.testng.SuiteRunner.runSequentially(SuiteRunner.java:396)
at org.testng.SuiteRunner.privateRun(SuiteRunner.java:355)
at org.testng.SuiteRunner.run(SuiteRunner.java:304)
at org.testng.SuiteRunnerWorker.runSuite(SuiteRunnerWorker.java:53)
at org.testng.SuiteRunnerWorker.run(SuiteRunnerWorker.java:96)
at org.testng.TestNG.runSuitesSequentially(TestNG.java:1180)
at org.testng.TestNG.runSuitesLocally(TestNG.java:1102)
at org.testng.TestNG.runSuites(TestNG.java:1032)
at org.testng.TestNG.run(TestNG.java:1000)
at org.testng.remote.AbstractRemoteTestNG.run(AbstractRemoteTestNG.java:115)
at org.testng.remote.RemoteTestNG.initAndRun(RemoteTestNG.java:251)
at org.testng.remote.RemoteTestNG.main(RemoteTestNG.java:77)
]]>
    </failure>
  </testcase> <!-- getUsage -->
  <testcase name="getUsage" time="0.471" classname="testCases.api.TestBillingAbstractor"/>
  <testcase name="getUsage" time="0.626" classname="testCases.api.TestBillingAbstractor"/>
  <testcase name="testGetOneOffCharges" time="0.172" classname="testCases.api.TestBillingAbstractor"/>
  <testcase name="getUsageSummary" time="0.194" classname="testCases.api.TestBillingAbstractor"/>
  <testcase name="getUsage" time="0.548" classname="testCases.api.TestBillingAbstractor"/>
  <testcase name="getUsageSummary" time="0.132" classname="testCases.api.TestBillingAbstractor"/>
  <testcase name="getUsageSummary" time="0.180" classname="testCases.api.TestBillingAbstractor"/>
  <testcase name="testGetOneOffCharges" time="0.187" classname="testCases.api.TestBillingAbstractor"/>
  <testcase name="testGetOneOffCharges" time="0.174" classname="testCases.api.TestBillingAbstractor"/>
  <testcase name="getUsage" time="0.274" classname="testCases.api.TestBillingAbstractor"/>
  <testcase name="testGetOneOffCharges" time="0.178" classname="testCases.api.TestBillingAbstractor"/>
  <testcase name="getUsage" time="0.537" classname="testCases.api.TestBillingAbstractor"/>
  <testcase name="getUsageSummary" time="0.153" classname="testCases.api.TestBillingAbstractor"/>
  <testcase name="testGetOneOffCharges" time="0.153" classname="testCases.api.TestBillingAbstractor"/>
  <testcase name="getUsageSummary" time="0.159" classname="testCases.api.TestBillingAbstractor"/>
  <testcase name="getUsageSummary" time="0.166" classname="testCases.api.TestBillingAbstractor"/>
  <testcase name="testGetOneOffCharges" time="0.182" classname="testCases.api.TestBillingAbstractor"/>
  <testcase name="getUsageSummary" time="0.155" classname="testCases.api.TestBillingAbstractor"/>
  <testcase name="getUsageSummary" time="0.158" classname="testCases.api.TestBillingAbstractor"/>
  <testcase name="testGetOneOffCharges" time="0.154" classname="testCases.api.TestBillingAbstractor"/>
  <testcase name="testGetOneOffCharges" time="0.202" classname="testCases.api.TestBillingAbstractor"/>
  <testcase name="getUsage" time="0.271" classname="testCases.api.TestBillingAbstractor"/>
  <testcase name="getUsage" time="0.776" classname="testCases.api.TestBillingAbstractor"/>
  <testcase name="getUsage" time="0.552" classname="testCases.api.TestBillingAbstractor"/>
  <testcase name="getUsage" time="0.698" classname="testCases.api.TestBillingAbstractor"/>
  <testcase name="getUsage" time="0.247" classname="testCases.api.TestBillingAbstractor"/>
  <testcase name="getUsage" time="0.458" classname="testCases.api.TestBillingAbstractor"/>
  <testcase name="getUsageSummary" time="0.158" classname="testCases.api.TestBillingAbstractor"/>
  <testcase name="getUsageSummary" time="0.137" classname="testCases.api.TestBillingAbstractor"/>
  <testcase name="getUsage" time="0.265" classname="testCases.api.TestBillingAbstractor"/>
  <testcase name="testGetOneOffCharges" time="0.172" classname="testCases.api.TestBillingAbstractor"/>
  <testcase name="getUsageSummary" time="0.182" classname="testCases.api.TestBillingAbstractor"/>
  <testcase name="getUsageSummary" time="0.163" classname="testCases.api.TestBillingAbstractor"/>
  <testcase name="getUsage" time="0.655" classname="testCases.api.TestBillingAbstractor"/>
  <testcase name="getUsageSummary" time="0.149" classname="testCases.api.TestBillingAbstractor"/>
  <testcase name="getUsageSummary" time="0.141" classname="testCases.api.TestBillingAbstractor"/>
  <testcase name="getUsage" time="0.485" classname="testCases.api.TestBillingAbstractor"/>
  <testcase name="getUsageSummary" time="0.146" classname="testCases.api.TestBillingAbstractor"/>
  <testcase name="testGetOneOffCharges" time="0.204" classname="testCases.api.TestBillingAbstractor"/>
  <testcase name="getUsage" time="0.486" classname="testCases.api.TestBillingAbstractor"/>
  <testcase name="getUsageSummary" time="0.151" classname="testCases.api.TestBillingAbstractor"/>
  <testcase name="getUsageSummary" time="0.176" classname="testCases.api.TestBillingAbstractor"/>
  <testcase name="testGetOneOffCharges" time="0.191" classname="testCases.api.TestBillingAbstractor"/>
  <testcase name="getUsageSummary" time="0.197" classname="testCases.api.TestBillingAbstractor"/>
  <testcase name="testGetOneOffCharges" time="0.179" classname="testCases.api.TestBillingAbstractor"/>
  <testcase name="testGetOneOffCharges" time="0.188" classname="testCases.api.TestBillingAbstractor"/>
  <testcase name="testGetOneOffCharges" time="0.189" classname="testCases.api.TestBillingAbstractor"/>
  <testcase name="getUsageSummary" time="0.205" classname="testCases.api.TestBillingAbstractor"/>
  <testcase name="getUsageSummary" time="0.134" classname="testCases.api.TestBillingAbstractor"/>
  <testcase name="testGetOneOffCharges" time="0.190" classname="testCases.api.TestBillingAbstractor"/>
  <testcase name="getUsage" time="0.277" classname="testCases.api.TestBillingAbstractor"/>
  <testcase name="testGetOneOffCharges" time="0.185" classname="testCases.api.TestBillingAbstractor"/>
  <testcase name="getUsage" time="0.461" classname="testCases.api.TestBillingAbstractor"/>
  <testcase name="testGetOneOffCharges" time="0.183" classname="testCases.api.TestBillingAbstractor"/>
  <testcase name="getUsage" time="0.620" classname="testCases.api.TestBillingAbstractor"/>
  <testcase name="testGetOneOffCharges" time="0.185" classname="testCases.api.TestBillingAbstractor"/>
  <testcase name="getUsage" time="0.310" classname="testCases.api.TestBillingAbstractor"/>
  <testcase name="getUsage" time="0.510" classname="testCases.api.TestBillingAbstractor"/>
  <testcase name="testGetOneOffCharges" time="0.254" classname="testCases.api.TestBillingAbstractor"/>
  <testcase name="getUsageSummary" time="0.130" classname="testCases.api.TestBillingAbstractor"/>
  <testcase name="getUsage" time="0.252" classname="testCases.api.TestBillingAbstractor"/>
  <testcase name="getUsage" time="0.615" classname="testCases.api.TestBillingAbstractor"/>
  <testcase name="getUsageSummary" time="0.130" classname="testCases.api.TestBillingAbstractor"/>
  <testcase name="getUsage" time="0.263" classname="testCases.api.TestBillingAbstractor"/>
  <testcase name="getUsage" time="0.540" classname="testCases.api.TestBillingAbstractor"/>
  <testcase name="testGetOneOffCharges" time="0.148" classname="testCases.api.TestBillingAbstractor"/>
  <testcase name="testGetOneOffCharges" time="0.168" classname="testCases.api.TestBillingAbstractor"/>
  <testcase name="getUsageSummary" time="0.127" classname="testCases.api.TestBillingAbstractor"/>
  <testcase name="getUsageSummary" time="0.194" classname="testCases.api.TestBillingAbstractor"/>
  <testcase name="getUsageSummary" time="0.136" classname="testCases.api.TestBillingAbstractor"/>
  <testcase name="getUsage" time="0.246" classname="testCases.api.TestBillingAbstractor"/>
  <testcase name="getUsage" time="0.263" classname="testCases.api.TestBillingAbstractor"/>
  <testcase name="getUsage" time="0.272" classname="testCases.api.TestBillingAbstractor"/>
  <testcase name="getUsage" time="0.523" classname="testCases.api.TestBillingAbstractor"/>
  <testcase name="getUsageSummary" time="0.135" classname="testCases.api.TestBillingAbstractor"/>
  <testcase name="getUsage" time="0.728" classname="testCases.api.TestBillingAbstractor"/>
  <testcase name="getUsageSummary" time="0.210" classname="testCases.api.TestBillingAbstractor"/>
  <testcase name="getUsageSummary" time="0.146" classname="testCases.api.TestBillingAbstractor"/>
  <testcase name="testGetOneOffCharges" time="0.164" classname="testCases.api.TestBillingAbstractor"/>
  <testcase name="getUsageSummary" time="0.215" classname="testCases.api.TestBillingAbstractor"/>
  <testcase name="getUsage" time="0.255" classname="testCases.api.TestBillingAbstractor"/>
  <testcase name="getUsageSummary" time="0.145" classname="testCases.api.TestBillingAbstractor"/>
  <testcase name="getUsageSummary" time="0.177" classname="testCases.api.TestBillingAbstractor"/>
  <testcase name="getUsage" time="0.246" classname="testCases.api.TestBillingAbstractor"/>
  <testcase name="getUsageSummary" time="0.149" classname="testCases.api.TestBillingAbstractor"/>
  <testcase name="getUsage" time="0.493" classname="testCases.api.TestBillingAbstractor"/>
  <testcase name="getUsage" time="0.429" classname="testCases.api.TestBillingAbstractor"/>
  <testcase name="getUsage" time="0.251" classname="testCases.api.TestBillingAbstractor"/>
  <testcase name="getUsage" time="0.244" classname="testCases.api.TestBillingAbstractor"/>
  <testcase name="testGetOneOffCharges" time="0.244" classname="testCases.api.TestBillingAbstractor"/>
  <testcase name="getUsageSummary" time="0.161" classname="testCases.api.TestBillingAbstractor"/>
  <testcase name="getUsage" time="0.497" classname="testCases.api.TestBillingAbstractor"/>
  <testcase name="getUsage" time="0.484" classname="testCases.api.TestBillingAbstractor"/>
  <testcase name="getUsageSummary" time="0.136" classname="testCases.api.TestBillingAbstractor"/>
  <testcase name="getUsageSummary" time="0.163" classname="testCases.api.TestBillingAbstractor"/>
  <testcase name="getUsageSummary" time="0.135" classname="testCases.api.TestBillingAbstractor"/>
  <testcase name="getUsage" time="0.234" classname="testCases.api.TestBillingAbstractor"/>
  <testcase name="getUsage" time="0.253" classname="testCases.api.TestBillingAbstractor"/>
  <testcase name="getUsage" time="0.253" classname="testCases.api.TestBillingAbstractor"/>
  <testcase name="getUsageSummary" time="0.137" classname="testCases.api.TestBillingAbstractor"/>
  <testcase name="getUsage" time="0.580" classname="testCases.api.TestBillingAbstractor"/>
  <testcase name="getUsage" time="0.265" classname="testCases.api.TestBillingAbstractor"/>
  <testcase name="testGetOneOffCharges" time="0.214" classname="testCases.api.TestBillingAbstractor"/>
  <testcase name="getUsage" time="0.245" classname="testCases.api.TestBillingAbstractor"/>
  <testcase name="getUsageSummary" time="0.169" classname="testCases.api.TestBillingAbstractor"/>
  <testcase name="testGetOneOffCharges" time="0.169" classname="testCases.api.TestBillingAbstractor"/>
  <testcase name="getUsageSummary" time="0.141" classname="testCases.api.TestBillingAbstractor"/>
  <testcase name="getUsage" time="0.456" classname="testCases.api.TestBillingAbstractor"/>
  <testcase name="getUsage" time="0.588" classname="testCases.api.TestBillingAbstractor"/>
  <testcase name="getUsageSummary" time="0.149" classname="testCases.api.TestBillingAbstractor"/>
  <testcase name="getUsageSummary" time="0.152" classname="testCases.api.TestBillingAbstractor"/>
  <testcase name="getUsageSummary" time="0.166" classname="testCases.api.TestBillingAbstractor"/>
  <testcase name="getUsageSummary" time="0.190" classname="testCases.api.TestBillingAbstractor"/>
  <testcase name="getUsageSummary" time="0.129" classname="testCases.api.TestBillingAbstractor"/>
  <testcase name="testGetOneOffCharges" time="0.182" classname="testCases.api.TestBillingAbstractor"/>
  <testcase name="getUsageSummary" time="0.136" classname="testCases.api.TestBillingAbstractor"/>
  <testcase name="getUsageSummary" time="0.155" classname="testCases.api.TestBillingAbstractor"/>
  <testcase name="getUsage" time="0.493" classname="testCases.api.TestBillingAbstractor"/>
  <testcase name="getUsage" time="0.518" classname="testCases.api.TestBillingAbstractor"/>
  <testcase name="getUsageSummary" time="0.168" classname="testCases.api.TestBillingAbstractor"/>
  <testcase name="getUsageSummary" time="0.146" classname="testCases.api.TestBillingAbstractor"/>
  <testcase name="getUsage" time="0.265" classname="testCases.api.TestBillingAbstractor"/>
  <testcase name="testGetOneOffCharges" time="0.151" classname="testCases.api.TestBillingAbstractor"/>
  <testcase name="getUsage" time="0.516" classname="testCases.api.TestBillingAbstractor"/>
  <testcase name="getUsage" time="0.259" classname="testCases.api.TestBillingAbstractor"/>
  <testcase name="testGetOneOffCharges" time="0.164" classname="testCases.api.TestBillingAbstractor"/>
  <testcase name="getUsage" time="0.519" classname="testCases.api.TestBillingAbstractor"/>
  <testcase name="getUsage" time="0.307" classname="testCases.api.TestBillingAbstractor"/>
  <testcase name="getUsageSummary" time="0.167" classname="testCases.api.TestBillingAbstractor"/>
  <testcase name="testGetOneOffCharges" time="0.157" classname="testCases.api.TestBillingAbstractor"/>
  <testcase name="getUsage" time="0.052" classname="testCases.api.TestBillingAbstractor">
    <failure type="java.lang.AssertionError" message="expected [200] but found [407]">
      <![CDATA[java.lang.AssertionError: expected [200] but found [407]
at org.testng.Assert.fail(Assert.java:97)
at org.testng.Assert.assertEqualsImpl(Assert.java:136)
at org.testng.Assert.assertEquals(Assert.java:118)
at org.testng.Assert.assertEquals(Assert.java:839)
at org.testng.Assert.assertEquals(Assert.java:849)
at testCases.api.TestBillingAbstractor.getUsage(TestBillingAbstractor.java:44)
at sun.reflect.GeneratedMethodAccessor150.invoke(Unknown Source)
at sun.reflect.DelegatingMethodAccessorImpl.invoke(Unknown Source)
at java.lang.reflect.Method.invoke(Unknown Source)
at org.testng.internal.MethodInvocationHelper.invokeMethod(MethodInvocationHelper.java:133)
at org.testng.internal.TestInvoker.invokeMethod(TestInvoker.java:584)
at org.testng.internal.TestInvoker.invokeTestMethod(TestInvoker.java:172)
at org.testng.internal.MethodRunner.runInSequence(MethodRunner.java:46)
at org.testng.internal.TestInvoker$MethodInvocationAgent.invoke(TestInvoker.java:804)
at org.testng.internal.TestInvoker.invokeTestMethods(TestInvoker.java:145)
at org.testng.internal.TestMethodWorker.invokeTestMethods(TestMethodWorker.java:146)
at org.testng.internal.TestMethodWorker.run(TestMethodWorker.java:128)
at java.util.ArrayList.forEach(Unknown Source)
at org.testng.TestRunner.privateRun(TestRunner.java:770)
at org.testng.TestRunner.run(TestRunner.java:591)
at org.testng.SuiteRunner.runTest(SuiteRunner.java:402)
at org.testng.SuiteRunner.runSequentially(SuiteRunner.java:396)
at org.testng.SuiteRunner.privateRun(SuiteRunner.java:355)
at org.testng.SuiteRunner.run(SuiteRunner.java:304)
at org.testng.SuiteRunnerWorker.runSuite(SuiteRunnerWorker.java:53)
at org.testng.SuiteRunnerWorker.run(SuiteRunnerWorker.java:96)
at org.testng.TestNG.runSuitesSequentially(TestNG.java:1180)
at org.testng.TestNG.runSuitesLocally(TestNG.java:1102)
at org.testng.TestNG.runSuites(TestNG.java:1032)
at org.testng.TestNG.run(TestNG.java:1000)
at org.testng.remote.AbstractRemoteTestNG.run(AbstractRemoteTestNG.java:115)
at org.testng.remote.RemoteTestNG.initAndRun(RemoteTestNG.java:251)
at org.testng.remote.RemoteTestNG.main(RemoteTestNG.java:77)
]]>
    </failure>
  </testcase> <!-- getUsage -->
  <testcase name="getUsage" time="0.248" classname="testCases.api.TestBillingAbstractor"/>
  <testcase name="getUsage" time="0.261" classname="testCases.api.TestBillingAbstractor"/>
  <testcase name="getUsage" time="0.264" classname="testCases.api.TestBillingAbstractor"/>
  <testcase name="testGetOneOffCharges" time="0.175" classname="testCases.api.TestBillingAbstractor"/>
  <testcase name="getUsage" time="0.254" classname="testCases.api.TestBillingAbstractor"/>
  <testcase name="getUsage" time="0.257" classname="testCases.api.TestBillingAbstractor"/>
  <testcase name="getUsageSummary" time="0.163" classname="testCases.api.TestBillingAbstractor"/>
  <testcase name="getUsageSummary" time="0.144" classname="testCases.api.TestBillingAbstractor"/>
  <testcase name="getUsageSummary" time="0.129" classname="testCases.api.TestBillingAbstractor"/>
  <testcase name="getUsageSummary" time="0.136" classname="testCases.api.TestBillingAbstractor"/>
  <testcase name="getUsage" time="0.561" classname="testCases.api.TestBillingAbstractor"/>
  <testcase name="getUsageSummary" time="0.153" classname="testCases.api.TestBillingAbstractor"/>
  <testcase name="getUsage" time="0.264" classname="testCases.api.TestBillingAbstractor"/>
  <testcase name="getUsage" time="0.277" classname="testCases.api.TestBillingAbstractor"/>
  <testcase name="getUsage" time="0.257" classname="testCases.api.TestBillingAbstractor"/>
  <testcase name="getUsage" time="0.599" classname="testCases.api.TestBillingAbstractor"/>
  <testcase name="testGetOneOffCharges" time="0.175" classname="testCases.api.TestBillingAbstractor"/>
  <testcase name="getUsageSummary" time="0.169" classname="testCases.api.TestBillingAbstractor"/>
  <testcase name="getUsage" time="0.327" classname="testCases.api.TestBillingAbstractor"/>
  <testcase name="getUsageSummary" time="0.193" classname="testCases.api.TestBillingAbstractor"/>
  <testcase name="getUsage" time="0.260" classname="testCases.api.TestBillingAbstractor"/>
  <testcase name="getUsageSummary" time="0.130" classname="testCases.api.TestBillingAbstractor"/>
  <testcase name="getUsage" time="0.565" classname="testCases.api.TestBillingAbstractor"/>
  <testcase name="getUsage" time="0.267" classname="testCases.api.TestBillingAbstractor"/>
  <testcase name="getUsage" time="0.288" classname="testCases.api.TestBillingAbstractor"/>
  <testcase name="testGetOneOffCharges" time="0.173" classname="testCases.api.TestBillingAbstractor"/>
  <testcase name="getUsageSummary" time="0.136" classname="testCases.api.TestBillingAbstractor"/>
  <testcase name="getUsageSummary" time="0.132" classname="testCases.api.TestBillingAbstractor"/>
  <testcase name="getUsage" time="0.592" classname="testCases.api.TestBillingAbstractor"/>
  <testcase name="getUsageSummary" time="0.180" classname="testCases.api.TestBillingAbstractor"/>
  <testcase name="getUsage" time="0.628" classname="testCases.api.TestBillingAbstractor"/>
  <testcase name="getUsage" time="0.258" classname="testCases.api.TestBillingAbstractor"/>
  <testcase name="getUsage" time="0.579" classname="testCases.api.TestBillingAbstractor"/>
  <testcase name="getUsageSummary" time="0.180" classname="testCases.api.TestBillingAbstractor"/>
  <testcase name="getUsage" time="0.247" classname="testCases.api.TestBillingAbstractor"/>
  <testcase name="getUsageSummary" time="0.156" classname="testCases.api.TestBillingAbstractor"/>
  <testcase name="getUsageSummary" time="0.171" classname="testCases.api.TestBillingAbstractor"/>
  <testcase name="getUsage" time="0.562" classname="testCases.api.TestBillingAbstractor"/>
  <testcase name="getUsage" time="0.575" classname="testCases.api.TestBillingAbstractor"/>
  <testcase name="getUsageSummary" time="0.144" classname="testCases.api.TestBillingAbstractor"/>
  <testcase name="getUsage" time="0.491" classname="testCases.api.TestBillingAbstractor"/>
  <testcase name="testGetOneOffCharges" time="0.179" classname="testCases.api.TestBillingAbstractor"/>
  <testcase name="testGetOneOffCharges" time="0.149" classname="testCases.api.TestBillingAbstractor"/>
  <testcase name="getUsage" time="0.260" classname="testCases.api.TestBillingAbstractor"/>
  <testcase name="getUsage" time="0.038" classname="testCases.api.TestBillingAbstractor">
    <failure type="java.lang.AssertionError" message="expected [200] but found [407]">
      <![CDATA[java.lang.AssertionError: expected [200] but found [407]
at org.testng.Assert.fail(Assert.java:97)
at org.testng.Assert.assertEqualsImpl(Assert.java:136)
at org.testng.Assert.assertEquals(Assert.java:118)
at org.testng.Assert.assertEquals(Assert.java:839)
at org.testng.Assert.assertEquals(Assert.java:849)
at testCases.api.TestBillingAbstractor.getUsage(TestBillingAbstractor.java:44)
at sun.reflect.GeneratedMethodAccessor150.invoke(Unknown Source)
at sun.reflect.DelegatingMethodAccessorImpl.invoke(Unknown Source)
at java.lang.reflect.Method.invoke(Unknown Source)
at org.testng.internal.MethodInvocationHelper.invokeMethod(MethodInvocationHelper.java:133)
at org.testng.internal.TestInvoker.invokeMethod(TestInvoker.java:584)
at org.testng.internal.TestInvoker.invokeTestMethod(TestInvoker.java:172)
at org.testng.internal.MethodRunner.runInSequence(MethodRunner.java:46)
at org.testng.internal.TestInvoker$MethodInvocationAgent.invoke(TestInvoker.java:804)
at org.testng.internal.TestInvoker.invokeTestMethods(TestInvoker.java:145)
at org.testng.internal.TestMethodWorker.invokeTestMethods(TestMethodWorker.java:146)
at org.testng.internal.TestMethodWorker.run(TestMethodWorker.java:128)
at java.util.ArrayList.forEach(Unknown Source)
at org.testng.TestRunner.privateRun(TestRunner.java:770)
at org.testng.TestRunner.run(TestRunner.java:591)
at org.testng.SuiteRunner.runTest(SuiteRunner.java:402)
at org.testng.SuiteRunner.runSequentially(SuiteRunner.java:396)
at org.testng.SuiteRunner.privateRun(SuiteRunner.java:355)
at org.testng.SuiteRunner.run(SuiteRunner.java:304)
at org.testng.SuiteRunnerWorker.runSuite(SuiteRunnerWorker.java:53)
at org.testng.SuiteRunnerWorker.run(SuiteRunnerWorker.java:96)
at org.testng.TestNG.runSuitesSequentially(TestNG.java:1180)
at org.testng.TestNG.runSuitesLocally(TestNG.java:1102)
at org.testng.TestNG.runSuites(TestNG.java:1032)
at org.testng.TestNG.run(TestNG.java:1000)
at org.testng.remote.AbstractRemoteTestNG.run(AbstractRemoteTestNG.java:115)
at org.testng.remote.RemoteTestNG.initAndRun(RemoteTestNG.java:251)
at org.testng.remote.RemoteTestNG.main(RemoteTestNG.java:77)
]]>
    </failure>
  </testcase> <!-- getUsage -->
  <testcase name="getUsageSummary" time="0.131" classname="testCases.api.TestBillingAbstractor"/>
  <testcase name="getUsageSummary" time="0.141" classname="testCases.api.TestBillingAbstractor"/>
  <testcase name="getUsage" time="0.042" classname="testCases.api.TestBillingAbstractor">
    <failure type="java.lang.AssertionError" message="expected [200] but found [407]">
      <![CDATA[java.lang.AssertionError: expected [200] but found [407]
at org.testng.Assert.fail(Assert.java:97)
at org.testng.Assert.assertEqualsImpl(Assert.java:136)
at org.testng.Assert.assertEquals(Assert.java:118)
at org.testng.Assert.assertEquals(Assert.java:839)
at org.testng.Assert.assertEquals(Assert.java:849)
at testCases.api.TestBillingAbstractor.getUsage(TestBillingAbstractor.java:44)
at sun.reflect.GeneratedMethodAccessor150.invoke(Unknown Source)
at sun.reflect.DelegatingMethodAccessorImpl.invoke(Unknown Source)
at java.lang.reflect.Method.invoke(Unknown Source)
at org.testng.internal.MethodInvocationHelper.invokeMethod(MethodInvocationHelper.java:133)
at org.testng.internal.TestInvoker.invokeMethod(TestInvoker.java:584)
at org.testng.internal.TestInvoker.invokeTestMethod(TestInvoker.java:172)
at org.testng.internal.MethodRunner.runInSequence(MethodRunner.java:46)
at org.testng.internal.TestInvoker$MethodInvocationAgent.invoke(TestInvoker.java:804)
at org.testng.internal.TestInvoker.invokeTestMethods(TestInvoker.java:145)
at org.testng.internal.TestMethodWorker.invokeTestMethods(TestMethodWorker.java:146)
at org.testng.internal.TestMethodWorker.run(TestMethodWorker.java:128)
at java.util.ArrayList.forEach(Unknown Source)
at org.testng.TestRunner.privateRun(TestRunner.java:770)
at org.testng.TestRunner.run(TestRunner.java:591)
at org.testng.SuiteRunner.runTest(SuiteRunner.java:402)
at org.testng.SuiteRunner.runSequentially(SuiteRunner.java:396)
at org.testng.SuiteRunner.privateRun(SuiteRunner.java:355)
at org.testng.SuiteRunner.run(SuiteRunner.java:304)
at org.testng.SuiteRunnerWorker.runSuite(SuiteRunnerWorker.java:53)
at org.testng.SuiteRunnerWorker.run(SuiteRunnerWorker.java:96)
at org.testng.TestNG.runSuitesSequentially(TestNG.java:1180)
at org.testng.TestNG.runSuitesLocally(TestNG.java:1102)
at org.testng.TestNG.runSuites(TestNG.java:1032)
at org.testng.TestNG.run(TestNG.java:1000)
at org.testng.remote.AbstractRemoteTestNG.run(AbstractRemoteTestNG.java:115)
at org.testng.remote.RemoteTestNG.initAndRun(RemoteTestNG.java:251)
at org.testng.remote.RemoteTestNG.main(RemoteTestNG.java:77)
]]>
    </failure>
  </testcase> <!-- getUsage -->
  <testcase name="getUsage" time="0.245" classname="testCases.api.TestBillingAbstractor"/>
  <testcase name="getUsageSummary" time="0.186" classname="testCases.api.TestBillingAbstractor"/>
  <testcase name="getUsage" time="0.588" classname="testCases.api.TestBillingAbstractor"/>
  <testcase name="getUsage" time="0.481" classname="testCases.api.TestBillingAbstractor"/>
  <testcase name="getUsageSummary" time="0.156" classname="testCases.api.TestBillingAbstractor"/>
  <testcase name="getUsage" time="0.256" classname="testCases.api.TestBillingAbstractor"/>
  <testcase name="testGetOneOffCharges" time="2.731" classname="testCases.api.TestBillingAbstractor"/>
  <testcase name="getUsage" time="0.244" classname="testCases.api.TestBillingAbstractor"/>
  <testcase name="getUsageSummary" time="0.141" classname="testCases.api.TestBillingAbstractor"/>
  <testcase name="testGetOneOffCharges" time="0.174" classname="testCases.api.TestBillingAbstractor"/>
  <testcase name="getUsage" time="0.269" classname="testCases.api.TestBillingAbstractor"/>
  <testcase name="getUsageSummary" time="0.147" classname="testCases.api.TestBillingAbstractor"/>
  <testcase name="getUsageSummary" time="0.147" classname="testCases.api.TestBillingAbstractor"/>
  <testcase name="getUsageSummary" time="0.202" classname="testCases.api.TestBillingAbstractor"/>
  <testcase name="getUsageSummary" time="0.202" classname="testCases.api.TestBillingAbstractor"/>
  <testcase name="getUsageSummary" time="0.187" classname="testCases.api.TestBillingAbstractor"/>
  <testcase name="testGetOneOffCharges" time="0.142" classname="testCases.api.TestBillingAbstractor">
    <failure type="java.lang.AssertionError" message="expected [200] but found [404]">
      <![CDATA[java.lang.AssertionError: expected [200] but found [404]
at org.testng.Assert.fail(Assert.java:97)
at org.testng.Assert.assertEqualsImpl(Assert.java:136)
at org.testng.Assert.assertEquals(Assert.java:118)
at org.testng.Assert.assertEquals(Assert.java:839)
at org.testng.Assert.assertEquals(Assert.java:849)
at testCases.api.TestBillingAbstractor.testGetOneOffCharges(TestBillingAbstractor.java:34)
at sun.reflect.GeneratedMethodAccessor65.invoke(Unknown Source)
at sun.reflect.DelegatingMethodAccessorImpl.invoke(Unknown Source)
at java.lang.reflect.Method.invoke(Unknown Source)
at org.testng.internal.MethodInvocationHelper.invokeMethod(MethodInvocationHelper.java:133)
at org.testng.internal.TestInvoker.invokeMethod(TestInvoker.java:584)
at org.testng.internal.TestInvoker.invokeTestMethod(TestInvoker.java:172)
at org.testng.internal.MethodRunner.runInSequence(MethodRunner.java:46)
at org.testng.internal.TestInvoker$MethodInvocationAgent.invoke(TestInvoker.java:804)
at org.testng.internal.TestInvoker.invokeTestMethods(TestInvoker.java:145)
at org.testng.internal.TestMethodWorker.invokeTestMethods(TestMethodWorker.java:146)
at org.testng.internal.TestMethodWorker.run(TestMethodWorker.java:128)
at java.util.ArrayList.forEach(Unknown Source)
at org.testng.TestRunner.privateRun(TestRunner.java:770)
at org.testng.TestRunner.run(TestRunner.java:591)
at org.testng.SuiteRunner.runTest(SuiteRunner.java:402)
at org.testng.SuiteRunner.runSequentially(SuiteRunner.java:396)
at org.testng.SuiteRunner.privateRun(SuiteRunner.java:355)
at org.testng.SuiteRunner.run(SuiteRunner.java:304)
at org.testng.SuiteRunnerWorker.runSuite(SuiteRunnerWorker.java:53)
at org.testng.SuiteRunnerWorker.run(SuiteRunnerWorker.java:96)
at org.testng.TestNG.runSuitesSequentially(TestNG.java:1180)
at org.testng.TestNG.runSuitesLocally(TestNG.java:1102)
at org.testng.TestNG.runSuites(TestNG.java:1032)
at org.testng.TestNG.run(TestNG.java:1000)
at org.testng.remote.AbstractRemoteTestNG.run(AbstractRemoteTestNG.java:115)
at org.testng.remote.RemoteTestNG.initAndRun(RemoteTestNG.java:251)
at org.testng.remote.RemoteTestNG.main(RemoteTestNG.java:77)
]]>
    </failure>
  </testcase> <!-- testGetOneOffCharges -->
  <testcase name="getUsage" time="0.267" classname="testCases.api.TestBillingAbstractor"/>
  <testcase name="getUsageSummary" time="0.176" classname="testCases.api.TestBillingAbstractor"/>
  <testcase name="getUsage" time="0.277" classname="testCases.api.TestBillingAbstractor"/>
  <testcase name="testGetOneOffCharges" time="0.157" classname="testCases.api.TestBillingAbstractor"/>
  <testcase name="getUsage" time="0.593" classname="testCases.api.TestBillingAbstractor"/>
  <testcase name="testGetOneOffCharges" time="0.167" classname="testCases.api.TestBillingAbstractor"/>
  <testcase name="getUsageSummary" time="0.129" classname="testCases.api.TestBillingAbstractor"/>
  <testcase name="testGetOneOffCharges" time="0.170" classname="testCases.api.TestBillingAbstractor"/>
  <testcase name="getUsage" time="0.628" classname="testCases.api.TestBillingAbstractor"/>
  <testcase name="getUsageSummary" time="0.143" classname="testCases.api.TestBillingAbstractor"/>
  <testcase name="getUsage" time="0.240" classname="testCases.api.TestBillingAbstractor"/>
  <testcase name="getUsageSummary" time="0.151" classname="testCases.api.TestBillingAbstractor"/>
  <testcase name="getUsageSummary" time="0.180" classname="testCases.api.TestBillingAbstractor"/>
  <testcase name="getUsage" time="0.269" classname="testCases.api.TestBillingAbstractor"/>
  <testcase name="getUsageSummary" time="0.132" classname="testCases.api.TestBillingAbstractor"/>
  <testcase name="getUsage" time="0.328" classname="testCases.api.TestBillingAbstractor"/>
  <testcase name="getUsageSummary" time="0.149" classname="testCases.api.TestBillingAbstractor"/>
  <testcase name="getUsageSummary" time="0.141" classname="testCases.api.TestBillingAbstractor"/>
  <testcase name="getUsage" time="0.256" classname="testCases.api.TestBillingAbstractor"/>
  <testcase name="getUsageSummary" time="0.240" classname="testCases.api.TestBillingAbstractor"/>
  <testcase name="getUsage" time="0.255" classname="testCases.api.TestBillingAbstractor"/>
  <testcase name="getUsage" time="0.285" classname="testCases.api.TestBillingAbstractor"/>
  <testcase name="getUsageSummary" time="0.155" classname="testCases.api.TestBillingAbstractor"/>
  <testcase name="testGetOneOffCharges" time="0.189" classname="testCases.api.TestBillingAbstractor"/>
  <testcase name="getUsageSummary" time="0.190" classname="testCases.api.TestBillingAbstractor"/>
  <testcase name="getUsageSummary" time="0.133" classname="testCases.api.TestBillingAbstractor"/>
  <testcase name="getUsageSummary" time="0.185" classname="testCases.api.TestBillingAbstractor"/>
  <testcase name="getUsage" time="0.268" classname="testCases.api.TestBillingAbstractor"/>
  <testcase name="testGetOneOffCharges" time="0.151" classname="testCases.api.TestBillingAbstractor"/>
  <testcase name="getUsage" time="0.568" classname="testCases.api.TestBillingAbstractor"/>
  <testcase name="getUsage" time="0.250" classname="testCases.api.TestBillingAbstractor"/>
  <testcase name="testGetOneOffCharges" time="0.201" classname="testCases.api.TestBillingAbstractor"/>
  <testcase name="getUsageSummary" time="0.140" classname="testCases.api.TestBillingAbstractor"/>
  <testcase name="testGetOneOffCharges" time="0.195" classname="testCases.api.TestBillingAbstractor"/>
  <testcase name="getUsage" time="0.622" classname="testCases.api.TestBillingAbstractor"/>
  <testcase name="getUsageSummary" time="0.165" classname="testCases.api.TestBillingAbstractor"/>
  <testcase name="getUsageSummary" time="0.149" classname="testCases.api.TestBillingAbstractor"/>
  <testcase name="getUsage" time="0.252" classname="testCases.api.TestBillingAbstractor"/>
  <testcase name="getUsageSummary" time="0.124" classname="testCases.api.TestBillingAbstractor"/>
  <testcase name="getUsage" time="0.283" classname="testCases.api.TestBillingAbstractor"/>
  <testcase name="getUsageSummary" time="0.129" classname="testCases.api.TestBillingAbstractor"/>
  <testcase name="getUsageSummary" time="0.120" classname="testCases.api.TestBillingAbstractor"/>
  <testcase name="testGetOneOffCharges" time="0.161" classname="testCases.api.TestBillingAbstractor"/>
  <testcase name="getUsageSummary" time="0.230" classname="testCases.api.TestBillingAbstractor"/>
  <testcase name="getUsage" time="0.623" classname="testCases.api.TestBillingAbstractor"/>
  <testcase name="getUsageSummary" time="0.180" classname="testCases.api.TestBillingAbstractor"/>
  <testcase name="getUsage" time="3.239" classname="testCases.api.TestBillingAbstractor"/>
  <testcase name="getUsage" time="0.268" classname="testCases.api.TestBillingAbstractor"/>
  <testcase name="getUsage" time="0.534" classname="testCases.api.TestBillingAbstractor"/>
  <testcase name="testGetOneOffCharges" time="0.159" classname="testCases.api.TestBillingAbstractor"/>
  <testcase name="testGetOneOffCharges" time="0.165" classname="testCases.api.TestBillingAbstractor"/>
  <testcase name="testGetOneOffCharges" time="0.227" classname="testCases.api.TestBillingAbstractor"/>
  <testcase name="getUsageSummary" time="0.174" classname="testCases.api.TestBillingAbstractor"/>
  <testcase name="testGetOneOffCharges" time="0.213" classname="testCases.api.TestBillingAbstractor"/>
  <testcase name="getUsage" time="0.723" classname="testCases.api.TestBillingAbstractor"/>
  <testcase name="getUsage" time="0.039" classname="testCases.api.TestBillingAbstractor">
    <failure type="java.lang.AssertionError" message="expected [200] but found [407]">
      <![CDATA[java.lang.AssertionError: expected [200] but found [407]
at org.testng.Assert.fail(Assert.java:97)
at org.testng.Assert.assertEqualsImpl(Assert.java:136)
at org.testng.Assert.assertEquals(Assert.java:118)
at org.testng.Assert.assertEquals(Assert.java:839)
at org.testng.Assert.assertEquals(Assert.java:849)
at testCases.api.TestBillingAbstractor.getUsage(TestBillingAbstractor.java:44)
at sun.reflect.GeneratedMethodAccessor150.invoke(Unknown Source)
at sun.reflect.DelegatingMethodAccessorImpl.invoke(Unknown Source)
at java.lang.reflect.Method.invoke(Unknown Source)
at org.testng.internal.MethodInvocationHelper.invokeMethod(MethodInvocationHelper.java:133)
at org.testng.internal.TestInvoker.invokeMethod(TestInvoker.java:584)
at org.testng.internal.TestInvoker.invokeTestMethod(TestInvoker.java:172)
at org.testng.internal.MethodRunner.runInSequence(MethodRunner.java:46)
at org.testng.internal.TestInvoker$MethodInvocationAgent.invoke(TestInvoker.java:804)
at org.testng.internal.TestInvoker.invokeTestMethods(TestInvoker.java:145)
at org.testng.internal.TestMethodWorker.invokeTestMethods(TestMethodWorker.java:146)
at org.testng.internal.TestMethodWorker.run(TestMethodWorker.java:128)
at java.util.ArrayList.forEach(Unknown Source)
at org.testng.TestRunner.privateRun(TestRunner.java:770)
at org.testng.TestRunner.run(TestRunner.java:591)
at org.testng.SuiteRunner.runTest(SuiteRunner.java:402)
at org.testng.SuiteRunner.runSequentially(SuiteRunner.java:396)
at org.testng.SuiteRunner.privateRun(SuiteRunner.java:355)
at org.testng.SuiteRunner.run(SuiteRunner.java:304)
at org.testng.SuiteRunnerWorker.runSuite(SuiteRunnerWorker.java:53)
at org.testng.SuiteRunnerWorker.run(SuiteRunnerWorker.java:96)
at org.testng.TestNG.runSuitesSequentially(TestNG.java:1180)
at org.testng.TestNG.runSuitesLocally(TestNG.java:1102)
at org.testng.TestNG.runSuites(TestNG.java:1032)
at org.testng.TestNG.run(TestNG.java:1000)
at org.testng.remote.AbstractRemoteTestNG.run(AbstractRemoteTestNG.java:115)
at org.testng.remote.RemoteTestNG.initAndRun(RemoteTestNG.java:251)
at org.testng.remote.RemoteTestNG.main(RemoteTestNG.java:77)
]]>
    </failure>
  </testcase> <!-- getUsage -->
  <testcase name="testGetOneOffCharges" time="0.209" classname="testCases.api.TestBillingAbstractor"/>
  <testcase name="getUsage" time="0.036" classname="testCases.api.TestBillingAbstractor">
    <failure type="java.lang.AssertionError" message="expected [200] but found [407]">
      <![CDATA[java.lang.AssertionError: expected [200] but found [407]
at org.testng.Assert.fail(Assert.java:97)
at org.testng.Assert.assertEqualsImpl(Assert.java:136)
at org.testng.Assert.assertEquals(Assert.java:118)
at org.testng.Assert.assertEquals(Assert.java:839)
at org.testng.Assert.assertEquals(Assert.java:849)
at testCases.api.TestBillingAbstractor.getUsage(TestBillingAbstractor.java:44)
at sun.reflect.GeneratedMethodAccessor150.invoke(Unknown Source)
at sun.reflect.DelegatingMethodAccessorImpl.invoke(Unknown Source)
at java.lang.reflect.Method.invoke(Unknown Source)
at org.testng.internal.MethodInvocationHelper.invokeMethod(MethodInvocationHelper.java:133)
at org.testng.internal.TestInvoker.invokeMethod(TestInvoker.java:584)
at org.testng.internal.TestInvoker.invokeTestMethod(TestInvoker.java:172)
at org.testng.internal.MethodRunner.runInSequence(MethodRunner.java:46)
at org.testng.internal.TestInvoker$MethodInvocationAgent.invoke(TestInvoker.java:804)
at org.testng.internal.TestInvoker.invokeTestMethods(TestInvoker.java:145)
at org.testng.internal.TestMethodWorker.invokeTestMethods(TestMethodWorker.java:146)
at org.testng.internal.TestMethodWorker.run(TestMethodWorker.java:128)
at java.util.ArrayList.forEach(Unknown Source)
at org.testng.TestRunner.privateRun(TestRunner.java:770)
at org.testng.TestRunner.run(TestRunner.java:591)
at org.testng.SuiteRunner.runTest(SuiteRunner.java:402)
at org.testng.SuiteRunner.runSequentially(SuiteRunner.java:396)
at org.testng.SuiteRunner.privateRun(SuiteRunner.java:355)
at org.testng.SuiteRunner.run(SuiteRunner.java:304)
at org.testng.SuiteRunnerWorker.runSuite(SuiteRunnerWorker.java:53)
at org.testng.SuiteRunnerWorker.run(SuiteRunnerWorker.java:96)
at org.testng.TestNG.runSuitesSequentially(TestNG.java:1180)
at org.testng.TestNG.runSuitesLocally(TestNG.java:1102)
at org.testng.TestNG.runSuites(TestNG.java:1032)
at org.testng.TestNG.run(TestNG.java:1000)
at org.testng.remote.AbstractRemoteTestNG.run(AbstractRemoteTestNG.java:115)
at org.testng.remote.RemoteTestNG.initAndRun(RemoteTestNG.java:251)
at org.testng.remote.RemoteTestNG.main(RemoteTestNG.java:77)
]]>
    </failure>
  </testcase> <!-- getUsage -->
  <testcase name="getUsageSummary" time="0.179" classname="testCases.api.TestBillingAbstractor"/>
  <testcase name="testGetOneOffCharges" time="0.153" classname="testCases.api.TestBillingAbstractor"/>
  <testcase name="getUsage" time="0.051" classname="testCases.api.TestBillingAbstractor">
    <failure type="java.lang.AssertionError" message="expected [200] but found [407]">
      <![CDATA[java.lang.AssertionError: expected [200] but found [407]
at org.testng.Assert.fail(Assert.java:97)
at org.testng.Assert.assertEqualsImpl(Assert.java:136)
at org.testng.Assert.assertEquals(Assert.java:118)
at org.testng.Assert.assertEquals(Assert.java:839)
at org.testng.Assert.assertEquals(Assert.java:849)
at testCases.api.TestBillingAbstractor.getUsage(TestBillingAbstractor.java:44)
at sun.reflect.GeneratedMethodAccessor150.invoke(Unknown Source)
at sun.reflect.DelegatingMethodAccessorImpl.invoke(Unknown Source)
at java.lang.reflect.Method.invoke(Unknown Source)
at org.testng.internal.MethodInvocationHelper.invokeMethod(MethodInvocationHelper.java:133)
at org.testng.internal.TestInvoker.invokeMethod(TestInvoker.java:584)
at org.testng.internal.TestInvoker.invokeTestMethod(TestInvoker.java:172)
at org.testng.internal.MethodRunner.runInSequence(MethodRunner.java:46)
at org.testng.internal.TestInvoker$MethodInvocationAgent.invoke(TestInvoker.java:804)
at org.testng.internal.TestInvoker.invokeTestMethods(TestInvoker.java:145)
at org.testng.internal.TestMethodWorker.invokeTestMethods(TestMethodWorker.java:146)
at org.testng.internal.TestMethodWorker.run(TestMethodWorker.java:128)
at java.util.ArrayList.forEach(Unknown Source)
at org.testng.TestRunner.privateRun(TestRunner.java:770)
at org.testng.TestRunner.run(TestRunner.java:591)
at org.testng.SuiteRunner.runTest(SuiteRunner.java:402)
at org.testng.SuiteRunner.runSequentially(SuiteRunner.java:396)
at org.testng.SuiteRunner.privateRun(SuiteRunner.java:355)
at org.testng.SuiteRunner.run(SuiteRunner.java:304)
at org.testng.SuiteRunnerWorker.runSuite(SuiteRunnerWorker.java:53)
at org.testng.SuiteRunnerWorker.run(SuiteRunnerWorker.java:96)
at org.testng.TestNG.runSuitesSequentially(TestNG.java:1180)
at org.testng.TestNG.runSuitesLocally(TestNG.java:1102)
at org.testng.TestNG.runSuites(TestNG.java:1032)
at org.testng.TestNG.run(TestNG.java:1000)
at org.testng.remote.AbstractRemoteTestNG.run(AbstractRemoteTestNG.java:115)
at org.testng.remote.RemoteTestNG.initAndRun(RemoteTestNG.java:251)
at org.testng.remote.RemoteTestNG.main(RemoteTestNG.java:77)
]]>
    </failure>
  </testcase> <!-- getUsage -->
  <testcase name="getUsage" time="0.443" classname="testCases.api.TestBillingAbstractor"/>
  <testcase name="getUsage" time="0.591" classname="testCases.api.TestBillingAbstractor"/>
  <testcase name="getUsageSummary" time="0.260" classname="testCases.api.TestBillingAbstractor"/>
  <testcase name="getUsageSummary" time="0.168" classname="testCases.api.TestBillingAbstractor"/>
  <testcase name="getUsageSummary" time="0.157" classname="testCases.api.TestBillingAbstractor"/>
  <testcase name="getUsageSummary" time="0.162" classname="testCases.api.TestBillingAbstractor"/>
  <testcase name="getUsageSummary" time="0.172" classname="testCases.api.TestBillingAbstractor"/>
  <testcase name="getUsage" time="0.488" classname="testCases.api.TestBillingAbstractor"/>
  <testcase name="testGetOneOffCharges" time="0.166" classname="testCases.api.TestBillingAbstractor"/>
  <testcase name="getUsageSummary" time="0.169" classname="testCases.api.TestBillingAbstractor"/>
  <testcase name="getUsage" time="0.259" classname="testCases.api.TestBillingAbstractor"/>
  <testcase name="testGetOneOffCharges" time="0.183" classname="testCases.api.TestBillingAbstractor"/>
  <testcase name="getUsage" time="0.247" classname="testCases.api.TestBillingAbstractor"/>
  <testcase name="testGetOneOffCharges" time="0.163" classname="testCases.api.TestBillingAbstractor"/>
  <testcase name="getUsage" time="0.312" classname="testCases.api.TestBillingAbstractor"/>
  <testcase name="getUsage" time="0.357" classname="testCases.api.TestBillingAbstractor"/>
  <testcase name="getUsage" time="0.273" classname="testCases.api.TestBillingAbstractor"/>
  <testcase name="getUsage" time="0.261" classname="testCases.api.TestBillingAbstractor"/>
  <testcase name="getUsage" time="0.268" classname="testCases.api.TestBillingAbstractor"/>
  <testcase name="getUsageSummary" time="0.138" classname="testCases.api.TestBillingAbstractor"/>
  <testcase name="getUsage" time="0.557" classname="testCases.api.TestBillingAbstractor"/>
  <testcase name="getUsageSummary" time="0.233" classname="testCases.api.TestBillingAbstractor"/>
  <testcase name="getUsage" time="0.254" classname="testCases.api.TestBillingAbstractor"/>
  <testcase name="getUsageSummary" time="0.145" classname="testCases.api.TestBillingAbstractor"/>
  <testcase name="getUsageSummary" time="0.153" classname="testCases.api.TestBillingAbstractor"/>
  <testcase name="getUsageSummary" time="0.161" classname="testCases.api.TestBillingAbstractor"/>
  <testcase name="getUsage" time="0.470" classname="testCases.api.TestBillingAbstractor"/>
  <testcase name="getUsage" time="0.260" classname="testCases.api.TestBillingAbstractor"/>
  <testcase name="getUsageSummary" time="0.159" classname="testCases.api.TestBillingAbstractor"/>
  <testcase name="getUsage" time="0.554" classname="testCases.api.TestBillingAbstractor"/>
  <testcase name="testGetOneOffCharges" time="0.205" classname="testCases.api.TestBillingAbstractor"/>
  <testcase name="getUsage" time="0.267" classname="testCases.api.TestBillingAbstractor"/>
  <testcase name="testGetOneOffCharges" time="0.154" classname="testCases.api.TestBillingAbstractor"/>
  <testcase name="getUsageSummary" time="0.160" classname="testCases.api.TestBillingAbstractor"/>
  <testcase name="getUsage" time="0.265" classname="testCases.api.TestBillingAbstractor"/>
  <testcase name="getUsage" time="0.465" classname="testCases.api.TestBillingAbstractor"/>
  <testcase name="getUsageSummary" time="0.131" classname="testCases.api.TestBillingAbstractor"/>
  <testcase name="getUsageSummary" time="0.127" classname="testCases.api.TestBillingAbstractor"/>
  <testcase name="getUsage" time="0.274" classname="testCases.api.TestBillingAbstractor"/>
  <testcase name="getUsage" time="0.346" classname="testCases.api.TestBillingAbstractor"/>
  <testcase name="getUsageSummary" time="0.120" classname="testCases.api.TestBillingAbstractor"/>
  <testcase name="getUsage" time="0.520" classname="testCases.api.TestBillingAbstractor"/>
  <testcase name="testGetOneOffCharges" time="0.167" classname="testCases.api.TestBillingAbstractor"/>
  <testcase name="getUsageSummary" time="0.177" classname="testCases.api.TestBillingAbstractor"/>
  <testcase name="getUsageSummary" time="0.166" classname="testCases.api.TestBillingAbstractor"/>
  <testcase name="getUsageSummary" time="0.152" classname="testCases.api.TestBillingAbstractor"/>
  <testcase name="getUsage" time="0.270" classname="testCases.api.TestBillingAbstractor"/>
  <testcase name="getUsageSummary" time="0.137" classname="testCases.api.TestBillingAbstractor"/>
  <testcase name="getUsage" time="0.503" classname="testCases.api.TestBillingAbstractor"/>
  <testcase name="getUsageSummary" time="0.134" classname="testCases.api.TestBillingAbstractor"/>
  <testcase name="getUsageSummary" time="0.153" classname="testCases.api.TestBillingAbstractor"/>
  <testcase name="getUsage" time="0.051" classname="testCases.api.TestBillingAbstractor">
    <failure type="java.lang.AssertionError" message="expected [200] but found [407]">
      <![CDATA[java.lang.AssertionError: expected [200] but found [407]
at org.testng.Assert.fail(Assert.java:97)
at org.testng.Assert.assertEqualsImpl(Assert.java:136)
at org.testng.Assert.assertEquals(Assert.java:118)
at org.testng.Assert.assertEquals(Assert.java:839)
at org.testng.Assert.assertEquals(Assert.java:849)
at testCases.api.TestBillingAbstractor.getUsage(TestBillingAbstractor.java:44)
at sun.reflect.GeneratedMethodAccessor150.invoke(Unknown Source)
at sun.reflect.DelegatingMethodAccessorImpl.invoke(Unknown Source)
at java.lang.reflect.Method.invoke(Unknown Source)
at org.testng.internal.MethodInvocationHelper.invokeMethod(MethodInvocationHelper.java:133)
at org.testng.internal.TestInvoker.invokeMethod(TestInvoker.java:584)
at org.testng.internal.TestInvoker.invokeTestMethod(TestInvoker.java:172)
at org.testng.internal.MethodRunner.runInSequence(MethodRunner.java:46)
at org.testng.internal.TestInvoker$MethodInvocationAgent.invoke(TestInvoker.java:804)
at org.testng.internal.TestInvoker.invokeTestMethods(TestInvoker.java:145)
at org.testng.internal.TestMethodWorker.invokeTestMethods(TestMethodWorker.java:146)
at org.testng.internal.TestMethodWorker.run(TestMethodWorker.java:128)
at java.util.ArrayList.forEach(Unknown Source)
at org.testng.TestRunner.privateRun(TestRunner.java:770)
at org.testng.TestRunner.run(TestRunner.java:591)
at org.testng.SuiteRunner.runTest(SuiteRunner.java:402)
at org.testng.SuiteRunner.runSequentially(SuiteRunner.java:396)
at org.testng.SuiteRunner.privateRun(SuiteRunner.java:355)
at org.testng.SuiteRunner.run(SuiteRunner.java:304)
at org.testng.SuiteRunnerWorker.runSuite(SuiteRunnerWorker.java:53)
at org.testng.SuiteRunnerWorker.run(SuiteRunnerWorker.java:96)
at org.testng.TestNG.runSuitesSequentially(TestNG.java:1180)
at org.testng.TestNG.runSuitesLocally(TestNG.java:1102)
at org.testng.TestNG.runSuites(TestNG.java:1032)
at org.testng.TestNG.run(TestNG.java:1000)
at org.testng.remote.AbstractRemoteTestNG.run(AbstractRemoteTestNG.java:115)
at org.testng.remote.RemoteTestNG.initAndRun(RemoteTestNG.java:251)
at org.testng.remote.RemoteTestNG.main(RemoteTestNG.java:77)
]]>
    </failure>
  </testcase> <!-- getUsage -->
  <testcase name="testGetOneOffCharges" time="0.127" classname="testCases.api.TestBillingAbstractor">
    <failure type="java.lang.AssertionError" message="expected [200] but found [404]">
      <![CDATA[java.lang.AssertionError: expected [200] but found [404]
at org.testng.Assert.fail(Assert.java:97)
at org.testng.Assert.assertEqualsImpl(Assert.java:136)
at org.testng.Assert.assertEquals(Assert.java:118)
at org.testng.Assert.assertEquals(Assert.java:839)
at org.testng.Assert.assertEquals(Assert.java:849)
at testCases.api.TestBillingAbstractor.testGetOneOffCharges(TestBillingAbstractor.java:34)
at sun.reflect.GeneratedMethodAccessor65.invoke(Unknown Source)
at sun.reflect.DelegatingMethodAccessorImpl.invoke(Unknown Source)
at java.lang.reflect.Method.invoke(Unknown Source)
at org.testng.internal.MethodInvocationHelper.invokeMethod(MethodInvocationHelper.java:133)
at org.testng.internal.TestInvoker.invokeMethod(TestInvoker.java:584)
at org.testng.internal.TestInvoker.invokeTestMethod(TestInvoker.java:172)
at org.testng.internal.MethodRunner.runInSequence(MethodRunner.java:46)
at org.testng.internal.TestInvoker$MethodInvocationAgent.invoke(TestInvoker.java:804)
at org.testng.internal.TestInvoker.invokeTestMethods(TestInvoker.java:145)
at org.testng.internal.TestMethodWorker.invokeTestMethods(TestMethodWorker.java:146)
at org.testng.internal.TestMethodWorker.run(TestMethodWorker.java:128)
at java.util.ArrayList.forEach(Unknown Source)
at org.testng.TestRunner.privateRun(TestRunner.java:770)
at org.testng.TestRunner.run(TestRunner.java:591)
at org.testng.SuiteRunner.runTest(SuiteRunner.java:402)
at org.testng.SuiteRunner.runSequentially(SuiteRunner.java:396)
at org.testng.SuiteRunner.privateRun(SuiteRunner.java:355)
at org.testng.SuiteRunner.run(SuiteRunner.java:304)
at org.testng.SuiteRunnerWorker.runSuite(SuiteRunnerWorker.java:53)
at org.testng.SuiteRunnerWorker.run(SuiteRunnerWorker.java:96)
at org.testng.TestNG.runSuitesSequentially(TestNG.java:1180)
at org.testng.TestNG.runSuitesLocally(TestNG.java:1102)
at org.testng.TestNG.runSuites(TestNG.java:1032)
at org.testng.TestNG.run(TestNG.java:1000)
at org.testng.remote.AbstractRemoteTestNG.run(AbstractRemoteTestNG.java:115)
at org.testng.remote.RemoteTestNG.initAndRun(RemoteTestNG.java:251)
at org.testng.remote.RemoteTestNG.main(RemoteTestNG.java:77)
]]>
    </failure>
  </testcase> <!-- testGetOneOffCharges -->
  <testcase name="testGetOneOffCharges" time="0.180" classname="testCases.api.TestBillingAbstractor"/>
  <testcase name="getUsageSummary" time="0.175" classname="testCases.api.TestBillingAbstractor"/>
  <testcase name="getUsageSummary" time="0.194" classname="testCases.api.TestBillingAbstractor"/>
  <testcase name="getUsageSummary" time="0.166" classname="testCases.api.TestBillingAbstractor"/>
  <testcase name="getUsage" time="0.302" classname="testCases.api.TestBillingAbstractor"/>
  <testcase name="testGetOneOffCharges" time="0.172" classname="testCases.api.TestBillingAbstractor"/>
  <testcase name="testGetOneOffCharges" time="0.185" classname="testCases.api.TestBillingAbstractor"/>
  <testcase name="testGetOneOffCharges" time="0.162" classname="testCases.api.TestBillingAbstractor"/>
  <testcase name="getUsageSummary" time="0.160" classname="testCases.api.TestBillingAbstractor"/>
  <testcase name="getUsageSummary" time="0.126" classname="testCases.api.TestBillingAbstractor"/>
  <testcase name="getUsageSummary" time="0.156" classname="testCases.api.TestBillingAbstractor"/>
  <testcase name="getUsage" time="0.264" classname="testCases.api.TestBillingAbstractor"/>
  <testcase name="getUsage" time="0.814" classname="testCases.api.TestBillingAbstractor"/>
  <testcase name="testGetOneOffCharges" time="0.172" classname="testCases.api.TestBillingAbstractor"/>
  <testcase name="getUsageSummary" time="0.125" classname="testCases.api.TestBillingAbstractor"/>
  <testcase name="getUsageSummary" time="0.141" classname="testCases.api.TestBillingAbstractor"/>
  <testcase name="getUsageSummary" time="0.165" classname="testCases.api.TestBillingAbstractor"/>
  <testcase name="getUsage" time="0.257" classname="testCases.api.TestBillingAbstractor"/>
  <testcase name="getUsageSummary" time="0.183" classname="testCases.api.TestBillingAbstractor"/>
  <testcase name="getUsage" time="0.642" classname="testCases.api.TestBillingAbstractor"/>
  <testcase name="getUsage" time="0.286" classname="testCases.api.TestBillingAbstractor"/>
  <testcase name="getUsageSummary" time="0.200" classname="testCases.api.TestBillingAbstractor"/>
  <testcase name="getUsageSummary" time="0.152" classname="testCases.api.TestBillingAbstractor"/>
  <testcase name="testGetOneOffCharges" time="0.200" classname="testCases.api.TestBillingAbstractor"/>
  <testcase name="getUsage" time="0.249" classname="testCases.api.TestBillingAbstractor"/>
  <testcase name="getUsageSummary" time="0.149" classname="testCases.api.TestBillingAbstractor"/>
  <testcase name="getUsageSummary" time="0.218" classname="testCases.api.TestBillingAbstractor"/>
  <testcase name="getUsageSummary" time="0.143" classname="testCases.api.TestBillingAbstractor"/>
  <testcase name="getUsage" time="0.247" classname="testCases.api.TestBillingAbstractor"/>
  <testcase name="getUsageSummary" time="0.154" classname="testCases.api.TestBillingAbstractor"/>
  <testcase name="getUsage" time="0.240" classname="testCases.api.TestBillingAbstractor"/>
  <testcase name="getUsage" time="0.705" classname="testCases.api.TestBillingAbstractor"/>
  <testcase name="getUsage" time="0.248" classname="testCases.api.TestBillingAbstractor"/>
  <testcase name="getUsage" time="0.244" classname="testCases.api.TestBillingAbstractor"/>
  <testcase name="getUsage" time="0.526" classname="testCases.api.TestBillingAbstractor"/>
  <testcase name="getUsage" time="0.515" classname="testCases.api.TestBillingAbstractor"/>
  <testcase name="getUsageSummary" time="0.128" classname="testCases.api.TestBillingAbstractor"/>
  <testcase name="getUsage" time="0.291" classname="testCases.api.TestBillingAbstractor"/>
  <testcase name="getUsageSummary" time="0.183" classname="testCases.api.TestBillingAbstractor"/>
  <testcase name="getUsageSummary" time="0.134" classname="testCases.api.TestBillingAbstractor"/>
  <testcase name="getUsage" time="0.676" classname="testCases.api.TestBillingAbstractor"/>
  <testcase name="getUsage" time="0.546" classname="testCases.api.TestBillingAbstractor"/>
  <testcase name="getUsage" time="0.256" classname="testCases.api.TestBillingAbstractor"/>
  <testcase name="getUsage" time="0.249" classname="testCases.api.TestBillingAbstractor"/>
  <testcase name="getUsageSummary" time="0.182" classname="testCases.api.TestBillingAbstractor"/>
  <testcase name="getUsageSummary" time="0.158" classname="testCases.api.TestBillingAbstractor"/>
  <testcase name="getUsageSummary" time="0.172" classname="testCases.api.TestBillingAbstractor"/>
  <testcase name="getUsage" time="0.250" classname="testCases.api.TestBillingAbstractor"/>
  <testcase name="getUsageSummary" time="0.165" classname="testCases.api.TestBillingAbstractor"/>
  <testcase name="testGetOneOffCharges" time="0.182" classname="testCases.api.TestBillingAbstractor"/>
  <testcase name="testGetOneOffCharges" time="0.162" classname="testCases.api.TestBillingAbstractor"/>
  <testcase name="getUsage" time="0.619" classname="testCases.api.TestBillingAbstractor"/>
  <testcase name="getUsage" time="0.259" classname="testCases.api.TestBillingAbstractor"/>
  <testcase name="getUsageSummary" time="0.157" classname="testCases.api.TestBillingAbstractor"/>
  <testcase name="getUsageSummary" time="0.135" classname="testCases.api.TestBillingAbstractor"/>
  <testcase name="testGetOneOffCharges" time="0.157" classname="testCases.api.TestBillingAbstractor"/>
  <testcase name="getUsage" time="0.269" classname="testCases.api.TestBillingAbstractor"/>
  <testcase name="getUsage" time="0.237" classname="testCases.api.TestBillingAbstractor"/>
  <testcase name="getUsageSummary" time="0.163" classname="testCases.api.TestBillingAbstractor"/>
  <testcase name="getUsageSummary" time="0.239" classname="testCases.api.TestBillingAbstractor"/>
  <testcase name="getUsage" time="0.252" classname="testCases.api.TestBillingAbstractor"/>
  <testcase name="getUsage" time="0.572" classname="testCases.api.TestBillingAbstractor"/>
  <testcase name="getUsage" time="0.687" classname="testCases.api.TestBillingAbstractor"/>
  <testcase name="getUsage" time="0.249" classname="testCases.api.TestBillingAbstractor"/>
  <testcase name="testGetOneOffCharges" time="0.172" classname="testCases.api.TestBillingAbstractor"/>
  <testcase name="getUsageSummary" time="0.133" classname="testCases.api.TestBillingAbstractor"/>
  <testcase name="getUsageSummary" time="0.151" classname="testCases.api.TestBillingAbstractor"/>
  <testcase name="getUsage" time="0.522" classname="testCases.api.TestBillingAbstractor"/>
  <testcase name="testGetOneOffCharges" time="0.154" classname="testCases.api.TestBillingAbstractor"/>
  <testcase name="getUsage" time="0.250" classname="testCases.api.TestBillingAbstractor"/>
</testsuite> <!-- testCases.api.TestBillingAbstractor -->
