<?xml version="1.0" encoding="UTF-8"?>
<!-- Generated by org.testng.reporters.JUnitReportReporter -->
<testsuite skipped="2" hostname="P04284" name="testCases.wip.TestEirCrmApiWip" tests="3" failures="0" timestamp="2022-03-24T16:52:32 GMT" time="3.860" errors="0">
  <testcase name="CRM_S_CO_03_testGetChangeOfferRefWaivingReasons" time="3.860" classname="testCases.wip.TestEirCrmApiWip"/>
  <testcase name="testScheduleAndCancelTermination" classname="testCases.wip.TestEirCrmApiWip">
    <skipped/>
  </testcase> <!-- testScheduleAndCancelTermination -->
  <testcase name="testScheduleAndCompleteTermination" classname="testCases.wip.TestEirCrmApiWip">
    <skipped/>
  </testcase> <!-- testScheduleAndCompleteTermination -->
</testsuite> <!-- testCases.wip.TestEirCrmApiWip -->
