<?xml version="1.0" encoding="UTF-8"?>
<!-- Generated by org.testng.reporters.JUnitReportReporter -->
<testsuite skipped="7" hostname="P04284" name="testCases.api.b2b.manage_documents.APITestB2BManageDocuments" tests="8" failures="0" timestamp="2021-09-21T15:58:04 BST" time="0.726" errors="1">
  <testcase name="setUp" time="0.726" classname="testCases.api.b2b.manage_documents.APITestB2BManageDocuments">
    <error type="java.lang.NumberFormatException" message="For input string: &quot;&quot;">
      <![CDATA[java.lang.NumberFormatException: For input string: ""
at java.lang.NumberFormatException.forInputString(Unknown Source)
at java.lang.Integer.parseInt(Unknown Source)
at java.lang.Integer.parseInt(Unknown Source)
at utilities.galaxion.test_data.TestDataManager.getB2BCorporateAccount(TestDataManager.java:19)
at testCases.api.b2b.manage_documents.APITestB2BManageDocuments.setUp(APITestB2BManageDocuments.java:115)
at sun.reflect.NativeMethodAccessorImpl.invoke0(Native Method)
at sun.reflect.NativeMethodAccessorImpl.invoke(Unknown Source)
at sun.reflect.DelegatingMethodAccessorImpl.invoke(Unknown Source)
at java.lang.reflect.Method.invoke(Unknown Source)
at org.testng.internal.MethodInvocationHelper.invokeMethod(MethodInvocationHelper.java:133)
at org.testng.internal.MethodInvocationHelper.invokeMethodConsideringTimeout(MethodInvocationHelper.java:62)
at org.testng.internal.ConfigInvoker.invokeConfigurationMethod(ConfigInvoker.java:340)
at org.testng.internal.ConfigInvoker.invokeConfigurations(ConfigInvoker.java:294)
at org.testng.internal.TestInvoker.runConfigMethods(TestInvoker.java:683)
at org.testng.internal.TestInvoker.invokeMethod(TestInvoker.java:510)
at org.testng.internal.TestInvoker.invokeTestMethod(TestInvoker.java:172)
at org.testng.internal.MethodRunner.runInSequence(MethodRunner.java:46)
at org.testng.internal.TestInvoker$MethodInvocationAgent.invoke(TestInvoker.java:804)
at org.testng.internal.TestInvoker.invokeTestMethods(TestInvoker.java:145)
at org.testng.internal.TestMethodWorker.invokeTestMethods(TestMethodWorker.java:146)
at org.testng.internal.TestMethodWorker.run(TestMethodWorker.java:128)
at java.util.ArrayList.forEach(Unknown Source)
at org.testng.TestRunner.privateRun(TestRunner.java:770)
at org.testng.TestRunner.run(TestRunner.java:591)
at org.testng.SuiteRunner.runTest(SuiteRunner.java:402)
at org.testng.SuiteRunner.runSequentially(SuiteRunner.java:396)
at org.testng.SuiteRunner.privateRun(SuiteRunner.java:355)
at org.testng.SuiteRunner.run(SuiteRunner.java:304)
at org.testng.SuiteRunnerWorker.runSuite(SuiteRunnerWorker.java:53)
at org.testng.SuiteRunnerWorker.run(SuiteRunnerWorker.java:96)
at org.testng.TestNG.runSuitesSequentially(TestNG.java:1180)
at org.testng.TestNG.runSuitesLocally(TestNG.java:1102)
at org.testng.TestNG.runSuites(TestNG.java:1032)
at org.testng.TestNG.run(TestNG.java:1000)
at org.testng.remote.AbstractRemoteTestNG.run(AbstractRemoteTestNG.java:115)
at org.testng.remote.RemoteTestNG.initAndRun(RemoteTestNG.java:251)
at org.testng.remote.RemoteTestNG.main(RemoteTestNG.java:77)
]]>
    </error>
  </testcase> <!-- setUp -->
  <testcase name="testB2BUploadDocumentContract" time="0.000" classname="testCases.api.b2b.manage_documents.APITestB2BManageDocuments">
    <skipped/>
  </testcase> <!-- testB2BUploadDocumentContract -->
  <testcase name="testB2BUploadDocumentManifest" time="0.000" classname="testCases.api.b2b.manage_documents.APITestB2BManageDocuments">
    <skipped/>
  </testcase> <!-- testB2BUploadDocumentManifest -->
  <testcase name="testB2BUploadDocumentSepaPaymentMandate" time="0.000" classname="testCases.api.b2b.manage_documents.APITestB2BManageDocuments">
    <skipped/>
  </testcase> <!-- testB2BUploadDocumentSepaPaymentMandate -->
  <testcase name="testB2BUploadDocumentAuthorizedPersonProof" time="0.000" classname="testCases.api.b2b.manage_documents.APITestB2BManageDocuments">
    <skipped/>
  </testcase> <!-- testB2BUploadDocumentAuthorizedPersonProof -->
  <testcase name="testB2BUploadDocumentBillingControlAgreement" time="0.000" classname="testCases.api.b2b.manage_documents.APITestB2BManageDocuments">
    <skipped/>
  </testcase> <!-- testB2BUploadDocumentBillingControlAgreement -->
  <testcase name="testB2BUploadDocumentTaxExemptionCert" time="0.000" classname="testCases.api.b2b.manage_documents.APITestB2BManageDocuments">
    <skipped/>
  </testcase> <!-- testB2BUploadDocumentTaxExemptionCert -->
  <testcase name="testB2BUploadDocumentDataDriven" classname="testCases.api.b2b.manage_documents.APITestB2BManageDocuments">
    <skipped/>
  </testcase> <!-- testB2BUploadDocumentDataDriven -->
</testsuite> <!-- testCases.api.b2b.manage_documents.APITestB2BManageDocuments -->
