<?xml version="1.0" encoding="UTF-8"?>
<!-- Generated by org.testng.reporters.JUnitReportReporter -->
<testsuite skipped="1" hostname="P04284" name="testCases.e2e.b2b.TestB2BBulk" tests="2" failures="0" timestamp="2021-07-23T15:37:02 BST" time="8.725" errors="0">
  <testcase name="testB2BBulkChangeOffer" time="8.725" classname="testCases.e2e.b2b.TestB2BBulk"/>
  <testcase name="testB2BBulkMoveSubscription" classname="testCases.e2e.b2b.TestB2BBulk">
    <skipped/>
  </testcase> <!-- testB2BBulkMoveSubscription -->
</testsuite> <!-- testCases.e2e.b2b.TestB2BBulk -->
