<?xml version="1.0" encoding="UTF-8"?>
<!-- Generated by org.testng.reporters.JUnitReportReporter -->
<testsuite skipped="0" hostname="P04284" name="testCases.backend.BackendTestTerminations" tests="4" failures="0" timestamp="2021-02-15T14:12:39 GMT" time="228.297" errors="0">
  <testcase name="testReactivationBackendGoMo" time="40.820" classname="testCases.backend.BackendTestTerminations"/>
  <testcase name="testTerminationBackendEirPAYG" time="77.119" classname="testCases.backend.BackendTestTerminations"/>
  <testcase name="testTerminationBackendGoMo" time="70.763" classname="testCases.backend.BackendTestTerminations"/>
  <testcase name="testReactivationBackendEirPAYG" time="39.595" classname="testCases.backend.BackendTestTerminations"/>
</testsuite> <!-- testCases.backend.BackendTestTerminations -->
