<?xml version="1.0" encoding="UTF-8"?>
<!-- Generated by org.testng.reporters.JUnitReportReporter -->
<testsuite skipped="0" hostname="P03326" name="testNG.EShopUITests" tests="6" failures="0" timestamp="2019-10-29T16:46:00 GMT" time="6.300" errors="0">
  <testcase name="selectOneOfferAndContinue" time="1.729" classname="testNG.EShopUITests"/>
  <testcase name="acceptCookies" time="1.615" classname="testNG.EShopUITests"/>
  <testcase name="addAnOffer" time="0.155" classname="testNG.EShopUITests"/>
  <testcase name="addAnotherOffer" time="1.346" classname="testNG.EShopUITests"/>
  <testcase name="deleteOfferLine2" time="0.805" classname="testNG.EShopUITests"/>
  <testcase name="deleteOfferLine1" time="0.650" classname="testNG.EShopUITests"/>
</testsuite> <!-- testNG.EShopUITests -->
