<?xml version="1.0" encoding="UTF-8"?>
<!-- Generated by org.testng.reporters.JUnitReportReporter -->
<testsuite skipped="0" hostname="P04284" name="uiTests.WordpressUITests" tests="1" failures="0" timestamp="06 Feb 2020 17:00:10 GMT" time="0.478" errors="0">
  <testcase name="WordpressLoadsSuccessfully" time="0.478" classname="uiTests.WordpressUITests"/>
</testsuite> <!-- uiTests.WordpressUITests -->
