<?xml version="1.0" encoding="UTF-8"?>
<!-- Generated by org.testng.reporters.JUnitReportReporter -->
<testsuite skipped="0" hostname="P03326" name="testNG.WordpressUITests" tests="1" failures="0" timestamp="2019-10-31T15:16:43 GMT" time="1.309" errors="0">
  <testcase name="WordpressLoadsSuccessfully" time="1.309" classname="testNG.WordpressUITests"/>
</testsuite> <!-- testNG.WordpressUITests -->
