<?xml version="1.0" encoding="UTF-8"?>
<!-- Generated by org.testng.reporters.JUnitReportReporter -->
<testsuite skipped="1" hostname="P04284" name="testCases.e2e.b2b.bulk.manage_addons.TestB2BManageSubscriptionAddonsBulk" tests="2" failures="0" timestamp="2021-09-21T10:30:21 BST" time="7.694" errors="0">
  <testcase name="testB2BBulkAddSubscriptionAddons" time="7.694" classname="testCases.e2e.b2b.bulk.manage_addons.TestB2BManageSubscriptionAddonsBulk"/>
  <testcase name="testB2BBulkRemoveSubscriptionAddons" classname="testCases.e2e.b2b.bulk.manage_addons.TestB2BManageSubscriptionAddonsBulk">
    <skipped/>
  </testcase> <!-- testB2BBulkRemoveSubscriptionAddons -->
</testsuite> <!-- testCases.e2e.b2b.bulk.manage_addons.TestB2BManageSubscriptionAddonsBulk -->
