<?xml version="1.0" encoding="UTF-8"?>
<!-- Generated by org.testng.reporters.JUnitReportReporter -->
<testsuite skipped="1" hostname="P04284" name="testCases.RegressionTestsCRMSearch" tests="2" failures="0" timestamp="2020-10-23T16:00:03 BST" time="13.747" errors="0">
  <testcase name="testAccountDetails" time="13.747" classname="testCases.RegressionTestsCRMSearch"/>
  <testcase name="testSearch" classname="testCases.RegressionTestsCRMSearch">
    <skipped/>
  </testcase> <!-- testSearch -->
</testsuite> <!-- testCases.RegressionTestsCRMSearch -->
