<?xml version="1.0" encoding="UTF-8"?>
<!-- Generated by org.testng.reporters.JUnitReportReporter -->
<testsuite skipped="0" hostname="P04284" name="testCases.b2b.acquisitions.TestB2BMoveSubscriptions" tests="1" failures="0" timestamp="2021-04-20T17:28:54 BST" time="14.559" errors="0">
  <testcase name="testB2BBulkAddSubscriptionAddons" time="14.559" classname="testCases.b2b.acquisitions.TestB2BMoveSubscriptions"/>
</testsuite> <!-- testCases.b2b.acquisitions.TestB2BMoveSubscriptions -->
