<?xml version="1.0" encoding="UTF-8"?>
<!-- Generated by org.testng.reporters.JUnitReportReporter -->
<testsuite skipped="0" hostname="P04284" name="uiTests.TestWordpressUI" tests="1" failures="0" timestamp="2020-03-25T11:58:36 GMT" time="0.258" errors="0">
  <testcase name="WordpressLoadsSuccessfully" time="0.258" classname="uiTests.TestWordpressUI"/>
</testsuite> <!-- uiTests.TestWordpressUI -->
