<?xml version="1.0" encoding="UTF-8"?>
<!-- Generated by org.testng.reporters.JUnitReportReporter -->
<testsuite skipped="0" hostname="P04284" name="testCases.EShopRefactoringTest" tests="1" failures="0" timestamp="2020-06-11T14:31:04 BST" time="63.236" errors="0">
  <testcase name="testNewAcquisitionOrder" time="63.236" classname="testCases.EShopRefactoringTest"/>
</testsuite> <!-- testCases.EShopRefactoringTest -->
