<?xml version="1.0" encoding="UTF-8"?>
<!-- Generated by org.testng.reporters.JUnitReportReporter -->
<testsuite skipped="0" hostname="P04284" name="rest.ContactManagementAPITest" tests="19" failures="0" timestamp="2020-04-22T12:06:28 BST" time="15.683" errors="0">
  <testcase name="testGETGenericContact" time="4.278" classname="rest.ContactManagementAPITest"/>
  <testcase name="testPUTPublicContactAddress" time="0.560" classname="rest.ContactManagementAPITest"/>
  <testcase name="testGETPublicBillingAddress" time="0.615" classname="rest.ContactManagementAPITest"/>
  <testcase name="testGetContact" time="0.608" classname="rest.ContactManagementAPITest"/>
  <testcase name="testPublicGETContact" time="0.576" classname="rest.ContactManagementAPITest"/>
  <testcase name="testGETPrivateSearch" time="0.617" classname="rest.ContactManagementAPITest"/>
  <testcase name="testGETPrivateContactPermissionsActive" time="0.682" classname="rest.ContactManagementAPITest"/>
  <testcase name="testPUTPrivateContactPermission" time="0.618" classname="rest.ContactManagementAPITest"/>
  <testcase name="testPUTContactAddress" time="0.661" classname="rest.ContactManagementAPITest"/>
  <testcase name="testPUTPrivateContactAddress" time="0.606" classname="rest.ContactManagementAPITest"/>
  <testcase name="testPublicContactPermissionsActive" time="0.574" classname="rest.ContactManagementAPITest"/>
  <testcase name="testGETPublicPermissionGroup" time="0.651" classname="rest.ContactManagementAPITest"/>
  <testcase name="testGenericContactSearch" time="0.732" classname="rest.ContactManagementAPITest"/>
  <testcase name="testPUTGenericContact" time="0.678" classname="rest.ContactManagementAPITest"/>
  <testcase name="testPUTPrivateContact" time="0.747" classname="rest.ContactManagementAPITest"/>
  <testcase name="testGenericPUTEmailAddress" time="0.644" classname="rest.ContactManagementAPITest"/>
  <testcase name="testGETPublicDeliveryAddress" time="0.583" classname="rest.ContactManagementAPITest"/>
  <testcase name="testGETPrivateContactPermissionsInactive" time="0.671" classname="rest.ContactManagementAPITest"/>
  <testcase name="testPublicContactPermissionsInactive" time="0.582" classname="rest.ContactManagementAPITest"/>
</testsuite> <!-- rest.ContactManagementAPITest -->
