<?xml version="1.0" encoding="UTF-8"?>
<!-- Generated by org.testng.reporters.JUnitReportReporter -->
<testsuite skipped="0" hostname="P04284" name="testCases.b2b.acquisitions.TestB2BManageDocuments" tests="12" failures="0" timestamp="2021-04-16T10:42:30 BST" time="14.386" errors="0">
  <testcase name="testB2BUploadDocumentSepaPaymentMandate" time="0.834" classname="testCases.b2b.acquisitions.TestB2BManageDocuments"/>
  <testcase name="testB2BUploadDocumentTaxExemptionCert" time="0.749" classname="testCases.b2b.acquisitions.TestB2BManageDocuments"/>
  <testcase name="testB2BUploadDocumentDataDriven" time="0.821" classname="testCases.b2b.acquisitions.TestB2BManageDocuments"/>
  <testcase name="testB2BUploadDocumentManifest" time="0.787" classname="testCases.b2b.acquisitions.TestB2BManageDocuments"/>
  <testcase name="testB2BUploadDocumentDataDriven" time="0.815" classname="testCases.b2b.acquisitions.TestB2BManageDocuments"/>
  <testcase name="testB2BUploadDocumentDataDriven" time="0.846" classname="testCases.b2b.acquisitions.TestB2BManageDocuments"/>
  <testcase name="testB2BUploadDocumentContract" time="0.810" classname="testCases.b2b.acquisitions.TestB2BManageDocuments"/>
  <testcase name="testB2BUploadDocumentBillingControlAgreement" time="0.848" classname="testCases.b2b.acquisitions.TestB2BManageDocuments"/>
  <testcase name="testB2BUploadDocumentDataDriven" time="0.993" classname="testCases.b2b.acquisitions.TestB2BManageDocuments"/>
  <testcase name="testB2BUploadDocumentAuthorizedPersonProof" time="4.499" classname="testCases.b2b.acquisitions.TestB2BManageDocuments"/>
  <testcase name="testB2BUploadDocumentDataDriven" time="1.580" classname="testCases.b2b.acquisitions.TestB2BManageDocuments"/>
  <testcase name="testB2BUploadDocumentDataDriven" time="0.804" classname="testCases.b2b.acquisitions.TestB2BManageDocuments"/>
</testsuite> <!-- testCases.b2b.acquisitions.TestB2BManageDocuments -->
