<?xml version="1.0" encoding="UTF-8"?>
<!-- Generated by org.testng.reporters.JUnitReportReporter -->
<testsuite skipped="1" hostname="P04284" name="testCases.b2b.care.TestB2BBarSubscriptions" tests="2" failures="0" timestamp="2021-05-05T16:42:49 BST" time="15.533" errors="0">
  <testcase name="testB2BBulkAddBarring" time="15.533" classname="testCases.b2b.care.TestB2BBarSubscriptions"/>
  <testcase name="testB2BBulkRemoveBarring" classname="testCases.b2b.care.TestB2BBarSubscriptions">
    <skipped/>
  </testcase> <!-- testB2BBulkRemoveBarring -->
</testsuite> <!-- testCases.b2b.care.TestB2BBarSubscriptions -->
