<?xml version="1.0" encoding="UTF-8"?>
<!-- Generated by org.testng.reporters.JUnitReportReporter -->
<testsuite skipped="4" hostname="P04284" name="testCases.e2e.gomo.self_care.TestMyGoMo2" tests="7" failures="0" timestamp="2021-07-07T11:53:44 BST" time="52.399" errors="0">
  <testcase name="testAddNewCard" time="27.159" classname="testCases.e2e.gomo.self_care.TestMyGoMo2"/>
  <testcase name="testLoginToMyGoMo" time="11.672" classname="testCases.e2e.gomo.self_care.TestMyGoMo2"/>
  <testcase name="testRemoveCard" time="13.568" classname="testCases.e2e.gomo.self_care.TestMyGoMo2"/>
  <testcase name="testEditExpiryDate" classname="testCases.e2e.gomo.self_care.TestMyGoMo2">
    <skipped/>
  </testcase> <!-- testEditExpiryDate -->
  <testcase name="testMyProfileDetailsDisplayed" classname="testCases.e2e.gomo.self_care.TestMyGoMo2">
    <skipped/>
  </testcase> <!-- testMyProfileDetailsDisplayed -->
  <testcase name="testViewEditContactPreferences" classname="testCases.e2e.gomo.self_care.TestMyGoMo2">
    <skipped/>
  </testcase> <!-- testViewEditContactPreferences -->
  <testcase name="testMakeDefault" classname="testCases.e2e.gomo.self_care.TestMyGoMo2">
    <skipped/>
  </testcase> <!-- testMakeDefault -->
</testsuite> <!-- testCases.e2e.gomo.self_care.TestMyGoMo2 -->
