<?xml version="1.0" encoding="UTF-8"?>
<!-- Generated by org.testng.reporters.JUnitReportReporter -->
<testsuite skipped="2" hostname="P04284" name="testCases.eirOnline.TestCases_eir_ie" tests="3" failures="0" timestamp="2020-12-11T12:16:35 GMT" time="48.258" errors="0">
  <testcase name="testNewAcquisitionOrderDataDriven" time="48.258" classname="testCases.eirOnline.TestCases_eir_ie"/>
  <testcase name="testNewAcquisitionOrder" classname="testCases.eirOnline.TestCases_eir_ie">
    <skipped/>
  </testcase> <!-- testNewAcquisitionOrder -->
  <testcase name="testOrderWithHandset" classname="testCases.eirOnline.TestCases_eir_ie">
    <skipped/>
  </testcase> <!-- testOrderWithHandset -->
</testsuite> <!-- testCases.eirOnline.TestCases_eir_ie -->
