<?xml version="1.0" encoding="UTF-8"?>
<!-- Generated by org.testng.reporters.JUnitReportReporter -->
<testsuite skipped="0" hostname="P04284" name="testCases.api.ui_api_tests.TestB2BCrmApi" tests="2" failures="0" timestamp="2021-10-12T14:33:29 BST" time="7.341" errors="0">
  <testcase name="testGetNextMSISDN" time="1.040" classname="testCases.api.ui_api_tests.TestB2BCrmApi"/>
  <testcase name="testLogin" time="6.301" classname="testCases.api.ui_api_tests.TestB2BCrmApi"/>
</testsuite> <!-- testCases.api.ui_api_tests.TestB2BCrmApi -->
