<?xml version="1.0" encoding="UTF-8"?>
<!-- Generated by org.testng.reporters.JUnitReportReporter -->
<testsuite skipped="5" hostname="P04284" name="uiTests.RegressionTestLogistics" tests="6" failures="0" timestamp="2020-03-30T12:20:44 BST" time="14.926" errors="0">
  <testcase name="processSinglelineLogistics" time="14.926" classname="uiTests.RegressionTestLogistics"/>
  <testcase name="processCrossSellLogistics" classname="uiTests.RegressionTestLogistics">
    <skipped/>
  </testcase> <!-- processCrossSellLogistics -->
  <testcase name="provisioningCheckSingleline" classname="uiTests.RegressionTestLogistics">
    <skipped/>
  </testcase> <!-- provisioningCheckSingleline -->
  <testcase name="processMultilineLogistics" classname="uiTests.RegressionTestLogistics">
    <skipped/>
  </testcase> <!-- processMultilineLogistics -->
  <testcase name="provisioningCheckCrossSell" classname="uiTests.RegressionTestLogistics">
    <skipped/>
  </testcase> <!-- provisioningCheckCrossSell -->
  <testcase name="provisioningCheckMultiline" classname="uiTests.RegressionTestLogistics">
    <skipped/>
  </testcase> <!-- provisioningCheckMultiline -->
</testsuite> <!-- uiTests.RegressionTestLogistics -->
