<?xml version="1.0" encoding="UTF-8"?>
<!-- Generated by org.testng.reporters.JUnitReportReporter -->
<testsuite skipped="0" hostname="P04284" name="testCases.api.b2b.msisdn_swap.APITestB2BMsisdnSwaps" tests="2" failures="0" timestamp="2021-09-17T13:03:20 BST" time="13.752" errors="0">
  <testcase name="testGetNextAvailableMsisdnProvFacade" time="1.793" classname="testCases.api.b2b.msisdn_swap.APITestB2BMsisdnSwaps"/>
  <testcase name="testGetNextAvailableMsisdnB2BCRMUI" time="11.959" classname="testCases.api.b2b.msisdn_swap.APITestB2BMsisdnSwaps"/>
</testsuite> <!-- testCases.api.b2b.msisdn_swap.APITestB2BMsisdnSwaps -->
