<?xml version="1.0" encoding="UTF-8"?>
<!-- Generated by org.testng.reporters.JUnitReportReporter -->
<testsuite skipped="0" hostname="P04284" name="testCases.e2e.b2b.bulk.move_subscription.TestB2BBulkMoveSubscription" tests="1" failures="0" timestamp="2021-08-27T16:23:32 BST" time="8.871" errors="0">
  <testcase name="testB2BBulkMoveSubscription" time="8.871" classname="testCases.e2e.b2b.bulk.move_subscription.TestB2BBulkMoveSubscription"/>
</testsuite> <!-- testCases.e2e.b2b.bulk.move_subscription.TestB2BBulkMoveSubscription -->
