<?xml version="1.0" encoding="UTF-8"?>
<!-- Generated by org.testng.reporters.JUnitReportReporter -->
<testsuite skipped="0" hostname="P04284" name="testCases.api.ui_api_tests.TestMyEir" tests="2" failures="0" timestamp="2021-10-08T22:52:51 BST" time="11.620" errors="0">
  <testcase name="testLogin" time="7.977" classname="testCases.api.ui_api_tests.TestMyEir"/>
  <testcase name="testUpdateMyContactPermission" time="3.643" classname="testCases.api.ui_api_tests.TestMyEir"/>
</testsuite> <!-- testCases.api.ui_api_tests.TestMyEir -->
