<?xml version="1.0" encoding="UTF-8"?>
<!-- Generated by org.testng.reporters.JUnitReportReporter -->
<testsuite skipped="3" hostname="P04284" name="testCases.b2b.acquisitions.create_account.ui.TestB2BCreateAccountUI" tests="4" failures="0" timestamp="2021-06-17T17:26:22 BST" time="50.335" errors="0">
  <testcase name="testCreateNewB2BRootAccountCorporate" time="50.335" classname="testCases.b2b.acquisitions.create_account.ui.TestB2BCreateAccountUI"/>
  <testcase name="testCreateNewB2BMultiLevelAccountUI" classname="testCases.b2b.acquisitions.create_account.ui.TestB2BCreateAccountUI">
    <skipped/>
  </testcase> <!-- testCreateNewB2BMultiLevelAccountUI -->
  <testcase name="testCreateNewB2BMultiLevelAccountBE" classname="testCases.b2b.acquisitions.create_account.ui.TestB2BCreateAccountUI">
    <skipped/>
  </testcase> <!-- testCreateNewB2BMultiLevelAccountBE -->
  <testcase name="testCreateNewB2BRootAccountGovernment" classname="testCases.b2b.acquisitions.create_account.ui.TestB2BCreateAccountUI">
    <skipped/>
  </testcase> <!-- testCreateNewB2BRootAccountGovernment -->
</testsuite> <!-- testCases.b2b.acquisitions.create_account.ui.TestB2BCreateAccountUI -->
