<?xml version="1.0" encoding="UTF-8"?>
<!-- Generated by org.testng.reporters.JUnitReportReporter -->
<testsuite skipped="0" hostname="P04284" name="testCases.eir_b2b.api.TestB2BCrmApi" tests="4" failures="0" timestamp="2022-03-24T16:35:29 GMT" time="13.093" errors="0">
  <testcase name="B2B_A_SE_01_testSearchByBillingAccountID" time="2.916" classname="testCases.eir_b2b.api.TestB2BCrmApi"/>
  <testcase name="testLogin" time="3.516" classname="testCases.eir_b2b.api.TestB2BCrmApi"/>
  <testcase name="B2B_A_SE_01_testSearchByMSISDN" time="2.916" classname="testCases.eir_b2b.api.TestB2BCrmApi"/>
  <testcase name="B2B_A_SE_01_testSearchByName" time="3.745" classname="testCases.eir_b2b.api.TestB2BCrmApi"/>
</testsuite> <!-- testCases.eir_b2b.api.TestB2BCrmApi -->
