<?xml version="1.0" encoding="UTF-8"?>
<!-- Generated by org.testng.reporters.JUnitReportReporter -->
<testsuite skipped="0" hostname="P04284" name="testCases.tecrep.file_processing.TestTecrepFileProcessor" tests="1" failures="0" timestamp="2022-04-28T16:52:44 BST" time="2.413" errors="0">
  <testcase name="testProcessDELFile" time="2.413" classname="testCases.tecrep.file_processing.TestTecrepFileProcessor"/>
</testsuite> <!-- testCases.tecrep.file_processing.TestTecrepFileProcessor -->
