<?xml version="1.0" encoding="UTF-8"?>
<!-- Generated by org.testng.reporters.JUnitReportReporter -->
<testsuite skipped="1" hostname="P04284" name="testCases.e2e.prepay.acquisitions.crm_ui.TestEirPAYGTelesales" tests="4" failures="0" timestamp="2021-07-20T16:20:55 BST" time="165.718" errors="0">
  <testcase name="testLoginToCRMUI" time="18.372" classname="testCases.e2e.prepay.acquisitions.crm_ui.TestEirPAYGTelesales"/>
  <testcase name="testTelesalesMBBOrder" time="63.343" classname="testCases.e2e.prepay.acquisitions.crm_ui.TestEirPAYGTelesales"/>
  <testcase name="testTelesalesSimplicityOrder" time="84.003" classname="testCases.e2e.prepay.acquisitions.crm_ui.TestEirPAYGTelesales"/>
  <testcase name="testNewAcquisitionOrderTelesalesSimplicity" classname="testCases.e2e.prepay.acquisitions.crm_ui.TestEirPAYGTelesales">
    <skipped/>
  </testcase> <!-- testNewAcquisitionOrderTelesalesSimplicity -->
</testsuite> <!-- testCases.e2e.prepay.acquisitions.crm_ui.TestEirPAYGTelesales -->
