<?xml version="1.0" encoding="UTF-8"?>
<!-- Generated by org.testng.reporters.JUnitReportReporter -->
<testsuite skipped="0" hostname="P04284" name="testCases.RegressionTestsEshopUI" tests="1" failures="0" timestamp="2020-06-08T17:13:22 BST" time="31.411" errors="0">
  <testcase name="testNewAcquisitionOrder" time="31.411" classname="testCases.RegressionTestsEshopUI"/>
</testsuite> <!-- testCases.RegressionTestsEshopUI -->
