<?xml version="1.0" encoding="UTF-8"?>
<!-- Generated by org.testng.reporters.JUnitReportReporter -->
<testsuite skipped="2" hostname="P04284" name="testCases.prepay.customer_care.sim_swap.TestEirPrepaySIMSwap" tests="3" failures="0" timestamp="2021-02-11T14:52:51 GMT" time="42.442" errors="0">
  <testcase name="testSIMSwapTelesalesBackend" time="42.442" classname="testCases.prepay.customer_care.sim_swap.TestEirPrepaySIMSwap"/>
  <testcase name="testSIMSwapRetailCRMUI" classname="testCases.prepay.customer_care.sim_swap.TestEirPrepaySIMSwap">
    <skipped/>
  </testcase> <!-- testSIMSwapRetailCRMUI -->
  <testcase name="testSIMSwapRetailBackend" classname="testCases.prepay.customer_care.sim_swap.TestEirPrepaySIMSwap">
    <skipped/>
  </testcase> <!-- testSIMSwapRetailBackend -->
</testsuite> <!-- testCases.prepay.customer_care.sim_swap.TestEirPrepaySIMSwap -->
