<?xml version="1.0" encoding="UTF-8"?>
<!-- Generated by org.testng.reporters.JUnitReportReporter -->
<testsuite skipped="8" hostname="P04284" name="testCases.b2b.acquisitions.bulk.TestB2BCreateSubscriptions" tests="9" failures="0" timestamp="2021-05-22T18:12:11 BST" time="35.769" errors="0">
  <testcase name="test01_CreateAndActivateB2BCorpSubscriptionBulk" time="35.769" classname="testCases.b2b.acquisitions.bulk.TestB2BCreateSubscriptions"/>
  <testcase name="testCreateAndActivateB2BCorpSubscriptionBulkWithPort" classname="testCases.b2b.acquisitions.bulk.TestB2BCreateSubscriptions">
    <skipped/>
  </testcase> <!-- testCreateAndActivateB2BCorpSubscriptionBulkWithPort -->
  <testcase name="test02_CreateAndActivateB2BGovSubscriptionBulk" classname="testCases.b2b.acquisitions.bulk.TestB2BCreateSubscriptions">
    <skipped/>
  </testcase> <!-- test02_CreateAndActivateB2BGovSubscriptionBulk -->
  <testcase name="testCreateMultipleB2BCorpSubscriptionsBulk" classname="testCases.b2b.acquisitions.bulk.TestB2BCreateSubscriptions">
    <skipped/>
  </testcase> <!-- testCreateMultipleB2BCorpSubscriptionsBulk -->
  <testcase name="testCreateMultipleB2BGovSubscriptionsBulk" classname="testCases.b2b.acquisitions.bulk.TestB2BCreateSubscriptions">
    <skipped/>
  </testcase> <!-- testCreateMultipleB2BGovSubscriptionsBulk -->
  <testcase name="testB2BCreateSubscriptionCorpBulkDataDriven" classname="testCases.b2b.acquisitions.bulk.TestB2BCreateSubscriptions">
    <skipped/>
  </testcase> <!-- testB2BCreateSubscriptionCorpBulkDataDriven -->
  <testcase name="testB2BCreateSubscriptionGovBulkMulti" classname="testCases.b2b.acquisitions.bulk.TestB2BCreateSubscriptions">
    <skipped/>
  </testcase> <!-- testB2BCreateSubscriptionGovBulkMulti -->
  <testcase name="testB2BCreateSubscriptionGovBulkDataDriven" classname="testCases.b2b.acquisitions.bulk.TestB2BCreateSubscriptions">
    <skipped/>
  </testcase> <!-- testB2BCreateSubscriptionGovBulkDataDriven -->
  <testcase name="test01_CreateAndActivateB2BBatch" classname="testCases.b2b.acquisitions.bulk.TestB2BCreateSubscriptions">
    <skipped/>
  </testcase> <!-- test01_CreateAndActivateB2BBatch -->
</testsuite> <!-- testCases.b2b.acquisitions.bulk.TestB2BCreateSubscriptions -->
