<?xml version="1.0" encoding="UTF-8"?>
<!-- Generated by org.testng.reporters.JUnitReportReporter -->
<testsuite skipped="0" hostname="P04284" name="testCases.RegressionTestsEshopStability" tests="1" failures="0" timestamp="2020-06-09T12:55:11 BST" time="7.862" errors="0">
  <testcase name="testNewAcquisitionOrder" time="7.862" classname="testCases.RegressionTestsEshopStability"/>
</testsuite> <!-- testCases.RegressionTestsEshopStability -->
