<?xml version="1.0" encoding="UTF-8"?>
<!-- Generated by org.testng.reporters.JUnitReportReporter -->
<testsuite skipped="0" hostname="P04284" name="testCases.csrui.CSRUIAdjustments" tests="6" failures="0" timestamp="2020-12-10T15:49:05 GMT" time="135.849" errors="0">
  <testcase name="testAdjustmentsMischargingCredit" time="22.503" classname="testCases.csrui.CSRUIAdjustments"/>
  <testcase name="testAdjustmentsRoamingIssueCredit" time="22.505" classname="testCases.csrui.CSRUIAdjustments"/>
  <testcase name="testAdjustmentsGoodwillCredit" time="24.326" classname="testCases.csrui.CSRUIAdjustments"/>
  <testcase name="testAdjustmentsCreditCardRefund" time="22.183" classname="testCases.csrui.CSRUIAdjustments"/>
  <testcase name="testAdjustmentsCoverageIssueCredit" time="22.317" classname="testCases.csrui.CSRUIAdjustments"/>
  <testcase name="testAdjustmentsBalanceCorrectionDebit" time="22.015" classname="testCases.csrui.CSRUIAdjustments"/>
</testsuite> <!-- testCases.csrui.CSRUIAdjustments -->
