<?xml version="1.0" encoding="UTF-8"?>
<!-- Generated by org.testng.reporters.JUnitReportReporter -->
<testsuite skipped="0" hostname="P04284" name="uiTests.RegressionTestEShop" tests="1" failures="0" timestamp="2020-04-08T09:49:43 BST" time="53.176" errors="0">
  <testcase name="placeNewOrder" time="53.176" classname="uiTests.RegressionTestEShop"/>
</testsuite> <!-- uiTests.RegressionTestEShop -->
