<?xml version="1.0" encoding="UTF-8"?>
<!-- Generated by org.testng.reporters.JUnitReportReporter -->
<testsuite skipped="4" hostname="P04284" name="testCases.eir.b2b.bulk.create_subscriptions.test_cases.TestB2BBulkCreateSubscriptions" tests="5" failures="0" timestamp="2022-04-28T10:33:50 BST" time="116.289" errors="0">
  <testcase name="testAdHocGov" time="116.289" classname="testCases.eir.b2b.bulk.create_subscriptions.test_cases.TestB2BBulkCreateSubscriptions"/>
  <testcase name="testCreateAndActivateB2BAllCorpSubscriptionBulk" classname="testCases.eir.b2b.bulk.create_subscriptions.test_cases.TestB2BBulkCreateSubscriptions">
    <skipped/>
  </testcase> <!-- testCreateAndActivateB2BAllCorpSubscriptionBulk -->
  <testcase name="testCreateAndActivateB2BGovSubscriptionBulk" classname="testCases.eir.b2b.bulk.create_subscriptions.test_cases.TestB2BBulkCreateSubscriptions">
    <skipped/>
  </testcase> <!-- testCreateAndActivateB2BGovSubscriptionBulk -->
  <testcase name="testCreateAndActivateB2BCorpSubscriptionBulk" classname="testCases.eir.b2b.bulk.create_subscriptions.test_cases.TestB2BBulkCreateSubscriptions">
    <skipped/>
  </testcase> <!-- testCreateAndActivateB2BCorpSubscriptionBulk -->
  <testcase name="testCreateAndActivateB2BAllGovSubscriptionBulk" classname="testCases.eir.b2b.bulk.create_subscriptions.test_cases.TestB2BBulkCreateSubscriptions">
    <skipped/>
  </testcase> <!-- testCreateAndActivateB2BAllGovSubscriptionBulk -->
</testsuite> <!-- testCases.eir.b2b.bulk.create_subscriptions.test_cases.TestB2BBulkCreateSubscriptions -->
