<?xml version="1.0" encoding="UTF-8"?>
<!-- Generated by org.testng.reporters.JUnitReportReporter -->
<testsuite skipped="3" hostname="P04284" name="testCases.RegressionTestSMSApp" tests="11" failures="0" timestamp="2020-12-23T15:18:03 GMT" time="24.623" errors="0">
  <testcase name="testSMSBalanceDataDriven" time="2.937" classname="testCases.RegressionTestSMSApp"/>
  <testcase name="testSMSBalanceDataDriven" time="3.010" classname="testCases.RegressionTestSMSApp"/>
  <testcase name="testSMSBalanceDataDriven" time="3.017" classname="testCases.RegressionTestSMSApp"/>
  <testcase name="testSMSBalanceDataDriven" time="3.003" classname="testCases.RegressionTestSMSApp"/>
  <testcase name="testSMSBalanceDataDriven" time="2.841" classname="testCases.RegressionTestSMSApp"/>
  <testcase name="testSMSBalanceDataDriven" time="3.240" classname="testCases.RegressionTestSMSApp"/>
  <testcase name="testSMSBalanceDataDriven" time="2.994" classname="testCases.RegressionTestSMSApp"/>
  <testcase name="testSMSBalanceDataDriven" time="3.581" classname="testCases.RegressionTestSMSApp"/>
  <testcase name="testAdjBal" classname="testCases.RegressionTestSMSApp">
    <skipped/>
  </testcase> <!-- testAdjBal -->
  <testcase name="testSMSBalance" classname="testCases.RegressionTestSMSApp">
    <skipped/>
  </testcase> <!-- testSMSBalance -->
  <testcase name="testSMSOffer" classname="testCases.RegressionTestSMSApp">
    <skipped/>
  </testcase> <!-- testSMSOffer -->
</testsuite> <!-- testCases.RegressionTestSMSApp -->
