<?xml version="1.0" encoding="UTF-8"?>
<!-- Generated by org.testng.reporters.JUnitReportReporter -->
<testsuite skipped="0" hostname="P03326" name="testNG.WordpressUI" tests="1" failures="0" timestamp="2019-10-24T18:13:45 IST" time="0.112" errors="0">
  <testcase name="WordpressLoadsSuccessfully" time="0.112" classname="testNG.WordpressUI"/>
</testsuite> <!-- testNG.WordpressUI -->
