<?xml version="1.0" encoding="UTF-8"?>
<!-- Generated by org.testng.reporters.JUnitReportReporter -->
<testsuite skipped="0" hostname="P03326" name="testNG.NewTest" tests="1" failures="0" timestamp="2019-10-30T10:56:39 GMT" time="0.045" errors="0">
  <testcase name="sampleTest" time="0.045" classname="testNG.NewTest"/>
</testsuite> <!-- testNG.NewTest -->
