<?xml version="1.0" encoding="UTF-8"?>
<!-- Generated by org.testng.reporters.JUnitReportReporter -->
<testsuite skipped="0" hostname="P04284" name="testCases.backend.eir_catalog_core_backend.TestCatalogCoreAPI" tests="1" failures="0" timestamp="2022-03-29T09:48:32 BST" time="3.148" errors="0">
  <testcase name="testAddonCheckCompatibility" time="3.148" classname="testCases.backend.eir_catalog_core_backend.TestCatalogCoreAPI"/>
</testsuite> <!-- testCases.backend.eir_catalog_core_backend.TestCatalogCoreAPI -->
