<?xml version="1.0" encoding="UTF-8"?>
<!-- Generated by org.testng.reporters.JUnitReportReporter -->
<testsuite skipped="0" hostname="P04284" name="testCases.e2e.b2b.bulk.adjustments.TestB2BBulkAdjustments" tests="1" failures="0" timestamp="2021-08-24T15:01:40 BST" time="5.702" errors="0">
  <testcase name="testB2BBulkAdjustment" time="5.702" classname="testCases.e2e.b2b.bulk.adjustments.TestB2BBulkAdjustments"/>
</testsuite> <!-- testCases.e2e.b2b.bulk.adjustments.TestB2BBulkAdjustments -->
