<?xml version="1.0" encoding="UTF-8"?>
<!-- Generated by org.testng.reporters.JUnitReportReporter -->
<testsuite skipped="0" hostname="P04284" name="testCases.myeir.api.TestMyEir" tests="10" failures="0" timestamp="2021-12-03T10:02:49 GMT" time="43.331" errors="0">
  <testcase name="testResetPassword" time="2.811" classname="testCases.myeir.api.TestMyEir"/>
  <testcase name="testValidateRegistrationOTP" time="1.213" classname="testCases.myeir.api.TestMyEir"/>
  <testcase name="testGetMySubscriptionsAndContactDetails" time="0.333" classname="testCases.myeir.api.TestMyEir"/>
  <testcase name="testGetMyPrepayBalanceMyDetailsMyAddons" time="15.063" classname="testCases.myeir.api.TestMyEir"/>
  <testcase name="testSendRegistrationOTP" time="0.357" classname="testCases.myeir.api.TestMyEir"/>
  <testcase name="testUpdateMyContactPermission" time="1.201" classname="testCases.myeir.api.TestMyEir"/>
  <testcase name="testLogin" time="3.959" classname="testCases.myeir.api.TestMyEir"/>
  <testcase name="testGetContactPermissions" time="1.295" classname="testCases.myeir.api.TestMyEir"/>
  <testcase name="testGetProfileDetails" time="15.873" classname="testCases.myeir.api.TestMyEir"/>
  <testcase name="testUpdateNDD" time="1.226" classname="testCases.myeir.api.TestMyEir"/>
</testsuite> <!-- testCases.myeir.api.TestMyEir -->
