<?xml version="1.0" encoding="UTF-8"?>
<!-- Generated by org.testng.reporters.JUnitReportReporter -->
<testsuite skipped="0" hostname="P04284" name="testCases.eir.b2c.api.TestEirCrmAcquisitionsApi" tests="15" failures="0" timestamp="2022-04-06T12:28:56 BST" time="32.176" errors="0">
  <testcase name="CRM_A_AQ_14_testAcceptTermsAndConditions" time="1.343" classname="testCases.eir.b2c.api.TestEirCrmAcquisitionsApi"/>
  <testcase name="CRM_A_AQ_10_testAddTopupToOffer" time="1.593" classname="testCases.eir.b2c.api.TestEirCrmAcquisitionsApi"/>
  <testcase name="CRM_A_AQ_09_testUpdateNddOnOffer" time="1.844" classname="testCases.eir.b2c.api.TestEirCrmAcquisitionsApi"/>
  <testcase name="CRM_A_AQ_01_testCreateProspect" time="3.007" classname="testCases.eir.b2c.api.TestEirCrmAcquisitionsApi"/>
  <testcase name="CRM_A_AQ_17_testValidateProspectTelesales" time="1.531" classname="testCases.eir.b2c.api.TestEirCrmAcquisitionsApi"/>
  <testcase name="testLogin" time="8.027" classname="testCases.eir.b2c.api.TestEirCrmAcquisitionsApi"/>
  <testcase name="CRM_A_AQ_12_testSetOrderAsAnonymous" time="2.209" classname="testCases.eir.b2c.api.TestEirCrmAcquisitionsApi"/>
  <testcase name="CRM_A_AQ_16_testGetHpp" time="1.137" classname="testCases.eir.b2c.api.TestEirCrmAcquisitionsApi"/>
  <testcase name="simulatePayment3DS2" time="3.163" classname="testCases.eir.b2c.api.TestEirCrmAcquisitionsApi"/>
  <testcase name="CRM_A_AQ_06_testGetAvailableAddons" time="1.051" classname="testCases.eir.b2c.api.TestEirCrmAcquisitionsApi"/>
  <testcase name="CRM_A_AQ_07_testAddAddonToOffer" time="2.088" classname="testCases.eir.b2c.api.TestEirCrmAcquisitionsApi"/>
  <testcase name="CRM_A_AQ_03_testGetCustomerDetails" time="1.386" classname="testCases.eir.b2c.api.TestEirCrmAcquisitionsApi"/>
  <testcase name="CRM_A_AQ_05_testGetAvailableOffers" time="1.147" classname="testCases.eir.b2c.api.TestEirCrmAcquisitionsApi"/>
  <testcase name="CRM_A_AQ_02_testAddOfferToCart" time="1.597" classname="testCases.eir.b2c.api.TestEirCrmAcquisitionsApi"/>
  <testcase name="CRM_A_AQ_04_testGetCartDetails" time="1.053" classname="testCases.eir.b2c.api.TestEirCrmAcquisitionsApi"/>
</testsuite> <!-- testCases.eir.b2c.api.TestEirCrmAcquisitionsApi -->
