<?xml version="1.0" encoding="UTF-8"?>
<!-- Generated by org.testng.reporters.JUnitReportReporter -->
<testsuite skipped="0" hostname="P04284" name="testCases.b2b.acquisitions.TestB2BPayments" tests="1" failures="0" timestamp="2021-04-13T17:14:11 BST" time="0.134" errors="0">
  <testcase name="testB2BBulkAddSubscriptionAddons" time="0.134" classname="testCases.b2b.acquisitions.TestB2BPayments"/>
</testsuite> <!-- testCases.b2b.acquisitions.TestB2BPayments -->
