<?xml version="1.0" encoding="UTF-8"?>
<!-- Generated by org.testng.reporters.JUnitReportReporter -->
<testsuite skipped="0" hostname="P04284" name="testCases.RegressionTestsFullE2E" tests="3" failures="0" timestamp="2021-01-06T10:53:17 GMT" time="130.176" errors="0">
  <testcase name="testNewAcquisitionOrder" time="74.702" classname="testCases.RegressionTestsFullE2E"/>
  <testcase name="testLogistics" time="28.420" classname="testCases.RegressionTestsFullE2E"/>
  <testcase name="testVerifyUser" time="27.054" classname="testCases.RegressionTestsFullE2E"/>
</testsuite> <!-- testCases.RegressionTestsFullE2E -->
