<?xml version="1.0" encoding="UTF-8"?>
<!-- Generated by org.testng.reporters.JUnitReportReporter -->
<testsuite skipped="7" hostname="P04284" name="testCases.prepay.acquisitions.crmui.TestEirPAYGAcquisitions" tests="8" failures="0" timestamp="2021-05-06T16:25:19 BST" time="50.789" errors="0">
  <testcase name="testAcquisitionFlowsDataDriven" time="50.789" classname="testCases.prepay.acquisitions.crmui.TestEirPAYGAcquisitions"/>
  <testcase name="testOrdersDataDriven" classname="testCases.prepay.acquisitions.crmui.TestEirPAYGAcquisitions">
    <skipped/>
  </testcase> <!-- testOrdersDataDriven -->
  <testcase name="testNewAcquisitionOrderTelesales" classname="testCases.prepay.acquisitions.crmui.TestEirPAYGAcquisitions">
    <skipped/>
  </testcase> <!-- testNewAcquisitionOrderTelesales -->
  <testcase name="testFeaturesDisplayed" classname="testCases.prepay.acquisitions.crmui.TestEirPAYGAcquisitions">
    <skipped/>
  </testcase> <!-- testFeaturesDisplayed -->
  <testcase name="testRetailOrder" classname="testCases.prepay.acquisitions.crmui.TestEirPAYGAcquisitions">
    <skipped/>
  </testcase> <!-- testRetailOrder -->
  <testcase name="testLogisticsDataDriven" classname="testCases.prepay.acquisitions.crmui.TestEirPAYGAcquisitions">
    <skipped/>
  </testcase> <!-- testLogisticsDataDriven -->
  <testcase name="testOnlineOrder" classname="testCases.prepay.acquisitions.crmui.TestEirPAYGAcquisitions">
    <skipped/>
  </testcase> <!-- testOnlineOrder -->
  <testcase name="testTelesalesOrder" classname="testCases.prepay.acquisitions.crmui.TestEirPAYGAcquisitions">
    <skipped/>
  </testcase> <!-- testTelesalesOrder -->
</testsuite> <!-- testCases.prepay.acquisitions.crmui.TestEirPAYGAcquisitions -->
