<?xml version="1.0" encoding="UTF-8"?>
<!-- Generated by org.testng.reporters.JUnitReportReporter -->
<testsuite skipped="8" hostname="P04284" name="testCases.b2b.acquisitions.TestB2BCreateSubscriptions" tests="9" failures="1" timestamp="2021-05-21T11:18:23 BST" time="36.123" errors="0">
  <testcase name="test01_CreateAndActivateB2BCorpSubscriptionBulk" time="36.123" classname="testCases.b2b.acquisitions.TestB2BCreateSubscriptions">
    <failure type="java.lang.AssertionError" message="expected object to not be null">
      <![CDATA[java.lang.AssertionError: expected object to not be null
at org.testng.Assert.fail(Assert.java:97)
at org.testng.Assert.assertNotNull(Assert.java:874)
at org.testng.Assert.assertNotNull(Assert.java:858)
at testCases.b2b.acquisitions.TestB2BCreateSubscriptions.processCreateSubscriptionFile(TestB2BCreateSubscriptions.java:298)
at testCases.b2b.acquisitions.TestB2BCreateSubscriptions.createAndActivateSubscriptions(TestB2BCreateSubscriptions.java:212)
at testCases.b2b.acquisitions.TestB2BCreateSubscriptions.createAndActivateSingleSubscription(TestB2BCreateSubscriptions.java:192)
at testCases.b2b.acquisitions.TestB2BCreateSubscriptions.test01_CreateAndActivateB2BCorpSubscriptionBulk(TestB2BCreateSubscriptions.java:54)
at sun.reflect.NativeMethodAccessorImpl.invoke0(Native Method)
at sun.reflect.NativeMethodAccessorImpl.invoke(Unknown Source)
at sun.reflect.DelegatingMethodAccessorImpl.invoke(Unknown Source)
at java.lang.reflect.Method.invoke(Unknown Source)
at org.testng.internal.MethodInvocationHelper.invokeMethod(MethodInvocationHelper.java:133)
at org.testng.internal.TestInvoker.invokeMethod(TestInvoker.java:584)
at org.testng.internal.TestInvoker.invokeTestMethod(TestInvoker.java:172)
at org.testng.internal.MethodRunner.runInSequence(MethodRunner.java:46)
at org.testng.internal.TestInvoker$MethodInvocationAgent.invoke(TestInvoker.java:804)
at org.testng.internal.TestInvoker.invokeTestMethods(TestInvoker.java:145)
at org.testng.internal.TestMethodWorker.invokeTestMethods(TestMethodWorker.java:146)
at org.testng.internal.TestMethodWorker.run(TestMethodWorker.java:128)
at java.util.ArrayList.forEach(Unknown Source)
at org.testng.TestRunner.privateRun(TestRunner.java:770)
at org.testng.TestRunner.run(TestRunner.java:591)
at org.testng.SuiteRunner.runTest(SuiteRunner.java:402)
at org.testng.SuiteRunner.runSequentially(SuiteRunner.java:396)
at org.testng.SuiteRunner.privateRun(SuiteRunner.java:355)
at org.testng.SuiteRunner.run(SuiteRunner.java:304)
at org.testng.SuiteRunnerWorker.runSuite(SuiteRunnerWorker.java:53)
at org.testng.SuiteRunnerWorker.run(SuiteRunnerWorker.java:96)
at org.testng.TestNG.runSuitesSequentially(TestNG.java:1180)
at org.testng.TestNG.runSuitesLocally(TestNG.java:1102)
at org.testng.TestNG.runSuites(TestNG.java:1032)
at org.testng.TestNG.run(TestNG.java:1000)
at org.testng.remote.AbstractRemoteTestNG.run(AbstractRemoteTestNG.java:115)
at org.testng.remote.RemoteTestNG.initAndRun(RemoteTestNG.java:251)
at org.testng.remote.RemoteTestNG.main(RemoteTestNG.java:77)
]]>
    </failure>
  </testcase> <!-- test01_CreateAndActivateB2BCorpSubscriptionBulk -->
  <testcase name="testCreateMultipleB2BCorpSubscriptionsBulk" classname="testCases.b2b.acquisitions.TestB2BCreateSubscriptions">
    <skipped/>
  </testcase> <!-- testCreateMultipleB2BCorpSubscriptionsBulk -->
  <testcase name="test01_CreateAndActivateB2BBatch" classname="testCases.b2b.acquisitions.TestB2BCreateSubscriptions">
    <skipped/>
  </testcase> <!-- test01_CreateAndActivateB2BBatch -->
  <testcase name="testCreateMultipleB2BGovSubscriptionsBulk" classname="testCases.b2b.acquisitions.TestB2BCreateSubscriptions">
    <skipped/>
  </testcase> <!-- testCreateMultipleB2BGovSubscriptionsBulk -->
  <testcase name="testB2BCreateSubscriptionGovBulkMulti" classname="testCases.b2b.acquisitions.TestB2BCreateSubscriptions">
    <skipped/>
  </testcase> <!-- testB2BCreateSubscriptionGovBulkMulti -->
  <testcase name="testB2BCreateSubscriptionCorpBulkDataDriven" classname="testCases.b2b.acquisitions.TestB2BCreateSubscriptions">
    <skipped/>
  </testcase> <!-- testB2BCreateSubscriptionCorpBulkDataDriven -->
  <testcase name="testCreateAndActivateB2BCorpSubscriptionBulkWithPort" classname="testCases.b2b.acquisitions.TestB2BCreateSubscriptions">
    <skipped/>
  </testcase> <!-- testCreateAndActivateB2BCorpSubscriptionBulkWithPort -->
  <testcase name="test02_CreateAndActivateB2BGovSubscriptionBulk" classname="testCases.b2b.acquisitions.TestB2BCreateSubscriptions">
    <skipped/>
  </testcase> <!-- test02_CreateAndActivateB2BGovSubscriptionBulk -->
  <testcase name="testB2BCreateSubscriptionGovBulkDataDriven" classname="testCases.b2b.acquisitions.TestB2BCreateSubscriptions">
    <skipped/>
  </testcase> <!-- testB2BCreateSubscriptionGovBulkDataDriven -->
</testsuite> <!-- testCases.b2b.acquisitions.TestB2BCreateSubscriptions -->
