<?xml version="1.0" encoding="UTF-8"?>
<!-- Generated by org.testng.reporters.JUnitReportReporter -->
<testsuite skipped="0" hostname="P03326" name="uiTests.NewTest2" tests="1" failures="0" timestamp="2019-12-11T16:27:26 GMT" time="0.003" errors="0">
  <testcase name="f" time="0.003" classname="uiTests.NewTest2"/>
</testsuite> <!-- uiTests.NewTest2 -->
