<?xml version="1.0" encoding="UTF-8"?>
<!-- Generated by org.testng.reporters.JUnitReportReporter -->
<testsuite skipped="0" hostname="P04284" name="testCases.e2e.gomo.customer_care.TestCSRUI2" tests="1" failures="0" timestamp="2021-07-19T13:43:15 BST" time="10.203" errors="0">
  <testcase name="testSuccessfulLogin" time="10.203" classname="testCases.e2e.gomo.customer_care.TestCSRUI2"/>
</testsuite> <!-- testCases.e2e.gomo.customer_care.TestCSRUI2 -->
