<?xml version="1.0" encoding="UTF-8"?>
<!-- Generated by org.testng.reporters.JUnitReportReporter -->
<testsuite skipped="0" hostname="P04284" name="testCases.eir_prepay.api.TestEirCrmApiV2" tests="2" failures="0" timestamp="2021-11-15T09:59:44 GMT" time="6.813" errors="0">
  <testcase name="testSearchByMsisdn" time="3.456" classname="testCases.eir_prepay.api.TestEirCrmApiV2"/>
  <testcase name="testLogin" time="3.357" classname="testCases.eir_prepay.api.TestEirCrmApiV2"/>
</testsuite> <!-- testCases.eir_prepay.api.TestEirCrmApiV2 -->
