<?xml version="1.0" encoding="UTF-8"?>
<!-- Generated by org.testng.reporters.JUnitReportReporter -->
<testsuite skipped="0" hostname="P04284" name="testCases.gomo.api.TestGoMoEshop" tests="10" failures="0" timestamp="2021-12-09T10:32:01 GMT" time="17.469" errors="0">
  <testcase name="testAddToCart" time="3.360" classname="testCases.gomo.api.TestGoMoEshop"/>
  <testcase name="testEircodeLookup" time="1.473" classname="testCases.gomo.api.TestGoMoEshop"/>
  <testcase name="testGetCart" time="0.716" classname="testCases.gomo.api.TestGoMoEshop"/>
  <testcase name="updateCustomerDetails" time="0.383" classname="testCases.gomo.api.TestGoMoEshop"/>
  <testcase name="getHostedPaymentPage" time="0.333" classname="testCases.gomo.api.TestGoMoEshop"/>
  <testcase name="getCustomerDetails" time="0.242" classname="testCases.gomo.api.TestGoMoEshop"/>
  <testcase name="acceptTermsAndConditions" time="0.993" classname="testCases.gomo.api.TestGoMoEshop"/>
  <testcase name="testCreateProspect" time="7.142" classname="testCases.gomo.api.TestGoMoEshop"/>
  <testcase name="testDeleteOfferFromCart" time="2.294" classname="testCases.gomo.api.TestGoMoEshop"/>
  <testcase name="testGetAvailableOffers" time="0.533" classname="testCases.gomo.api.TestGoMoEshop"/>
</testsuite> <!-- testCases.gomo.api.TestGoMoEshop -->
