<?xml version="1.0" encoding="UTF-8"?>
<!-- Generated by org.testng.reporters.JUnitReportReporter -->
<testsuite skipped="0" hostname="P04284" name="testCases.RegressionTestCSRUI" tests="3" failures="0" timestamp="2020-11-28T14:21:58 GMT" time="26.092" errors="0">
  <testcase name="testSuccessfulLogin" time="4.011" classname="testCases.RegressionTestCSRUI"/>
  <testcase name="testAdjustments" time="18.779" classname="testCases.RegressionTestCSRUI"/>
  <testcase name="testCustomerSearch" time="3.302" classname="testCases.RegressionTestCSRUI"/>
</testsuite> <!-- testCases.RegressionTestCSRUI -->
