<?xml version="1.0" encoding="UTF-8"?>
<!-- Generated by org.testng.reporters.JUnitReportReporter -->
<testsuite skipped="2" hostname="P04284" name="uiTests.CustomerActionsTests" tests="2" failures="0" timestamp="06 Feb 2020 17:00:10 GMT" time="0.000" errors="0">
  <testcase name="completeMultilineAccountSetUp" time="0.000" classname="uiTests.CustomerActionsTests">
    <skipped/>
  </testcase> <!-- completeMultilineAccountSetUp -->
  <testcase name="completeSinglelineAccountSetUp" time="0.000" classname="uiTests.CustomerActionsTests">
    <skipped/>
  </testcase> <!-- completeSinglelineAccountSetUp -->
</testsuite> <!-- uiTests.CustomerActionsTests -->
