<?xml version="1.0" encoding="UTF-8"?>
<!-- Generated by org.testng.reporters.JUnitReportReporter -->
<testsuite skipped="6" hostname="P04284" name="testCases.b2b.acquisitions.TestB2BCreateAccount" tests="8" failures="0" timestamp="2021-05-05T15:04:25 BST" time="102.682" errors="0">
  <testcase name="testCreateNewB2BRootAccountGovernment" time="44.941" classname="testCases.b2b.acquisitions.TestB2BCreateAccount"/>
  <testcase name="testCreateNewB2BChildAccount" time="57.741" classname="testCases.b2b.acquisitions.TestB2BCreateAccount"/>
  <testcase name="testCreateNewB2BAccount" classname="testCases.b2b.acquisitions.TestB2BCreateAccount">
    <skipped/>
  </testcase> <!-- testCreateNewB2BAccount -->
  <testcase name="testCreateNewB2BMultiLevelAccountBE" classname="testCases.b2b.acquisitions.TestB2BCreateAccount">
    <skipped/>
  </testcase> <!-- testCreateNewB2BMultiLevelAccountBE -->
  <testcase name="testCreateNewB2BMultiLevelAccountUI" classname="testCases.b2b.acquisitions.TestB2BCreateAccount">
    <skipped/>
  </testcase> <!-- testCreateNewB2BMultiLevelAccountUI -->
  <testcase name="testCreateNewB2BAccountBECorporate" classname="testCases.b2b.acquisitions.TestB2BCreateAccount">
    <skipped/>
  </testcase> <!-- testCreateNewB2BAccountBECorporate -->
  <testcase name="testCreateNewB2BRootAccountCorporate" classname="testCases.b2b.acquisitions.TestB2BCreateAccount">
    <skipped/>
  </testcase> <!-- testCreateNewB2BRootAccountCorporate -->
  <testcase name="testCreateNewB2BAccountBEGovernment" classname="testCases.b2b.acquisitions.TestB2BCreateAccount">
    <skipped/>
  </testcase> <!-- testCreateNewB2BAccountBEGovernment -->
</testsuite> <!-- testCases.b2b.acquisitions.TestB2BCreateAccount -->
