<?xml version="1.0" encoding="UTF-8"?>
<!-- Generated by org.testng.reporters.JUnitReportReporter -->
<testsuite skipped="0" hostname="P04284" name="testCases.api.tecrep.TestTecrepResourceAPI" tests="24" failures="0" timestamp="2021-09-22T10:47:12 BST" time="26.389" errors="0">
  <testcase name="testMsisdnLifecycle" time="0.779" classname="testCases.api.tecrep.TestTecrepResourceAPI"/>
  <testcase name="testMsisdnLifecycle" time="1.158" classname="testCases.api.tecrep.TestTecrepResourceAPI"/>
  <testcase name="testMsisdnLifecycle" time="0.924" classname="testCases.api.tecrep.TestTecrepResourceAPI"/>
  <testcase name="testMsisdnLifecycle" time="0.810" classname="testCases.api.tecrep.TestTecrepResourceAPI"/>
  <testcase name="testMsisdnLifecycle" time="1.196" classname="testCases.api.tecrep.TestTecrepResourceAPI"/>
  <testcase name="testMsisdnLifecycle" time="0.732" classname="testCases.api.tecrep.TestTecrepResourceAPI"/>
  <testcase name="testMsisdnLifecycle" time="0.836" classname="testCases.api.tecrep.TestTecrepResourceAPI"/>
  <testcase name="testMsisdnLifecycle" time="0.787" classname="testCases.api.tecrep.TestTecrepResourceAPI"/>
  <testcase name="testMsisdnLifecycle" time="0.761" classname="testCases.api.tecrep.TestTecrepResourceAPI"/>
  <testcase name="testMsisdnLifecycle" time="0.653" classname="testCases.api.tecrep.TestTecrepResourceAPI"/>
  <testcase name="testMsisdnLifecycle" time="0.775" classname="testCases.api.tecrep.TestTecrepResourceAPI"/>
  <testcase name="testMsisdnLifecycle" time="1.177" classname="testCases.api.tecrep.TestTecrepResourceAPI"/>
  <testcase name="testMsisdnLifecycle" time="6.718" classname="testCases.api.tecrep.TestTecrepResourceAPI"/>
  <testcase name="testMsisdnLifecycle" time="0.792" classname="testCases.api.tecrep.TestTecrepResourceAPI"/>
  <testcase name="testMsisdnLifecycle" time="0.838" classname="testCases.api.tecrep.TestTecrepResourceAPI"/>
  <testcase name="testMsisdnLifecycle" time="1.080" classname="testCases.api.tecrep.TestTecrepResourceAPI"/>
  <testcase name="testMsisdnLifecycle" time="0.800" classname="testCases.api.tecrep.TestTecrepResourceAPI"/>
  <testcase name="testMsisdnLifecycle" time="0.733" classname="testCases.api.tecrep.TestTecrepResourceAPI"/>
  <testcase name="testMsisdnLifecycle" time="0.833" classname="testCases.api.tecrep.TestTecrepResourceAPI"/>
  <testcase name="testMsisdnLifecycle" time="0.856" classname="testCases.api.tecrep.TestTecrepResourceAPI"/>
  <testcase name="testMsisdnLifecycle" time="0.811" classname="testCases.api.tecrep.TestTecrepResourceAPI"/>
  <testcase name="testMsisdnLifecycle" time="0.760" classname="testCases.api.tecrep.TestTecrepResourceAPI"/>
  <testcase name="testMsisdnLifecycle" time="0.731" classname="testCases.api.tecrep.TestTecrepResourceAPI"/>
  <testcase name="testMsisdnLifecycle" time="0.849" classname="testCases.api.tecrep.TestTecrepResourceAPI"/>
</testsuite> <!-- testCases.api.tecrep.TestTecrepResourceAPI -->
