<?xml version="1.0" encoding="UTF-8"?>
<!-- Generated by org.testng.reporters.JUnitReportReporter -->
<testsuite skipped="0" hostname="P04284" name="testCases.b2b.care.TestB2BChangeOffer" tests="1" failures="0" timestamp="2021-06-17T14:02:44 BST" time="4.943" errors="0">
  <testcase name="testB2BBulkAddSubscriptionAddons" time="4.943" classname="testCases.b2b.care.TestB2BChangeOffer"/>
</testsuite> <!-- testCases.b2b.care.TestB2BChangeOffer -->
